0,status,1,WEREWOLF,ALIVE,SampleRoleAssignPlayer
0,status,2,VILLAGER,ALIVE,SampleRoleAssignPlayer
0,status,3,WEREWOLF,ALIVE,SampleRoleAssignPlayer
0,status,4,VILLAGER,ALIVE,SampleRoleAssignPlayer
0,status,5,WEREWOLF,ALIVE,SampleRoleAssignPlayer
0,status,6,POSSESSED,ALIVE,SampleRoleAssignPlayer
0,status,7,MEDIUM,ALIVE,SampleRoleAssignPlayer
0,status,8,VILLAGER,ALIVE,SampleRoleAssignPlayer
0,status,9,VILLAGER,ALIVE,SampleRoleAssignPlayer
0,status,10,VILLAGER,ALIVE,SampleRoleAssignPlayer
0,status,11,BODYGUARD,ALIVE,SampleRoleAssignPlayer
0,status,12,VILLAGER,ALIVE,SampleRoleAssignPlayer
0,status,13,SEER,ALIVE,SampleRoleAssignPlayer
0,status,14,VILLAGER,ALIVE,SampleRoleAssignPlayer
0,status,15,VILLAGER,ALIVE,SampleRoleAssignPlayer
0,whisper,0,0,5,COMINGOUT Agent[05] VILLAGER
0,whisper,1,0,3,COMINGOUT Agent[03] VILLAGER
0,whisper,2,0,1,COMINGOUT Agent[01] VILLAGER
0,whisper,3,1,3,Skip
0,whisper,4,1,5,Skip
0,whisper,5,1,1,Skip
0,whisper,6,2,3,Skip
0,whisper,7,2,5,Skip
0,whisper,8,2,1,Skip
0,whisper,9,3,3,Over
0,whisper,10,3,1,Over
0,whisper,11,3,5,Over
0,divine,13,2,HUMAN
1,status,1,WEREWOLF,ALIVE,SampleRoleAssignPlayer
1,status,2,VILLAGER,ALIVE,SampleRoleAssignPlayer
1,status,3,WEREWOLF,ALIVE,SampleRoleAssignPlayer
1,status,4,VILLAGER,ALIVE,SampleRoleAssignPlayer
1,status,5,WEREWOLF,ALIVE,SampleRoleAssignPlayer
1,status,6,POSSESSED,ALIVE,SampleRoleAssignPlayer
1,status,7,MEDIUM,ALIVE,SampleRoleAssignPlayer
1,status,8,VILLAGER,ALIVE,SampleRoleAssignPlayer
1,status,9,VILLAGER,ALIVE,SampleRoleAssignPlayer
1,status,10,VILLAGER,ALIVE,SampleRoleAssignPlayer
1,status,11,BODYGUARD,ALIVE,SampleRoleAssignPlayer
1,status,12,VILLAGER,ALIVE,SampleRoleAssignPlayer
1,status,13,SEER,ALIVE,SampleRoleAssignPlayer
1,status,14,VILLAGER,ALIVE,SampleRoleAssignPlayer
1,status,15,VILLAGER,ALIVE,SampleRoleAssignPlayer
1,talk,0,0,5,VOTE Agent[07]
1,talk,1,0,12,VOTE Agent[05]
1,talk,2,0,3,VOTE Agent[06]
1,talk,3,0,15,VOTE Agent[12]
1,talk,4,0,4,VOTE Agent[02]
1,talk,5,0,10,VOTE Agent[04]
1,talk,6,0,2,VOTE Agent[01]
1,talk,7,0,6,VOTE Agent[07]
1,talk,8,0,11,VOTE Agent[04]
1,talk,9,0,7,COMINGOUT Agent[07] MEDIUM
1,talk,10,0,13,VOTE Agent[01]
1,talk,11,0,14,VOTE Agent[03]
1,talk,12,0,9,VOTE Agent[01]
1,talk,13,0,8,VOTE Agent[12]
1,talk,14,0,1,VOTE Agent[07]
1,talk,15,1,11,REQUEST ANY (VOTE Agent[04])
1,talk,16,1,15,REQUEST ANY (VOTE Agent[12])
1,talk,17,1,12,REQUEST ANY (VOTE Agent[05])
1,talk,18,1,13,REQUEST ANY (VOTE Agent[01])
1,talk,19,1,14,REQUEST ANY (VOTE Agent[03])
1,talk,20,1,2,REQUEST ANY (VOTE Agent[01])
1,talk,21,1,5,REQUEST ANY (VOTE Agent[07])
1,talk,22,1,1,REQUEST ANY (VOTE Agent[07])
1,talk,23,1,6,REQUEST ANY (VOTE Agent[07])
1,talk,24,1,3,REQUEST ANY (VOTE Agent[06])
1,talk,25,1,8,REQUEST ANY (VOTE Agent[12])
1,talk,26,1,10,REQUEST ANY (VOTE Agent[04])
1,talk,27,1,4,REQUEST ANY (VOTE Agent[02])
1,talk,28,1,7,VOTE Agent[01]
1,talk,29,1,9,REQUEST ANY (VOTE Agent[01])
1,talk,30,2,12,Skip
1,talk,31,2,6,Skip
1,talk,32,2,11,Skip
1,talk,33,2,1,Skip
1,talk,34,2,2,Skip
1,talk,35,2,13,Skip
1,talk,36,2,5,Skip
1,talk,37,2,7,REQUEST ANY (VOTE Agent[01])
1,talk,38,2,10,Skip
1,talk,39,2,14,Skip
1,talk,40,2,9,Skip
1,talk,41,2,4,Skip
1,talk,42,2,3,Skip
1,talk,43,2,8,Skip
1,talk,44,2,15,Skip
1,talk,45,3,9,Skip
1,talk,46,3,7,Skip
1,talk,47,3,2,Skip
1,talk,48,3,14,Skip
1,talk,49,3,11,Skip
1,talk,50,3,8,Skip
1,talk,51,3,15,Skip
1,talk,52,3,5,Skip
1,talk,53,3,1,Skip
1,talk,54,3,3,Skip
1,talk,55,3,12,Skip
1,talk,56,3,6,Skip
1,talk,57,3,13,Skip
1,talk,58,3,10,Skip
1,talk,59,3,4,Skip
1,talk,60,4,5,Over
1,talk,61,4,15,Over
1,talk,62,4,8,Over
1,talk,63,4,12,Over
1,talk,64,4,7,Skip
1,talk,65,4,1,Over
1,talk,66,4,4,Over
1,talk,67,4,14,Over
1,talk,68,4,2,Over
1,talk,69,4,3,Over
1,talk,70,4,9,Over
1,talk,71,4,10,Over
1,talk,72,4,11,Over
1,talk,73,4,13,Over
1,talk,74,4,6,Over
1,talk,75,5,1,Over
1,talk,76,5,8,Over
1,talk,77,5,2,Over
1,talk,78,5,10,Over
1,talk,79,5,12,Over
1,talk,80,5,5,Over
1,talk,81,5,4,Over
1,talk,82,5,9,Over
1,talk,83,5,15,Over
1,talk,84,5,7,Over
1,talk,85,5,14,Over
1,talk,86,5,11,Over
1,talk,87,5,13,Over
1,talk,88,5,3,Over
1,talk,89,5,6,Over
1,vote,1,7
1,vote,2,5
1,vote,3,6
1,vote,4,1
1,vote,5,7
1,vote,6,4
1,vote,7,12
1,vote,8,4
1,vote,9,1
1,vote,10,7
1,vote,11,1
1,vote,12,7
1,vote,13,4
1,vote,14,7
1,vote,15,1
1,execute,7,MEDIUM
1,divine,13,14,HUMAN
1,whisper,0,0,3,ATTACK Agent[09]
1,whisper,1,0,5,ATTACK Agent[02]
1,whisper,2,0,1,ATTACK Agent[08]
1,whisper,3,1,3,Skip
1,whisper,4,1,1,Skip
1,whisper,5,1,5,Skip
1,whisper,6,2,3,Skip
1,whisper,7,2,5,Skip
1,whisper,8,2,1,Skip
1,whisper,9,3,3,Over
1,whisper,10,3,5,Over
1,whisper,11,3,1,Over
1,guard,11,1,WEREWOLF
1,attackVote,1,8
1,attackVote,3,9
1,attackVote,5,2
1,attackVote,1,8
1,attackVote,3,9
1,attackVote,5,2
1,attack,8,true
2,status,1,WEREWOLF,ALIVE,SampleRoleAssignPlayer
2,status,2,VILLAGER,ALIVE,SampleRoleAssignPlayer
2,status,3,WEREWOLF,ALIVE,SampleRoleAssignPlayer
2,status,4,VILLAGER,ALIVE,SampleRoleAssignPlayer
2,status,5,WEREWOLF,ALIVE,SampleRoleAssignPlayer
2,status,6,POSSESSED,ALIVE,SampleRoleAssignPlayer
2,status,7,MEDIUM,DEAD,SampleRoleAssignPlayer
2,status,8,VILLAGER,DEAD,SampleRoleAssignPlayer
2,status,9,VILLAGER,ALIVE,SampleRoleAssignPlayer
2,status,10,VILLAGER,ALIVE,SampleRoleAssignPlayer
2,status,11,BODYGUARD,ALIVE,SampleRoleAssignPlayer
2,status,12,VILLAGER,ALIVE,SampleRoleAssignPlayer
2,status,13,SEER,ALIVE,SampleRoleAssignPlayer
2,status,14,VILLAGER,ALIVE,SampleRoleAssignPlayer
2,status,15,VILLAGER,ALIVE,SampleRoleAssignPlayer
2,talk,0,0,11,VOTE Agent[05]
2,talk,1,0,14,VOTE Agent[03]
2,talk,2,0,12,VOTE Agent[06]
2,talk,3,0,4,VOTE Agent[15]
2,talk,4,0,6,VOTE Agent[08]
2,talk,5,0,15,VOTE Agent[01]
2,talk,6,0,9,VOTE Agent[10]
2,talk,7,0,5,VOTE Agent[07]
2,talk,8,0,3,VOTE Agent[06]
2,talk,9,0,1,VOTE Agent[07]
2,talk,10,0,10,VOTE Agent[03]
2,talk,11,0,2,VOTE Agent[03]
2,talk,12,0,13,VOTE Agent[08]
2,talk,13,1,14,REQUEST ANY (VOTE Agent[03])
2,talk,14,1,6,REQUEST ANY (VOTE Agent[08])
2,talk,15,1,15,REQUEST ANY (VOTE Agent[01])
2,talk,16,1,12,REQUEST ANY (VOTE Agent[06])
2,talk,17,1,2,REQUEST ANY (VOTE Agent[03])
2,talk,18,1,9,REQUEST ANY (VOTE Agent[10])
2,talk,19,1,5,REQUEST ANY (VOTE Agent[07])
2,talk,20,1,1,REQUEST ANY (VOTE Agent[07])
2,talk,21,1,10,REQUEST ANY (VOTE Agent[03])
2,talk,22,1,11,REQUEST ANY (VOTE Agent[05])
2,talk,23,1,3,REQUEST ANY (VOTE Agent[06])
2,talk,24,1,4,REQUEST ANY (VOTE Agent[15])
2,talk,25,1,13,REQUEST ANY (VOTE Agent[08])
2,talk,26,2,14,Skip
2,talk,27,2,12,Skip
2,talk,28,2,6,VOTE Agent[15]
2,talk,29,2,3,Skip
2,talk,30,2,10,Skip
2,talk,31,2,2,Skip
2,talk,32,2,4,Skip
2,talk,33,2,9,Skip
2,talk,34,2,5,Skip
2,talk,35,2,1,Skip
2,talk,36,2,13,VOTE Agent[11]
2,talk,37,2,15,Skip
2,talk,38,2,11,Skip
2,talk,39,3,9,Skip
2,talk,40,3,12,Skip
2,talk,41,3,1,Skip
2,talk,42,3,3,Skip
2,talk,43,3,15,Skip
2,talk,44,3,5,Skip
2,talk,45,3,4,Skip
2,talk,46,3,11,Skip
2,talk,47,3,13,REQUEST ANY (VOTE Agent[11])
2,talk,48,3,10,Skip
2,talk,49,3,14,Skip
2,talk,50,3,2,Skip
2,talk,51,3,6,REQUEST ANY (VOTE Agent[15])
2,talk,52,4,5,Over
2,talk,53,4,1,Over
2,talk,54,4,10,Over
2,talk,55,4,4,Over
2,talk,56,4,14,Over
2,talk,57,4,6,Skip
2,talk,58,4,2,Over
2,talk,59,4,12,Over
2,talk,60,4,9,Over
2,talk,61,4,11,Over
2,talk,62,4,3,Over
2,talk,63,4,13,Skip
2,talk,64,4,15,Over
2,talk,65,5,3,Over
2,talk,66,5,2,Over
2,talk,67,5,13,Skip
2,talk,68,5,15,Over
2,talk,69,5,5,Over
2,talk,70,5,10,Over
2,talk,71,5,9,Over
2,talk,72,5,11,Over
2,talk,73,5,14,Over
2,talk,74,5,6,Skip
2,talk,75,5,4,Over
2,talk,76,5,1,Over
2,talk,77,5,12,Over
2,talk,78,6,2,Over
2,talk,79,6,11,Over
2,talk,80,6,12,Over
2,talk,81,6,3,Over
2,talk,82,6,10,Over
2,talk,83,6,9,Over
2,talk,84,6,13,Over
2,talk,85,6,6,Over
2,talk,86,6,14,Over
2,talk,87,6,4,Over
2,talk,88,6,5,Over
2,talk,89,6,1,Over
2,talk,90,6,15,Over
2,vote,1,15
2,vote,2,5
2,vote,3,6
2,vote,4,6
2,vote,5,10
2,vote,6,10
2,vote,9,11
2,vote,10,6
2,vote,11,3
2,vote,12,14
2,vote,13,6
2,vote,14,6
2,vote,15,6
2,execute,6,POSSESSED
2,divine,13,5,WEREWOLF
2,whisper,0,0,3,ATTACK Agent[09]
2,whisper,1,0,5,ATTACK Agent[04]
2,whisper,2,0,1,ATTACK Agent[04]
2,whisper,3,1,3,Skip
2,whisper,4,1,1,Skip
2,whisper,5,1,5,Skip
2,whisper,6,2,3,Skip
2,whisper,7,2,5,Skip
2,whisper,8,2,1,Skip
2,whisper,9,3,3,Over
2,whisper,10,3,1,Over
2,whisper,11,3,5,Over
2,guard,11,14,VILLAGER
2,attackVote,1,4
2,attackVote,3,9
2,attackVote,5,4
2,attack,4,true
3,status,1,WEREWOLF,ALIVE,SampleRoleAssignPlayer
3,status,2,VILLAGER,ALIVE,SampleRoleAssignPlayer
3,status,3,WEREWOLF,ALIVE,SampleRoleAssignPlayer
3,status,4,VILLAGER,DEAD,SampleRoleAssignPlayer
3,status,5,WEREWOLF,ALIVE,SampleRoleAssignPlayer
3,status,6,POSSESSED,DEAD,SampleRoleAssignPlayer
3,status,7,MEDIUM,DEAD,SampleRoleAssignPlayer
3,status,8,VILLAGER,DEAD,SampleRoleAssignPlayer
3,status,9,VILLAGER,ALIVE,SampleRoleAssignPlayer
3,status,10,VILLAGER,ALIVE,SampleRoleAssignPlayer
3,status,11,BODYGUARD,ALIVE,SampleRoleAssignPlayer
3,status,12,VILLAGER,ALIVE,SampleRoleAssignPlayer
3,status,13,SEER,ALIVE,SampleRoleAssignPlayer
3,status,14,VILLAGER,ALIVE,SampleRoleAssignPlayer
3,status,15,VILLAGER,ALIVE,SampleRoleAssignPlayer
3,talk,0,0,2,VOTE Agent[05]
3,talk,1,0,3,VOTE Agent[13]
3,talk,2,0,13,COMINGOUT Agent[13] SEER
3,talk,3,0,14,VOTE Agent[12]
3,talk,4,0,11,VOTE Agent[15]
3,talk,5,0,9,VOTE Agent[15]
3,talk,6,0,10,VOTE Agent[03]
3,talk,7,0,12,VOTE Agent[02]
3,talk,8,0,1,VOTE Agent[07]
3,talk,9,0,15,VOTE Agent[03]
3,talk,10,0,5,VOTE Agent[07]
3,talk,11,1,1,REQUEST ANY (VOTE Agent[07])
3,talk,12,1,13,AND (DAY 1 (DIVINED Agent[02] HUMAN)) (DAY 2 (DIVINED Agent[14] HUMAN)) (DAY 3 (DIVINED Agent[05] WEREWOLF))
3,talk,13,1,3,REQUEST ANY (VOTE Agent[13])
3,talk,14,1,12,REQUEST ANY (VOTE Agent[02])
3,talk,15,1,2,REQUEST ANY (VOTE Agent[05])
3,talk,16,1,9,REQUEST ANY (VOTE Agent[15])
3,talk,17,1,11,REQUEST ANY (VOTE Agent[15])
3,talk,18,1,14,REQUEST ANY (VOTE Agent[12])
3,talk,19,1,15,REQUEST ANY (VOTE Agent[03])
3,talk,20,1,5,REQUEST ANY (VOTE Agent[07])
3,talk,21,1,10,REQUEST ANY (VOTE Agent[03])
3,talk,22,2,5,Skip
3,talk,23,2,15,Skip
3,talk,24,2,1,Skip
3,talk,25,2,14,Skip
3,talk,26,2,3,Skip
3,talk,27,2,9,Skip
3,talk,28,2,13,DIVINED Agent[02] HUMAN
3,talk,29,2,10,Skip
3,talk,30,2,2,Skip
3,talk,31,2,11,Skip
3,talk,32,2,12,Skip
3,talk,33,3,11,Skip
3,talk,34,3,10,Skip
3,talk,35,3,9,Skip
3,talk,36,3,5,Skip
3,talk,37,3,2,Skip
3,talk,38,3,1,Skip
3,talk,39,3,15,Skip
3,talk,40,3,12,Skip
3,talk,41,3,14,Skip
3,talk,42,3,3,Skip
3,talk,43,3,13,DIVINED Agent[14] HUMAN
3,talk,44,4,1,Over
3,talk,45,4,3,Over
3,talk,46,4,9,Over
3,talk,47,4,13,DIVINED Agent[05] WEREWOLF
3,talk,48,4,10,Over
3,talk,49,4,11,Over
3,talk,50,4,15,Over
3,talk,51,4,5,Over
3,talk,52,4,12,Over
3,talk,53,4,2,Over
3,talk,54,4,14,Over
3,talk,55,5,12,Over
3,talk,56,5,11,Over
3,talk,57,5,14,Over
3,talk,58,5,3,Over
3,talk,59,5,1,Over
3,talk,60,5,15,Over
3,talk,61,5,13,BECAUSE (DAY 3 (DIVINED Agent[05] WEREWOLF)) (AND (VOTE Agent[05]) (REQUEST ANY (VOTE Agent[05])))
3,talk,62,5,10,Over
3,talk,63,5,9,Over
3,talk,64,5,2,Over
3,talk,65,5,5,Over
3,talk,66,6,3,Over
3,talk,67,6,1,Over
3,talk,68,6,2,Over
3,talk,69,6,14,Over
3,talk,70,6,11,Over
3,talk,71,6,13,VOTE Agent[05]
3,talk,72,6,9,Over
3,talk,73,6,5,Over
3,talk,74,6,12,Over
3,talk,75,6,15,Over
3,talk,76,6,10,Over
3,talk,77,7,13,REQUEST ANY (VOTE Agent[05])
3,talk,78,7,14,Over
3,talk,79,7,15,Over
3,talk,80,7,9,Over
3,talk,81,7,12,Over
3,talk,82,7,2,Over
3,talk,83,7,1,Over
3,talk,84,7,3,Over
3,talk,85,7,5,Over
3,talk,86,7,10,Over
3,talk,87,7,11,Over
3,talk,88,8,3,Over
3,talk,89,8,5,Over
3,talk,90,8,14,Over
3,talk,91,8,1,Over
3,talk,92,8,10,Over
3,talk,93,8,2,Over
3,talk,94,8,11,Over
3,talk,95,8,9,Over
3,talk,96,8,13,Skip
3,talk,97,8,15,Over
3,talk,98,8,12,Over
3,talk,99,9,14,Over
3,talk,100,9,5,Over
3,talk,101,9,10,Over
3,talk,102,9,15,Over
3,talk,103,9,9,Over
3,talk,104,9,1,Over
3,talk,105,9,2,Over
3,talk,106,9,3,Over
3,talk,107,9,12,Over
3,talk,108,9,11,Over
3,talk,109,9,13,Skip
3,talk,110,10,13,Over
3,talk,111,10,14,Over
3,talk,112,10,5,Over
3,talk,113,10,12,Over
3,talk,114,10,11,Over
3,talk,115,10,1,Over
3,talk,116,10,10,Over
3,talk,117,10,3,Over
3,talk,118,10,9,Over
3,talk,119,10,15,Over
3,talk,120,10,2,Over
3,vote,1,9
3,vote,2,13
3,vote,3,13
3,vote,5,1
3,vote,9,14
3,vote,10,13
3,vote,11,5
3,vote,12,3
3,vote,13,5
3,vote,14,13
3,vote,15,5
3,execute,13,SEER
3,whisper,0,0,5,ATTACK Agent[12]
3,whisper,1,0,3,ATTACK Agent[14]
3,whisper,2,0,1,ATTACK Agent[12]
3,whisper,3,1,3,Skip
3,whisper,4,1,1,Skip
3,whisper,5,1,5,Skip
3,whisper,6,2,5,Skip
3,whisper,7,2,1,Skip
3,whisper,8,2,3,Skip
3,whisper,9,3,5,Over
3,whisper,10,3,1,Over
3,whisper,11,3,3,Over
3,guard,11,2,VILLAGER
3,attackVote,1,12
3,attackVote,3,14
3,attackVote,5,12
3,attack,12,true
4,status,1,WEREWOLF,ALIVE,SampleRoleAssignPlayer
4,status,2,VILLAGER,ALIVE,SampleRoleAssignPlayer
4,status,3,WEREWOLF,ALIVE,SampleRoleAssignPlayer
4,status,4,VILLAGER,DEAD,SampleRoleAssignPlayer
4,status,5,WEREWOLF,ALIVE,SampleRoleAssignPlayer
4,status,6,POSSESSED,DEAD,SampleRoleAssignPlayer
4,status,7,MEDIUM,DEAD,SampleRoleAssignPlayer
4,status,8,VILLAGER,DEAD,SampleRoleAssignPlayer
4,status,9,VILLAGER,ALIVE,SampleRoleAssignPlayer
4,status,10,VILLAGER,ALIVE,SampleRoleAssignPlayer
4,status,11,BODYGUARD,ALIVE,SampleRoleAssignPlayer
4,status,12,VILLAGER,DEAD,SampleRoleAssignPlayer
4,status,13,SEER,DEAD,SampleRoleAssignPlayer
4,status,14,VILLAGER,ALIVE,SampleRoleAssignPlayer
4,status,15,VILLAGER,ALIVE,SampleRoleAssignPlayer
4,talk,0,0,11,VOTE Agent[05]
4,talk,1,0,3,VOTE Agent[15]
4,talk,2,0,5,VOTE Agent[07]
4,talk,3,0,14,VOTE Agent[09]
4,talk,4,0,10,VOTE Agent[15]
4,talk,5,0,1,VOTE Agent[07]
4,talk,6,0,15,VOTE Agent[14]
4,talk,7,0,9,VOTE Agent[11]
4,talk,8,0,2,VOTE Agent[14]
4,talk,9,1,1,REQUEST ANY (VOTE Agent[07])
4,talk,10,1,9,REQUEST ANY (VOTE Agent[11])
4,talk,11,1,11,REQUEST ANY (VOTE Agent[05])
4,talk,12,1,3,REQUEST ANY (VOTE Agent[15])
4,talk,13,1,2,REQUEST ANY (VOTE Agent[14])
4,talk,14,1,5,REQUEST ANY (VOTE Agent[07])
4,talk,15,1,10,REQUEST ANY (VOTE Agent[15])
4,talk,16,1,15,REQUEST ANY (VOTE Agent[14])
4,talk,17,1,14,REQUEST ANY (VOTE Agent[09])
4,talk,18,2,10,Skip
4,talk,19,2,11,Skip
4,talk,20,2,3,Skip
4,talk,21,2,15,Skip
4,talk,22,2,2,Skip
4,talk,23,2,9,Skip
4,talk,24,2,14,Skip
4,talk,25,2,5,Skip
4,talk,26,2,1,Skip
4,talk,27,3,11,Skip
4,talk,28,3,14,Skip
4,talk,29,3,2,Skip
4,talk,30,3,10,Skip
4,talk,31,3,15,Skip
4,talk,32,3,1,Skip
4,talk,33,3,5,Skip
4,talk,34,3,3,Skip
4,talk,35,3,9,Skip
4,talk,36,4,1,Over
4,talk,37,4,14,Over
4,talk,38,4,9,Over
4,talk,39,4,2,Over
4,talk,40,4,5,Over
4,talk,41,4,15,Over
4,talk,42,4,3,Over
4,talk,43,4,11,Over
4,talk,44,4,10,Over
4,vote,1,3
4,vote,2,11
4,vote,3,15
4,vote,5,3
4,vote,9,5
4,vote,10,15
4,vote,11,14
4,vote,14,15
4,vote,15,5
4,execute,15,VILLAGER
4,whisper,0,0,1,ATTACK Agent[10]
4,whisper,1,0,5,ATTACK Agent[02]
4,whisper,2,0,3,ATTACK Agent[11]
4,whisper,3,1,5,Skip
4,whisper,4,1,3,Skip
4,whisper,5,1,1,Skip
4,whisper,6,2,5,Skip
4,whisper,7,2,3,Skip
4,whisper,8,2,1,Skip
4,whisper,9,3,3,Over
4,whisper,10,3,1,Over
4,whisper,11,3,5,Over
4,guard,11,3,WEREWOLF
4,attackVote,1,10
4,attackVote,3,11
4,attackVote,5,2
4,attackVote,1,10
4,attackVote,3,11
4,attackVote,5,2
4,attack,11,true
5,status,1,WEREWOLF,ALIVE,SampleRoleAssignPlayer
5,status,2,VILLAGER,ALIVE,SampleRoleAssignPlayer
5,status,3,WEREWOLF,ALIVE,SampleRoleAssignPlayer
5,status,4,VILLAGER,DEAD,SampleRoleAssignPlayer
5,status,5,WEREWOLF,ALIVE,SampleRoleAssignPlayer
5,status,6,POSSESSED,DEAD,SampleRoleAssignPlayer
5,status,7,MEDIUM,DEAD,SampleRoleAssignPlayer
5,status,8,VILLAGER,DEAD,SampleRoleAssignPlayer
5,status,9,VILLAGER,ALIVE,SampleRoleAssignPlayer
5,status,10,VILLAGER,ALIVE,SampleRoleAssignPlayer
5,status,11,BODYGUARD,DEAD,SampleRoleAssignPlayer
5,status,12,VILLAGER,DEAD,SampleRoleAssignPlayer
5,status,13,SEER,DEAD,SampleRoleAssignPlayer
5,status,14,VILLAGER,ALIVE,SampleRoleAssignPlayer
5,status,15,VILLAGER,DEAD,SampleRoleAssignPlayer
5,talk,0,0,14,VOTE Agent[10]
5,talk,1,0,2,VOTE Agent[05]
5,talk,2,0,3,VOTE Agent[14]
5,talk,3,0,5,VOTE Agent[07]
5,talk,4,0,9,VOTE Agent[10]
5,talk,5,0,1,VOTE Agent[07]
5,talk,6,0,10,VOTE Agent[05]
5,talk,7,1,14,REQUEST ANY (VOTE Agent[10])
5,talk,8,1,2,REQUEST ANY (VOTE Agent[05])
5,talk,9,1,1,REQUEST ANY (VOTE Agent[07])
5,talk,10,1,3,REQUEST ANY (VOTE Agent[14])
5,talk,11,1,9,REQUEST ANY (VOTE Agent[10])
5,talk,12,1,10,REQUEST ANY (VOTE Agent[05])
5,talk,13,1,5,REQUEST ANY (VOTE Agent[07])
5,talk,14,2,9,Skip
5,talk,15,2,14,Skip
5,talk,16,2,5,Skip
5,talk,17,2,3,Skip
5,talk,18,2,1,Skip
5,talk,19,2,10,Skip
5,talk,20,2,2,Skip
5,talk,21,3,3,Skip
5,talk,22,3,1,Skip
5,talk,23,3,2,Skip
5,talk,24,3,10,Skip
5,talk,25,3,9,Skip
5,talk,26,3,5,Skip
5,talk,27,3,14,Skip
5,talk,28,4,5,Over
5,talk,29,4,1,Over
5,talk,30,4,9,Over
5,talk,31,4,3,Over
5,talk,32,4,2,Over
5,talk,33,4,10,Over
5,talk,34,4,14,Over
5,vote,1,14
5,vote,2,5
5,vote,3,14
5,vote,5,10
5,vote,9,14
5,vote,10,2
5,vote,14,5
5,execute,14,VILLAGER
5,whisper,0,0,3,ATTACK Agent[09]
5,whisper,1,0,5,ATTACK Agent[02]
5,whisper,2,0,1,ATTACK Agent[09]
5,whisper,3,1,1,Skip
5,whisper,4,1,5,Skip
5,whisper,5,1,3,Skip
5,whisper,6,2,3,Skip
5,whisper,7,2,1,Skip
5,whisper,8,2,5,Skip
5,whisper,9,3,3,Over
5,whisper,10,3,5,Over
5,whisper,11,3,1,Over
5,attackVote,1,9
5,attackVote,3,9
5,attackVote,5,2
5,attack,9,true
6,status,1,WEREWOLF,ALIVE,SampleRoleAssignPlayer
6,status,2,VILLAGER,ALIVE,SampleRoleAssignPlayer
6,status,3,WEREWOLF,ALIVE,SampleRoleAssignPlayer
6,status,4,VILLAGER,DEAD,SampleRoleAssignPlayer
6,status,5,WEREWOLF,ALIVE,SampleRoleAssignPlayer
6,status,6,POSSESSED,DEAD,SampleRoleAssignPlayer
6,status,7,MEDIUM,DEAD,SampleRoleAssignPlayer
6,status,8,VILLAGER,DEAD,SampleRoleAssignPlayer
6,status,9,VILLAGER,DEAD,SampleRoleAssignPlayer
6,status,10,VILLAGER,ALIVE,SampleRoleAssignPlayer
6,status,11,BODYGUARD,DEAD,SampleRoleAssignPlayer
6,status,12,VILLAGER,DEAD,SampleRoleAssignPlayer
6,status,13,SEER,DEAD,SampleRoleAssignPlayer
6,status,14,VILLAGER,DEAD,SampleRoleAssignPlayer
6,status,15,VILLAGER,DEAD,SampleRoleAssignPlayer
6,result,2,3,WEREWOLF
