0,status,1,VILLAGER,ALIVE,SampleRoleAssignPlayer
0,status,2,WEREWOLF,ALIVE,SampleRoleAssignPlayer
0,status,3,WEREWOLF,ALIVE,SampleRoleAssignPlayer
0,status,4,SEER,ALIVE,SampleRoleAssignPlayer
0,status,5,VILLAGER,ALIVE,SampleRoleAssignPlayer
0,status,6,VILLAGER,ALIVE,SampleRoleAssignPlayer
0,status,7,WEREWOLF,ALIVE,SampleRoleAssignPlayer
0,status,8,POSSESSED,ALIVE,SampleRoleAssignPlayer
0,status,9,VILLAGER,ALIVE,SampleRoleAssignPlayer
0,status,10,VILLAGER,ALIVE,SampleRoleAssignPlayer
0,status,11,VILLAGER,ALIVE,SampleRoleAssignPlayer
0,status,12,VILLAGER,ALIVE,SampleRoleAssignPlayer
0,status,13,BODYGUARD,ALIVE,SampleRoleAssignPlayer
0,status,14,MEDIUM,ALIVE,SampleRoleAssignPlayer
0,status,15,VILLAGER,ALIVE,SampleRoleAssignPlayer
0,whisper,0,0,2,COMINGOUT Agent[02] VILLAGER
0,whisper,1,0,7,COMINGOUT Agent[07] VILLAGER
0,whisper,2,0,3,COMINGOUT Agent[03] SEER
0,whisper,3,1,3,Skip
0,whisper,4,1,2,Skip
0,whisper,5,1,7,Skip
0,whisper,6,2,7,Skip
0,whisper,7,2,3,Skip
0,whisper,8,2,2,Skip
0,whisper,9,3,7,Over
0,whisper,10,3,2,Over
0,whisper,11,3,3,Over
0,divine,4,13,HUMAN
1,status,1,VILLAGER,ALIVE,SampleRoleAssignPlayer
1,status,2,WEREWOLF,ALIVE,SampleRoleAssignPlayer
1,status,3,WEREWOLF,ALIVE,SampleRoleAssignPlayer
1,status,4,SEER,ALIVE,SampleRoleAssignPlayer
1,status,5,VILLAGER,ALIVE,SampleRoleAssignPlayer
1,status,6,VILLAGER,ALIVE,SampleRoleAssignPlayer
1,status,7,WEREWOLF,ALIVE,SampleRoleAssignPlayer
1,status,8,POSSESSED,ALIVE,SampleRoleAssignPlayer
1,status,9,VILLAGER,ALIVE,SampleRoleAssignPlayer
1,status,10,VILLAGER,ALIVE,SampleRoleAssignPlayer
1,status,11,VILLAGER,ALIVE,SampleRoleAssignPlayer
1,status,12,VILLAGER,ALIVE,SampleRoleAssignPlayer
1,status,13,BODYGUARD,ALIVE,SampleRoleAssignPlayer
1,status,14,MEDIUM,ALIVE,SampleRoleAssignPlayer
1,status,15,VILLAGER,ALIVE,SampleRoleAssignPlayer
1,talk,0,0,9,VOTE Agent[11]
1,talk,1,0,13,VOTE Agent[04]
1,talk,2,0,11,VOTE Agent[12]
1,talk,3,0,7,VOTE Agent[06]
1,talk,4,0,12,VOTE Agent[14]
1,talk,5,0,14,VOTE Agent[09]
1,talk,6,0,15,VOTE Agent[02]
1,talk,7,0,10,VOTE Agent[07]
1,talk,8,0,3,COMINGOUT Agent[03] SEER
1,talk,9,0,5,VOTE Agent[09]
1,talk,10,0,6,VOTE Agent[03]
1,talk,11,0,4,COMINGOUT Agent[04] SEER
1,talk,12,0,8,COMINGOUT Agent[08] SEER
1,talk,13,0,1,VOTE Agent[03]
1,talk,14,0,2,VOTE Agent[04]
1,talk,15,1,9,REQUEST ANY (VOTE Agent[11])
1,talk,16,1,13,REQUEST ANY (VOTE Agent[04])
1,talk,17,1,15,REQUEST ANY (VOTE Agent[02])
1,talk,18,1,10,REQUEST ANY (VOTE Agent[07])
1,talk,19,1,5,REQUEST ANY (VOTE Agent[09])
1,talk,20,1,3,DAY 1 (DIVINED Agent[01] WEREWOLF)
1,talk,21,1,8,DAY 1 (DIVINED Agent[03] WEREWOLF)
1,talk,22,1,6,REQUEST ANY (VOTE Agent[03])
1,talk,23,1,2,REQUEST ANY (VOTE Agent[04])
1,talk,24,1,14,REQUEST ANY (VOTE Agent[09])
1,talk,25,1,1,REQUEST ANY (VOTE Agent[03])
1,talk,26,1,7,REQUEST ANY (VOTE Agent[06])
1,talk,27,1,4,DAY 1 (DIVINED Agent[13] HUMAN)
1,talk,28,1,11,REQUEST ANY (VOTE Agent[12])
1,talk,29,1,12,REQUEST ANY (VOTE Agent[14])
1,talk,30,2,7,Skip
1,talk,31,2,1,Skip
1,talk,32,2,13,Skip
1,talk,33,2,11,Skip
1,talk,34,2,8,DIVINED Agent[03] WEREWOLF
1,talk,35,2,4,DIVINED Agent[13] HUMAN
1,talk,36,2,2,Skip
1,talk,37,2,12,Skip
1,talk,38,2,9,Skip
1,talk,39,2,14,Skip
1,talk,40,2,3,DIVINED Agent[01] WEREWOLF
1,talk,41,2,5,Skip
1,talk,42,2,10,Skip
1,talk,43,2,15,Skip
1,talk,44,2,6,Skip
1,talk,45,3,14,Skip
1,talk,46,3,11,Skip
1,talk,47,3,10,Skip
1,talk,48,3,12,Skip
1,talk,49,3,13,Skip
1,talk,50,3,6,Skip
1,talk,51,3,3,BECAUSE (DAY 1 (DIVINED Agent[01] WEREWOLF)) (AND (VOTE Agent[01]) (REQUEST ANY (VOTE Agent[01])))
1,talk,52,3,15,Skip
1,talk,53,3,9,Skip
1,talk,54,3,1,Skip
1,talk,55,3,5,Skip
1,talk,56,3,2,Skip
1,talk,57,3,8,BECAUSE (DAY 1 (DIVINED Agent[03] WEREWOLF)) (AND (VOTE Agent[03]) (REQUEST ANY (VOTE Agent[03])))
1,talk,58,3,4,BECAUSE (AND (COMINGOUT Agent[04] SEER) (Agent[03] COMINGOUT Agent[03] SEER)) (XOR (ESTIMATE Agent[03] WEREWOLF) (ESTIMATE Agent[03] POSSESSED))
1,talk,59,3,7,Skip
1,talk,60,4,4,BECAUSE (XOR (ESTIMATE Agent[03] WEREWOLF) (ESTIMATE Agent[03] POSSESSED)) (AND (VOTE Agent[03]) (REQUEST ANY (VOTE Agent[03])))
1,talk,61,4,14,Over
1,talk,62,4,8,VOTE Agent[03]
1,talk,63,4,10,Over
1,talk,64,4,6,Over
1,talk,65,4,9,Over
1,talk,66,4,2,Over
1,talk,67,4,1,Over
1,talk,68,4,7,Over
1,talk,69,4,15,Over
1,talk,70,4,13,Over
1,talk,71,4,3,VOTE Agent[01]
1,talk,72,4,11,Over
1,talk,73,4,12,Over
1,talk,74,4,5,Over
1,talk,75,5,12,Over
1,talk,76,5,3,REQUEST ANY (VOTE Agent[01])
1,talk,77,5,1,Over
1,talk,78,5,6,Over
1,talk,79,5,8,REQUEST ANY (VOTE Agent[03])
1,talk,80,5,7,Over
1,talk,81,5,10,Over
1,talk,82,5,15,Over
1,talk,83,5,11,Over
1,talk,84,5,9,Over
1,talk,85,5,13,Over
1,talk,86,5,5,Over
1,talk,87,5,4,VOTE Agent[03]
1,talk,88,5,14,Over
1,talk,89,5,2,Over
1,talk,90,6,8,Skip
1,talk,91,6,1,Over
1,talk,92,6,2,Over
1,talk,93,6,12,Over
1,talk,94,6,15,Over
1,talk,95,6,9,Over
1,talk,96,6,7,Over
1,talk,97,6,4,REQUEST ANY (VOTE Agent[03])
1,talk,98,6,10,Over
1,talk,99,6,11,Over
1,talk,100,6,5,Over
1,talk,101,6,3,Skip
1,talk,102,6,14,Over
1,talk,103,6,13,Over
1,talk,104,6,6,Over
1,talk,105,7,3,Skip
1,talk,106,7,2,Over
1,talk,107,7,10,Over
1,talk,108,7,8,Skip
1,talk,109,7,6,Over
1,talk,110,7,14,Over
1,talk,111,7,7,Over
1,talk,112,7,11,Over
1,talk,113,7,1,Over
1,talk,114,7,15,Over
1,talk,115,7,13,Over
1,talk,116,7,5,Over
1,talk,117,7,9,Over
1,talk,118,7,4,Skip
1,talk,119,7,12,Over
1,talk,120,8,3,Over
1,talk,121,8,14,Over
1,talk,122,8,10,Over
1,talk,123,8,13,Over
1,talk,124,8,7,Over
1,talk,125,8,1,Over
1,talk,126,8,6,Over
1,talk,127,8,9,Over
1,talk,128,8,11,Over
1,talk,129,8,2,Over
1,talk,130,8,12,Over
1,talk,131,8,15,Over
1,talk,132,8,8,Over
1,talk,133,8,4,Skip
1,talk,134,8,5,Over
1,talk,135,9,4,Over
1,talk,136,9,6,Over
1,talk,137,9,10,Over
1,talk,138,9,7,Over
1,talk,139,9,12,Over
1,talk,140,9,1,Over
1,talk,141,9,13,Over
1,talk,142,9,5,Over
1,talk,143,9,15,Over
1,talk,144,9,2,Over
1,talk,145,9,11,Over
1,talk,146,9,14,Over
1,talk,147,9,9,Over
1,talk,148,9,3,Over
1,talk,149,9,8,Over
1,vote,1,3
1,vote,2,4
1,vote,3,1
1,vote,4,3
1,vote,5,1
1,vote,6,1
1,vote,7,6
1,vote,8,3
1,vote,9,14
1,vote,10,3
1,vote,11,3
1,vote,12,3
1,vote,13,6
1,vote,14,12
1,vote,15,9
1,execute,3,WEREWOLF
1,whisper,0,0,2,ATTACK Agent[04]
1,whisper,1,0,7,ATTACK Agent[04]
1,whisper,2,1,2,Skip
1,whisper,3,1,7,Skip
1,whisper,4,2,7,Skip
1,whisper,5,2,2,Skip
1,whisper,6,3,7,Over
1,whisper,7,3,2,Over
1,guard,13,4,SEER
1,attackVote,2,4
1,attackVote,7,4
1,attack,4,false
2,status,1,VILLAGER,ALIVE,SampleRoleAssignPlayer
2,status,2,WEREWOLF,ALIVE,SampleRoleAssignPlayer
2,status,3,WEREWOLF,DEAD,SampleRoleAssignPlayer
2,status,4,SEER,ALIVE,SampleRoleAssignPlayer
2,status,5,VILLAGER,ALIVE,SampleRoleAssignPlayer
2,status,6,VILLAGER,ALIVE,SampleRoleAssignPlayer
2,status,7,WEREWOLF,ALIVE,SampleRoleAssignPlayer
2,status,8,POSSESSED,ALIVE,SampleRoleAssignPlayer
2,status,9,VILLAGER,ALIVE,SampleRoleAssignPlayer
2,status,10,VILLAGER,ALIVE,SampleRoleAssignPlayer
2,status,11,VILLAGER,ALIVE,SampleRoleAssignPlayer
2,status,12,VILLAGER,ALIVE,SampleRoleAssignPlayer
2,status,13,BODYGUARD,ALIVE,SampleRoleAssignPlayer
2,status,14,MEDIUM,ALIVE,SampleRoleAssignPlayer
2,status,15,VILLAGER,ALIVE,SampleRoleAssignPlayer
2,talk,0,0,7,VOTE Agent[01]
2,talk,1,0,12,VOTE Agent[11]
2,talk,2,0,11,VOTE Agent[07]
2,talk,3,0,15,VOTE Agent[11]
2,talk,4,0,1,VOTE Agent[05]
2,talk,5,0,5,VOTE Agent[10]
2,talk,6,0,4,VOTE Agent[08]
2,talk,7,0,9,VOTE Agent[13]
2,talk,8,0,10,VOTE Agent[12]
2,talk,9,0,8,DAY 2 (DIVINED Agent[05] HUMAN)
2,talk,10,0,13,VOTE Agent[06]
2,talk,11,0,6,VOTE Agent[02]
2,talk,12,0,14,COMINGOUT Agent[14] MEDIUM
2,talk,13,0,2,VOTE Agent[08]
2,talk,14,1,2,REQUEST ANY (VOTE Agent[08])
2,talk,15,1,4,REQUEST ANY (VOTE Agent[08])
2,talk,16,1,9,REQUEST ANY (VOTE Agent[13])
2,talk,17,1,15,REQUEST ANY (VOTE Agent[11])
2,talk,18,1,7,REQUEST ANY (VOTE Agent[01])
2,talk,19,1,10,REQUEST ANY (VOTE Agent[12])
2,talk,20,1,13,REQUEST ANY (VOTE Agent[06])
2,talk,21,1,8,DIVINED Agent[05] HUMAN
2,talk,22,1,12,REQUEST ANY (VOTE Agent[11])
2,talk,23,1,14,DAY 2 (IDENTIFIED Agent[03] WEREWOLF)
2,talk,24,1,1,REQUEST ANY (VOTE Agent[05])
2,talk,25,1,11,REQUEST ANY (VOTE Agent[07])
2,talk,26,1,5,REQUEST ANY (VOTE Agent[10])
2,talk,27,1,6,REQUEST ANY (VOTE Agent[02])
2,talk,28,2,8,BECAUSE (AND (COMINGOUT Agent[08] SEER) (Agent[04] COMINGOUT Agent[04] SEER)) (XOR (ESTIMATE Agent[04] WEREWOLF) (ESTIMATE Agent[04] POSSESSED))
2,talk,29,2,1,Skip
2,talk,30,2,13,Skip
2,talk,31,2,5,Skip
2,talk,32,2,9,Skip
2,talk,33,2,2,Skip
2,talk,34,2,4,Skip
2,talk,35,2,12,Skip
2,talk,36,2,11,Skip
2,talk,37,2,7,Skip
2,talk,38,2,6,Skip
2,talk,39,2,15,Skip
2,talk,40,2,14,IDENTIFIED Agent[03] WEREWOLF
2,talk,41,2,10,Skip
2,talk,42,3,7,Skip
2,talk,43,3,13,Skip
2,talk,44,3,10,Skip
2,talk,45,3,5,Skip
2,talk,46,3,11,Skip
2,talk,47,3,6,Skip
2,talk,48,3,2,Skip
2,talk,49,3,9,Skip
2,talk,50,3,14,VOTE Agent[12]
2,talk,51,3,12,Skip
2,talk,52,3,8,BECAUSE (XOR (ESTIMATE Agent[04] WEREWOLF) (ESTIMATE Agent[04] POSSESSED)) (AND (VOTE Agent[04]) (REQUEST ANY (VOTE Agent[04])))
2,talk,53,3,4,Skip
2,talk,54,3,15,Skip
2,talk,55,3,1,Skip
2,talk,56,4,4,Over
2,talk,57,4,12,Over
2,talk,58,4,8,VOTE Agent[04]
2,talk,59,4,14,REQUEST ANY (VOTE Agent[12])
2,talk,60,4,13,Over
2,talk,61,4,5,Over
2,talk,62,4,9,Over
2,talk,63,4,11,Over
2,talk,64,4,6,Over
2,talk,65,4,15,Over
2,talk,66,4,1,Over
2,talk,67,4,2,Over
2,talk,68,4,7,Over
2,talk,69,4,10,Over
2,talk,70,5,2,Over
2,talk,71,5,10,Over
2,talk,72,5,15,Over
2,talk,73,5,8,REQUEST ANY (VOTE Agent[04])
2,talk,74,5,4,Over
2,talk,75,5,9,Over
2,talk,76,5,6,Over
2,talk,77,5,11,Over
2,talk,78,5,1,Over
2,talk,79,5,12,Over
2,talk,80,5,13,Over
2,talk,81,5,14,Skip
2,talk,82,5,5,Over
2,talk,83,5,7,Over
2,talk,84,6,6,Over
2,talk,85,6,7,Over
2,talk,86,6,10,Over
2,talk,87,6,14,Skip
2,talk,88,6,9,Over
2,talk,89,6,5,Over
2,talk,90,6,15,Over
2,talk,91,6,12,Over
2,talk,92,6,8,Skip
2,talk,93,6,11,Over
2,talk,94,6,2,Over
2,talk,95,6,1,Over
2,talk,96,6,4,Over
2,talk,97,6,13,Over
2,talk,98,7,9,Over
2,talk,99,7,4,Over
2,talk,100,7,7,Over
2,talk,101,7,13,Over
2,talk,102,7,15,Over
2,talk,103,7,12,Over
2,talk,104,7,8,Skip
2,talk,105,7,5,Over
2,talk,106,7,10,Over
2,talk,107,7,11,Over
2,talk,108,7,6,Over
2,talk,109,7,2,Over
2,talk,110,7,1,Over
2,talk,111,7,14,Over
2,talk,112,8,15,Over
2,talk,113,8,7,Over
2,talk,114,8,5,Over
2,talk,115,8,2,Over
2,talk,116,8,12,Over
2,talk,117,8,13,Over
2,talk,118,8,10,Over
2,talk,119,8,4,Over
2,talk,120,8,8,Over
2,talk,121,8,11,Over
2,talk,122,8,6,Over
2,talk,123,8,14,Over
2,talk,124,8,1,Over
2,talk,125,8,9,Over
2,vote,1,4
2,vote,2,8
2,vote,4,8
2,vote,5,6
2,vote,6,8
2,vote,7,1
2,vote,8,4
2,vote,9,6
2,vote,10,12
2,vote,11,6
2,vote,12,2
2,vote,13,1
2,vote,14,12
2,vote,15,12
2,vote,1,6
2,vote,2,6
2,vote,4,6
2,vote,5,6
2,vote,6,8
2,vote,7,6
2,vote,8,6
2,vote,9,6
2,vote,10,6
2,vote,11,6
2,vote,12,6
2,vote,13,6
2,vote,14,6
2,vote,15,6
2,execute,6,VILLAGER
2,divine,4,8,HUMAN
2,whisper,0,0,7,ATTACK Agent[04]
2,whisper,1,0,2,BECAUSE (Agent[14] COMINGOUT Agent[14] MEDIUM) (ATTACK Agent[14])
2,whisper,2,1,7,Skip
2,whisper,3,1,2,ATTACK Agent[14]
2,whisper,4,2,7,Skip
2,whisper,5,2,2,Skip
2,whisper,6,3,7,Over
2,whisper,7,3,2,Skip
2,whisper,8,4,7,Over
2,whisper,9,4,2,Over
2,guard,13,4,SEER
2,attackVote,2,14
2,attackVote,7,4
2,attackVote,2,14
2,attackVote,7,4
2,attack,4,false
3,status,1,VILLAGER,ALIVE,SampleRoleAssignPlayer
3,status,2,WEREWOLF,ALIVE,SampleRoleAssignPlayer
3,status,3,WEREWOLF,DEAD,SampleRoleAssignPlayer
3,status,4,SEER,ALIVE,SampleRoleAssignPlayer
3,status,5,VILLAGER,ALIVE,SampleRoleAssignPlayer
3,status,6,VILLAGER,DEAD,SampleRoleAssignPlayer
3,status,7,WEREWOLF,ALIVE,SampleRoleAssignPlayer
3,status,8,POSSESSED,ALIVE,SampleRoleAssignPlayer
3,status,9,VILLAGER,ALIVE,SampleRoleAssignPlayer
3,status,10,VILLAGER,ALIVE,SampleRoleAssignPlayer
3,status,11,VILLAGER,ALIVE,SampleRoleAssignPlayer
3,status,12,VILLAGER,ALIVE,SampleRoleAssignPlayer
3,status,13,BODYGUARD,ALIVE,SampleRoleAssignPlayer
3,status,14,MEDIUM,ALIVE,SampleRoleAssignPlayer
3,status,15,VILLAGER,ALIVE,SampleRoleAssignPlayer
3,talk,0,0,1,VOTE Agent[05]
3,talk,1,0,4,DAY 3 (DIVINED Agent[08] HUMAN)
3,talk,2,0,7,VOTE Agent[05]
3,talk,3,0,15,VOTE Agent[12]
3,talk,4,0,2,VOTE Agent[08]
3,talk,5,0,11,VOTE Agent[08]
3,talk,6,0,9,VOTE Agent[10]
3,talk,7,0,13,VOTE Agent[09]
3,talk,8,0,5,VOTE Agent[11]
3,talk,9,0,14,DAY 3 (IDENTIFIED Agent[06] HUMAN)
3,talk,10,0,8,DAY 3 (DIVINED Agent[09] HUMAN)
3,talk,11,0,10,VOTE Agent[07]
3,talk,12,0,12,VOTE Agent[05]
3,talk,13,1,7,REQUEST ANY (VOTE Agent[05])
3,talk,14,1,13,REQUEST ANY (VOTE Agent[09])
3,talk,15,1,8,DIVINED Agent[09] HUMAN
3,talk,16,1,2,REQUEST ANY (VOTE Agent[08])
3,talk,17,1,15,REQUEST ANY (VOTE Agent[12])
3,talk,18,1,4,DIVINED Agent[08] HUMAN
3,talk,19,1,5,REQUEST ANY (VOTE Agent[11])
3,talk,20,1,9,REQUEST ANY (VOTE Agent[10])
3,talk,21,1,11,REQUEST ANY (VOTE Agent[08])
3,talk,22,1,10,REQUEST ANY (VOTE Agent[07])
3,talk,23,1,14,IDENTIFIED Agent[06] HUMAN
3,talk,24,1,12,REQUEST ANY (VOTE Agent[05])
3,talk,25,1,1,REQUEST ANY (VOTE Agent[05])
3,talk,26,2,5,Skip
3,talk,27,2,1,Skip
3,talk,28,2,11,Skip
3,talk,29,2,10,Skip
3,talk,30,2,14,VOTE Agent[08]
3,talk,31,2,7,Skip
3,talk,32,2,4,VOTE Agent[01]
3,talk,33,2,12,Skip
3,talk,34,2,9,Skip
3,talk,35,2,2,Skip
3,talk,36,2,8,BECAUSE (AND (COMINGOUT Agent[08] SEER) (Agent[04] COMINGOUT Agent[04] SEER)) (XOR (ESTIMATE Agent[04] WEREWOLF) (ESTIMATE Agent[04] POSSESSED))
3,talk,37,2,13,Skip
3,talk,38,2,15,Skip
3,talk,39,3,7,Skip
3,talk,40,3,11,Skip
3,talk,41,3,9,Skip
3,talk,42,3,2,Skip
3,talk,43,3,10,Skip
3,talk,44,3,15,Skip
3,talk,45,3,14,REQUEST ANY (VOTE Agent[08])
3,talk,46,3,4,REQUEST ANY (VOTE Agent[01])
3,talk,47,3,8,BECAUSE (XOR (ESTIMATE Agent[04] WEREWOLF) (ESTIMATE Agent[04] POSSESSED)) (AND (VOTE Agent[04]) (REQUEST ANY (VOTE Agent[04])))
3,talk,48,3,5,Skip
3,talk,49,3,1,Skip
3,talk,50,3,12,Skip
3,talk,51,3,13,Skip
3,talk,52,4,11,Over
3,talk,53,4,9,Over
3,talk,54,4,5,Over
3,talk,55,4,10,Over
3,talk,56,4,13,Over
3,talk,57,4,15,Over
3,talk,58,4,14,Skip
3,talk,59,4,4,Skip
3,talk,60,4,1,Over
3,talk,61,4,2,Over
3,talk,62,4,12,Over
3,talk,63,4,7,Over
3,talk,64,4,8,VOTE Agent[04]
3,talk,65,5,11,Over
3,talk,66,5,9,Over
3,talk,67,5,8,REQUEST ANY (VOTE Agent[04])
3,talk,68,5,13,Over
3,talk,69,5,4,Skip
3,talk,70,5,14,Skip
3,talk,71,5,10,Over
3,talk,72,5,2,Over
3,talk,73,5,15,Over
3,talk,74,5,5,Over
3,talk,75,5,7,Over
3,talk,76,5,1,Over
3,talk,77,5,12,Over
3,talk,78,6,5,Over
3,talk,79,6,1,Over
3,talk,80,6,7,Over
3,talk,81,6,9,Over
3,talk,82,6,15,Over
3,talk,83,6,10,Over
3,talk,84,6,12,Over
3,talk,85,6,2,Over
3,talk,86,6,14,Over
3,talk,87,6,11,Over
3,talk,88,6,4,Over
3,talk,89,6,13,Over
3,talk,90,6,8,Skip
3,talk,91,7,9,Over
3,talk,92,7,5,Over
3,talk,93,7,1,Over
3,talk,94,7,2,Over
3,talk,95,7,11,Over
3,talk,96,7,8,Skip
3,talk,97,7,14,Over
3,talk,98,7,10,Over
3,talk,99,7,4,Over
3,talk,100,7,13,Over
3,talk,101,7,12,Over
3,talk,102,7,15,Over
3,talk,103,7,7,Over
3,talk,104,8,12,Over
3,talk,105,8,13,Over
3,talk,106,8,10,Over
3,talk,107,8,11,Over
3,talk,108,8,15,Over
3,talk,109,8,8,Over
3,talk,110,8,9,Over
3,talk,111,8,5,Over
3,talk,112,8,2,Over
3,talk,113,8,1,Over
3,talk,114,8,7,Over
3,talk,115,8,4,Over
3,talk,116,8,14,Over
3,vote,1,5
3,vote,2,8
3,vote,4,7
3,vote,5,8
3,vote,7,5
3,vote,8,4
3,vote,9,8
3,vote,10,5
3,vote,11,9
3,vote,12,10
3,vote,13,11
3,vote,14,11
3,vote,15,7
3,vote,1,5
3,vote,2,5
3,vote,4,5
3,vote,5,8
3,vote,7,5
3,vote,8,5
3,vote,9,5
3,vote,10,5
3,vote,11,5
3,vote,12,5
3,vote,13,5
3,vote,14,5
3,vote,15,5
3,execute,5,VILLAGER
3,divine,4,7,WEREWOLF
3,whisper,0,0,2,ATTACK Agent[08]
3,whisper,1,0,7,ATTACK Agent[08]
3,whisper,2,1,2,Skip
3,whisper,3,1,7,Skip
3,whisper,4,2,7,Skip
3,whisper,5,2,2,Skip
3,whisper,6,3,7,Over
3,whisper,7,3,2,Over
3,guard,13,4,SEER
3,attackVote,2,8
3,attackVote,7,8
3,attack,8,true
4,status,1,VILLAGER,ALIVE,SampleRoleAssignPlayer
4,status,2,WEREWOLF,ALIVE,SampleRoleAssignPlayer
4,status,3,WEREWOLF,DEAD,SampleRoleAssignPlayer
4,status,4,SEER,ALIVE,SampleRoleAssignPlayer
4,status,5,VILLAGER,DEAD,SampleRoleAssignPlayer
4,status,6,VILLAGER,DEAD,SampleRoleAssignPlayer
4,status,7,WEREWOLF,ALIVE,SampleRoleAssignPlayer
4,status,8,POSSESSED,DEAD,SampleRoleAssignPlayer
4,status,9,VILLAGER,ALIVE,SampleRoleAssignPlayer
4,status,10,VILLAGER,ALIVE,SampleRoleAssignPlayer
4,status,11,VILLAGER,ALIVE,SampleRoleAssignPlayer
4,status,12,VILLAGER,ALIVE,SampleRoleAssignPlayer
4,status,13,BODYGUARD,ALIVE,SampleRoleAssignPlayer
4,status,14,MEDIUM,ALIVE,SampleRoleAssignPlayer
4,status,15,VILLAGER,ALIVE,SampleRoleAssignPlayer
4,talk,0,0,9,VOTE Agent[04]
4,talk,1,0,12,VOTE Agent[04]
4,talk,2,0,15,VOTE Agent[11]
4,talk,3,0,7,VOTE Agent[13]
4,talk,4,0,1,VOTE Agent[02]
4,talk,5,0,2,VOTE Agent[04]
4,talk,6,0,11,VOTE Agent[10]
4,talk,7,0,13,VOTE Agent[02]
4,talk,8,0,4,DAY 4 (DIVINED Agent[07] WEREWOLF)
4,talk,9,0,10,VOTE Agent[12]
4,talk,10,0,14,DAY 4 (IDENTIFIED Agent[05] HUMAN)
4,talk,11,1,7,REQUEST ANY (VOTE Agent[13])
4,talk,12,1,4,DIVINED Agent[07] WEREWOLF
4,talk,13,1,1,REQUEST ANY (VOTE Agent[02])
4,talk,14,1,2,REQUEST ANY (VOTE Agent[04])
4,talk,15,1,11,REQUEST ANY (VOTE Agent[10])
4,talk,16,1,9,REQUEST ANY (VOTE Agent[04])
4,talk,17,1,14,IDENTIFIED Agent[05] HUMAN
4,talk,18,1,13,REQUEST ANY (VOTE Agent[02])
4,talk,19,1,12,REQUEST ANY (VOTE Agent[04])
4,talk,20,1,15,REQUEST ANY (VOTE Agent[11])
4,talk,21,1,10,REQUEST ANY (VOTE Agent[12])
4,talk,22,2,4,BECAUSE (DAY 4 (DIVINED Agent[07] WEREWOLF)) (AND (VOTE Agent[07]) (REQUEST ANY (VOTE Agent[07])))
4,talk,23,2,13,Skip
4,talk,24,2,11,Skip
4,talk,25,2,2,Skip
4,talk,26,2,10,Skip
4,talk,27,2,7,BECAUSE (AND (COMINGOUT Agent[07] VILLAGER) (DAY 4 (Agent[04] DIVINED Agent[07] WEREWOLF))) (XOR (ESTIMATE Agent[04] WEREWOLF) (ESTIMATE Agent[04] POSSESSED))
4,talk,28,2,12,Skip
4,talk,29,2,9,Skip
4,talk,30,2,1,Skip
4,talk,31,2,15,Skip
4,talk,32,2,14,VOTE Agent[13]
4,talk,33,3,10,Skip
4,talk,34,3,1,Skip
4,talk,35,3,9,Skip
4,talk,36,3,11,Skip
4,talk,37,3,4,VOTE Agent[07]
4,talk,38,3,7,BECAUSE (XOR (ESTIMATE Agent[04] WEREWOLF) (ESTIMATE Agent[04] POSSESSED)) (AND (VOTE Agent[04]) (REQUEST ANY (VOTE Agent[04])))
4,talk,39,3,13,Skip
4,talk,40,3,2,Skip
4,talk,41,3,12,Skip
4,talk,42,3,15,Skip
4,talk,43,3,14,REQUEST ANY (VOTE Agent[13])
4,talk,44,4,1,Over
4,talk,45,4,4,REQUEST ANY (VOTE Agent[07])
4,talk,46,4,14,Skip
4,talk,47,4,7,VOTE Agent[04]
4,talk,48,4,11,Over
4,talk,49,4,9,Over
4,talk,50,4,12,Over
4,talk,51,4,15,Over
4,talk,52,4,13,Over
4,talk,53,4,2,Over
4,talk,54,4,10,Over
4,talk,55,5,15,Over
4,talk,56,5,13,Over
4,talk,57,5,1,Over
4,talk,58,5,10,Over
4,talk,59,5,9,Over
4,talk,60,5,14,Skip
4,talk,61,5,2,Over
4,talk,62,5,7,REQUEST ANY (VOTE Agent[04])
4,talk,63,5,4,Skip
4,talk,64,5,12,Over
4,talk,65,5,11,Over
4,talk,66,6,14,Over
4,talk,67,6,7,Skip
4,talk,68,6,4,Skip
4,talk,69,6,1,Over
4,talk,70,6,12,Over
4,talk,71,6,11,Over
4,talk,72,6,15,Over
4,talk,73,6,2,Over
4,talk,74,6,10,Over
4,talk,75,6,9,Over
4,talk,76,6,13,Over
4,talk,77,7,15,Over
4,talk,78,7,2,Over
4,talk,79,7,13,Over
4,talk,80,7,7,Skip
4,talk,81,7,12,Over
4,talk,82,7,4,Over
4,talk,83,7,11,Over
4,talk,84,7,14,Over
4,talk,85,7,1,Over
4,talk,86,7,9,Over
4,talk,87,7,10,Over
4,talk,88,8,12,Over
4,talk,89,8,4,Over
4,talk,90,8,7,Over
4,talk,91,8,10,Over
4,talk,92,8,1,Over
4,talk,93,8,14,Over
4,talk,94,8,11,Over
4,talk,95,8,15,Over
4,talk,96,8,2,Over
4,talk,97,8,13,Over
4,talk,98,8,9,Over
4,vote,1,13
4,vote,2,4
4,vote,4,7
4,vote,7,4
4,vote,9,10
4,vote,10,2
4,vote,11,4
4,vote,12,4
4,vote,13,7
4,vote,14,4
4,vote,15,13
4,execute,4,SEER
4,whisper,0,0,7,BECAUSE (Agent[14] COMINGOUT Agent[14] MEDIUM) (ATTACK Agent[14])
4,whisper,1,0,2,BECAUSE (Agent[14] COMINGOUT Agent[14] MEDIUM) (ATTACK Agent[14])
4,whisper,2,1,7,ATTACK Agent[14]
4,whisper,3,1,2,ATTACK Agent[14]
4,whisper,4,2,7,Skip
4,whisper,5,2,2,Skip
4,whisper,6,3,2,Skip
4,whisper,7,3,7,Skip
4,whisper,8,4,7,Over
4,whisper,9,4,2,Over
4,guard,13,14,MEDIUM
4,attackVote,2,14
4,attackVote,7,14
4,attack,14,false
5,status,1,VILLAGER,ALIVE,SampleRoleAssignPlayer
5,status,2,WEREWOLF,ALIVE,SampleRoleAssignPlayer
5,status,3,WEREWOLF,DEAD,SampleRoleAssignPlayer
5,status,4,SEER,DEAD,SampleRoleAssignPlayer
5,status,5,VILLAGER,DEAD,SampleRoleAssignPlayer
5,status,6,VILLAGER,DEAD,SampleRoleAssignPlayer
5,status,7,WEREWOLF,ALIVE,SampleRoleAssignPlayer
5,status,8,POSSESSED,DEAD,SampleRoleAssignPlayer
5,status,9,VILLAGER,ALIVE,SampleRoleAssignPlayer
5,status,10,VILLAGER,ALIVE,SampleRoleAssignPlayer
5,status,11,VILLAGER,ALIVE,SampleRoleAssignPlayer
5,status,12,VILLAGER,ALIVE,SampleRoleAssignPlayer
5,status,13,BODYGUARD,ALIVE,SampleRoleAssignPlayer
5,status,14,MEDIUM,ALIVE,SampleRoleAssignPlayer
5,status,15,VILLAGER,ALIVE,SampleRoleAssignPlayer
5,talk,0,0,14,DAY 5 (IDENTIFIED Agent[04] HUMAN)
5,talk,1,0,9,VOTE Agent[10]
5,talk,2,0,10,VOTE Agent[09]
5,talk,3,0,7,BECAUSE (AND (COMINGOUT Agent[07] VILLAGER) (DAY 4 (Agent[04] DIVINED Agent[07] WEREWOLF))) (XOR (ESTIMATE Agent[04] WEREWOLF) (ESTIMATE Agent[04] POSSESSED))
5,talk,4,0,1,VOTE Agent[12]
5,talk,5,0,15,VOTE Agent[10]
5,talk,6,0,12,VOTE Agent[02]
5,talk,7,0,13,VOTE Agent[01]
5,talk,8,0,2,VOTE Agent[08]
5,talk,9,0,11,VOTE Agent[01]
5,talk,10,1,14,IDENTIFIED Agent[04] HUMAN
5,talk,11,1,12,REQUEST ANY (VOTE Agent[02])
5,talk,12,1,7,BECAUSE (XOR (ESTIMATE Agent[04] WEREWOLF) (ESTIMATE Agent[04] POSSESSED)) (AND (VOTE Agent[04]) (REQUEST ANY (VOTE Agent[04])))
5,talk,13,1,11,REQUEST ANY (VOTE Agent[01])
5,talk,14,1,9,REQUEST ANY (VOTE Agent[10])
5,talk,15,1,1,REQUEST ANY (VOTE Agent[12])
5,talk,16,1,10,REQUEST ANY (VOTE Agent[09])
5,talk,17,1,13,REQUEST ANY (VOTE Agent[01])
5,talk,18,1,15,REQUEST ANY (VOTE Agent[10])
5,talk,19,1,2,REQUEST ANY (VOTE Agent[08])
5,talk,20,2,15,Skip
5,talk,21,2,14,VOTE Agent[02]
5,talk,22,2,10,Skip
5,talk,23,2,1,Skip
5,talk,24,2,7,VOTE Agent[04]
5,talk,25,2,11,Skip
5,talk,26,2,9,Skip
5,talk,27,2,13,Skip
5,talk,28,2,12,Skip
5,talk,29,2,2,Skip
5,talk,30,3,1,Skip
5,talk,31,3,7,REQUEST ANY (VOTE Agent[04])
5,talk,32,3,2,Skip
5,talk,33,3,15,Skip
5,talk,34,3,12,Skip
5,talk,35,3,13,Skip
5,talk,36,3,9,Skip
5,talk,37,3,10,Skip
5,talk,38,3,11,Skip
5,talk,39,3,14,REQUEST ANY (VOTE Agent[02])
5,talk,40,4,1,Over
5,talk,41,4,7,Skip
5,talk,42,4,15,Over
5,talk,43,4,14,Skip
5,talk,44,4,13,Over
5,talk,45,4,10,Over
5,talk,46,4,12,Over
5,talk,47,4,2,Over
5,talk,48,4,11,Over
5,talk,49,4,9,Over
5,talk,50,5,2,Over
5,talk,51,5,1,Over
5,talk,52,5,14,Skip
5,talk,53,5,10,Over
5,talk,54,5,15,Over
5,talk,55,5,7,Skip
5,talk,56,5,12,Over
5,talk,57,5,9,Over
5,talk,58,5,13,Over
5,talk,59,5,11,Over
5,talk,60,6,10,Over
5,talk,61,6,2,Over
5,talk,62,6,12,Over
5,talk,63,6,14,Over
5,talk,64,6,11,Over
5,talk,65,6,13,Over
5,talk,66,6,7,Over
5,talk,67,6,1,Over
5,talk,68,6,15,Over
5,talk,69,6,9,Over
5,vote,1,10
5,vote,2,11
5,vote,7,15
5,vote,9,2
5,vote,10,9
5,vote,11,9
5,vote,12,9
5,vote,13,2
5,vote,14,10
5,vote,15,1
5,execute,9,VILLAGER
5,whisper,0,0,7,BECAUSE (Agent[14] COMINGOUT Agent[14] MEDIUM) (ATTACK Agent[14])
5,whisper,1,0,2,BECAUSE (Agent[14] COMINGOUT Agent[14] MEDIUM) (ATTACK Agent[14])
5,whisper,2,1,7,ATTACK Agent[14]
5,whisper,3,1,2,ATTACK Agent[14]
5,whisper,4,2,2,Skip
5,whisper,5,2,7,Skip
5,whisper,6,3,2,Skip
5,whisper,7,3,7,Skip
5,whisper,8,4,7,Over
5,whisper,9,4,2,Over
5,guard,13,14,MEDIUM
5,attackVote,2,14
5,attackVote,7,14
5,attack,14,false
6,status,1,VILLAGER,ALIVE,SampleRoleAssignPlayer
6,status,2,WEREWOLF,ALIVE,SampleRoleAssignPlayer
6,status,3,WEREWOLF,DEAD,SampleRoleAssignPlayer
6,status,4,SEER,DEAD,SampleRoleAssignPlayer
6,status,5,VILLAGER,DEAD,SampleRoleAssignPlayer
6,status,6,VILLAGER,DEAD,SampleRoleAssignPlayer
6,status,7,WEREWOLF,ALIVE,SampleRoleAssignPlayer
6,status,8,POSSESSED,DEAD,SampleRoleAssignPlayer
6,status,9,VILLAGER,DEAD,SampleRoleAssignPlayer
6,status,10,VILLAGER,ALIVE,SampleRoleAssignPlayer
6,status,11,VILLAGER,ALIVE,SampleRoleAssignPlayer
6,status,12,VILLAGER,ALIVE,SampleRoleAssignPlayer
6,status,13,BODYGUARD,ALIVE,SampleRoleAssignPlayer
6,status,14,MEDIUM,ALIVE,SampleRoleAssignPlayer
6,status,15,VILLAGER,ALIVE,SampleRoleAssignPlayer
6,talk,0,0,2,VOTE Agent[08]
6,talk,1,0,1,VOTE Agent[11]
6,talk,2,0,11,VOTE Agent[12]
6,talk,3,0,14,DAY 6 (IDENTIFIED Agent[09] HUMAN)
6,talk,4,0,13,VOTE Agent[10]
6,talk,5,0,7,BECAUSE (AND (COMINGOUT Agent[07] VILLAGER) (DAY 4 (Agent[04] DIVINED Agent[07] WEREWOLF))) (XOR (ESTIMATE Agent[04] WEREWOLF) (ESTIMATE Agent[04] POSSESSED))
6,talk,6,0,15,VOTE Agent[11]
6,talk,7,0,10,VOTE Agent[07]
6,talk,8,0,12,VOTE Agent[14]
6,talk,9,1,7,BECAUSE (XOR (ESTIMATE Agent[04] WEREWOLF) (ESTIMATE Agent[04] POSSESSED)) (AND (VOTE Agent[04]) (REQUEST ANY (VOTE Agent[04])))
6,talk,10,1,10,REQUEST ANY (VOTE Agent[07])
6,talk,11,1,1,REQUEST ANY (VOTE Agent[11])
6,talk,12,1,11,REQUEST ANY (VOTE Agent[12])
6,talk,13,1,2,REQUEST ANY (VOTE Agent[08])
6,talk,14,1,12,REQUEST ANY (VOTE Agent[14])
6,talk,15,1,14,IDENTIFIED Agent[09] HUMAN
6,talk,16,1,13,REQUEST ANY (VOTE Agent[10])
6,talk,17,1,15,REQUEST ANY (VOTE Agent[11])
6,talk,18,2,13,Skip
6,talk,19,2,1,Skip
6,talk,20,2,2,Skip
6,talk,21,2,10,Skip
6,talk,22,2,11,Skip
6,talk,23,2,7,VOTE Agent[04]
6,talk,24,2,12,Skip
6,talk,25,2,14,VOTE Agent[12]
6,talk,26,2,15,Skip
6,talk,27,3,14,REQUEST ANY (VOTE Agent[12])
6,talk,28,3,1,Skip
6,talk,29,3,15,Skip
6,talk,30,3,7,REQUEST ANY (VOTE Agent[04])
6,talk,31,3,2,Skip
6,talk,32,3,13,Skip
6,talk,33,3,10,Skip
6,talk,34,3,12,Skip
6,talk,35,3,11,Skip
6,talk,36,4,15,Over
6,talk,37,4,2,Over
6,talk,38,4,14,Skip
6,talk,39,4,13,Over
6,talk,40,4,1,Over
6,talk,41,4,7,Skip
6,talk,42,4,11,Over
6,talk,43,4,12,Over
6,talk,44,4,10,Over
6,talk,45,5,13,Over
6,talk,46,5,11,Over
6,talk,47,5,1,Over
6,talk,48,5,15,Over
6,talk,49,5,7,Skip
6,talk,50,5,14,Skip
6,talk,51,5,12,Over
6,talk,52,5,10,Over
6,talk,53,5,2,Over
6,talk,54,6,11,Over
6,talk,55,6,13,Over
6,talk,56,6,10,Over
6,talk,57,6,2,Over
6,talk,58,6,7,Over
6,talk,59,6,14,Over
6,talk,60,6,12,Over
6,talk,61,6,15,Over
6,talk,62,6,1,Over
6,vote,1,11
6,vote,2,1
6,vote,7,1
6,vote,10,11
6,vote,11,10
6,vote,12,11
6,vote,13,11
6,vote,14,10
6,vote,15,11
6,execute,11,VILLAGER
6,whisper,0,0,7,BECAUSE (Agent[14] COMINGOUT Agent[14] MEDIUM) (ATTACK Agent[14])
6,whisper,1,0,2,BECAUSE (Agent[14] COMINGOUT Agent[14] MEDIUM) (ATTACK Agent[14])
6,whisper,2,1,7,ATTACK Agent[14]
6,whisper,3,1,2,ATTACK Agent[14]
6,whisper,4,2,2,Skip
6,whisper,5,2,7,Skip
6,whisper,6,3,2,Skip
6,whisper,7,3,7,Skip
6,whisper,8,4,7,Over
6,whisper,9,4,2,Over
6,guard,13,14,MEDIUM
6,attackVote,2,14
6,attackVote,7,14
6,attack,14,false
7,status,1,VILLAGER,ALIVE,SampleRoleAssignPlayer
7,status,2,WEREWOLF,ALIVE,SampleRoleAssignPlayer
7,status,3,WEREWOLF,DEAD,SampleRoleAssignPlayer
7,status,4,SEER,DEAD,SampleRoleAssignPlayer
7,status,5,VILLAGER,DEAD,SampleRoleAssignPlayer
7,status,6,VILLAGER,DEAD,SampleRoleAssignPlayer
7,status,7,WEREWOLF,ALIVE,SampleRoleAssignPlayer
7,status,8,POSSESSED,DEAD,SampleRoleAssignPlayer
7,status,9,VILLAGER,DEAD,SampleRoleAssignPlayer
7,status,10,VILLAGER,ALIVE,SampleRoleAssignPlayer
7,status,11,VILLAGER,DEAD,SampleRoleAssignPlayer
7,status,12,VILLAGER,ALIVE,SampleRoleAssignPlayer
7,status,13,BODYGUARD,ALIVE,SampleRoleAssignPlayer
7,status,14,MEDIUM,ALIVE,SampleRoleAssignPlayer
7,status,15,VILLAGER,ALIVE,SampleRoleAssignPlayer
7,talk,0,0,14,DAY 7 (IDENTIFIED Agent[11] HUMAN)
7,talk,1,0,12,VOTE Agent[02]
7,talk,2,0,1,VOTE Agent[14]
7,talk,3,0,7,BECAUSE (AND (COMINGOUT Agent[07] VILLAGER) (DAY 4 (Agent[04] DIVINED Agent[07] WEREWOLF))) (XOR (ESTIMATE Agent[04] WEREWOLF) (ESTIMATE Agent[04] POSSESSED))
7,talk,4,0,13,VOTE Agent[10]
7,talk,5,0,2,VOTE Agent[04]
7,talk,6,0,15,VOTE Agent[14]
7,talk,7,0,10,VOTE Agent[07]
7,talk,8,1,7,BECAUSE (XOR (ESTIMATE Agent[04] WEREWOLF) (ESTIMATE Agent[04] POSSESSED)) (AND (VOTE Agent[04]) (REQUEST ANY (VOTE Agent[04])))
7,talk,9,1,2,REQUEST ANY (VOTE Agent[04])
7,talk,10,1,1,REQUEST ANY (VOTE Agent[14])
7,talk,11,1,13,REQUEST ANY (VOTE Agent[10])
7,talk,12,1,15,REQUEST ANY (VOTE Agent[14])
7,talk,13,1,14,IDENTIFIED Agent[11] HUMAN
7,talk,14,1,10,REQUEST ANY (VOTE Agent[07])
7,talk,15,1,12,REQUEST ANY (VOTE Agent[02])
7,talk,16,2,15,Skip
7,talk,17,2,12,Skip
7,talk,18,2,1,Skip
7,talk,19,2,13,Skip
7,talk,20,2,2,Skip
7,talk,21,2,7,VOTE Agent[04]
7,talk,22,2,10,Skip
7,talk,23,2,14,VOTE Agent[02]
7,talk,24,3,12,Skip
7,talk,25,3,13,Skip
7,talk,26,3,1,Skip
7,talk,27,3,2,Skip
7,talk,28,3,7,REQUEST ANY (VOTE Agent[04])
7,talk,29,3,10,Skip
7,talk,30,3,14,REQUEST ANY (VOTE Agent[02])
7,talk,31,3,15,Skip
7,talk,32,4,10,Over
7,talk,33,4,13,Over
7,talk,34,4,14,Skip
7,talk,35,4,1,Over
7,talk,36,4,2,Over
7,talk,37,4,7,Skip
7,talk,38,4,15,Over
7,talk,39,4,12,Over
7,talk,40,5,1,Over
7,talk,41,5,10,Over
7,talk,42,5,7,Skip
7,talk,43,5,15,Over
7,talk,44,5,12,Over
7,talk,45,5,14,Skip
7,talk,46,5,13,Over
7,talk,47,5,2,Over
7,talk,48,6,2,Over
7,talk,49,6,1,Over
7,talk,50,6,14,Over
7,talk,51,6,7,Over
7,talk,52,6,13,Over
7,talk,53,6,10,Over
7,talk,54,6,12,Over
7,talk,55,6,15,Over
7,vote,1,10
7,vote,2,13
7,vote,7,10
7,vote,10,7
7,vote,12,2
7,vote,13,2
7,vote,14,10
7,vote,15,7
7,execute,10,VILLAGER
7,whisper,0,0,7,BECAUSE (Agent[14] COMINGOUT Agent[14] MEDIUM) (ATTACK Agent[14])
7,whisper,1,0,2,BECAUSE (Agent[14] COMINGOUT Agent[14] MEDIUM) (ATTACK Agent[14])
7,whisper,2,1,7,ATTACK Agent[14]
7,whisper,3,1,2,ATTACK Agent[14]
7,whisper,4,2,7,Skip
7,whisper,5,2,2,Skip
7,whisper,6,3,2,Skip
7,whisper,7,3,7,Skip
7,whisper,8,4,7,Over
7,whisper,9,4,2,Over
7,guard,13,14,MEDIUM
7,attackVote,2,14
7,attackVote,7,14
7,attack,14,false
8,status,1,VILLAGER,ALIVE,SampleRoleAssignPlayer
8,status,2,WEREWOLF,ALIVE,SampleRoleAssignPlayer
8,status,3,WEREWOLF,DEAD,SampleRoleAssignPlayer
8,status,4,SEER,DEAD,SampleRoleAssignPlayer
8,status,5,VILLAGER,DEAD,SampleRoleAssignPlayer
8,status,6,VILLAGER,DEAD,SampleRoleAssignPlayer
8,status,7,WEREWOLF,ALIVE,SampleRoleAssignPlayer
8,status,8,POSSESSED,DEAD,SampleRoleAssignPlayer
8,status,9,VILLAGER,DEAD,SampleRoleAssignPlayer
8,status,10,VILLAGER,DEAD,SampleRoleAssignPlayer
8,status,11,VILLAGER,DEAD,SampleRoleAssignPlayer
8,status,12,VILLAGER,ALIVE,SampleRoleAssignPlayer
8,status,13,BODYGUARD,ALIVE,SampleRoleAssignPlayer
8,status,14,MEDIUM,ALIVE,SampleRoleAssignPlayer
8,status,15,VILLAGER,ALIVE,SampleRoleAssignPlayer
8,talk,0,0,13,VOTE Agent[12]
8,talk,1,0,2,VOTE Agent[04]
8,talk,2,0,7,BECAUSE (AND (COMINGOUT Agent[07] VILLAGER) (DAY 4 (Agent[04] DIVINED Agent[07] WEREWOLF))) (XOR (ESTIMATE Agent[04] WEREWOLF) (ESTIMATE Agent[04] POSSESSED))
8,talk,3,0,1,VOTE Agent[14]
8,talk,4,0,14,DAY 8 (IDENTIFIED Agent[10] HUMAN)
8,talk,5,0,15,VOTE Agent[02]
8,talk,6,0,12,VOTE Agent[15]
8,talk,7,1,14,IDENTIFIED Agent[10] HUMAN
8,talk,8,1,13,REQUEST ANY (VOTE Agent[12])
8,talk,9,1,15,REQUEST ANY (VOTE Agent[02])
8,talk,10,1,1,REQUEST ANY (VOTE Agent[14])
8,talk,11,1,7,BECAUSE (XOR (ESTIMATE Agent[04] WEREWOLF) (ESTIMATE Agent[04] POSSESSED)) (AND (VOTE Agent[04]) (REQUEST ANY (VOTE Agent[04])))
8,talk,12,1,2,REQUEST ANY (VOTE Agent[04])
8,talk,13,1,12,REQUEST ANY (VOTE Agent[15])
8,talk,14,2,14,VOTE Agent[02]
8,talk,15,2,7,VOTE Agent[04]
8,talk,16,2,2,Skip
8,talk,17,2,15,Skip
8,talk,18,2,12,Skip
8,talk,19,2,13,Skip
8,talk,20,2,1,Skip
8,talk,21,3,2,Skip
8,talk,22,3,14,REQUEST ANY (VOTE Agent[02])
8,talk,23,3,12,Skip
8,talk,24,3,7,REQUEST ANY (VOTE Agent[04])
8,talk,25,3,15,Skip
8,talk,26,3,1,Skip
8,talk,27,3,13,Skip
8,talk,28,4,1,Over
8,talk,29,4,13,Over
8,talk,30,4,7,Skip
8,talk,31,4,12,Over
8,talk,32,4,2,Over
8,talk,33,4,15,Over
8,talk,34,4,14,Skip
8,talk,35,5,12,Over
8,talk,36,5,7,Skip
8,talk,37,5,15,Over
8,talk,38,5,14,Skip
8,talk,39,5,13,Over
8,talk,40,5,1,Over
8,talk,41,5,2,Over
8,talk,42,6,14,Over
8,talk,43,6,13,Over
8,talk,44,6,1,Over
8,talk,45,6,2,Over
8,talk,46,6,7,Over
8,talk,47,6,12,Over
8,talk,48,6,15,Over
8,vote,1,12
8,vote,2,1
8,vote,7,13
8,vote,12,2
8,vote,13,2
8,vote,14,15
8,vote,15,14
8,execute,2,WEREWOLF
8,guard,13,14,MEDIUM
8,attackVote,7,14
8,attack,14,false
9,status,1,VILLAGER,ALIVE,SampleRoleAssignPlayer
9,status,2,WEREWOLF,DEAD,SampleRoleAssignPlayer
9,status,3,WEREWOLF,DEAD,SampleRoleAssignPlayer
9,status,4,SEER,DEAD,SampleRoleAssignPlayer
9,status,5,VILLAGER,DEAD,SampleRoleAssignPlayer
9,status,6,VILLAGER,DEAD,SampleRoleAssignPlayer
9,status,7,WEREWOLF,ALIVE,SampleRoleAssignPlayer
9,status,8,POSSESSED,DEAD,SampleRoleAssignPlayer
9,status,9,VILLAGER,DEAD,SampleRoleAssignPlayer
9,status,10,VILLAGER,DEAD,SampleRoleAssignPlayer
9,status,11,VILLAGER,DEAD,SampleRoleAssignPlayer
9,status,12,VILLAGER,ALIVE,SampleRoleAssignPlayer
9,status,13,BODYGUARD,ALIVE,SampleRoleAssignPlayer
9,status,14,MEDIUM,ALIVE,SampleRoleAssignPlayer
9,status,15,VILLAGER,ALIVE,SampleRoleAssignPlayer
9,talk,0,0,13,VOTE Agent[12]
9,talk,1,0,1,VOTE Agent[15]
9,talk,2,0,12,VOTE Agent[07]
9,talk,3,0,7,BECAUSE (AND (COMINGOUT Agent[07] VILLAGER) (DAY 4 (Agent[04] DIVINED Agent[07] WEREWOLF))) (XOR (ESTIMATE Agent[04] WEREWOLF) (ESTIMATE Agent[04] POSSESSED))
9,talk,4,0,14,DAY 9 (IDENTIFIED Agent[02] WEREWOLF)
9,talk,5,0,15,VOTE Agent[07]
9,talk,6,1,14,IDENTIFIED Agent[02] WEREWOLF
9,talk,7,1,13,REQUEST ANY (VOTE Agent[12])
9,talk,8,1,15,REQUEST ANY (VOTE Agent[07])
9,talk,9,1,7,BECAUSE (XOR (ESTIMATE Agent[04] WEREWOLF) (ESTIMATE Agent[04] POSSESSED)) (AND (VOTE Agent[04]) (REQUEST ANY (VOTE Agent[04])))
9,talk,10,1,1,REQUEST ANY (VOTE Agent[15])
9,talk,11,1,12,REQUEST ANY (VOTE Agent[07])
9,talk,12,2,7,VOTE Agent[04]
9,talk,13,2,15,Skip
9,talk,14,2,12,Skip
9,talk,15,2,1,Skip
9,talk,16,2,14,VOTE Agent[15]
9,talk,17,2,13,Skip
9,talk,18,3,7,REQUEST ANY (VOTE Agent[04])
9,talk,19,3,1,Skip
9,talk,20,3,12,Skip
9,talk,21,3,15,Skip
9,talk,22,3,13,Skip
9,talk,23,3,14,REQUEST ANY (VOTE Agent[15])
9,talk,24,4,7,Skip
9,talk,25,4,12,Over
9,talk,26,4,1,Over
9,talk,27,4,13,Over
9,talk,28,4,15,Over
9,talk,29,4,14,Skip
9,talk,30,5,14,Skip
9,talk,31,5,7,Skip
9,talk,32,5,15,Over
9,talk,33,5,1,Over
9,talk,34,5,13,Over
9,talk,35,5,12,Over
9,talk,36,6,15,Over
9,talk,37,6,12,Over
9,talk,38,6,1,Over
9,talk,39,6,7,Over
9,talk,40,6,13,Over
9,talk,41,6,14,Over
9,vote,1,7
9,vote,7,1
9,vote,12,1
9,vote,13,15
9,vote,14,12
9,vote,15,1
9,execute,1,VILLAGER
9,guard,13,14,MEDIUM
9,attackVote,7,14
9,attack,14,false
10,status,1,VILLAGER,DEAD,SampleRoleAssignPlayer
10,status,2,WEREWOLF,DEAD,SampleRoleAssignPlayer
10,status,3,WEREWOLF,DEAD,SampleRoleAssignPlayer
10,status,4,SEER,DEAD,SampleRoleAssignPlayer
10,status,5,VILLAGER,DEAD,SampleRoleAssignPlayer
10,status,6,VILLAGER,DEAD,SampleRoleAssignPlayer
10,status,7,WEREWOLF,ALIVE,SampleRoleAssignPlayer
10,status,8,POSSESSED,DEAD,SampleRoleAssignPlayer
10,status,9,VILLAGER,DEAD,SampleRoleAssignPlayer
10,status,10,VILLAGER,DEAD,SampleRoleAssignPlayer
10,status,11,VILLAGER,DEAD,SampleRoleAssignPlayer
10,status,12,VILLAGER,ALIVE,SampleRoleAssignPlayer
10,status,13,BODYGUARD,ALIVE,SampleRoleAssignPlayer
10,status,14,MEDIUM,ALIVE,SampleRoleAssignPlayer
10,status,15,VILLAGER,ALIVE,SampleRoleAssignPlayer
10,talk,0,0,13,VOTE Agent[15]
10,talk,1,0,14,DAY 10 (IDENTIFIED Agent[01] HUMAN)
10,talk,2,0,12,VOTE Agent[13]
10,talk,3,0,15,VOTE Agent[14]
10,talk,4,0,7,BECAUSE (AND (COMINGOUT Agent[07] VILLAGER) (DAY 4 (Agent[04] DIVINED Agent[07] WEREWOLF))) (XOR (ESTIMATE Agent[04] WEREWOLF) (ESTIMATE Agent[04] POSSESSED))
10,talk,5,1,13,REQUEST ANY (VOTE Agent[15])
10,talk,6,1,7,BECAUSE (XOR (ESTIMATE Agent[04] WEREWOLF) (ESTIMATE Agent[04] POSSESSED)) (AND (VOTE Agent[04]) (REQUEST ANY (VOTE Agent[04])))
10,talk,7,1,14,IDENTIFIED Agent[01] HUMAN
10,talk,8,1,15,REQUEST ANY (VOTE Agent[14])
10,talk,9,1,12,REQUEST ANY (VOTE Agent[13])
10,talk,10,2,14,VOTE Agent[07]
10,talk,11,2,13,Skip
10,talk,12,2,15,Skip
10,talk,13,2,7,VOTE Agent[04]
10,talk,14,2,12,Skip
10,talk,15,3,12,Skip
10,talk,16,3,13,Skip
10,talk,17,3,15,Skip
10,talk,18,3,7,REQUEST ANY (VOTE Agent[04])
10,talk,19,3,14,REQUEST ANY (VOTE Agent[07])
10,talk,20,4,7,Skip
10,talk,21,4,14,Skip
10,talk,22,4,12,Over
10,talk,23,4,15,Over
10,talk,24,4,13,Over
10,talk,25,5,15,Over
10,talk,26,5,7,Skip
10,talk,27,5,12,Over
10,talk,28,5,13,Over
10,talk,29,5,14,Skip
10,talk,30,6,7,Over
10,talk,31,6,14,Over
10,talk,32,6,12,Over
10,talk,33,6,13,Over
10,talk,34,6,15,Over
10,vote,7,13
10,vote,12,14
10,vote,13,7
10,vote,14,12
10,vote,15,13
10,execute,13,BODYGUARD
10,attackVote,7,14
10,attack,14,true
11,status,1,VILLAGER,DEAD,SampleRoleAssignPlayer
11,status,2,WEREWOLF,DEAD,SampleRoleAssignPlayer
11,status,3,WEREWOLF,DEAD,SampleRoleAssignPlayer
11,status,4,SEER,DEAD,SampleRoleAssignPlayer
11,status,5,VILLAGER,DEAD,SampleRoleAssignPlayer
11,status,6,VILLAGER,DEAD,SampleRoleAssignPlayer
11,status,7,WEREWOLF,ALIVE,SampleRoleAssignPlayer
11,status,8,POSSESSED,DEAD,SampleRoleAssignPlayer
11,status,9,VILLAGER,DEAD,SampleRoleAssignPlayer
11,status,10,VILLAGER,DEAD,SampleRoleAssignPlayer
11,status,11,VILLAGER,DEAD,SampleRoleAssignPlayer
11,status,12,VILLAGER,ALIVE,SampleRoleAssignPlayer
11,status,13,BODYGUARD,DEAD,SampleRoleAssignPlayer
11,status,14,MEDIUM,DEAD,SampleRoleAssignPlayer
11,status,15,VILLAGER,ALIVE,SampleRoleAssignPlayer
11,talk,0,0,12,VOTE Agent[15]
11,talk,1,0,7,BECAUSE (AND (COMINGOUT Agent[07] VILLAGER) (DAY 4 (Agent[04] DIVINED Agent[07] WEREWOLF))) (XOR (ESTIMATE Agent[04] WEREWOLF) (ESTIMATE Agent[04] POSSESSED))
11,talk,2,0,15,VOTE Agent[07]
11,talk,3,1,7,BECAUSE (XOR (ESTIMATE Agent[04] WEREWOLF) (ESTIMATE Agent[04] POSSESSED)) (AND (VOTE Agent[04]) (REQUEST ANY (VOTE Agent[04])))
11,talk,4,1,15,REQUEST ANY (VOTE Agent[07])
11,talk,5,1,12,REQUEST ANY (VOTE Agent[15])
11,talk,6,2,7,VOTE Agent[04]
11,talk,7,2,12,Skip
11,talk,8,2,15,Skip
11,talk,9,3,12,Skip
11,talk,10,3,15,Skip
11,talk,11,3,7,REQUEST ANY (VOTE Agent[04])
11,talk,12,4,12,Over
11,talk,13,4,15,Over
11,talk,14,4,7,Skip
11,talk,15,5,12,Over
11,talk,16,5,15,Over
11,talk,17,5,7,Skip
11,talk,18,6,15,Over
11,talk,19,6,12,Over
11,talk,20,6,7,Over
11,vote,7,12
11,vote,12,15
11,vote,15,7
11,vote,7,12
11,vote,12,7
11,vote,15,7
11,execute,7,WEREWOLF
12,status,1,VILLAGER,DEAD,SampleRoleAssignPlayer
12,status,2,WEREWOLF,DEAD,SampleRoleAssignPlayer
12,status,3,WEREWOLF,DEAD,SampleRoleAssignPlayer
12,status,4,SEER,DEAD,SampleRoleAssignPlayer
12,status,5,VILLAGER,DEAD,SampleRoleAssignPlayer
12,status,6,VILLAGER,DEAD,SampleRoleAssignPlayer
12,status,7,WEREWOLF,DEAD,SampleRoleAssignPlayer
12,status,8,POSSESSED,DEAD,SampleRoleAssignPlayer
12,status,9,VILLAGER,DEAD,SampleRoleAssignPlayer
12,status,10,VILLAGER,DEAD,SampleRoleAssignPlayer
12,status,11,VILLAGER,DEAD,SampleRoleAssignPlayer
12,status,12,VILLAGER,ALIVE,SampleRoleAssignPlayer
12,status,13,BODYGUARD,DEAD,SampleRoleAssignPlayer
12,status,14,MEDIUM,DEAD,SampleRoleAssignPlayer
12,status,15,VILLAGER,ALIVE,SampleRoleAssignPlayer
12,result,2,0,VILLAGER
