0,status,1,VILLAGER,ALIVE,SampleRoleAssignPlayer
0,status,2,WEREWOLF,ALIVE,SampleRoleAssignPlayer
0,status,3,WEREWOLF,ALIVE,SampleRoleAssignPlayer
0,status,4,SEER,ALIVE,SampleRoleAssignPlayer
0,status,5,VILLAGER,ALIVE,SampleRoleAssignPlayer
0,status,6,VILLAGER,ALIVE,SampleRoleAssignPlayer
0,status,7,WEREWOLF,ALIVE,SampleRoleAssignPlayer
0,status,8,POSSESSED,ALIVE,SampleRoleAssignPlayer
0,status,9,VILLAGER,ALIVE,SampleRoleAssignPlayer
0,status,10,VILLAGER,ALIVE,SampleRoleAssignPlayer
0,status,11,VILLAGER,ALIVE,SampleRoleAssignPlayer
0,status,12,VILLAGER,ALIVE,SampleRoleAssignPlayer
0,status,13,BODYGUARD,ALIVE,SampleRoleAssignPlayer
0,status,14,MEDIUM,ALIVE,SampleRoleAssignPlayer
0,status,15,VILLAGER,ALIVE,SampleRoleAssignPlayer
0,whisper,0,0,3,COMINGOUT Agent[03] MEDIUM
0,whisper,1,0,7,COMINGOUT Agent[07] VILLAGER
0,whisper,2,0,2,COMINGOUT Agent[02] MEDIUM
0,whisper,3,1,2,COMINGOUT Agent[02] VILLAGER
0,whisper,4,1,7,Skip
0,whisper,5,1,3,Skip
0,whisper,6,2,2,Skip
0,whisper,7,2,7,Skip
0,whisper,8,2,3,Skip
0,whisper,9,3,2,Skip
0,whisper,10,3,3,Over
0,whisper,11,3,7,Over
0,whisper,12,4,3,Over
0,whisper,13,4,7,Over
0,whisper,14,4,2,Over
0,divine,4,15,HUMAN
1,status,1,VILLAGER,ALIVE,SampleRoleAssignPlayer
1,status,2,WEREWOLF,ALIVE,SampleRoleAssignPlayer
1,status,3,WEREWOLF,ALIVE,SampleRoleAssignPlayer
1,status,4,SEER,ALIVE,SampleRoleAssignPlayer
1,status,5,VILLAGER,ALIVE,SampleRoleAssignPlayer
1,status,6,VILLAGER,ALIVE,SampleRoleAssignPlayer
1,status,7,WEREWOLF,ALIVE,SampleRoleAssignPlayer
1,status,8,POSSESSED,ALIVE,SampleRoleAssignPlayer
1,status,9,VILLAGER,ALIVE,SampleRoleAssignPlayer
1,status,10,VILLAGER,ALIVE,SampleRoleAssignPlayer
1,status,11,VILLAGER,ALIVE,SampleRoleAssignPlayer
1,status,12,VILLAGER,ALIVE,SampleRoleAssignPlayer
1,status,13,BODYGUARD,ALIVE,SampleRoleAssignPlayer
1,status,14,MEDIUM,ALIVE,SampleRoleAssignPlayer
1,status,15,VILLAGER,ALIVE,SampleRoleAssignPlayer
1,talk,0,0,1,VOTE Agent[06]
1,talk,1,0,4,COMINGOUT Agent[04] SEER
1,talk,2,0,11,VOTE Agent[02]
1,talk,3,0,10,VOTE Agent[13]
1,talk,4,0,15,VOTE Agent[10]
1,talk,5,0,6,VOTE Agent[14]
1,talk,6,0,2,VOTE Agent[04]
1,talk,7,0,13,VOTE Agent[03]
1,talk,8,0,14,VOTE Agent[10]
1,talk,9,0,9,VOTE Agent[11]
1,talk,10,0,5,VOTE Agent[12]
1,talk,11,0,12,VOTE Agent[03]
1,talk,12,0,8,COMINGOUT Agent[08] SEER
1,talk,13,0,7,VOTE Agent[04]
1,talk,14,0,3,COMINGOUT Agent[03] MEDIUM
1,talk,15,1,5,REQUEST ANY (VOTE Agent[12])
1,talk,16,1,11,REQUEST ANY (VOTE Agent[02])
1,talk,17,1,4,DAY 1 (DIVINED Agent[15] HUMAN)
1,talk,18,1,1,REQUEST ANY (VOTE Agent[06])
1,talk,19,1,14,REQUEST ANY (VOTE Agent[10])
1,talk,20,1,2,REQUEST ANY (VOTE Agent[04])
1,talk,21,1,9,REQUEST ANY (VOTE Agent[11])
1,talk,22,1,10,REQUEST ANY (VOTE Agent[13])
1,talk,23,1,12,REQUEST ANY (VOTE Agent[03])
1,talk,24,1,8,DAY 1 (DIVINED Agent[04] WEREWOLF)
1,talk,25,1,13,REQUEST ANY (VOTE Agent[03])
1,talk,26,1,3,VOTE Agent[14]
1,talk,27,1,6,REQUEST ANY (VOTE Agent[14])
1,talk,28,1,7,REQUEST ANY (VOTE Agent[04])
1,talk,29,1,15,REQUEST ANY (VOTE Agent[10])
1,talk,30,2,10,Skip
1,talk,31,2,8,DIVINED Agent[04] WEREWOLF
1,talk,32,2,4,DIVINED Agent[15] HUMAN
1,talk,33,2,2,Skip
1,talk,34,2,6,Skip
1,talk,35,2,3,REQUEST ANY (VOTE Agent[14])
1,talk,36,2,14,COMINGOUT Agent[14] MEDIUM
1,talk,37,2,9,Skip
1,talk,38,2,5,Skip
1,talk,39,2,12,Skip
1,talk,40,2,11,Skip
1,talk,41,2,15,Skip
1,talk,42,2,13,Skip
1,talk,43,2,1,Skip
1,talk,44,2,7,Skip
1,talk,45,3,6,Skip
1,talk,46,3,8,BECAUSE (DAY 1 (DIVINED Agent[04] WEREWOLF)) (AND (VOTE Agent[04]) (REQUEST ANY (VOTE Agent[04])))
1,talk,47,3,14,BECAUSE (AND (COMINGOUT Agent[14] MEDIUM) (Agent[03] COMINGOUT Agent[03] MEDIUM)) (XOR (ESTIMATE Agent[03] WEREWOLF) (ESTIMATE Agent[03] POSSESSED))
1,talk,48,3,4,BECAUSE (AND (COMINGOUT Agent[04] SEER) (Agent[08] COMINGOUT Agent[08] SEER)) (XOR (ESTIMATE Agent[08] WEREWOLF) (ESTIMATE Agent[08] POSSESSED))
1,talk,49,3,13,Skip
1,talk,50,3,3,Skip
1,talk,51,3,2,Skip
1,talk,52,3,5,Skip
1,talk,53,3,1,Skip
1,talk,54,3,12,Skip
1,talk,55,3,7,Skip
1,talk,56,3,11,Skip
1,talk,57,3,9,Skip
1,talk,58,3,15,Skip
1,talk,59,3,10,Skip
1,talk,60,4,3,Skip
1,talk,61,4,15,Over
1,talk,62,4,12,Over
1,talk,63,4,8,VOTE Agent[04]
1,talk,64,4,4,BECAUSE (XOR (ESTIMATE Agent[08] WEREWOLF) (ESTIMATE Agent[08] POSSESSED)) (AND (VOTE Agent[08]) (REQUEST ANY (VOTE Agent[08])))
1,talk,65,4,7,Over
1,talk,66,4,1,Over
1,talk,67,4,13,Over
1,talk,68,4,9,Over
1,talk,69,4,14,BECAUSE (XOR (ESTIMATE Agent[03] WEREWOLF) (ESTIMATE Agent[03] POSSESSED)) (AND (VOTE Agent[03]) (REQUEST ANY (VOTE Agent[03])))
1,talk,70,4,10,Over
1,talk,71,4,6,Over
1,talk,72,4,11,Over
1,talk,73,4,5,Over
1,talk,74,4,2,Over
1,talk,75,5,4,VOTE Agent[08]
1,talk,76,5,14,VOTE Agent[03]
1,talk,77,5,5,Over
1,talk,78,5,3,Over
1,talk,79,5,1,Over
1,talk,80,5,13,Over
1,talk,81,5,15,Over
1,talk,82,5,6,Over
1,talk,83,5,12,Over
1,talk,84,5,2,Over
1,talk,85,5,8,REQUEST ANY (VOTE Agent[04])
1,talk,86,5,9,Over
1,talk,87,5,7,Over
1,talk,88,5,11,Over
1,talk,89,5,10,Over
1,talk,90,6,7,Over
1,talk,91,6,4,REQUEST ANY (VOTE Agent[08])
1,talk,92,6,9,Over
1,talk,93,6,13,Over
1,talk,94,6,8,Skip
1,talk,95,6,11,Over
1,talk,96,6,14,REQUEST ANY (VOTE Agent[03])
1,talk,97,6,5,Over
1,talk,98,6,2,Over
1,talk,99,6,6,Over
1,talk,100,6,1,Over
1,talk,101,6,12,Over
1,talk,102,6,15,Over
1,talk,103,6,3,Over
1,talk,104,6,10,Over
1,talk,105,7,5,Over
1,talk,106,7,12,Over
1,talk,107,7,8,Skip
1,talk,108,7,7,Over
1,talk,109,7,2,Over
1,talk,110,7,6,Over
1,talk,111,7,1,Over
1,talk,112,7,15,Over
1,talk,113,7,10,Over
1,talk,114,7,13,Over
1,talk,115,7,14,Skip
1,talk,116,7,3,Over
1,talk,117,7,4,Skip
1,talk,118,7,11,Over
1,talk,119,7,9,Over
1,talk,120,8,11,Over
1,talk,121,8,6,Over
1,talk,122,8,3,Over
1,talk,123,8,7,Over
1,talk,124,8,14,Skip
1,talk,125,8,8,Over
1,talk,126,8,2,Over
1,talk,127,8,9,Over
1,talk,128,8,15,Over
1,talk,129,8,1,Over
1,talk,130,8,10,Over
1,talk,131,8,5,Over
1,talk,132,8,13,Over
1,talk,133,8,4,Skip
1,talk,134,8,12,Over
1,talk,135,9,1,Over
1,talk,136,9,7,Over
1,talk,137,9,6,Over
1,talk,138,9,3,Over
1,talk,139,9,8,Over
1,talk,140,9,10,Over
1,talk,141,9,9,Over
1,talk,142,9,13,Over
1,talk,143,9,11,Over
1,talk,144,9,2,Over
1,talk,145,9,5,Over
1,talk,146,9,15,Over
1,talk,147,9,14,Over
1,talk,148,9,4,Over
1,talk,149,9,12,Over
1,vote,1,13
1,vote,2,4
1,vote,3,14
1,vote,4,8
1,vote,5,10
1,vote,6,2
1,vote,7,4
1,vote,8,4
1,vote,9,10
1,vote,10,2
1,vote,11,8
1,vote,12,14
1,vote,13,6
1,vote,14,3
1,vote,15,3
1,execute,4,SEER
1,whisper,0,0,7,BECAUSE (AND (NOT (COMINGOUT Agent[08] WEREWOLF)) (NOT (COMINGOUT Agent[04] WEREWOLF)) (DAY 1 (Agent[08] DIVINED Agent[04] WEREWOLF))) (ESTIMATE Agent[08] POSSESSED)
1,whisper,1,0,2,BECAUSE (AND (NOT (COMINGOUT Agent[08] WEREWOLF)) (NOT (COMINGOUT Agent[04] WEREWOLF)) (DAY 1 (Agent[08] DIVINED Agent[04] WEREWOLF))) (ESTIMATE Agent[08] POSSESSED)
1,whisper,2,0,3,BECAUSE (AND (NOT (COMINGOUT Agent[08] WEREWOLF)) (NOT (COMINGOUT Agent[04] WEREWOLF)) (DAY 1 (Agent[08] DIVINED Agent[04] WEREWOLF))) (ESTIMATE Agent[08] POSSESSED)
1,whisper,3,1,3,BECAUSE (Agent[14] COMINGOUT Agent[14] MEDIUM) (ATTACK Agent[14])
1,whisper,4,1,7,BECAUSE (Agent[14] COMINGOUT Agent[14] MEDIUM) (ATTACK Agent[14])
1,whisper,5,1,2,BECAUSE (Agent[14] COMINGOUT Agent[14] MEDIUM) (ATTACK Agent[14])
1,whisper,6,2,2,ATTACK Agent[14]
1,whisper,7,2,3,ATTACK Agent[14]
1,whisper,8,2,7,ATTACK Agent[14]
1,whisper,9,3,2,Skip
1,whisper,10,3,3,Skip
1,whisper,11,3,7,Skip
1,whisper,12,4,3,Skip
1,whisper,13,4,7,Skip
1,whisper,14,4,2,Skip
1,whisper,15,5,7,Over
1,whisper,16,5,3,Over
1,whisper,17,5,2,Over
1,guard,13,8,POSSESSED
1,attackVote,2,14
1,attackVote,3,14
1,attackVote,7,14
1,attack,14,true
2,status,1,VILLAGER,ALIVE,SampleRoleAssignPlayer
2,status,2,WEREWOLF,ALIVE,SampleRoleAssignPlayer
2,status,3,WEREWOLF,ALIVE,SampleRoleAssignPlayer
2,status,4,SEER,DEAD,SampleRoleAssignPlayer
2,status,5,VILLAGER,ALIVE,SampleRoleAssignPlayer
2,status,6,VILLAGER,ALIVE,SampleRoleAssignPlayer
2,status,7,WEREWOLF,ALIVE,SampleRoleAssignPlayer
2,status,8,POSSESSED,ALIVE,SampleRoleAssignPlayer
2,status,9,VILLAGER,ALIVE,SampleRoleAssignPlayer
2,status,10,VILLAGER,ALIVE,SampleRoleAssignPlayer
2,status,11,VILLAGER,ALIVE,SampleRoleAssignPlayer
2,status,12,VILLAGER,ALIVE,SampleRoleAssignPlayer
2,status,13,BODYGUARD,ALIVE,SampleRoleAssignPlayer
2,status,14,MEDIUM,DEAD,SampleRoleAssignPlayer
2,status,15,VILLAGER,ALIVE,SampleRoleAssignPlayer
2,talk,0,0,12,VOTE Agent[15]
2,talk,1,0,10,VOTE Agent[08]
2,talk,2,0,7,VOTE Agent[04]
2,talk,3,0,5,VOTE Agent[11]
2,talk,4,0,3,DAY 2 (IDENTIFIED Agent[04] WEREWOLF)
2,talk,5,0,13,VOTE Agent[06]
2,talk,6,0,15,VOTE Agent[13]
2,talk,7,0,2,VOTE Agent[04]
2,talk,8,0,11,VOTE Agent[06]
2,talk,9,0,9,VOTE Agent[02]
2,talk,10,0,8,DAY 2 (DIVINED Agent[10] HUMAN)
2,talk,11,0,1,VOTE Agent[10]
2,talk,12,0,6,VOTE Agent[02]
2,talk,13,1,5,REQUEST ANY (VOTE Agent[11])
2,talk,14,1,7,REQUEST ANY (VOTE Agent[04])
2,talk,15,1,12,REQUEST ANY (VOTE Agent[15])
2,talk,16,1,8,DIVINED Agent[10] HUMAN
2,talk,17,1,6,REQUEST ANY (VOTE Agent[02])
2,talk,18,1,15,REQUEST ANY (VOTE Agent[13])
2,talk,19,1,1,REQUEST ANY (VOTE Agent[10])
2,talk,20,1,11,REQUEST ANY (VOTE Agent[06])
2,talk,21,1,13,REQUEST ANY (VOTE Agent[06])
2,talk,22,1,10,REQUEST ANY (VOTE Agent[08])
2,talk,23,1,2,REQUEST ANY (VOTE Agent[04])
2,talk,24,1,9,REQUEST ANY (VOTE Agent[02])
2,talk,25,1,3,IDENTIFIED Agent[04] WEREWOLF
2,talk,26,2,2,Skip
2,talk,27,2,6,Skip
2,talk,28,2,7,Skip
2,talk,29,2,9,Skip
2,talk,30,2,13,Skip
2,talk,31,2,8,VOTE Agent[05]
2,talk,32,2,15,Skip
2,talk,33,2,1,Skip
2,talk,34,2,12,Skip
2,talk,35,2,10,Skip
2,talk,36,2,3,VOTE Agent[14]
2,talk,37,2,5,Skip
2,talk,38,2,11,Skip
2,talk,39,3,9,Skip
2,talk,40,3,8,REQUEST ANY (VOTE Agent[05])
2,talk,41,3,7,Skip
2,talk,42,3,12,Skip
2,talk,43,3,10,Skip
2,talk,44,3,3,REQUEST ANY (VOTE Agent[14])
2,talk,45,3,11,Skip
2,talk,46,3,6,Skip
2,talk,47,3,2,Skip
2,talk,48,3,13,Skip
2,talk,49,3,15,Skip
2,talk,50,3,1,Skip
2,talk,51,3,5,Skip
2,talk,52,4,6,Over
2,talk,53,4,8,Skip
2,talk,54,4,13,Over
2,talk,55,4,1,Over
2,talk,56,4,15,Over
2,talk,57,4,7,Over
2,talk,58,4,3,Skip
2,talk,59,4,11,Over
2,talk,60,4,10,Over
2,talk,61,4,2,Over
2,talk,62,4,12,Over
2,talk,63,4,5,Over
2,talk,64,4,9,Over
2,talk,65,5,7,Over
2,talk,66,5,8,Skip
2,talk,67,5,15,Over
2,talk,68,5,6,Over
2,talk,69,5,13,Over
2,talk,70,5,10,Over
2,talk,71,5,3,Skip
2,talk,72,5,9,Over
2,talk,73,5,5,Over
2,talk,74,5,1,Over
2,talk,75,5,11,Over
2,talk,76,5,12,Over
2,talk,77,5,2,Over
2,talk,78,6,5,Over
2,talk,79,6,7,Over
2,talk,80,6,13,Over
2,talk,81,6,11,Over
2,talk,82,6,6,Over
2,talk,83,6,3,Over
2,talk,84,6,9,Over
2,talk,85,6,15,Over
2,talk,86,6,12,Over
2,talk,87,6,10,Over
2,talk,88,6,2,Over
2,talk,89,6,1,Over
2,talk,90,6,8,Over
2,vote,1,15
2,vote,2,13
2,vote,3,13
2,vote,5,6
2,vote,6,12
2,vote,7,3
2,vote,8,6
2,vote,9,10
2,vote,10,2
2,vote,11,5
2,vote,12,2
2,vote,13,8
2,vote,15,6
2,execute,6,VILLAGER
2,whisper,0,0,7,ATTACK Agent[15]
2,whisper,1,0,3,ATTACK Agent[09]
2,whisper,2,0,2,ATTACK Agent[01]
2,whisper,3,1,7,Skip
2,whisper,4,1,2,Skip
2,whisper,5,1,3,Skip
2,whisper,6,2,2,Skip
2,whisper,7,2,7,Skip
2,whisper,8,2,3,Skip
2,whisper,9,3,7,Over
2,whisper,10,3,3,Over
2,whisper,11,3,2,Over
2,guard,13,8,POSSESSED
2,attackVote,2,1
2,attackVote,3,9
2,attackVote,7,15
2,attackVote,2,1
2,attackVote,3,9
2,attackVote,7,15
2,attack,9,true
3,status,1,VILLAGER,ALIVE,SampleRoleAssignPlayer
3,status,2,WEREWOLF,ALIVE,SampleRoleAssignPlayer
3,status,3,WEREWOLF,ALIVE,SampleRoleAssignPlayer
3,status,4,SEER,DEAD,SampleRoleAssignPlayer
3,status,5,VILLAGER,ALIVE,SampleRoleAssignPlayer
3,status,6,VILLAGER,DEAD,SampleRoleAssignPlayer
3,status,7,WEREWOLF,ALIVE,SampleRoleAssignPlayer
3,status,8,POSSESSED,ALIVE,SampleRoleAssignPlayer
3,status,9,VILLAGER,DEAD,SampleRoleAssignPlayer
3,status,10,VILLAGER,ALIVE,SampleRoleAssignPlayer
3,status,11,VILLAGER,ALIVE,SampleRoleAssignPlayer
3,status,12,VILLAGER,ALIVE,SampleRoleAssignPlayer
3,status,13,BODYGUARD,ALIVE,SampleRoleAssignPlayer
3,status,14,MEDIUM,DEAD,SampleRoleAssignPlayer
3,status,15,VILLAGER,ALIVE,SampleRoleAssignPlayer
3,talk,0,0,10,VOTE Agent[05]
3,talk,1,0,12,VOTE Agent[10]
3,talk,2,0,7,VOTE Agent[04]
3,talk,3,0,13,VOTE Agent[03]
3,talk,4,0,1,VOTE Agent[02]
3,talk,5,0,3,DAY 3 (IDENTIFIED Agent[06] HUMAN)
3,talk,6,0,2,VOTE Agent[04]
3,talk,7,0,15,VOTE Agent[05]
3,talk,8,0,8,DAY 3 (DIVINED Agent[11] HUMAN)
3,talk,9,0,5,VOTE Agent[08]
3,talk,10,0,11,VOTE Agent[08]
3,talk,11,1,12,REQUEST ANY (VOTE Agent[10])
3,talk,12,1,15,REQUEST ANY (VOTE Agent[05])
3,talk,13,1,7,REQUEST ANY (VOTE Agent[04])
3,talk,14,1,11,REQUEST ANY (VOTE Agent[08])
3,talk,15,1,3,IDENTIFIED Agent[06] HUMAN
3,talk,16,1,2,REQUEST ANY (VOTE Agent[04])
3,talk,17,1,5,REQUEST ANY (VOTE Agent[08])
3,talk,18,1,1,REQUEST ANY (VOTE Agent[02])
3,talk,19,1,13,REQUEST ANY (VOTE Agent[03])
3,talk,20,1,8,DIVINED Agent[11] HUMAN
3,talk,21,1,10,REQUEST ANY (VOTE Agent[05])
3,talk,22,2,1,Skip
3,talk,23,2,8,VOTE Agent[13]
3,talk,24,2,2,Skip
3,talk,25,2,13,Skip
3,talk,26,2,3,VOTE Agent[14]
3,talk,27,2,7,Skip
3,talk,28,2,11,Skip
3,talk,29,2,5,Skip
3,talk,30,2,15,Skip
3,talk,31,2,12,Skip
3,talk,32,2,10,Skip
3,talk,33,3,10,Skip
3,talk,34,3,12,Skip
3,talk,35,3,13,Skip
3,talk,36,3,1,Skip
3,talk,37,3,5,Skip
3,talk,38,3,7,Skip
3,talk,39,3,2,Skip
3,talk,40,3,3,REQUEST ANY (VOTE Agent[14])
3,talk,41,3,15,Skip
3,talk,42,3,8,REQUEST ANY (VOTE Agent[13])
3,talk,43,3,11,Skip
3,talk,44,4,5,Over
3,talk,45,4,11,Over
3,talk,46,4,12,Over
3,talk,47,4,1,Over
3,talk,48,4,2,Over
3,talk,49,4,15,Over
3,talk,50,4,13,Over
3,talk,51,4,8,Skip
3,talk,52,4,7,Over
3,talk,53,4,10,Over
3,talk,54,4,3,Skip
3,talk,55,5,10,Over
3,talk,56,5,2,Over
3,talk,57,5,8,Skip
3,talk,58,5,3,Skip
3,talk,59,5,15,Over
3,talk,60,5,12,Over
3,talk,61,5,11,Over
3,talk,62,5,7,Over
3,talk,63,5,5,Over
3,talk,64,5,13,Over
3,talk,65,5,1,Over
3,talk,66,6,10,Over
3,talk,67,6,7,Over
3,talk,68,6,1,Over
3,talk,69,6,5,Over
3,talk,70,6,12,Over
3,talk,71,6,13,Over
3,talk,72,6,3,Over
3,talk,73,6,15,Over
3,talk,74,6,2,Over
3,talk,75,6,8,Over
3,talk,76,6,11,Over
3,vote,1,10
3,vote,2,13
3,vote,3,8
3,vote,5,13
3,vote,7,2
3,vote,8,10
3,vote,10,5
3,vote,11,15
3,vote,12,5
3,vote,13,2
3,vote,15,2
3,execute,2,WEREWOLF
3,whisper,0,0,3,ATTACK Agent[01]
3,whisper,1,0,7,ATTACK Agent[10]
3,whisper,2,1,3,Skip
3,whisper,3,1,7,Skip
3,whisper,4,2,7,Skip
3,whisper,5,2,3,Skip
3,whisper,6,3,3,Over
3,whisper,7,3,7,Over
3,guard,13,8,POSSESSED
3,attackVote,3,1
3,attackVote,7,10
3,attackVote,3,1
3,attackVote,7,10
3,attack,1,true
4,status,1,VILLAGER,DEAD,SampleRoleAssignPlayer
4,status,2,WEREWOLF,DEAD,SampleRoleAssignPlayer
4,status,3,WEREWOLF,ALIVE,SampleRoleAssignPlayer
4,status,4,SEER,DEAD,SampleRoleAssignPlayer
4,status,5,VILLAGER,ALIVE,SampleRoleAssignPlayer
4,status,6,VILLAGER,DEAD,SampleRoleAssignPlayer
4,status,7,WEREWOLF,ALIVE,SampleRoleAssignPlayer
4,status,8,POSSESSED,ALIVE,SampleRoleAssignPlayer
4,status,9,VILLAGER,DEAD,SampleRoleAssignPlayer
4,status,10,VILLAGER,ALIVE,SampleRoleAssignPlayer
4,status,11,VILLAGER,ALIVE,SampleRoleAssignPlayer
4,status,12,VILLAGER,ALIVE,SampleRoleAssignPlayer
4,status,13,BODYGUARD,ALIVE,SampleRoleAssignPlayer
4,status,14,MEDIUM,DEAD,SampleRoleAssignPlayer
4,status,15,VILLAGER,ALIVE,SampleRoleAssignPlayer
4,talk,0,0,15,VOTE Agent[10]
4,talk,1,0,3,DAY 4 (IDENTIFIED Agent[02] HUMAN)
4,talk,2,0,11,VOTE Agent[07]
4,talk,3,0,5,VOTE Agent[13]
4,talk,4,0,12,VOTE Agent[13]
4,talk,5,0,10,VOTE Agent[07]
4,talk,6,0,7,VOTE Agent[04]
4,talk,7,0,8,DAY 4 (DIVINED Agent[12] HUMAN)
4,talk,8,0,13,VOTE Agent[12]
4,talk,9,1,3,IDENTIFIED Agent[02] HUMAN
4,talk,10,1,13,REQUEST ANY (VOTE Agent[12])
4,talk,11,1,5,REQUEST ANY (VOTE Agent[13])
4,talk,12,1,12,REQUEST ANY (VOTE Agent[13])
4,talk,13,1,7,REQUEST ANY (VOTE Agent[04])
4,talk,14,1,11,REQUEST ANY (VOTE Agent[07])
4,talk,15,1,15,REQUEST ANY (VOTE Agent[10])
4,talk,16,1,10,REQUEST ANY (VOTE Agent[07])
4,talk,17,1,8,DIVINED Agent[12] HUMAN
4,talk,18,2,15,Skip
4,talk,19,2,10,Skip
4,talk,20,2,5,Skip
4,talk,21,2,8,VOTE Agent[07]
4,talk,22,2,13,Skip
4,talk,23,2,12,Skip
4,talk,24,2,7,Skip
4,talk,25,2,3,VOTE Agent[14]
4,talk,26,2,11,Skip
4,talk,27,3,13,Skip
4,talk,28,3,12,Skip
4,talk,29,3,7,Skip
4,talk,30,3,15,Skip
4,talk,31,3,3,REQUEST ANY (VOTE Agent[14])
4,talk,32,3,10,Skip
4,talk,33,3,11,Skip
4,talk,34,3,8,REQUEST ANY (VOTE Agent[07])
4,talk,35,3,5,Skip
4,talk,36,4,10,Over
4,talk,37,4,11,Over
4,talk,38,4,5,Over
4,talk,39,4,8,Skip
4,talk,40,4,12,Over
4,talk,41,4,3,Skip
4,talk,42,4,15,Over
4,talk,43,4,7,Over
4,talk,44,4,13,Over
4,talk,45,5,5,Over
4,talk,46,5,8,Skip
4,talk,47,5,11,Over
4,talk,48,5,7,Over
4,talk,49,5,15,Over
4,talk,50,5,12,Over
4,talk,51,5,13,Over
4,talk,52,5,3,Skip
4,talk,53,5,10,Over
4,talk,54,6,15,Over
4,talk,55,6,3,Over
4,talk,56,6,11,Over
4,talk,57,6,12,Over
4,talk,58,6,13,Over
4,talk,59,6,10,Over
4,talk,60,6,5,Over
4,talk,61,6,8,Over
4,talk,62,6,7,Over
4,vote,3,5
4,vote,5,7
4,vote,7,3
4,vote,8,12
4,vote,10,7
4,vote,11,13
4,vote,12,13
4,vote,13,7
4,vote,15,10
4,execute,7,WEREWOLF
4,guard,13,8,POSSESSED
4,attackVote,3,13
4,attack,13,true
5,status,1,VILLAGER,DEAD,SampleRoleAssignPlayer
5,status,2,WEREWOLF,DEAD,SampleRoleAssignPlayer
5,status,3,WEREWOLF,ALIVE,SampleRoleAssignPlayer
5,status,4,SEER,DEAD,SampleRoleAssignPlayer
5,status,5,VILLAGER,ALIVE,SampleRoleAssignPlayer
5,status,6,VILLAGER,DEAD,SampleRoleAssignPlayer
5,status,7,WEREWOLF,DEAD,SampleRoleAssignPlayer
5,status,8,POSSESSED,ALIVE,SampleRoleAssignPlayer
5,status,9,VILLAGER,DEAD,SampleRoleAssignPlayer
5,status,10,VILLAGER,ALIVE,SampleRoleAssignPlayer
5,status,11,VILLAGER,ALIVE,SampleRoleAssignPlayer
5,status,12,VILLAGER,ALIVE,SampleRoleAssignPlayer
5,status,13,BODYGUARD,DEAD,SampleRoleAssignPlayer
5,status,14,MEDIUM,DEAD,SampleRoleAssignPlayer
5,status,15,VILLAGER,ALIVE,SampleRoleAssignPlayer
5,talk,0,0,12,VOTE Agent[05]
5,talk,1,0,8,DAY 5 (DIVINED Agent[03] HUMAN)
5,talk,2,0,11,VOTE Agent[15]
5,talk,3,0,10,VOTE Agent[03]
5,talk,4,0,15,VOTE Agent[11]
5,talk,5,0,5,VOTE Agent[10]
5,talk,6,0,3,DAY 5 (IDENTIFIED Agent[07] HUMAN)
5,talk,7,1,12,REQUEST ANY (VOTE Agent[05])
5,talk,8,1,11,REQUEST ANY (VOTE Agent[15])
5,talk,9,1,5,REQUEST ANY (VOTE Agent[10])
5,talk,10,1,10,REQUEST ANY (VOTE Agent[03])
5,talk,11,1,15,REQUEST ANY (VOTE Agent[11])
5,talk,12,1,8,DIVINED Agent[03] HUMAN
5,talk,13,1,3,IDENTIFIED Agent[07] HUMAN
5,talk,14,2,10,Skip
5,talk,15,2,12,Skip
5,talk,16,2,5,Skip
5,talk,17,2,11,Skip
5,talk,18,2,8,VOTE Agent[07]
5,talk,19,2,3,VOTE Agent[14]
5,talk,20,2,15,Skip
5,talk,21,3,8,REQUEST ANY (VOTE Agent[07])
5,talk,22,3,10,Skip
5,talk,23,3,12,Skip
5,talk,24,3,5,Skip
5,talk,25,3,11,Skip
5,talk,26,3,3,REQUEST ANY (VOTE Agent[14])
5,talk,27,3,15,Skip
5,talk,28,4,5,Over
5,talk,29,4,12,Over
5,talk,30,4,8,Skip
5,talk,31,4,3,Skip
5,talk,32,4,15,Over
5,talk,33,4,11,Over
5,talk,34,4,10,Over
5,talk,35,5,10,Over
5,talk,36,5,5,Over
5,talk,37,5,15,Over
5,talk,38,5,11,Over
5,talk,39,5,3,Skip
5,talk,40,5,12,Over
5,talk,41,5,8,Skip
5,talk,42,6,10,Over
5,talk,43,6,11,Over
5,talk,44,6,5,Over
5,talk,45,6,8,VOTE Agent[05]
5,talk,46,6,15,Over
5,talk,47,6,3,Over
5,talk,48,6,12,Over
5,talk,49,7,8,REQUEST ANY (VOTE Agent[05])
5,talk,50,7,12,Over
5,talk,51,7,11,Over
5,talk,52,7,15,Over
5,talk,53,7,10,Over
5,talk,54,7,3,Over
5,talk,55,7,5,Over
5,talk,56,8,12,Over
5,talk,57,8,3,Over
5,talk,58,8,8,Skip
5,talk,59,8,10,Over
5,talk,60,8,11,Over
5,talk,61,8,15,Over
5,talk,62,8,5,Over
5,talk,63,9,15,Over
5,talk,64,9,11,Over
5,talk,65,9,8,Skip
5,talk,66,9,5,Over
5,talk,67,9,3,Over
5,talk,68,9,10,Over
5,talk,69,9,12,Over
5,talk,70,10,12,Over
5,talk,71,10,15,Over
5,talk,72,10,10,Over
5,talk,73,10,8,Over
5,talk,74,10,11,Over
5,talk,75,10,3,Over
5,talk,76,10,5,Over
5,vote,3,5
5,vote,5,3
5,vote,8,15
5,vote,10,15
5,vote,11,3
5,vote,12,11
5,vote,15,10
5,vote,3,15
5,vote,5,3
5,vote,8,3
5,vote,10,3
5,vote,11,3
5,vote,12,3
5,vote,15,3
5,execute,3,WEREWOLF
6,status,1,VILLAGER,DEAD,SampleRoleAssignPlayer
6,status,2,WEREWOLF,DEAD,SampleRoleAssignPlayer
6,status,3,WEREWOLF,DEAD,SampleRoleAssignPlayer
6,status,4,SEER,DEAD,SampleRoleAssignPlayer
6,status,5,VILLAGER,ALIVE,SampleRoleAssignPlayer
6,status,6,VILLAGER,DEAD,SampleRoleAssignPlayer
6,status,7,WEREWOLF,DEAD,SampleRoleAssignPlayer
6,status,8,POSSESSED,ALIVE,SampleRoleAssignPlayer
6,status,9,VILLAGER,DEAD,SampleRoleAssignPlayer
6,status,10,VILLAGER,ALIVE,SampleRoleAssignPlayer
6,status,11,VILLAGER,ALIVE,SampleRoleAssignPlayer
6,status,12,VILLAGER,ALIVE,SampleRoleAssignPlayer
6,status,13,BODYGUARD,DEAD,SampleRoleAssignPlayer
6,status,14,MEDIUM,DEAD,SampleRoleAssignPlayer
6,status,15,VILLAGER,ALIVE,SampleRoleAssignPlayer
6,result,6,0,VILLAGER
