0,status,1,POSSESSED,ALIVE,SampleRoleAssignPlayer
0,status,2,VILLAGER,ALIVE,SampleRoleAssignPlayer
0,status,3,VILLAGER,ALIVE,SampleRoleAssignPlayer
0,status,4,VILLAGER,ALIVE,SampleRoleAssignPlayer
0,status,5,WEREWOLF,ALIVE,SampleRoleAssignPlayer
0,status,6,WEREWOLF,ALIVE,SampleRoleAssignPlayer
0,status,7,BODYGUARD,ALIVE,SampleRoleAssignPlayer
0,status,8,VILLAGER,ALIVE,SampleRoleAssignPlayer
0,status,9,VILLAGER,ALIVE,SampleRoleAssignPlayer
0,status,10,VILLAGER,ALIVE,SampleRoleAssignPlayer
0,status,11,VILLAGER,ALIVE,SampleRoleAssignPlayer
0,status,12,SEER,ALIVE,SampleRoleAssignPlayer
0,status,13,VILLAGER,ALIVE,SampleRoleAssignPlayer
0,status,14,MEDIUM,ALIVE,SampleRoleAssignPlayer
0,status,15,WEREWOLF,ALIVE,SampleRoleAssignPlayer
0,whisper,0,0,15,COMINGOUT Agent[15] VILLAGER
0,whisper,1,0,6,COMINGOUT Agent[06] SEER
0,whisper,2,0,5,COMINGOUT Agent[05] VILLAGER
0,whisper,3,1,5,Skip
0,whisper,4,1,15,Skip
0,whisper,5,1,6,Skip
0,whisper,6,2,5,Skip
0,whisper,7,2,15,Skip
0,whisper,8,2,6,Skip
0,whisper,9,3,5,Over
0,whisper,10,3,15,Over
0,whisper,11,3,6,Over
0,divine,12,13,HUMAN
