0,status,1,WEREWOLF,ALIVE,SampleRoleAssignPlayer
0,status,2,VILLAGER,ALIVE,SampleRoleAssignPlayer
0,status,3,WEREWOLF,ALIVE,SampleRoleAssignPlayer
0,status,4,VILLAGER,ALIVE,SampleRoleAssignPlayer
0,status,5,WEREWOLF,ALIVE,SampleRoleAssignPlayer
0,status,6,POSSESSED,ALIVE,SampleRoleAssignPlayer
0,status,7,MEDIUM,ALIVE,SampleRoleAssignPlayer
0,status,8,VILLAGER,ALIVE,SampleRoleAssignPlayer
0,status,9,VILLAGER,ALIVE,SampleRoleAssignPlayer
0,status,10,VILLAGER,ALIVE,SampleRoleAssignPlayer
0,status,11,BODYGUARD,ALIVE,SampleRoleAssignPlayer
0,status,12,VILLAGER,ALIVE,SampleRoleAssignPlayer
0,status,13,SEER,ALIVE,SampleRoleAssignPlayer
0,status,14,VILLAGER,ALIVE,SampleRoleAssignPlayer
0,status,15,VILLAGER,ALIVE,SampleRoleAssignPlayer
0,whisper,0,0,1,COMINGOUT Agent[01] VILLAGER
0,whisper,1,0,5,COMINGOUT Agent[05] SEER
0,whisper,2,0,3,COMINGOUT Agent[03] VILLAGER
0,whisper,3,1,1,Skip
0,whisper,4,1,3,Skip
0,whisper,5,1,5,Skip
0,whisper,6,2,5,Skip
0,whisper,7,2,3,Skip
0,whisper,8,2,1,Skip
0,whisper,9,3,1,Over
0,whisper,10,3,5,Over
0,whisper,11,3,3,Over
0,divine,13,10,HUMAN
1,status,1,WEREWOLF,ALIVE,SampleRoleAssignPlayer
1,status,2,VILLAGER,ALIVE,SampleRoleAssignPlayer
1,status,3,WEREWOLF,ALIVE,SampleRoleAssignPlayer
1,status,4,VILLAGER,ALIVE,SampleRoleAssignPlayer
1,status,5,WEREWOLF,ALIVE,SampleRoleAssignPlayer
1,status,6,POSSESSED,ALIVE,SampleRoleAssignPlayer
1,status,7,MEDIUM,ALIVE,SampleRoleAssignPlayer
1,status,8,VILLAGER,ALIVE,SampleRoleAssignPlayer
1,status,9,VILLAGER,ALIVE,SampleRoleAssignPlayer
1,status,10,VILLAGER,ALIVE,SampleRoleAssignPlayer
1,status,11,BODYGUARD,ALIVE,SampleRoleAssignPlayer
1,status,12,VILLAGER,ALIVE,SampleRoleAssignPlayer
1,status,13,SEER,ALIVE,SampleRoleAssignPlayer
1,status,14,VILLAGER,ALIVE,SampleRoleAssignPlayer
1,status,15,VILLAGER,ALIVE,SampleRoleAssignPlayer
1,talk,0,0,12,VOTE Agent[14]
1,talk,1,0,15,VOTE Agent[09]
1,talk,2,0,11,VOTE Agent[14]
1,talk,3,0,6,VOTE Agent[09]
1,talk,4,0,13,VOTE Agent[07]
1,talk,5,0,8,VOTE Agent[13]
1,talk,6,0,3,VOTE Agent[04]
1,talk,7,0,10,VOTE Agent[01]
1,talk,8,0,5,VOTE Agent[06]
1,talk,9,0,2,VOTE Agent[10]
1,talk,10,0,1,VOTE Agent[08]
1,talk,11,0,7,VOTE Agent[03]
1,talk,12,0,4,VOTE Agent[05]
1,talk,13,0,9,VOTE Agent[06]
1,talk,14,0,14,VOTE Agent[15]
1,talk,15,1,3,REQUEST ANY (VOTE Agent[04])
1,talk,16,1,7,REQUEST ANY (VOTE Agent[03])
1,talk,17,1,6,REQUEST ANY (VOTE Agent[09])
1,talk,18,1,2,REQUEST ANY (VOTE Agent[10])
1,talk,19,1,1,REQUEST ANY (VOTE Agent[08])
1,talk,20,1,5,REQUEST ANY (VOTE Agent[06])
1,talk,21,1,4,REQUEST ANY (VOTE Agent[05])
1,talk,22,1,11,REQUEST ANY (VOTE Agent[14])
1,talk,23,1,9,REQUEST ANY (VOTE Agent[06])
1,talk,24,1,12,REQUEST ANY (VOTE Agent[14])
1,talk,25,1,13,REQUEST ANY (VOTE Agent[07])
1,talk,26,1,10,REQUEST ANY (VOTE Agent[01])
1,talk,27,1,15,REQUEST ANY (VOTE Agent[09])
1,talk,28,1,8,REQUEST ANY (VOTE Agent[13])
1,talk,29,1,14,REQUEST ANY (VOTE Agent[15])
1,talk,30,2,6,Skip
1,talk,31,2,14,Skip
1,talk,32,2,5,Skip
1,talk,33,2,10,Skip
1,talk,34,2,7,Skip
1,talk,35,2,15,Skip
1,talk,36,2,12,Skip
1,talk,37,2,8,Skip
1,talk,38,2,1,Skip
1,talk,39,2,3,Skip
1,talk,40,2,13,Skip
1,talk,41,2,4,Skip
1,talk,42,2,11,Skip
1,talk,43,2,9,Skip
1,talk,44,2,2,Skip
1,talk,45,3,5,Skip
1,talk,46,3,4,Skip
1,talk,47,3,3,Skip
1,talk,48,3,11,Skip
1,talk,49,3,6,Skip
1,talk,50,3,2,Skip
1,talk,51,3,10,Skip
1,talk,52,3,14,Skip
1,talk,53,3,15,Skip
1,talk,54,3,12,Skip
1,talk,55,3,8,Skip
1,talk,56,3,7,Skip
1,talk,57,3,13,Skip
1,talk,58,3,1,Skip
1,talk,59,3,9,Skip
1,talk,60,4,6,Over
1,talk,61,4,8,Over
1,talk,62,4,5,Over
1,talk,63,4,7,Over
1,talk,64,4,11,Over
1,talk,65,4,12,Over
1,talk,66,4,14,Over
1,talk,67,4,15,Over
1,talk,68,4,4,Over
1,talk,69,4,10,Over
1,talk,70,4,13,Over
1,talk,71,4,2,Over
1,talk,72,4,9,Over
1,talk,73,4,1,Over
1,talk,74,4,3,Over
1,vote,1,8
1,vote,2,3
1,vote,3,4
1,vote,4,3
1,vote,5,6
1,vote,6,9
1,vote,7,8
1,vote,8,6
1,vote,9,3
1,vote,10,14
1,vote,11,8
1,vote,12,14
1,vote,13,10
1,vote,14,10
1,vote,15,4
1,vote,1,3
1,vote,2,3
1,vote,3,8
1,vote,4,3
1,vote,5,3
1,vote,6,3
1,vote,7,3
1,vote,8,3
1,vote,9,3
1,vote,10,3
1,vote,11,3
1,vote,12,3
1,vote,13,3
1,vote,14,3
1,vote,15,3
1,execute,3,WEREWOLF
1,divine,13,11,HUMAN
1,whisper,0,0,5,ATTACK Agent[07]
1,whisper,1,0,1,ATTACK Agent[14]
1,whisper,2,1,1,Skip
1,whisper,3,1,5,Skip
1,whisper,4,2,1,Skip
1,whisper,5,2,5,Skip
1,whisper,6,3,1,Over
1,whisper,7,3,5,Over
1,guard,11,14,VILLAGER
1,attackVote,1,14
1,attackVote,5,7
1,attackVote,1,14
1,attackVote,5,7
1,attack,7,true
2,status,1,WEREWOLF,ALIVE,SampleRoleAssignPlayer
2,status,2,VILLAGER,ALIVE,SampleRoleAssignPlayer
2,status,3,WEREWOLF,DEAD,SampleRoleAssignPlayer
2,status,4,VILLAGER,ALIVE,SampleRoleAssignPlayer
2,status,5,WEREWOLF,ALIVE,SampleRoleAssignPlayer
2,status,6,POSSESSED,ALIVE,SampleRoleAssignPlayer
2,status,7,MEDIUM,DEAD,SampleRoleAssignPlayer
2,status,8,VILLAGER,ALIVE,SampleRoleAssignPlayer
2,status,9,VILLAGER,ALIVE,SampleRoleAssignPlayer
2,status,10,VILLAGER,ALIVE,SampleRoleAssignPlayer
2,status,11,BODYGUARD,ALIVE,SampleRoleAssignPlayer
2,status,12,VILLAGER,ALIVE,SampleRoleAssignPlayer
2,status,13,SEER,ALIVE,SampleRoleAssignPlayer
2,status,14,VILLAGER,ALIVE,SampleRoleAssignPlayer
2,status,15,VILLAGER,ALIVE,SampleRoleAssignPlayer
2,talk,0,0,10,VOTE Agent[04]
2,talk,1,0,1,VOTE Agent[11]
2,talk,2,0,13,COMINGOUT Agent[13] SEER
2,talk,3,0,4,VOTE Agent[12]
2,talk,4,0,8,VOTE Agent[02]
2,talk,5,0,9,VOTE Agent[14]
2,talk,6,0,2,VOTE Agent[10]
2,talk,7,0,15,VOTE Agent[08]
2,talk,8,0,14,VOTE Agent[15]
2,talk,9,0,5,COMINGOUT Agent[05] SEER
2,talk,10,0,6,COMINGOUT Agent[06] SEER
2,talk,11,0,12,VOTE Agent[15]
2,talk,12,0,11,VOTE Agent[10]
2,talk,13,1,1,REQUEST ANY (VOTE Agent[11])
2,talk,14,1,2,REQUEST ANY (VOTE Agent[10])
2,talk,15,1,4,REQUEST ANY (VOTE Agent[12])
2,talk,16,1,15,REQUEST ANY (VOTE Agent[08])
2,talk,17,1,13,AND (DAY 1 (DIVINED Agent[10] HUMAN)) (DAY 2 (DIVINED Agent[11] HUMAN))
2,talk,18,1,5,AND (DAY 1 (DIVINED Agent[06] WEREWOLF)) (DAY 2 (DIVINED Agent[14] HUMAN))
2,talk,19,1,12,REQUEST ANY (VOTE Agent[15])
2,talk,20,1,9,REQUEST ANY (VOTE Agent[14])
2,talk,21,1,14,REQUEST ANY (VOTE Agent[15])
2,talk,22,1,8,REQUEST ANY (VOTE Agent[02])
2,talk,23,1,10,REQUEST ANY (VOTE Agent[04])
2,talk,24,1,6,AND (DAY 1 (DIVINED Agent[14] HUMAN)) (DAY 2 (DIVINED Agent[05] WEREWOLF))
2,talk,25,1,11,REQUEST ANY (VOTE Agent[10])
2,talk,26,2,8,Skip
2,talk,27,2,6,DIVINED Agent[14] HUMAN
2,talk,28,2,4,Skip
2,talk,29,2,15,Skip
2,talk,30,2,1,Skip
2,talk,31,2,10,Skip
2,talk,32,2,14,Skip
2,talk,33,2,11,Skip
2,talk,34,2,13,DIVINED Agent[10] HUMAN
2,talk,35,2,5,DIVINED Agent[06] WEREWOLF
2,talk,36,2,2,Skip
2,talk,37,2,9,Skip
2,talk,38,2,12,Skip
2,talk,39,3,2,Skip
2,talk,40,3,12,Skip
2,talk,41,3,4,Skip
2,talk,42,3,9,Skip
2,talk,43,3,13,DIVINED Agent[11] HUMAN
2,talk,44,3,10,Skip
2,talk,45,3,1,Skip
2,talk,46,3,15,Skip
2,talk,47,3,14,Skip
2,talk,48,3,11,Skip
2,talk,49,3,6,DIVINED Agent[05] WEREWOLF
2,talk,50,3,8,Skip
2,talk,51,3,5,DIVINED Agent[14] HUMAN
2,talk,52,4,11,Over
2,talk,53,4,1,Over
2,talk,54,4,14,Over
2,talk,55,4,15,Over
2,talk,56,4,9,Over
2,talk,57,4,4,Over
2,talk,58,4,5,BECAUSE (DAY 1 (DIVINED Agent[06] WEREWOLF)) (AND (VOTE Agent[06]) (REQUEST ANY (VOTE Agent[06])))
2,talk,59,4,6,BECAUSE (DAY 2 (DIVINED Agent[05] WEREWOLF)) (AND (VOTE Agent[05]) (REQUEST ANY (VOTE Agent[05])))
2,talk,60,4,10,Over
2,talk,61,4,12,Over
2,talk,62,4,2,Over
2,talk,63,4,13,BECAUSE (AND (COMINGOUT Agent[13] SEER) (Agent[05] COMINGOUT Agent[05] SEER)) (XOR (ESTIMATE Agent[05] WEREWOLF) (ESTIMATE Agent[05] POSSESSED))
2,talk,64,4,8,Over
2,talk,65,5,1,Over
2,talk,66,5,4,Over
2,talk,67,5,12,Over
2,talk,68,5,6,VOTE Agent[05]
2,talk,69,5,13,BECAUSE (XOR (ESTIMATE Agent[05] WEREWOLF) (ESTIMATE Agent[05] POSSESSED)) (AND (VOTE Agent[05]) (REQUEST ANY (VOTE Agent[05])))
2,talk,70,5,2,Over
2,talk,71,5,9,Over
2,talk,72,5,11,Over
2,talk,73,5,10,Over
2,talk,74,5,8,Over
2,talk,75,5,14,Over
2,talk,76,5,15,Over
2,talk,77,5,5,VOTE Agent[06]
2,talk,78,6,2,Over
2,talk,79,6,4,Over
2,talk,80,6,11,Over
2,talk,81,6,10,Over
2,talk,82,6,13,VOTE Agent[05]
2,talk,83,6,14,Over
2,talk,84,6,1,Over
2,talk,85,6,5,REQUEST ANY (VOTE Agent[06])
2,talk,86,6,9,Over
2,talk,87,6,12,Over
2,talk,88,6,8,Over
2,talk,89,6,6,REQUEST ANY (VOTE Agent[05])
2,talk,90,6,15,Over
2,talk,91,7,14,Over
2,talk,92,7,5,Skip
2,talk,93,7,9,Over
2,talk,94,7,4,Over
2,talk,95,7,6,Skip
2,talk,96,7,12,Over
2,talk,97,7,13,REQUEST ANY (VOTE Agent[05])
2,talk,98,7,11,Over
2,talk,99,7,10,Over
2,talk,100,7,8,Over
2,talk,101,7,15,Over
2,talk,102,7,1,Over
2,talk,103,7,2,Over
2,talk,104,8,10,Over
2,talk,105,8,5,Skip
2,talk,106,8,4,Over
2,talk,107,8,2,Over
2,talk,108,8,1,Over
2,talk,109,8,8,Over
2,talk,110,8,12,Over
2,talk,111,8,13,Skip
2,talk,112,8,9,Over
2,talk,113,8,15,Over
2,talk,114,8,11,Over
2,talk,115,8,14,Over
2,talk,116,8,6,Skip
2,talk,117,9,4,Over
2,talk,118,9,10,Over
2,talk,119,9,6,Over
2,talk,120,9,11,Over
2,talk,121,9,14,Over
2,talk,122,9,8,Over
2,talk,123,9,5,Over
2,talk,124,9,1,Over
2,talk,125,9,15,Over
2,talk,126,9,13,Skip
2,talk,127,9,2,Over
2,talk,128,9,12,Over
2,talk,129,9,9,Over
2,talk,130,10,4,Over
2,talk,131,10,13,Over
2,talk,132,10,5,Over
2,talk,133,10,14,Over
2,talk,134,10,6,Over
2,talk,135,10,1,Over
2,talk,136,10,2,Over
2,talk,137,10,11,Over
2,talk,138,10,9,Over
2,talk,139,10,10,Over
2,talk,140,10,12,Over
2,talk,141,10,8,Over
2,talk,142,10,15,Over
2,vote,1,11
2,vote,2,15
2,vote,4,2
2,vote,5,6
2,vote,6,5
2,vote,8,15
2,vote,9,5
2,vote,10,8
2,vote,11,15
2,vote,12,10
2,vote,13,5
2,vote,14,10
2,vote,15,5
2,execute,5,WEREWOLF
2,divine,13,6,HUMAN
2,guard,11,13,SEER
2,attackVote,1,13
2,attack,13,false
3,status,1,WEREWOLF,ALIVE,SampleRoleAssignPlayer
3,status,2,VILLAGER,ALIVE,SampleRoleAssignPlayer
3,status,3,WEREWOLF,DEAD,SampleRoleAssignPlayer
3,status,4,VILLAGER,ALIVE,SampleRoleAssignPlayer
3,status,5,WEREWOLF,DEAD,SampleRoleAssignPlayer
3,status,6,POSSESSED,ALIVE,SampleRoleAssignPlayer
3,status,7,MEDIUM,DEAD,SampleRoleAssignPlayer
3,status,8,VILLAGER,ALIVE,SampleRoleAssignPlayer
3,status,9,VILLAGER,ALIVE,SampleRoleAssignPlayer
3,status,10,VILLAGER,ALIVE,SampleRoleAssignPlayer
3,status,11,BODYGUARD,ALIVE,SampleRoleAssignPlayer
3,status,12,VILLAGER,ALIVE,SampleRoleAssignPlayer
3,status,13,SEER,ALIVE,SampleRoleAssignPlayer
3,status,14,VILLAGER,ALIVE,SampleRoleAssignPlayer
3,status,15,VILLAGER,ALIVE,SampleRoleAssignPlayer
3,talk,0,0,10,VOTE Agent[04]
3,talk,1,0,6,DAY 3 (DIVINED Agent[01] HUMAN)
3,talk,2,0,12,VOTE Agent[11]
3,talk,3,0,4,VOTE Agent[02]
3,talk,4,0,9,VOTE Agent[11]
3,talk,5,0,1,VOTE Agent[10]
3,talk,6,0,2,VOTE Agent[08]
3,talk,7,0,14,VOTE Agent[11]
3,talk,8,0,13,DAY 3 (DIVINED Agent[06] HUMAN)
3,talk,9,0,11,VOTE Agent[02]
3,talk,10,0,15,VOTE Agent[01]
3,talk,11,0,8,VOTE Agent[10]
3,talk,12,1,6,DIVINED Agent[01] HUMAN
3,talk,13,1,14,REQUEST ANY (VOTE Agent[11])
3,talk,14,1,4,REQUEST ANY (VOTE Agent[02])
3,talk,15,1,12,REQUEST ANY (VOTE Agent[11])
3,talk,16,1,13,DIVINED Agent[06] HUMAN
3,talk,17,1,15,REQUEST ANY (VOTE Agent[01])
3,talk,18,1,11,REQUEST ANY (VOTE Agent[02])
3,talk,19,1,9,REQUEST ANY (VOTE Agent[11])
3,talk,20,1,8,REQUEST ANY (VOTE Agent[10])
3,talk,21,1,2,REQUEST ANY (VOTE Agent[08])
3,talk,22,1,1,REQUEST ANY (VOTE Agent[10])
3,talk,23,1,10,REQUEST ANY (VOTE Agent[04])
3,talk,24,2,4,Skip
3,talk,25,2,11,Skip
3,talk,26,2,2,Skip
3,talk,27,2,12,Skip
3,talk,28,2,9,Skip
3,talk,29,2,1,Skip
3,talk,30,2,14,Skip
3,talk,31,2,15,Skip
3,talk,32,2,6,BECAUSE (AND (COMINGOUT Agent[06] SEER) (Agent[13] COMINGOUT Agent[13] SEER)) (XOR (ESTIMATE Agent[13] WEREWOLF) (ESTIMATE Agent[13] POSSESSED))
3,talk,33,2,10,Skip
3,talk,34,2,13,VOTE Agent[14]
3,talk,35,2,8,Skip
3,talk,36,3,1,Skip
3,talk,37,3,6,BECAUSE (XOR (ESTIMATE Agent[13] WEREWOLF) (ESTIMATE Agent[13] POSSESSED)) (AND (VOTE Agent[13]) (REQUEST ANY (VOTE Agent[13])))
3,talk,38,3,2,Skip
3,talk,39,3,4,Skip
3,talk,40,3,13,REQUEST ANY (VOTE Agent[14])
3,talk,41,3,12,Skip
3,talk,42,3,9,Skip
3,talk,43,3,8,Skip
3,talk,44,3,14,Skip
3,talk,45,3,11,Skip
3,talk,46,3,10,Skip
3,talk,47,3,15,Skip
3,talk,48,4,12,Over
3,talk,49,4,6,VOTE Agent[13]
3,talk,50,4,4,Over
3,talk,51,4,15,Over
3,talk,52,4,1,Over
3,talk,53,4,9,Over
3,talk,54,4,10,Over
3,talk,55,4,11,Over
3,talk,56,4,13,Skip
3,talk,57,4,14,Over
3,talk,58,4,2,Over
3,talk,59,4,8,Over
3,talk,60,5,12,Over
3,talk,61,5,4,Over
3,talk,62,5,13,Skip
3,talk,63,5,6,REQUEST ANY (VOTE Agent[13])
3,talk,64,5,8,Over
3,talk,65,5,1,Over
3,talk,66,5,2,Over
3,talk,67,5,14,Over
3,talk,68,5,10,Over
3,talk,69,5,15,Over
3,talk,70,5,9,Over
3,talk,71,5,11,Over
3,talk,72,6,12,Over
3,talk,73,6,14,Over
3,talk,74,6,8,Over
3,talk,75,6,13,Over
3,talk,76,6,4,Over
3,talk,77,6,6,Skip
3,talk,78,6,15,Over
3,talk,79,6,9,Over
3,talk,80,6,10,Over
3,talk,81,6,11,Over
3,talk,82,6,2,Over
3,talk,83,6,1,Over
3,talk,84,7,12,Over
3,talk,85,7,6,Skip
3,talk,86,7,13,Over
3,talk,87,7,14,Over
3,talk,88,7,2,Over
3,talk,89,7,9,Over
3,talk,90,7,11,Over
3,talk,91,7,10,Over
3,talk,92,7,4,Over
3,talk,93,7,1,Over
3,talk,94,7,8,Over
3,talk,95,7,15,Over
3,talk,96,8,15,Over
3,talk,97,8,9,Over
3,talk,98,8,6,Over
3,talk,99,8,4,Over
3,talk,100,8,14,Over
3,talk,101,8,12,Over
3,talk,102,8,2,Over
3,talk,103,8,13,Over
3,talk,104,8,10,Over
3,talk,105,8,1,Over
3,talk,106,8,8,Over
3,talk,107,8,11,Over
3,vote,1,10
3,vote,2,4
3,vote,4,13
3,vote,6,13
3,vote,8,2
3,vote,9,13
3,vote,10,11
3,vote,11,1
3,vote,12,2
3,vote,13,4
3,vote,14,13
3,vote,15,10
3,execute,13,SEER
3,guard,11,6,POSSESSED
3,attackVote,1,10
3,attack,10,true
4,status,1,WEREWOLF,ALIVE,SampleRoleAssignPlayer
4,status,2,VILLAGER,ALIVE,SampleRoleAssignPlayer
4,status,3,WEREWOLF,DEAD,SampleRoleAssignPlayer
4,status,4,VILLAGER,ALIVE,SampleRoleAssignPlayer
4,status,5,WEREWOLF,DEAD,SampleRoleAssignPlayer
4,status,6,POSSESSED,ALIVE,SampleRoleAssignPlayer
4,status,7,MEDIUM,DEAD,SampleRoleAssignPlayer
4,status,8,VILLAGER,ALIVE,SampleRoleAssignPlayer
4,status,9,VILLAGER,ALIVE,SampleRoleAssignPlayer
4,status,10,VILLAGER,DEAD,SampleRoleAssignPlayer
4,status,11,BODYGUARD,ALIVE,SampleRoleAssignPlayer
4,status,12,VILLAGER,ALIVE,SampleRoleAssignPlayer
4,status,13,SEER,DEAD,SampleRoleAssignPlayer
4,status,14,VILLAGER,ALIVE,SampleRoleAssignPlayer
4,status,15,VILLAGER,ALIVE,SampleRoleAssignPlayer
4,talk,0,0,14,VOTE Agent[04]
4,talk,1,0,11,VOTE Agent[15]
4,talk,2,0,2,VOTE Agent[06]
4,talk,3,0,15,VOTE Agent[02]
4,talk,4,0,9,VOTE Agent[14]
4,talk,5,0,4,VOTE Agent[08]
4,talk,6,0,6,DAY 4 (DIVINED Agent[09] HUMAN)
4,talk,7,0,1,VOTE Agent[12]
4,talk,8,0,8,VOTE Agent[12]
4,talk,9,0,12,VOTE Agent[02]
4,talk,10,1,9,REQUEST ANY (VOTE Agent[14])
4,talk,11,1,14,REQUEST ANY (VOTE Agent[04])
4,talk,12,1,8,REQUEST ANY (VOTE Agent[12])
4,talk,13,1,15,REQUEST ANY (VOTE Agent[02])
4,talk,14,1,2,REQUEST ANY (VOTE Agent[06])
4,talk,15,1,11,REQUEST ANY (VOTE Agent[15])
4,talk,16,1,1,REQUEST ANY (VOTE Agent[12])
4,talk,17,1,4,REQUEST ANY (VOTE Agent[08])
4,talk,18,1,12,REQUEST ANY (VOTE Agent[02])
4,talk,19,1,6,DIVINED Agent[09] HUMAN
4,talk,20,2,9,Skip
4,talk,21,2,2,Skip
4,talk,22,2,12,Skip
4,talk,23,2,1,Skip
4,talk,24,2,6,VOTE Agent[15]
4,talk,25,2,8,Skip
4,talk,26,2,14,Skip
4,talk,27,2,11,Skip
4,talk,28,2,15,Skip
4,talk,29,2,4,Skip
4,talk,30,3,9,Skip
4,talk,31,3,4,Skip
4,talk,32,3,11,Skip
4,talk,33,3,14,Skip
4,talk,34,3,2,Skip
4,talk,35,3,12,Skip
4,talk,36,3,15,Skip
4,talk,37,3,8,Skip
4,talk,38,3,6,REQUEST ANY (VOTE Agent[15])
4,talk,39,3,1,Skip
4,talk,40,4,4,Over
4,talk,41,4,11,Over
4,talk,42,4,14,Over
4,talk,43,4,1,Over
4,talk,44,4,2,Over
4,talk,45,4,15,Over
4,talk,46,4,12,Over
4,talk,47,4,9,Over
4,talk,48,4,8,Over
4,talk,49,4,6,Skip
4,talk,50,5,8,Over
4,talk,51,5,4,Over
4,talk,52,5,14,Over
4,talk,53,5,9,Over
4,talk,54,5,2,Over
4,talk,55,5,12,Over
4,talk,56,5,15,Over
4,talk,57,5,11,Over
4,talk,58,5,1,Over
4,talk,59,5,6,Skip
4,talk,60,6,4,Over
4,talk,61,6,12,Over
4,talk,62,6,1,Over
4,talk,63,6,9,Over
4,talk,64,6,2,Over
4,talk,65,6,14,Over
4,talk,66,6,15,Over
4,talk,67,6,8,Over
4,talk,68,6,6,Over
4,talk,69,6,11,Over
4,vote,1,12
4,vote,2,12
4,vote,4,6
4,vote,6,15
4,vote,8,4
4,vote,9,4
4,vote,11,4
4,vote,12,2
4,vote,14,2
4,vote,15,4
4,execute,4,VILLAGER
4,guard,11,6,POSSESSED
4,attackVote,1,12
4,attack,12,true
5,status,1,WEREWOLF,ALIVE,SampleRoleAssignPlayer
5,status,2,VILLAGER,ALIVE,SampleRoleAssignPlayer
5,status,3,WEREWOLF,DEAD,SampleRoleAssignPlayer
5,status,4,VILLAGER,DEAD,SampleRoleAssignPlayer
5,status,5,WEREWOLF,DEAD,SampleRoleAssignPlayer
5,status,6,POSSESSED,ALIVE,SampleRoleAssignPlayer
5,status,7,MEDIUM,DEAD,SampleRoleAssignPlayer
5,status,8,VILLAGER,ALIVE,SampleRoleAssignPlayer
5,status,9,VILLAGER,ALIVE,SampleRoleAssignPlayer
5,status,10,VILLAGER,DEAD,SampleRoleAssignPlayer
5,status,11,BODYGUARD,ALIVE,SampleRoleAssignPlayer
5,status,12,VILLAGER,DEAD,SampleRoleAssignPlayer
5,status,13,SEER,DEAD,SampleRoleAssignPlayer
5,status,14,VILLAGER,ALIVE,SampleRoleAssignPlayer
5,status,15,VILLAGER,ALIVE,SampleRoleAssignPlayer
5,talk,0,0,2,VOTE Agent[14]
5,talk,1,0,11,VOTE Agent[02]
5,talk,2,0,9,VOTE Agent[08]
5,talk,3,0,14,VOTE Agent[09]
5,talk,4,0,8,VOTE Agent[15]
5,talk,5,0,15,VOTE Agent[08]
5,talk,6,0,1,VOTE Agent[14]
5,talk,7,0,6,DAY 5 (DIVINED Agent[11] HUMAN)
5,talk,8,1,2,REQUEST ANY (VOTE Agent[14])
5,talk,9,1,9,REQUEST ANY (VOTE Agent[08])
5,talk,10,1,8,REQUEST ANY (VOTE Agent[15])
5,talk,11,1,14,REQUEST ANY (VOTE Agent[09])
5,talk,12,1,11,REQUEST ANY (VOTE Agent[02])
5,talk,13,1,1,REQUEST ANY (VOTE Agent[14])
5,talk,14,1,6,DIVINED Agent[11] HUMAN
5,talk,15,1,15,REQUEST ANY (VOTE Agent[08])
5,talk,16,2,1,Skip
5,talk,17,2,9,Skip
5,talk,18,2,2,Skip
5,talk,19,2,14,Skip
5,talk,20,2,11,Skip
5,talk,21,2,6,VOTE Agent[12]
5,talk,22,2,15,Skip
5,talk,23,2,8,Skip
5,talk,24,3,15,Skip
5,talk,25,3,9,Skip
5,talk,26,3,11,Skip
5,talk,27,3,14,Skip
5,talk,28,3,1,Skip
5,talk,29,3,6,REQUEST ANY (VOTE Agent[12])
5,talk,30,3,2,Skip
5,talk,31,3,8,Skip
5,talk,32,4,11,Over
5,talk,33,4,6,Skip
5,talk,34,4,8,Over
5,talk,35,4,9,Over
5,talk,36,4,15,Over
5,talk,37,4,1,Over
5,talk,38,4,14,Over
5,talk,39,4,2,Over
5,talk,40,5,1,Over
5,talk,41,5,11,Over
5,talk,42,5,2,Over
5,talk,43,5,9,Over
5,talk,44,5,14,Over
5,talk,45,5,6,VOTE Agent[04]
5,talk,46,5,15,Over
5,talk,47,5,8,Over
5,talk,48,6,1,Over
5,talk,49,6,14,Over
5,talk,50,6,9,Over
5,talk,51,6,15,Over
5,talk,52,6,11,Over
5,talk,53,6,6,REQUEST ANY (VOTE Agent[04])
5,talk,54,6,8,Over
5,talk,55,6,2,Over
5,talk,56,7,8,Over
5,talk,57,7,14,Over
5,talk,58,7,15,Over
5,talk,59,7,2,Over
5,talk,60,7,1,Over
5,talk,61,7,11,Over
5,talk,62,7,6,VOTE Agent[15]
5,talk,63,7,9,Over
5,talk,64,8,11,Over
5,talk,65,8,1,Over
5,talk,66,8,14,Over
5,talk,67,8,6,REQUEST ANY (VOTE Agent[15])
5,talk,68,8,8,Over
5,talk,69,8,15,Over
5,talk,70,8,2,Over
5,talk,71,8,9,Over
5,talk,72,9,8,Over
5,talk,73,9,2,Over
5,talk,74,9,6,Skip
5,talk,75,9,1,Over
5,talk,76,9,14,Over
5,talk,77,9,11,Over
5,talk,78,9,15,Over
5,talk,79,9,9,Over
5,talk,80,10,11,Over
5,talk,81,10,1,Over
5,talk,82,10,2,Over
5,talk,83,10,15,Over
5,talk,84,10,14,Over
5,talk,85,10,9,Over
5,talk,86,10,6,Skip
5,talk,87,10,8,Over
5,talk,88,11,1,Over
5,talk,89,11,8,Over
5,talk,90,11,2,Over
5,talk,91,11,11,Over
5,talk,92,11,15,Over
5,talk,93,11,14,Over
5,talk,94,11,9,Over
5,talk,95,11,6,Over
5,vote,1,14
5,vote,2,15
5,vote,6,14
5,vote,8,9
5,vote,9,15
5,vote,11,14
5,vote,14,15
5,vote,15,14
5,execute,14,VILLAGER
5,guard,11,6,POSSESSED
5,attackVote,1,2
5,attack,2,true
6,status,1,WEREWOLF,ALIVE,SampleRoleAssignPlayer
6,status,2,VILLAGER,DEAD,SampleRoleAssignPlayer
6,status,3,WEREWOLF,DEAD,SampleRoleAssignPlayer
6,status,4,VILLAGER,DEAD,SampleRoleAssignPlayer
6,status,5,WEREWOLF,DEAD,SampleRoleAssignPlayer
6,status,6,POSSESSED,ALIVE,SampleRoleAssignPlayer
6,status,7,MEDIUM,DEAD,SampleRoleAssignPlayer
6,status,8,VILLAGER,ALIVE,SampleRoleAssignPlayer
6,status,9,VILLAGER,ALIVE,SampleRoleAssignPlayer
6,status,10,VILLAGER,DEAD,SampleRoleAssignPlayer
6,status,11,BODYGUARD,ALIVE,SampleRoleAssignPlayer
6,status,12,VILLAGER,DEAD,SampleRoleAssignPlayer
6,status,13,SEER,DEAD,SampleRoleAssignPlayer
6,status,14,VILLAGER,DEAD,SampleRoleAssignPlayer
6,status,15,VILLAGER,ALIVE,SampleRoleAssignPlayer
6,talk,0,0,9,VOTE Agent[01]
6,talk,1,0,8,VOTE Agent[09]
6,talk,2,0,6,DAY 6 (DIVINED Agent[08] HUMAN)
6,talk,3,0,1,VOTE Agent[09]
6,talk,4,0,11,VOTE Agent[06]
6,talk,5,0,15,VOTE Agent[08]
6,talk,6,1,8,REQUEST ANY (VOTE Agent[09])
6,talk,7,1,9,REQUEST ANY (VOTE Agent[01])
6,talk,8,1,11,REQUEST ANY (VOTE Agent[06])
6,talk,9,1,15,REQUEST ANY (VOTE Agent[08])
6,talk,10,1,6,DIVINED Agent[08] HUMAN
6,talk,11,1,1,REQUEST ANY (VOTE Agent[09])
6,talk,12,2,8,Skip
6,talk,13,2,11,Skip
6,talk,14,2,15,Skip
6,talk,15,2,9,Skip
6,talk,16,2,6,VOTE Agent[15]
6,talk,17,2,1,Skip
6,talk,18,3,1,Skip
6,talk,19,3,11,Skip
6,talk,20,3,9,Skip
6,talk,21,3,6,REQUEST ANY (VOTE Agent[15])
6,talk,22,3,15,Skip
6,talk,23,3,8,Skip
6,talk,24,4,9,Over
6,talk,25,4,15,Over
6,talk,26,4,11,Over
6,talk,27,4,8,Over
6,talk,28,4,6,Skip
6,talk,29,4,1,Over
6,talk,30,5,11,Over
6,talk,31,5,1,Over
6,talk,32,5,15,Over
6,talk,33,5,9,Over
6,talk,34,5,8,Over
6,talk,35,5,6,Skip
6,talk,36,6,6,Over
6,talk,37,6,1,Over
6,talk,38,6,9,Over
6,talk,39,6,11,Over
6,talk,40,6,15,Over
6,talk,41,6,8,Over
6,vote,1,9
6,vote,6,9
6,vote,8,1
6,vote,9,15
6,vote,11,9
6,vote,15,9
6,execute,9,VILLAGER
6,guard,11,6,POSSESSED
6,attackVote,1,15
6,attack,15,true
7,status,1,WEREWOLF,ALIVE,SampleRoleAssignPlayer
7,status,2,VILLAGER,DEAD,SampleRoleAssignPlayer
7,status,3,WEREWOLF,DEAD,SampleRoleAssignPlayer
7,status,4,VILLAGER,DEAD,SampleRoleAssignPlayer
7,status,5,WEREWOLF,DEAD,SampleRoleAssignPlayer
7,status,6,POSSESSED,ALIVE,SampleRoleAssignPlayer
7,status,7,MEDIUM,DEAD,SampleRoleAssignPlayer
7,status,8,VILLAGER,ALIVE,SampleRoleAssignPlayer
7,status,9,VILLAGER,DEAD,SampleRoleAssignPlayer
7,status,10,VILLAGER,DEAD,SampleRoleAssignPlayer
7,status,11,BODYGUARD,ALIVE,SampleRoleAssignPlayer
7,status,12,VILLAGER,DEAD,SampleRoleAssignPlayer
7,status,13,SEER,DEAD,SampleRoleAssignPlayer
7,status,14,VILLAGER,DEAD,SampleRoleAssignPlayer
7,status,15,VILLAGER,DEAD,SampleRoleAssignPlayer
7,talk,0,0,6,DAY 7 (DIVINED Agent[06] HUMAN)
7,talk,1,0,8,VOTE Agent[06]
7,talk,2,0,1,VOTE Agent[08]
7,talk,3,0,11,VOTE Agent[01]
7,talk,4,1,1,REQUEST ANY (VOTE Agent[08])
7,talk,5,1,11,REQUEST ANY (VOTE Agent[01])
7,talk,6,1,8,REQUEST ANY (VOTE Agent[06])
7,talk,7,1,6,DIVINED Agent[06] HUMAN
7,talk,8,2,8,Skip
7,talk,9,2,6,VOTE Agent[15]
7,talk,10,2,1,Skip
7,talk,11,2,11,Skip
7,talk,12,3,8,Skip
7,talk,13,3,1,Skip
7,talk,14,3,6,REQUEST ANY (VOTE Agent[15])
7,talk,15,3,11,Skip
7,talk,16,4,6,Skip
7,talk,17,4,8,Over
7,talk,18,4,11,Over
7,talk,19,4,1,Over
7,talk,20,5,8,Over
7,talk,21,5,11,Over
7,talk,22,5,1,Over
7,talk,23,5,6,Skip
7,talk,24,6,1,Over
7,talk,25,6,11,Over
7,talk,26,6,8,Over
7,talk,27,6,6,VOTE Agent[12]
7,talk,28,7,6,REQUEST ANY (VOTE Agent[12])
7,talk,29,7,11,Over
7,talk,30,7,8,Over
7,talk,31,7,1,Over
7,talk,32,8,11,Over
7,talk,33,8,1,Over
7,talk,34,8,6,Skip
7,talk,35,8,8,Over
7,talk,36,9,1,Over
7,talk,37,9,11,Over
7,talk,38,9,8,Over
7,talk,39,9,6,Skip
7,talk,40,10,1,Over
7,talk,41,10,6,VOTE Agent[15]
7,talk,42,10,11,Over
7,talk,43,10,8,Over
7,talk,44,11,11,Over
7,talk,45,11,8,Over
7,talk,46,11,1,Over
7,talk,47,11,6,REQUEST ANY (VOTE Agent[15])
7,talk,48,12,8,Over
7,talk,49,12,11,Over
7,talk,50,12,1,Over
7,talk,51,12,6,VOTE Agent[13]
7,talk,52,13,1,Over
7,talk,53,13,8,Over
7,talk,54,13,6,REQUEST ANY (VOTE Agent[13])
7,talk,55,13,11,Over
7,talk,56,14,8,Over
7,talk,57,14,1,Over
7,talk,58,14,6,Over
7,talk,59,14,11,Over
7,vote,1,8
7,vote,6,8
7,vote,8,1
7,vote,11,6
7,execute,8,VILLAGER
7,guard,11,6,POSSESSED
7,attackVote,1,11
7,attack,11,true
8,status,1,WEREWOLF,ALIVE,SampleRoleAssignPlayer
8,status,2,VILLAGER,DEAD,SampleRoleAssignPlayer
8,status,3,WEREWOLF,DEAD,SampleRoleAssignPlayer
8,status,4,VILLAGER,DEAD,SampleRoleAssignPlayer
8,status,5,WEREWOLF,DEAD,SampleRoleAssignPlayer
8,status,6,POSSESSED,ALIVE,SampleRoleAssignPlayer
8,status,7,MEDIUM,DEAD,SampleRoleAssignPlayer
8,status,8,VILLAGER,DEAD,SampleRoleAssignPlayer
8,status,9,VILLAGER,DEAD,SampleRoleAssignPlayer
8,status,10,VILLAGER,DEAD,SampleRoleAssignPlayer
8,status,11,BODYGUARD,DEAD,SampleRoleAssignPlayer
8,status,12,VILLAGER,DEAD,SampleRoleAssignPlayer
8,status,13,SEER,DEAD,SampleRoleAssignPlayer
8,status,14,VILLAGER,DEAD,SampleRoleAssignPlayer
8,status,15,VILLAGER,DEAD,SampleRoleAssignPlayer
8,result,1,1,WEREWOLF
