0,status,1,WEREWOLF,ALIVE,SampleRoleAssignPlayer
0,status,2,VILLAGER,ALIVE,SampleRoleAssignPlayer
0,status,3,WEREWOLF,ALIVE,SampleRoleAssignPlayer
0,status,4,VILLAGER,ALIVE,SampleRoleAssignPlayer
0,status,5,WEREWOLF,ALIVE,SampleRoleAssignPlayer
0,status,6,POSSESSED,ALIVE,SampleRoleAssignPlayer
0,status,7,MEDIUM,ALIVE,SampleRoleAssignPlayer
0,status,8,VILLAGER,ALIVE,SampleRoleAssignPlayer
0,status,9,VILLAGER,ALIVE,SampleRoleAssignPlayer
0,status,10,VILLAGER,ALIVE,SampleRoleAssignPlayer
0,status,11,BODYGUARD,ALIVE,SampleRoleAssignPlayer
0,status,12,VILLAGER,ALIVE,SampleRoleAssignPlayer
0,status,13,SEER,ALIVE,SampleRoleAssignPlayer
0,status,14,VILLAGER,ALIVE,SampleRoleAssignPlayer
0,status,15,VILLAGER,ALIVE,SampleRoleAssignPlayer
0,whisper,0,0,3,COMINGOUT Agent[03] MEDIUM
0,whisper,1,0,1,COMINGOUT Agent[01] MEDIUM
0,whisper,2,0,5,COMINGOUT Agent[05] MEDIUM
0,whisper,3,1,5,Skip
0,whisper,4,1,1,COMINGOUT Agent[01] SEER
0,whisper,5,1,3,Skip
0,whisper,6,2,5,Skip
0,whisper,7,2,3,COMINGOUT Agent[03] VILLAGER
0,whisper,8,2,1,Skip
0,whisper,9,3,5,Over
0,whisper,10,3,3,Skip
0,whisper,11,3,1,Skip
0,whisper,12,4,5,Over
0,whisper,13,4,1,Over
0,whisper,14,4,3,Skip
0,whisper,15,5,5,Over
0,whisper,16,5,3,Over
0,whisper,17,5,1,Over
0,divine,13,3,WEREWOLF
1,status,1,WEREWOLF,ALIVE,SampleRoleAssignPlayer
1,status,2,VILLAGER,ALIVE,SampleRoleAssignPlayer
1,status,3,WEREWOLF,ALIVE,SampleRoleAssignPlayer
1,status,4,VILLAGER,ALIVE,SampleRoleAssignPlayer
1,status,5,WEREWOLF,ALIVE,SampleRoleAssignPlayer
1,status,6,POSSESSED,ALIVE,SampleRoleAssignPlayer
1,status,7,MEDIUM,ALIVE,SampleRoleAssignPlayer
1,status,8,VILLAGER,ALIVE,SampleRoleAssignPlayer
1,status,9,VILLAGER,ALIVE,SampleRoleAssignPlayer
1,status,10,VILLAGER,ALIVE,SampleRoleAssignPlayer
1,status,11,BODYGUARD,ALIVE,SampleRoleAssignPlayer
1,status,12,VILLAGER,ALIVE,SampleRoleAssignPlayer
1,status,13,SEER,ALIVE,SampleRoleAssignPlayer
1,status,14,VILLAGER,ALIVE,SampleRoleAssignPlayer
1,status,15,VILLAGER,ALIVE,SampleRoleAssignPlayer
1,talk,0,0,7,VOTE Agent[13]
1,talk,1,0,14,VOTE Agent[12]
1,talk,2,0,9,VOTE Agent[15]
1,talk,3,0,4,VOTE Agent[05]
1,talk,4,0,3,VOTE Agent[06]
1,talk,5,0,1,VOTE Agent[15]
1,talk,6,0,10,VOTE Agent[02]
1,talk,7,0,8,VOTE Agent[09]
1,talk,8,0,13,COMINGOUT Agent[13] SEER
1,talk,9,0,5,VOTE Agent[13]
1,talk,10,0,2,VOTE Agent[04]
1,talk,11,0,6,COMINGOUT Agent[06] SEER
1,talk,12,0,12,VOTE Agent[07]
1,talk,13,0,15,VOTE Agent[14]
1,talk,14,0,11,VOTE Agent[06]
1,talk,15,1,6,DAY 1 (DIVINED Agent[13] WEREWOLF)
1,talk,16,1,4,REQUEST ANY (VOTE Agent[05])
1,talk,17,1,11,REQUEST ANY (VOTE Agent[06])
1,talk,18,1,7,REQUEST ANY (VOTE Agent[13])
1,talk,19,1,3,REQUEST ANY (VOTE Agent[06])
1,talk,20,1,12,REQUEST ANY (VOTE Agent[07])
1,talk,21,1,10,REQUEST ANY (VOTE Agent[02])
1,talk,22,1,8,REQUEST ANY (VOTE Agent[09])
1,talk,23,1,15,REQUEST ANY (VOTE Agent[14])
1,talk,24,1,14,REQUEST ANY (VOTE Agent[12])
1,talk,25,1,1,REQUEST ANY (VOTE Agent[15])
1,talk,26,1,2,REQUEST ANY (VOTE Agent[04])
1,talk,27,1,5,REQUEST ANY (VOTE Agent[13])
1,talk,28,1,13,DAY 1 (DIVINED Agent[03] WEREWOLF)
1,talk,29,1,9,REQUEST ANY (VOTE Agent[15])
1,talk,30,2,11,Skip
1,talk,31,2,15,Skip
1,talk,32,2,12,Skip
1,talk,33,2,10,Skip
1,talk,34,2,7,Skip
1,talk,35,2,14,Skip
1,talk,36,2,4,Skip
1,talk,37,2,9,Skip
1,talk,38,2,5,Skip
1,talk,39,2,8,Skip
1,talk,40,2,2,Skip
1,talk,41,2,3,VOTE Agent[13]
1,talk,42,2,6,DIVINED Agent[13] WEREWOLF
1,talk,43,2,1,COMINGOUT Agent[01] SEER
1,talk,44,2,13,DIVINED Agent[03] WEREWOLF
1,talk,45,3,12,Skip
1,talk,46,3,4,Skip
1,talk,47,3,2,Skip
1,talk,48,3,13,BECAUSE (DAY 1 (DIVINED Agent[03] WEREWOLF)) (AND (VOTE Agent[03]) (REQUEST ANY (VOTE Agent[03])))
1,talk,49,3,5,Skip
1,talk,50,3,3,REQUEST ANY (VOTE Agent[13])
1,talk,51,3,10,Skip
1,talk,52,3,6,BECAUSE (DAY 1 (DIVINED Agent[13] WEREWOLF)) (AND (VOTE Agent[13]) (REQUEST ANY (VOTE Agent[13])))
1,talk,53,3,1,DAY 1 (DIVINED Agent[08] HUMAN)
1,talk,54,3,14,Skip
1,talk,55,3,11,Skip
1,talk,56,3,9,Skip
1,talk,57,3,8,Skip
1,talk,58,3,7,Skip
1,talk,59,3,15,Skip
1,talk,60,4,15,Over
1,talk,61,4,5,Over
1,talk,62,4,9,Over
1,talk,63,4,10,Over
1,talk,64,4,2,Over
1,talk,65,4,14,Over
1,talk,66,4,7,Over
1,talk,67,4,1,DIVINED Agent[08] HUMAN
1,talk,68,4,8,Over
1,talk,69,4,6,VOTE Agent[13]
1,talk,70,4,13,VOTE Agent[03]
1,talk,71,4,12,Over
1,talk,72,4,11,Over
1,talk,73,4,3,Skip
1,talk,74,4,4,Over
1,talk,75,5,13,REQUEST ANY (VOTE Agent[03])
1,talk,76,5,5,Over
1,talk,77,5,15,Over
1,talk,78,5,9,Over
1,talk,79,5,12,Over
1,talk,80,5,7,Over
1,talk,81,5,11,Over
1,talk,82,5,8,Over
1,talk,83,5,1,VOTE Agent[13]
1,talk,84,5,6,REQUEST ANY (VOTE Agent[13])
1,talk,85,5,3,Skip
1,talk,86,5,10,Over
1,talk,87,5,4,Over
1,talk,88,5,2,Over
1,talk,89,5,14,Over
1,talk,90,6,1,REQUEST ANY (VOTE Agent[13])
1,talk,91,6,10,Over
1,talk,92,6,4,Over
1,talk,93,6,7,Over
1,talk,94,6,12,Over
1,talk,95,6,14,Over
1,talk,96,6,5,Over
1,talk,97,6,13,Skip
1,talk,98,6,11,Over
1,talk,99,6,9,Over
1,talk,100,6,8,Over
1,talk,101,6,6,Skip
1,talk,102,6,2,Over
1,talk,103,6,15,Over
1,talk,104,6,3,Over
1,talk,105,7,2,Over
1,talk,106,7,14,Over
1,talk,107,7,13,Skip
1,talk,108,7,8,Over
1,talk,109,7,10,Over
1,talk,110,7,9,Over
1,talk,111,7,15,Over
1,talk,112,7,4,Over
1,talk,113,7,11,Over
1,talk,114,7,6,Skip
1,talk,115,7,1,Skip
1,talk,116,7,3,Over
1,talk,117,7,12,Over
1,talk,118,7,5,Over
1,talk,119,7,7,Over
1,talk,120,8,6,Over
1,talk,121,8,10,Over
1,talk,122,8,5,Over
1,talk,123,8,15,Over
1,talk,124,8,1,Skip
1,talk,125,8,8,Over
1,talk,126,8,4,Over
1,talk,127,8,3,Over
1,talk,128,8,12,Over
1,talk,129,8,11,Over
1,talk,130,8,14,Over
1,talk,131,8,13,Over
1,talk,132,8,7,Over
1,talk,133,8,9,Over
1,talk,134,8,2,Over
1,talk,135,9,1,Over
1,talk,136,9,8,Over
1,talk,137,9,15,Over
1,talk,138,9,6,Over
1,talk,139,9,10,Over
1,talk,140,9,3,Over
1,talk,141,9,11,Over
1,talk,142,9,4,Over
1,talk,143,9,14,Over
1,talk,144,9,7,Over
1,talk,145,9,12,Over
1,talk,146,9,2,Over
1,talk,147,9,13,Over
1,talk,148,9,9,Over
1,talk,149,9,5,Over
1,vote,1,13
1,vote,2,3
1,vote,3,13
1,vote,4,15
1,vote,5,13
1,vote,6,13
1,vote,7,2
1,vote,8,5
1,vote,9,4
1,vote,10,7
1,vote,11,2
1,vote,12,13
1,vote,13,3
1,vote,14,3
1,vote,15,3
1,execute,13,SEER
1,whisper,0,0,1,BECAUSE (AND (NOT (COMINGOUT Agent[06] WEREWOLF)) (NOT (COMINGOUT Agent[13] WEREWOLF)) (DAY 1 (Agent[06] DIVINED Agent[13] WEREWOLF))) (ESTIMATE Agent[06] POSSESSED)
1,whisper,1,0,5,BECAUSE (AND (NOT (COMINGOUT Agent[06] WEREWOLF)) (NOT (COMINGOUT Agent[13] WEREWOLF)) (DAY 1 (Agent[06] DIVINED Agent[13] WEREWOLF))) (ESTIMATE Agent[06] POSSESSED)
1,whisper,2,0,3,BECAUSE (AND (NOT (COMINGOUT Agent[06] WEREWOLF)) (NOT (COMINGOUT Agent[13] WEREWOLF)) (DAY 1 (Agent[06] DIVINED Agent[13] WEREWOLF))) (ESTIMATE Agent[06] POSSESSED)
1,whisper,3,1,1,ATTACK Agent[08]
1,whisper,4,1,3,ATTACK Agent[10]
1,whisper,5,1,5,ATTACK Agent[08]
1,whisper,6,2,5,Skip
1,whisper,7,2,3,Skip
1,whisper,8,2,1,Skip
1,whisper,9,3,1,Skip
1,whisper,10,3,5,Skip
1,whisper,11,3,3,Skip
1,whisper,12,4,3,Over
1,whisper,13,4,5,Over
1,whisper,14,4,1,Over
1,guard,11,1,WEREWOLF
1,attackVote,1,8
1,attackVote,3,10
1,attackVote,5,8
1,attack,8,true
2,status,1,WEREWOLF,ALIVE,SampleRoleAssignPlayer
2,status,2,VILLAGER,ALIVE,SampleRoleAssignPlayer
2,status,3,WEREWOLF,ALIVE,SampleRoleAssignPlayer
2,status,4,VILLAGER,ALIVE,SampleRoleAssignPlayer
2,status,5,WEREWOLF,ALIVE,SampleRoleAssignPlayer
2,status,6,POSSESSED,ALIVE,SampleRoleAssignPlayer
2,status,7,MEDIUM,ALIVE,SampleRoleAssignPlayer
2,status,8,VILLAGER,DEAD,SampleRoleAssignPlayer
2,status,9,VILLAGER,ALIVE,SampleRoleAssignPlayer
2,status,10,VILLAGER,ALIVE,SampleRoleAssignPlayer
2,status,11,BODYGUARD,ALIVE,SampleRoleAssignPlayer
2,status,12,VILLAGER,ALIVE,SampleRoleAssignPlayer
2,status,13,SEER,DEAD,SampleRoleAssignPlayer
2,status,14,VILLAGER,ALIVE,SampleRoleAssignPlayer
2,status,15,VILLAGER,ALIVE,SampleRoleAssignPlayer
2,talk,0,0,6,DAY 2 (DIVINED Agent[07] HUMAN)
2,talk,1,0,9,VOTE Agent[14]
2,talk,2,0,1,DAY 2 (DIVINED Agent[11] WEREWOLF)
2,talk,3,0,15,VOTE Agent[05]
2,talk,4,0,3,VOTE Agent[13]
2,talk,5,0,11,BECAUSE (AND (COMINGOUT Agent[11] VILLAGER) (DAY 2 (Agent[01] DIVINED Agent[11] WEREWOLF))) (XOR (ESTIMATE Agent[01] WEREWOLF) (ESTIMATE Agent[01] POSSESSED))
2,talk,6,0,4,VOTE Agent[11]
2,talk,7,0,14,VOTE Agent[12]
2,talk,8,0,5,COMINGOUT Agent[05] MEDIUM
2,talk,9,0,2,VOTE Agent[15]
2,talk,10,0,10,VOTE Agent[03]
2,talk,11,0,12,VOTE Agent[01]
2,talk,12,0,7,COMINGOUT Agent[07] MEDIUM
2,talk,13,1,5,DAY 2 (IDENTIFIED Agent[13] WEREWOLF)
2,talk,14,1,3,REQUEST ANY (VOTE Agent[13])
2,talk,15,1,6,DIVINED Agent[07] HUMAN
2,talk,16,1,12,REQUEST ANY (VOTE Agent[01])
2,talk,17,1,7,DAY 2 (IDENTIFIED Agent[13] HUMAN)
2,talk,18,1,4,REQUEST ANY (VOTE Agent[11])
2,talk,19,1,10,REQUEST ANY (VOTE Agent[03])
2,talk,20,1,14,REQUEST ANY (VOTE Agent[12])
2,talk,21,1,1,DIVINED Agent[11] WEREWOLF
2,talk,22,1,2,REQUEST ANY (VOTE Agent[15])
2,talk,23,1,9,REQUEST ANY (VOTE Agent[14])
2,talk,24,1,11,BECAUSE (XOR (ESTIMATE Agent[01] WEREWOLF) (ESTIMATE Agent[01] POSSESSED)) (AND (VOTE Agent[01]) (REQUEST ANY (VOTE Agent[01])))
2,talk,25,1,15,REQUEST ANY (VOTE Agent[05])
2,talk,26,2,11,VOTE Agent[01]
2,talk,27,2,6,BECAUSE (AND (COMINGOUT Agent[06] SEER) (Agent[01] COMINGOUT Agent[01] SEER)) (XOR (ESTIMATE Agent[01] WEREWOLF) (ESTIMATE Agent[01] POSSESSED))
2,talk,28,2,12,Skip
2,talk,29,2,15,Skip
2,talk,30,2,5,IDENTIFIED Agent[13] WEREWOLF
2,talk,31,2,14,Skip
2,talk,32,2,9,Skip
2,talk,33,2,10,Skip
2,talk,34,2,1,BECAUSE (DAY 2 (DIVINED Agent[11] WEREWOLF)) (AND (VOTE Agent[11]) (REQUEST ANY (VOTE Agent[11])))
2,talk,35,2,3,Skip
2,talk,36,2,4,Skip
2,talk,37,2,2,Skip
2,talk,38,2,7,IDENTIFIED Agent[13] HUMAN
2,talk,39,3,2,Skip
2,talk,40,3,5,VOTE Agent[13]
2,talk,41,3,10,Skip
2,talk,42,3,15,Skip
2,talk,43,3,4,Skip
2,talk,44,3,1,VOTE Agent[11]
2,talk,45,3,11,REQUEST ANY (VOTE Agent[01])
2,talk,46,3,7,VOTE Agent[06]
2,talk,47,3,6,BECAUSE (XOR (ESTIMATE Agent[01] WEREWOLF) (ESTIMATE Agent[01] POSSESSED)) (AND (VOTE Agent[01]) (REQUEST ANY (VOTE Agent[01])))
2,talk,48,3,9,Skip
2,talk,49,3,14,Skip
2,talk,50,3,12,Skip
2,talk,51,3,3,Skip
2,talk,52,4,1,REQUEST ANY (VOTE Agent[11])
2,talk,53,4,4,Over
2,talk,54,4,14,Over
2,talk,55,4,5,REQUEST ANY (VOTE Agent[13])
2,talk,56,4,9,Over
2,talk,57,4,10,Over
2,talk,58,4,6,VOTE Agent[01]
2,talk,59,4,15,Over
2,talk,60,4,12,Over
2,talk,61,4,7,REQUEST ANY (VOTE Agent[06])
2,talk,62,4,3,Over
2,talk,63,4,11,Skip
2,talk,64,4,2,Over
2,talk,65,5,4,Over
2,talk,66,5,2,Over
2,talk,67,5,3,Over
2,talk,68,5,1,Skip
2,talk,69,5,9,Over
2,talk,70,5,10,Over
2,talk,71,5,15,Over
2,talk,72,5,12,Over
2,talk,73,5,6,REQUEST ANY (VOTE Agent[01])
2,talk,74,5,11,Skip
2,talk,75,5,14,Over
2,talk,76,5,5,Skip
2,talk,77,5,7,Skip
2,talk,78,6,14,Over
2,talk,79,6,9,Over
2,talk,80,6,10,Over
2,talk,81,6,6,Skip
2,talk,82,6,7,Skip
2,talk,83,6,12,Over
2,talk,84,6,11,Over
2,talk,85,6,2,Over
2,talk,86,6,3,Over
2,talk,87,6,4,Over
2,talk,88,6,5,Skip
2,talk,89,6,1,Skip
2,talk,90,6,15,Over
2,talk,91,7,9,Over
2,talk,92,7,12,Over
2,talk,93,7,1,Over
2,talk,94,7,15,Over
2,talk,95,7,14,Over
2,talk,96,7,4,Over
2,talk,97,7,10,Over
2,talk,98,7,3,Over
2,talk,99,7,2,Over
2,talk,100,7,11,Over
2,talk,101,7,6,Skip
2,talk,102,7,7,Over
2,talk,103,7,5,Over
2,talk,104,8,14,Over
2,talk,105,8,9,Over
2,talk,106,8,7,Over
2,talk,107,8,12,Over
2,talk,108,8,3,Over
2,talk,109,8,15,Over
2,talk,110,8,2,Over
2,talk,111,8,6,Over
2,talk,112,8,4,Over
2,talk,113,8,5,Over
2,talk,114,8,10,Over
2,talk,115,8,11,Over
2,talk,116,8,1,Over
2,vote,1,11
2,vote,2,1
2,vote,3,2
2,vote,4,14
2,vote,5,11
2,vote,6,1
2,vote,7,6
2,vote,9,6
2,vote,10,12
2,vote,11,1
2,vote,12,14
2,vote,14,5
2,vote,15,1
2,execute,1,WEREWOLF
2,whisper,0,0,5,BECAUSE (Agent[07] COMINGOUT Agent[07] MEDIUM) (ATTACK Agent[07])
2,whisper,1,0,3,BECAUSE (Agent[07] COMINGOUT Agent[07] MEDIUM) (ATTACK Agent[07])
2,whisper,2,1,5,ATTACK Agent[07]
2,whisper,3,1,3,ATTACK Agent[07]
2,whisper,4,2,3,Skip
2,whisper,5,2,5,Skip
2,whisper,6,3,5,Skip
2,whisper,7,3,3,Skip
2,whisper,8,4,3,Over
2,whisper,9,4,5,Over
2,guard,11,6,POSSESSED
2,attackVote,3,7
2,attackVote,5,7
2,attack,7,true
3,status,1,WEREWOLF,DEAD,SampleRoleAssignPlayer
3,status,2,VILLAGER,ALIVE,SampleRoleAssignPlayer
3,status,3,WEREWOLF,ALIVE,SampleRoleAssignPlayer
3,status,4,VILLAGER,ALIVE,SampleRoleAssignPlayer
3,status,5,WEREWOLF,ALIVE,SampleRoleAssignPlayer
3,status,6,POSSESSED,ALIVE,SampleRoleAssignPlayer
3,status,7,MEDIUM,DEAD,SampleRoleAssignPlayer
3,status,8,VILLAGER,DEAD,SampleRoleAssignPlayer
3,status,9,VILLAGER,ALIVE,SampleRoleAssignPlayer
3,status,10,VILLAGER,ALIVE,SampleRoleAssignPlayer
3,status,11,BODYGUARD,ALIVE,SampleRoleAssignPlayer
3,status,12,VILLAGER,ALIVE,SampleRoleAssignPlayer
3,status,13,SEER,DEAD,SampleRoleAssignPlayer
3,status,14,VILLAGER,ALIVE,SampleRoleAssignPlayer
3,status,15,VILLAGER,ALIVE,SampleRoleAssignPlayer
3,talk,0,0,10,VOTE Agent[06]
3,talk,1,0,9,VOTE Agent[14]
3,talk,2,0,4,VOTE Agent[02]
3,talk,3,0,14,VOTE Agent[09]
3,talk,4,0,15,VOTE Agent[02]
3,talk,5,0,2,VOTE Agent[11]
3,talk,6,0,12,VOTE Agent[02]
3,talk,7,0,6,DAY 3 (DIVINED Agent[04] HUMAN)
3,talk,8,0,5,DAY 3 (IDENTIFIED Agent[01] HUMAN)
3,talk,9,0,3,VOTE Agent[13]
3,talk,10,0,11,VOTE Agent[15]
3,talk,11,1,6,DIVINED Agent[04] HUMAN
3,talk,12,1,3,REQUEST ANY (VOTE Agent[13])
3,talk,13,1,2,REQUEST ANY (VOTE Agent[11])
3,talk,14,1,14,REQUEST ANY (VOTE Agent[09])
3,talk,15,1,10,REQUEST ANY (VOTE Agent[06])
3,talk,16,1,5,IDENTIFIED Agent[01] HUMAN
3,talk,17,1,15,REQUEST ANY (VOTE Agent[02])
3,talk,18,1,12,REQUEST ANY (VOTE Agent[02])
3,talk,19,1,4,REQUEST ANY (VOTE Agent[02])
3,talk,20,1,11,REQUEST ANY (VOTE Agent[15])
3,talk,21,1,9,REQUEST ANY (VOTE Agent[14])
3,talk,22,2,10,Skip
3,talk,23,2,12,Skip
3,talk,24,2,15,Skip
3,talk,25,2,6,VOTE Agent[09]
3,talk,26,2,2,Skip
3,talk,27,2,5,VOTE Agent[07]
3,talk,28,2,3,Skip
3,talk,29,2,4,Skip
3,talk,30,2,11,Skip
3,talk,31,2,14,Skip
3,talk,32,2,9,Skip
3,talk,33,3,15,Skip
3,talk,34,3,6,REQUEST ANY (VOTE Agent[09])
3,talk,35,3,9,Skip
3,talk,36,3,10,Skip
3,talk,37,3,2,Skip
3,talk,38,3,11,Skip
3,talk,39,3,3,Skip
3,talk,40,3,5,REQUEST ANY (VOTE Agent[07])
3,talk,41,3,12,Skip
3,talk,42,3,14,Skip
3,talk,43,3,4,Skip
3,talk,44,4,3,Over
3,talk,45,4,2,Over
3,talk,46,4,12,Over
3,talk,47,4,4,Over
3,talk,48,4,15,Over
3,talk,49,4,11,Over
3,talk,50,4,14,Over
3,talk,51,4,9,Over
3,talk,52,4,6,Skip
3,talk,53,4,5,Skip
3,talk,54,4,10,Over
3,talk,55,5,12,Over
3,talk,56,5,15,Over
3,talk,57,5,4,Over
3,talk,58,5,9,Over
3,talk,59,5,14,Over
3,talk,60,5,3,Over
3,talk,61,5,11,Over
3,talk,62,5,5,Skip
3,talk,63,5,10,Over
3,talk,64,5,2,Over
3,talk,65,5,6,Skip
3,talk,66,6,5,Over
3,talk,67,6,12,Over
3,talk,68,6,11,Over
3,talk,69,6,15,Over
3,talk,70,6,4,Over
3,talk,71,6,3,Over
3,talk,72,6,2,Over
3,talk,73,6,10,Over
3,talk,74,6,9,Over
3,talk,75,6,14,Over
3,talk,76,6,6,Over
3,vote,2,10
3,vote,3,12
3,vote,4,11
3,vote,5,10
3,vote,6,11
3,vote,9,11
3,vote,10,14
3,vote,11,9
3,vote,12,2
3,vote,14,2
3,vote,15,14
3,execute,11,BODYGUARD
3,whisper,0,0,5,ATTACK Agent[04]
3,whisper,1,0,3,ATTACK Agent[04]
3,whisper,2,1,3,Skip
3,whisper,3,1,5,Skip
3,whisper,4,2,3,Skip
3,whisper,5,2,5,Skip
3,whisper,6,3,5,Over
3,whisper,7,3,3,Over
3,attackVote,3,4
3,attackVote,5,4
3,attack,4,true
4,status,1,WEREWOLF,DEAD,SampleRoleAssignPlayer
4,status,2,VILLAGER,ALIVE,SampleRoleAssignPlayer
4,status,3,WEREWOLF,ALIVE,SampleRoleAssignPlayer
4,status,4,VILLAGER,DEAD,SampleRoleAssignPlayer
4,status,5,WEREWOLF,ALIVE,SampleRoleAssignPlayer
4,status,6,POSSESSED,ALIVE,SampleRoleAssignPlayer
4,status,7,MEDIUM,DEAD,SampleRoleAssignPlayer
4,status,8,VILLAGER,DEAD,SampleRoleAssignPlayer
4,status,9,VILLAGER,ALIVE,SampleRoleAssignPlayer
4,status,10,VILLAGER,ALIVE,SampleRoleAssignPlayer
4,status,11,BODYGUARD,DEAD,SampleRoleAssignPlayer
4,status,12,VILLAGER,ALIVE,SampleRoleAssignPlayer
4,status,13,SEER,DEAD,SampleRoleAssignPlayer
4,status,14,VILLAGER,ALIVE,SampleRoleAssignPlayer
4,status,15,VILLAGER,ALIVE,SampleRoleAssignPlayer
4,talk,0,0,3,VOTE Agent[13]
4,talk,1,0,10,VOTE Agent[03]
4,talk,2,0,9,VOTE Agent[05]
4,talk,3,0,5,DAY 4 (IDENTIFIED Agent[11] WEREWOLF)
4,talk,4,0,14,VOTE Agent[02]
4,talk,5,0,12,VOTE Agent[06]
4,talk,6,0,2,VOTE Agent[12]
4,talk,7,0,6,DAY 4 (DIVINED Agent[09] HUMAN)
4,talk,8,0,15,VOTE Agent[10]
4,talk,9,1,2,REQUEST ANY (VOTE Agent[12])
4,talk,10,1,10,REQUEST ANY (VOTE Agent[03])
4,talk,11,1,14,REQUEST ANY (VOTE Agent[02])
4,talk,12,1,3,REQUEST ANY (VOTE Agent[13])
4,talk,13,1,15,REQUEST ANY (VOTE Agent[10])
4,talk,14,1,6,DIVINED Agent[09] HUMAN
4,talk,15,1,12,REQUEST ANY (VOTE Agent[06])
4,talk,16,1,9,REQUEST ANY (VOTE Agent[05])
4,talk,17,1,5,IDENTIFIED Agent[11] WEREWOLF
4,talk,18,2,2,Skip
4,talk,19,2,9,Skip
4,talk,20,2,3,Skip
4,talk,21,2,14,Skip
4,talk,22,2,15,Skip
4,talk,23,2,5,VOTE Agent[07]
4,talk,24,2,12,Skip
4,talk,25,2,6,VOTE Agent[10]
4,talk,26,2,10,Skip
4,talk,27,3,15,Skip
4,talk,28,3,5,REQUEST ANY (VOTE Agent[07])
4,talk,29,3,3,Skip
4,talk,30,3,10,Skip
4,talk,31,3,6,REQUEST ANY (VOTE Agent[10])
4,talk,32,3,2,Skip
4,talk,33,3,14,Skip
4,talk,34,3,12,Skip
4,talk,35,3,9,Skip
4,talk,36,4,14,Over
4,talk,37,4,2,Over
4,talk,38,4,5,Skip
4,talk,39,4,12,Over
4,talk,40,4,3,Over
4,talk,41,4,9,Over
4,talk,42,4,10,Over
4,talk,43,4,15,Over
4,talk,44,4,6,Skip
4,talk,45,5,10,Over
4,talk,46,5,3,Over
4,talk,47,5,2,Over
4,talk,48,5,6,Skip
4,talk,49,5,9,Over
4,talk,50,5,15,Over
4,talk,51,5,5,Skip
4,talk,52,5,12,Over
4,talk,53,5,14,Over
4,talk,54,6,9,Over
4,talk,55,6,6,Over
4,talk,56,6,12,Over
4,talk,57,6,14,Over
4,talk,58,6,2,Over
4,talk,59,6,15,Over
4,talk,60,6,5,Over
4,talk,61,6,3,Over
4,talk,62,6,10,Over
4,vote,2,5
4,vote,3,5
4,vote,5,12
4,vote,6,12
4,vote,9,10
4,vote,10,6
4,vote,12,3
4,vote,14,10
4,vote,15,6
4,vote,2,5
4,vote,3,5
4,vote,5,6
4,vote,6,5
4,vote,9,5
4,vote,10,5
4,vote,12,5
4,vote,14,5
4,vote,15,5
4,execute,5,WEREWOLF
4,attackVote,3,15
4,attack,15,true
5,status,1,WEREWOLF,DEAD,SampleRoleAssignPlayer
5,status,2,VILLAGER,ALIVE,SampleRoleAssignPlayer
5,status,3,WEREWOLF,ALIVE,SampleRoleAssignPlayer
5,status,4,VILLAGER,DEAD,SampleRoleAssignPlayer
5,status,5,WEREWOLF,DEAD,SampleRoleAssignPlayer
5,status,6,POSSESSED,ALIVE,SampleRoleAssignPlayer
5,status,7,MEDIUM,DEAD,SampleRoleAssignPlayer
5,status,8,VILLAGER,DEAD,SampleRoleAssignPlayer
5,status,9,VILLAGER,ALIVE,SampleRoleAssignPlayer
5,status,10,VILLAGER,ALIVE,SampleRoleAssignPlayer
5,status,11,BODYGUARD,DEAD,SampleRoleAssignPlayer
5,status,12,VILLAGER,ALIVE,SampleRoleAssignPlayer
5,status,13,SEER,DEAD,SampleRoleAssignPlayer
5,status,14,VILLAGER,ALIVE,SampleRoleAssignPlayer
5,status,15,VILLAGER,DEAD,SampleRoleAssignPlayer
5,talk,0,0,14,VOTE Agent[12]
5,talk,1,0,9,VOTE Agent[03]
5,talk,2,0,10,VOTE Agent[09]
5,talk,3,0,3,VOTE Agent[13]
5,talk,4,0,12,VOTE Agent[09]
5,talk,5,0,2,VOTE Agent[12]
5,talk,6,0,6,DAY 5 (DIVINED Agent[14] HUMAN)
5,talk,7,1,6,DIVINED Agent[14] HUMAN
5,talk,8,1,9,REQUEST ANY (VOTE Agent[03])
5,talk,9,1,12,REQUEST ANY (VOTE Agent[09])
5,talk,10,1,14,REQUEST ANY (VOTE Agent[12])
5,talk,11,1,10,REQUEST ANY (VOTE Agent[09])
5,talk,12,1,3,REQUEST ANY (VOTE Agent[13])
5,talk,13,1,2,REQUEST ANY (VOTE Agent[12])
5,talk,14,2,9,Skip
5,talk,15,2,12,Skip
5,talk,16,2,10,Skip
5,talk,17,2,2,Skip
5,talk,18,2,14,Skip
5,talk,19,2,6,VOTE Agent[02]
5,talk,20,2,3,Skip
5,talk,21,3,12,Skip
5,talk,22,3,2,Skip
5,talk,23,3,6,REQUEST ANY (VOTE Agent[02])
5,talk,24,3,3,Skip
5,talk,25,3,14,Skip
5,talk,26,3,10,Skip
5,talk,27,3,9,Skip
5,talk,28,4,6,Skip
5,talk,29,4,9,Over
5,talk,30,4,12,Over
5,talk,31,4,10,Over
5,talk,32,4,2,Over
5,talk,33,4,3,Over
5,talk,34,4,14,Over
5,talk,35,5,14,Over
5,talk,36,5,12,Over
5,talk,37,5,9,Over
5,talk,38,5,10,Over
5,talk,39,5,6,Skip
5,talk,40,5,2,Over
5,talk,41,5,3,Over
5,talk,42,6,3,Over
5,talk,43,6,9,Over
5,talk,44,6,14,Over
5,talk,45,6,6,Over
5,talk,46,6,12,Over
5,talk,47,6,10,Over
5,talk,48,6,2,Over
5,vote,2,9
5,vote,3,2
5,vote,6,3
5,vote,9,2
5,vote,10,3
5,vote,12,3
5,vote,14,2
5,vote,2,3
5,vote,3,2
5,vote,6,2
5,vote,9,2
5,vote,10,2
5,vote,12,2
5,vote,14,2
5,execute,2,VILLAGER
5,attackVote,3,9
5,attack,9,true
6,status,1,WEREWOLF,DEAD,SampleRoleAssignPlayer
6,status,2,VILLAGER,DEAD,SampleRoleAssignPlayer
6,status,3,WEREWOLF,ALIVE,SampleRoleAssignPlayer
6,status,4,VILLAGER,DEAD,SampleRoleAssignPlayer
6,status,5,WEREWOLF,DEAD,SampleRoleAssignPlayer
6,status,6,POSSESSED,ALIVE,SampleRoleAssignPlayer
6,status,7,MEDIUM,DEAD,SampleRoleAssignPlayer
6,status,8,VILLAGER,DEAD,SampleRoleAssignPlayer
6,status,9,VILLAGER,DEAD,SampleRoleAssignPlayer
6,status,10,VILLAGER,ALIVE,SampleRoleAssignPlayer
6,status,11,BODYGUARD,DEAD,SampleRoleAssignPlayer
6,status,12,VILLAGER,ALIVE,SampleRoleAssignPlayer
6,status,13,SEER,DEAD,SampleRoleAssignPlayer
6,status,14,VILLAGER,ALIVE,SampleRoleAssignPlayer
6,status,15,VILLAGER,DEAD,SampleRoleAssignPlayer
6,talk,0,0,12,VOTE Agent[14]
6,talk,1,0,3,VOTE Agent[13]
6,talk,2,0,10,VOTE Agent[12]
6,talk,3,0,6,DAY 6 (DIVINED Agent[10] HUMAN)
6,talk,4,0,14,VOTE Agent[12]
6,talk,5,1,3,REQUEST ANY (VOTE Agent[13])
6,talk,6,1,14,REQUEST ANY (VOTE Agent[12])
6,talk,7,1,10,REQUEST ANY (VOTE Agent[12])
6,talk,8,1,6,DIVINED Agent[10] HUMAN
6,talk,9,1,12,REQUEST ANY (VOTE Agent[14])
6,talk,10,2,3,Skip
6,talk,11,2,12,Skip
6,talk,12,2,14,Skip
6,talk,13,2,10,Skip
6,talk,14,2,6,VOTE Agent[08]
6,talk,15,3,3,Skip
6,talk,16,3,14,Skip
6,talk,17,3,12,Skip
6,talk,18,3,6,REQUEST ANY (VOTE Agent[08])
6,talk,19,3,10,Skip
6,talk,20,4,3,Over
6,talk,21,4,12,Over
6,talk,22,4,14,Over
6,talk,23,4,6,VOTE Agent[12]
6,talk,24,4,10,Over
6,talk,25,5,12,Over
6,talk,26,5,3,Over
6,talk,27,5,14,Over
6,talk,28,5,10,Over
6,talk,29,5,6,REQUEST ANY (VOTE Agent[12])
6,talk,30,6,6,Skip
6,talk,31,6,3,Over
6,talk,32,6,12,Over
6,talk,33,6,10,Over
6,talk,34,6,14,Over
6,talk,35,7,6,Skip
6,talk,36,7,10,Over
6,talk,37,7,14,Over
6,talk,38,7,3,Over
6,talk,39,7,12,Over
6,talk,40,8,3,Over
6,talk,41,8,6,Over
6,talk,42,8,10,Over
6,talk,43,8,14,Over
6,talk,44,8,12,Over
6,vote,3,14
6,vote,6,14
6,vote,10,14
6,vote,12,3
6,vote,14,12
6,execute,14,VILLAGER
6,attackVote,3,12
6,attack,12,true
7,status,1,WEREWOLF,DEAD,SampleRoleAssignPlayer
7,status,2,VILLAGER,DEAD,SampleRoleAssignPlayer
7,status,3,WEREWOLF,ALIVE,SampleRoleAssignPlayer
7,status,4,VILLAGER,DEAD,SampleRoleAssignPlayer
7,status,5,WEREWOLF,DEAD,SampleRoleAssignPlayer
7,status,6,POSSESSED,ALIVE,SampleRoleAssignPlayer
7,status,7,MEDIUM,DEAD,SampleRoleAssignPlayer
7,status,8,VILLAGER,DEAD,SampleRoleAssignPlayer
7,status,9,VILLAGER,DEAD,SampleRoleAssignPlayer
7,status,10,VILLAGER,ALIVE,SampleRoleAssignPlayer
7,status,11,BODYGUARD,DEAD,SampleRoleAssignPlayer
7,status,12,VILLAGER,DEAD,SampleRoleAssignPlayer
7,status,13,SEER,DEAD,SampleRoleAssignPlayer
7,status,14,VILLAGER,DEAD,SampleRoleAssignPlayer
7,status,15,VILLAGER,DEAD,SampleRoleAssignPlayer
7,talk,0,0,3,VOTE Agent[13]
7,talk,1,0,6,DAY 7 (DIVINED Agent[03] HUMAN)
7,talk,2,0,10,VOTE Agent[03]
7,talk,3,1,10,REQUEST ANY (VOTE Agent[03])
7,talk,4,1,3,REQUEST ANY (VOTE Agent[13])
7,talk,5,1,6,DIVINED Agent[03] HUMAN
7,talk,6,2,6,VOTE Agent[11]
7,talk,7,2,10,Skip
7,talk,8,2,3,Skip
7,talk,9,3,10,Skip
7,talk,10,3,3,Skip
7,talk,11,3,6,REQUEST ANY (VOTE Agent[11])
7,talk,12,4,6,VOTE Agent[08]
7,talk,13,4,10,Over
7,talk,14,4,3,Over
7,talk,15,5,10,Over
7,talk,16,5,6,REQUEST ANY (VOTE Agent[08])
7,talk,17,5,3,Over
7,talk,18,6,3,Over
7,talk,19,6,10,Over
7,talk,20,6,6,VOTE Agent[05]
7,talk,21,7,10,Over
7,talk,22,7,3,Over
7,talk,23,7,6,REQUEST ANY (VOTE Agent[05])
7,talk,24,8,6,VOTE Agent[01]
7,talk,25,8,3,Over
7,talk,26,8,10,Over
7,talk,27,9,3,Over
7,talk,28,9,6,REQUEST ANY (VOTE Agent[01])
7,talk,29,9,10,Over
7,talk,30,10,10,Over
7,talk,31,10,6,Over
7,talk,32,10,3,Over
7,vote,3,10
7,vote,6,3
7,vote,10,6
7,vote,3,6
7,vote,6,3
7,vote,10,3
7,execute,3,WEREWOLF
8,status,1,WEREWOLF,DEAD,SampleRoleAssignPlayer
8,status,2,VILLAGER,DEAD,SampleRoleAssignPlayer
8,status,3,WEREWOLF,DEAD,SampleRoleAssignPlayer
8,status,4,VILLAGER,DEAD,SampleRoleAssignPlayer
8,status,5,WEREWOLF,DEAD,SampleRoleAssignPlayer
8,status,6,POSSESSED,ALIVE,SampleRoleAssignPlayer
8,status,7,MEDIUM,DEAD,SampleRoleAssignPlayer
8,status,8,VILLAGER,DEAD,SampleRoleAssignPlayer
8,status,9,VILLAGER,DEAD,SampleRoleAssignPlayer
8,status,10,VILLAGER,ALIVE,SampleRoleAssignPlayer
8,status,11,BODYGUARD,DEAD,SampleRoleAssignPlayer
8,status,12,VILLAGER,DEAD,SampleRoleAssignPlayer
8,status,13,SEER,DEAD,SampleRoleAssignPlayer
8,status,14,VILLAGER,DEAD,SampleRoleAssignPlayer
8,status,15,VILLAGER,DEAD,SampleRoleAssignPlayer
8,result,2,0,VILLAGER
