0,status,1,VILLAGER,ALIVE,SampleRoleAssignPlayer
0,status,2,SEER,ALIVE,SampleRoleAssignPlayer
0,status,3,VILLAGER,ALIVE,SampleRoleAssignPlayer
0,status,4,WEREWOLF,ALIVE,SampleRoleAssignPlayer
0,status,5,MEDIUM,ALIVE,SampleRoleAssignPlayer
0,status,6,VILLAGER,ALIVE,SampleRoleAssignPlayer
0,status,7,VILLAGER,ALIVE,SampleRoleAssignPlayer
0,status,8,BODYGUARD,ALIVE,SampleRoleAssignPlayer
0,status,9,VILLAGER,ALIVE,SampleRoleAssignPlayer
0,status,10,VILLAGER,ALIVE,SampleRoleAssignPlayer
0,status,11,POSSESSED,ALIVE,SampleRoleAssignPlayer
0,status,12,WEREWOLF,ALIVE,SampleRoleAssignPlayer
0,status,13,VILLAGER,ALIVE,SampleRoleAssignPlayer
0,status,14,VILLAGER,ALIVE,SampleRoleAssignPlayer
0,status,15,WEREWOLF,ALIVE,SampleRoleAssignPlayer
0,whisper,0,0,12,COMINGOUT Agent[12] SEER
0,whisper,1,0,15,COMINGOUT Agent[15] SEER
0,whisper,2,0,4,COMINGOUT Agent[04] VILLAGER
0,whisper,3,1,15,COMINGOUT Agent[15] VILLAGER
0,whisper,4,1,4,Skip
0,whisper,5,1,12,Skip
0,whisper,6,2,15,Skip
0,whisper,7,2,12,Skip
0,whisper,8,2,4,Skip
0,whisper,9,3,12,Over
0,whisper,10,3,4,Over
0,whisper,11,3,15,Skip
0,whisper,12,4,12,Over
0,whisper,13,4,15,Over
0,whisper,14,4,4,Over
0,divine,2,1,HUMAN
1,status,1,VILLAGER,ALIVE,SampleRoleAssignPlayer
1,status,2,SEER,ALIVE,SampleRoleAssignPlayer
1,status,3,VILLAGER,ALIVE,SampleRoleAssignPlayer
1,status,4,WEREWOLF,ALIVE,SampleRoleAssignPlayer
1,status,5,MEDIUM,ALIVE,SampleRoleAssignPlayer
1,status,6,VILLAGER,ALIVE,SampleRoleAssignPlayer
1,status,7,VILLAGER,ALIVE,SampleRoleAssignPlayer
1,status,8,BODYGUARD,ALIVE,SampleRoleAssignPlayer
1,status,9,VILLAGER,ALIVE,SampleRoleAssignPlayer
1,status,10,VILLAGER,ALIVE,SampleRoleAssignPlayer
1,status,11,POSSESSED,ALIVE,SampleRoleAssignPlayer
1,status,12,WEREWOLF,ALIVE,SampleRoleAssignPlayer
1,status,13,VILLAGER,ALIVE,SampleRoleAssignPlayer
1,status,14,VILLAGER,ALIVE,SampleRoleAssignPlayer
1,status,15,WEREWOLF,ALIVE,SampleRoleAssignPlayer
1,talk,0,0,10,VOTE Agent[11]
1,talk,1,0,12,VOTE Agent[06]
1,talk,2,0,11,VOTE Agent[03]
1,talk,3,0,4,VOTE Agent[10]
1,talk,4,0,8,VOTE Agent[13]
1,talk,5,0,14,VOTE Agent[10]
1,talk,6,0,6,VOTE Agent[15]
1,talk,7,0,7,VOTE Agent[08]
1,talk,8,0,5,VOTE Agent[10]
1,talk,9,0,15,VOTE Agent[01]
1,talk,10,0,3,VOTE Agent[13]
1,talk,11,0,9,VOTE Agent[06]
1,talk,12,0,13,VOTE Agent[12]
1,talk,13,0,2,COMINGOUT Agent[02] SEER
1,talk,14,0,1,VOTE Agent[14]
1,talk,15,1,1,REQUEST ANY (VOTE Agent[14])
1,talk,16,1,7,REQUEST ANY (VOTE Agent[08])
1,talk,17,1,8,REQUEST ANY (VOTE Agent[13])
1,talk,18,1,4,REQUEST ANY (VOTE Agent[10])
1,talk,19,1,11,REQUEST ANY (VOTE Agent[03])
1,talk,20,1,9,REQUEST ANY (VOTE Agent[06])
1,talk,21,1,12,REQUEST ANY (VOTE Agent[06])
1,talk,22,1,13,REQUEST ANY (VOTE Agent[12])
1,talk,23,1,14,REQUEST ANY (VOTE Agent[10])
1,talk,24,1,2,DAY 1 (DIVINED Agent[01] HUMAN)
1,talk,25,1,10,REQUEST ANY (VOTE Agent[11])
1,talk,26,1,6,REQUEST ANY (VOTE Agent[15])
1,talk,27,1,3,REQUEST ANY (VOTE Agent[13])
1,talk,28,1,15,REQUEST ANY (VOTE Agent[01])
1,talk,29,1,5,REQUEST ANY (VOTE Agent[10])
1,talk,30,2,11,COMINGOUT Agent[11] SEER
1,talk,31,2,9,Skip
1,talk,32,2,8,Skip
1,talk,33,2,14,Skip
1,talk,34,2,10,Skip
1,talk,35,2,6,Skip
1,talk,36,2,4,Skip
1,talk,37,2,13,Skip
1,talk,38,2,2,DIVINED Agent[01] HUMAN
1,talk,39,2,7,Skip
1,talk,40,2,5,Skip
1,talk,41,2,3,Skip
1,talk,42,2,12,COMINGOUT Agent[12] SEER
1,talk,43,2,15,Skip
1,talk,44,2,1,Skip
1,talk,45,3,3,Skip
1,talk,46,3,1,Skip
1,talk,47,3,13,Skip
1,talk,48,3,15,Skip
1,talk,49,3,2,BECAUSE (AND (COMINGOUT Agent[02] SEER) (Agent[11] COMINGOUT Agent[11] SEER)) (XOR (ESTIMATE Agent[11] WEREWOLF) (ESTIMATE Agent[11] POSSESSED))
1,talk,50,3,5,Skip
1,talk,51,3,10,Skip
1,talk,52,3,8,Skip
1,talk,53,3,12,DAY 1 (DIVINED Agent[06] WEREWOLF)
1,talk,54,3,14,Skip
1,talk,55,3,6,BECAUSE (AND (COMINGOUT Agent[06] VILLAGER) (DAY 1 (Agent[12] DIVINED Agent[06] WEREWOLF))) (XOR (ESTIMATE Agent[12] WEREWOLF) (ESTIMATE Agent[12] POSSESSED))
1,talk,56,3,4,Skip
1,talk,57,3,9,Skip
1,talk,58,3,7,Skip
1,talk,59,3,11,DAY 1 (DIVINED Agent[02] WEREWOLF)
1,talk,60,4,13,Over
1,talk,61,4,10,Over
1,talk,62,4,15,Over
1,talk,63,4,2,BECAUSE (XOR (ESTIMATE Agent[11] WEREWOLF) (ESTIMATE Agent[11] POSSESSED)) (AND (VOTE Agent[11]) (REQUEST ANY (VOTE Agent[11])))
1,talk,64,4,4,Over
1,talk,65,4,1,Over
1,talk,66,4,3,Over
1,talk,67,4,7,Over
1,talk,68,4,9,Over
1,talk,69,4,14,Over
1,talk,70,4,12,DIVINED Agent[06] WEREWOLF
1,talk,71,4,6,BECAUSE (XOR (ESTIMATE Agent[12] WEREWOLF) (ESTIMATE Agent[12] POSSESSED)) (AND (VOTE Agent[12]) (REQUEST ANY (VOTE Agent[12])))
1,talk,72,4,5,Over
1,talk,73,4,11,DIVINED Agent[02] WEREWOLF
1,talk,74,4,8,Over
1,talk,75,5,4,Over
1,talk,76,5,5,Over
1,talk,77,5,7,Over
1,talk,78,5,15,Over
1,talk,79,5,6,VOTE Agent[12]
1,talk,80,5,3,Over
1,talk,81,5,14,Over
1,talk,82,5,9,Over
1,talk,83,5,13,Over
1,talk,84,5,12,Skip
1,talk,85,5,2,VOTE Agent[11]
1,talk,86,5,10,Over
1,talk,87,5,1,Over
1,talk,88,5,8,Over
1,talk,89,5,11,BECAUSE (DAY 1 (DIVINED Agent[02] WEREWOLF)) (AND (VOTE Agent[02]) (REQUEST ANY (VOTE Agent[02])))
1,talk,90,6,6,REQUEST ANY (VOTE Agent[12])
1,talk,91,6,9,Over
1,talk,92,6,15,Over
1,talk,93,6,7,Over
1,talk,94,6,12,Skip
1,talk,95,6,8,Over
1,talk,96,6,10,Over
1,talk,97,6,4,Over
1,talk,98,6,11,VOTE Agent[02]
1,talk,99,6,13,Over
1,talk,100,6,14,Over
1,talk,101,6,2,REQUEST ANY (VOTE Agent[11])
1,talk,102,6,3,Over
1,talk,103,6,1,Over
1,talk,104,6,5,Over
1,talk,105,7,1,Over
1,talk,106,7,15,Over
1,talk,107,7,4,Over
1,talk,108,7,6,Skip
1,talk,109,7,13,Over
1,talk,110,7,3,Over
1,talk,111,7,5,Over
1,talk,112,7,14,Over
1,talk,113,7,9,Over
1,talk,114,7,10,Over
1,talk,115,7,12,Over
1,talk,116,7,8,Over
1,talk,117,7,11,REQUEST ANY (VOTE Agent[02])
1,talk,118,7,7,Over
1,talk,119,7,2,Skip
1,talk,120,8,2,Skip
1,talk,121,8,12,Over
1,talk,122,8,8,Over
1,talk,123,8,9,Over
1,talk,124,8,10,Over
1,talk,125,8,3,Over
1,talk,126,8,6,Skip
1,talk,127,8,11,Skip
1,talk,128,8,5,Over
1,talk,129,8,7,Over
1,talk,130,8,13,Over
1,talk,131,8,15,Over
1,talk,132,8,14,Over
1,talk,133,8,4,Over
1,talk,134,8,1,Over
1,talk,135,9,10,Over
1,talk,136,9,12,Over
1,talk,137,9,5,Over
1,talk,138,9,9,Over
1,talk,139,9,8,Over
1,talk,140,9,1,Over
1,talk,141,9,4,Over
1,talk,142,9,14,Over
1,talk,143,9,13,Over
1,talk,144,9,15,Over
1,talk,145,9,7,Over
1,talk,146,9,2,Over
1,talk,147,9,11,Skip
1,talk,148,9,3,Over
1,talk,149,9,6,Over
1,talk,150,10,12,Over
1,talk,151,10,6,Over
1,talk,152,10,7,Over
1,talk,153,10,13,Over
1,talk,154,10,10,Over
1,talk,155,10,8,Over
1,talk,156,10,11,Over
1,talk,157,10,4,Over
1,talk,158,10,3,Over
1,talk,159,10,1,Over
1,talk,160,10,14,Over
1,talk,161,10,15,Over
1,talk,162,10,2,Over
1,talk,163,10,9,Over
1,talk,164,10,5,Over
1,vote,1,12
1,vote,2,11
1,vote,3,8
1,vote,4,10
1,vote,5,13
1,vote,6,12
1,vote,7,6
1,vote,8,12
1,vote,9,14
1,vote,10,11
1,vote,11,2
1,vote,12,6
1,vote,13,12
1,vote,14,11
1,vote,15,1
1,execute,12,WEREWOLF
1,divine,2,11,HUMAN
1,whisper,0,0,15,BECAUSE (AND (NOT (COMINGOUT Agent[11] WEREWOLF)) (NOT (COMINGOUT Agent[02] WEREWOLF)) (DAY 1 (Agent[11] DIVINED Agent[02] WEREWOLF))) (ESTIMATE Agent[11] POSSESSED)
1,whisper,1,0,4,BECAUSE (AND (NOT (COMINGOUT Agent[11] WEREWOLF)) (NOT (COMINGOUT Agent[02] WEREWOLF)) (DAY 1 (Agent[11] DIVINED Agent[02] WEREWOLF))) (ESTIMATE Agent[11] POSSESSED)
1,whisper,2,1,15,BECAUSE (Agent[02] COMINGOUT Agent[02] SEER) (ATTACK Agent[02])
1,whisper,3,1,4,BECAUSE (Agent[02] COMINGOUT Agent[02] SEER) (ATTACK Agent[02])
1,whisper,4,2,15,ATTACK Agent[02]
1,whisper,5,2,4,ATTACK Agent[02]
1,whisper,6,3,15,Skip
1,whisper,7,3,4,Skip
1,whisper,8,4,15,Skip
1,whisper,9,4,4,Skip
1,whisper,10,5,4,Over
1,whisper,11,5,15,Over
1,guard,8,2,SEER
1,attackVote,4,2
1,attackVote,15,2
1,attack,2,false
2,status,1,VILLAGER,ALIVE,SampleRoleAssignPlayer
2,status,2,SEER,ALIVE,SampleRoleAssignPlayer
2,status,3,VILLAGER,ALIVE,SampleRoleAssignPlayer
2,status,4,WEREWOLF,ALIVE,SampleRoleAssignPlayer
2,status,5,MEDIUM,ALIVE,SampleRoleAssignPlayer
2,status,6,VILLAGER,ALIVE,SampleRoleAssignPlayer
2,status,7,VILLAGER,ALIVE,SampleRoleAssignPlayer
2,status,8,BODYGUARD,ALIVE,SampleRoleAssignPlayer
2,status,9,VILLAGER,ALIVE,SampleRoleAssignPlayer
2,status,10,VILLAGER,ALIVE,SampleRoleAssignPlayer
2,status,11,POSSESSED,ALIVE,SampleRoleAssignPlayer
2,status,12,WEREWOLF,DEAD,SampleRoleAssignPlayer
2,status,13,VILLAGER,ALIVE,SampleRoleAssignPlayer
2,status,14,VILLAGER,ALIVE,SampleRoleAssignPlayer
2,status,15,WEREWOLF,ALIVE,SampleRoleAssignPlayer
2,talk,0,0,5,COMINGOUT Agent[05] MEDIUM
2,talk,1,0,14,VOTE Agent[01]
2,talk,2,0,2,DAY 2 (DIVINED Agent[11] HUMAN)
2,talk,3,0,1,VOTE Agent[14]
2,talk,4,0,10,VOTE Agent[04]
2,talk,5,0,15,VOTE Agent[03]
2,talk,6,0,3,VOTE Agent[05]
2,talk,7,0,8,VOTE Agent[10]
2,talk,8,0,9,VOTE Agent[07]
2,talk,9,0,7,VOTE Agent[03]
2,talk,10,0,6,VOTE Agent[15]
2,talk,11,0,13,VOTE Agent[02]
2,talk,12,0,4,VOTE Agent[08]
2,talk,13,0,11,DAY 2 (DIVINED Agent[08] HUMAN)
2,talk,14,1,8,REQUEST ANY (VOTE Agent[10])
2,talk,15,1,3,REQUEST ANY (VOTE Agent[05])
2,talk,16,1,4,REQUEST ANY (VOTE Agent[08])
2,talk,17,1,13,REQUEST ANY (VOTE Agent[02])
2,talk,18,1,14,REQUEST ANY (VOTE Agent[01])
2,talk,19,1,9,REQUEST ANY (VOTE Agent[07])
2,talk,20,1,1,REQUEST ANY (VOTE Agent[14])
2,talk,21,1,7,REQUEST ANY (VOTE Agent[03])
2,talk,22,1,2,DIVINED Agent[11] HUMAN
2,talk,23,1,15,REQUEST ANY (VOTE Agent[03])
2,talk,24,1,6,REQUEST ANY (VOTE Agent[15])
2,talk,25,1,5,DAY 2 (IDENTIFIED Agent[12] WEREWOLF)
2,talk,26,1,10,REQUEST ANY (VOTE Agent[04])
2,talk,27,1,11,DIVINED Agent[08] HUMAN
2,talk,28,2,3,Skip
2,talk,29,2,4,Skip
2,talk,30,2,7,Skip
2,talk,31,2,10,Skip
2,talk,32,2,14,Skip
2,talk,33,2,13,Skip
2,talk,34,2,15,Skip
2,talk,35,2,11,BECAUSE (DAY 1 (DIVINED Agent[02] WEREWOLF)) (AND (VOTE Agent[02]) (REQUEST ANY (VOTE Agent[02])))
2,talk,36,2,9,Skip
2,talk,37,2,1,Skip
2,talk,38,2,2,BECAUSE (AND (AND (COMINGOUT Agent[02] SEER) (Agent[11] COMINGOUT Agent[11] SEER)) (DAY 2 (DIVINED Agent[11] HUMAN))) (ESTIMATE Agent[11] POSSESSED)
2,talk,39,2,6,Skip
2,talk,40,2,8,Skip
2,talk,41,2,5,IDENTIFIED Agent[12] WEREWOLF
2,talk,42,3,14,Skip
2,talk,43,3,3,Skip
2,talk,44,3,6,Skip
2,talk,45,3,10,Skip
2,talk,46,3,13,Skip
2,talk,47,3,15,Skip
2,talk,48,3,11,VOTE Agent[02]
2,talk,49,3,1,Skip
2,talk,50,3,5,VOTE Agent[01]
2,talk,51,3,7,Skip
2,talk,52,3,8,Skip
2,talk,53,3,9,Skip
2,talk,54,3,2,VOTE Agent[14]
2,talk,55,3,4,Skip
2,talk,56,4,13,Over
2,talk,57,4,6,Over
2,talk,58,4,8,Over
2,talk,59,4,4,Over
2,talk,60,4,15,Over
2,talk,61,4,3,Over
2,talk,62,4,11,REQUEST ANY (VOTE Agent[02])
2,talk,63,4,7,Over
2,talk,64,4,1,Over
2,talk,65,4,2,REQUEST ANY (VOTE Agent[14])
2,talk,66,4,10,Over
2,talk,67,4,14,Over
2,talk,68,4,5,REQUEST ANY (VOTE Agent[01])
2,talk,69,4,9,Over
2,talk,70,5,5,Skip
2,talk,71,5,6,Over
2,talk,72,5,14,Over
2,talk,73,5,4,Over
2,talk,74,5,10,Over
2,talk,75,5,11,Skip
2,talk,76,5,7,Over
2,talk,77,5,1,Over
2,talk,78,5,3,Over
2,talk,79,5,8,Over
2,talk,80,5,9,Over
2,talk,81,5,13,Over
2,talk,82,5,15,Over
2,talk,83,5,2,Skip
2,talk,84,6,15,Over
2,talk,85,6,8,Over
2,talk,86,6,14,Over
2,talk,87,6,3,Over
2,talk,88,6,10,Over
2,talk,89,6,11,Skip
2,talk,90,6,6,Over
2,talk,91,6,2,Skip
2,talk,92,6,1,Over
2,talk,93,6,5,Skip
2,talk,94,6,9,Over
2,talk,95,6,7,Over
2,talk,96,6,4,Over
2,talk,97,6,13,Over
2,talk,98,7,15,Over
2,talk,99,7,5,Over
2,talk,100,7,3,Over
2,talk,101,7,10,Over
2,talk,102,7,13,Over
2,talk,103,7,14,Over
2,talk,104,7,6,Over
2,talk,105,7,11,Over
2,talk,106,7,2,Over
2,talk,107,7,1,Over
2,talk,108,7,4,Over
2,talk,109,7,9,Over
2,talk,110,7,7,Over
2,talk,111,7,8,Over
2,vote,1,3
2,vote,2,5
2,vote,3,8
2,vote,4,8
2,vote,5,3
2,vote,6,14
2,vote,7,1
2,vote,8,1
2,vote,9,10
2,vote,10,1
2,vote,11,2
2,vote,13,14
2,vote,14,8
2,vote,15,3
2,vote,1,3
2,vote,2,1
2,vote,3,1
2,vote,4,1
2,vote,5,1
2,vote,6,1
2,vote,7,1
2,vote,8,1
2,vote,9,1
2,vote,10,1
2,vote,11,1
2,vote,13,1
2,vote,14,1
2,vote,15,1
2,execute,1,VILLAGER
2,divine,2,13,HUMAN
2,whisper,0,0,4,BECAUSE (Agent[05] COMINGOUT Agent[05] MEDIUM) (ATTACK Agent[05])
2,whisper,1,0,15,BECAUSE (Agent[05] COMINGOUT Agent[05] MEDIUM) (ATTACK Agent[05])
2,whisper,2,1,15,ATTACK Agent[05]
2,whisper,3,1,4,ATTACK Agent[05]
2,whisper,4,2,15,Skip
2,whisper,5,2,4,Skip
2,whisper,6,3,4,Skip
2,whisper,7,3,15,Skip
2,whisper,8,4,4,Over
2,whisper,9,4,15,Over
2,guard,8,2,SEER
2,attackVote,4,5
2,attackVote,15,5
2,attack,5,true
3,status,1,VILLAGER,DEAD,SampleRoleAssignPlayer
3,status,2,SEER,ALIVE,SampleRoleAssignPlayer
3,status,3,VILLAGER,ALIVE,SampleRoleAssignPlayer
3,status,4,WEREWOLF,ALIVE,SampleRoleAssignPlayer
3,status,5,MEDIUM,DEAD,SampleRoleAssignPlayer
3,status,6,VILLAGER,ALIVE,SampleRoleAssignPlayer
3,status,7,VILLAGER,ALIVE,SampleRoleAssignPlayer
3,status,8,BODYGUARD,ALIVE,SampleRoleAssignPlayer
3,status,9,VILLAGER,ALIVE,SampleRoleAssignPlayer
3,status,10,VILLAGER,ALIVE,SampleRoleAssignPlayer
3,status,11,POSSESSED,ALIVE,SampleRoleAssignPlayer
3,status,12,WEREWOLF,DEAD,SampleRoleAssignPlayer
3,status,13,VILLAGER,ALIVE,SampleRoleAssignPlayer
3,status,14,VILLAGER,ALIVE,SampleRoleAssignPlayer
3,status,15,WEREWOLF,ALIVE,SampleRoleAssignPlayer
3,talk,0,0,9,VOTE Agent[15]
3,talk,1,0,13,VOTE Agent[06]
3,talk,2,0,11,DAY 3 (DIVINED Agent[09] HUMAN)
3,talk,3,0,6,VOTE Agent[09]
3,talk,4,0,4,VOTE Agent[03]
3,talk,5,0,2,DAY 3 (DIVINED Agent[13] HUMAN)
3,talk,6,0,10,VOTE Agent[08]
3,talk,7,0,8,VOTE Agent[15]
3,talk,8,0,7,VOTE Agent[11]
3,talk,9,0,14,VOTE Agent[09]
3,talk,10,0,3,VOTE Agent[06]
3,talk,11,0,15,VOTE Agent[10]
3,talk,12,1,3,REQUEST ANY (VOTE Agent[06])
3,talk,13,1,9,REQUEST ANY (VOTE Agent[15])
3,talk,14,1,7,REQUEST ANY (VOTE Agent[11])
3,talk,15,1,4,REQUEST ANY (VOTE Agent[03])
3,talk,16,1,8,REQUEST ANY (VOTE Agent[15])
3,talk,17,1,6,REQUEST ANY (VOTE Agent[09])
3,talk,18,1,10,REQUEST ANY (VOTE Agent[08])
3,talk,19,1,14,REQUEST ANY (VOTE Agent[09])
3,talk,20,1,13,REQUEST ANY (VOTE Agent[06])
3,talk,21,1,15,REQUEST ANY (VOTE Agent[10])
3,talk,22,1,2,DIVINED Agent[13] HUMAN
3,talk,23,1,11,DIVINED Agent[09] HUMAN
3,talk,24,2,13,Skip
3,talk,25,2,15,Skip
3,talk,26,2,8,Skip
3,talk,27,2,9,Skip
3,talk,28,2,6,Skip
3,talk,29,2,2,VOTE Agent[14]
3,talk,30,2,14,Skip
3,talk,31,2,10,Skip
3,talk,32,2,7,Skip
3,talk,33,2,11,BECAUSE (DAY 1 (DIVINED Agent[02] WEREWOLF)) (AND (VOTE Agent[02]) (REQUEST ANY (VOTE Agent[02])))
3,talk,34,2,4,Skip
3,talk,35,2,3,Skip
3,talk,36,3,6,Skip
3,talk,37,3,9,Skip
3,talk,38,3,13,Skip
3,talk,39,3,11,VOTE Agent[02]
3,talk,40,3,10,Skip
3,talk,41,3,15,Skip
3,talk,42,3,4,Skip
3,talk,43,3,2,REQUEST ANY (VOTE Agent[14])
3,talk,44,3,14,Skip
3,talk,45,3,7,Skip
3,talk,46,3,3,Skip
3,talk,47,3,8,Skip
3,talk,48,4,2,Skip
3,talk,49,4,6,Over
3,talk,50,4,14,Over
3,talk,51,4,7,Over
3,talk,52,4,9,Over
3,talk,53,4,4,Over
3,talk,54,4,15,Over
3,talk,55,4,10,Over
3,talk,56,4,13,Over
3,talk,57,4,8,Over
3,talk,58,4,3,Over
3,talk,59,4,11,REQUEST ANY (VOTE Agent[02])
3,talk,60,5,13,Over
3,talk,61,5,8,Over
3,talk,62,5,2,Skip
3,talk,63,5,3,Over
3,talk,64,5,15,Over
3,talk,65,5,4,Over
3,talk,66,5,6,Over
3,talk,67,5,10,Over
3,talk,68,5,9,Over
3,talk,69,5,14,Over
3,talk,70,5,11,Skip
3,talk,71,5,7,Over
3,talk,72,6,4,Over
3,talk,73,6,9,Over
3,talk,74,6,15,Over
3,talk,75,6,14,Over
3,talk,76,6,13,Over
3,talk,77,6,7,Over
3,talk,78,6,2,Over
3,talk,79,6,6,Over
3,talk,80,6,3,Over
3,talk,81,6,8,Over
3,talk,82,6,11,Skip
3,talk,83,6,10,Over
3,talk,84,7,2,Over
3,talk,85,7,10,Over
3,talk,86,7,6,Over
3,talk,87,7,4,Over
3,talk,88,7,8,Over
3,talk,89,7,3,Over
3,talk,90,7,14,Over
3,talk,91,7,15,Over
3,talk,92,7,9,Over
3,talk,93,7,11,Over
3,talk,94,7,13,Over
3,talk,95,7,7,Over
3,vote,2,15
3,vote,3,9
3,vote,4,3
3,vote,6,14
3,vote,7,15
3,vote,8,10
3,vote,9,3
3,vote,10,2
3,vote,11,2
3,vote,13,15
3,vote,14,9
3,vote,15,10
3,execute,15,WEREWOLF
3,divine,2,6,HUMAN
3,guard,8,11,POSSESSED
3,attackVote,4,2
3,attack,2,true
4,status,1,VILLAGER,DEAD,SampleRoleAssignPlayer
4,status,2,SEER,DEAD,SampleRoleAssignPlayer
4,status,3,VILLAGER,ALIVE,SampleRoleAssignPlayer
4,status,4,WEREWOLF,ALIVE,SampleRoleAssignPlayer
4,status,5,MEDIUM,DEAD,SampleRoleAssignPlayer
4,status,6,VILLAGER,ALIVE,SampleRoleAssignPlayer
4,status,7,VILLAGER,ALIVE,SampleRoleAssignPlayer
4,status,8,BODYGUARD,ALIVE,SampleRoleAssignPlayer
4,status,9,VILLAGER,ALIVE,SampleRoleAssignPlayer
4,status,10,VILLAGER,ALIVE,SampleRoleAssignPlayer
4,status,11,POSSESSED,ALIVE,SampleRoleAssignPlayer
4,status,12,WEREWOLF,DEAD,SampleRoleAssignPlayer
4,status,13,VILLAGER,ALIVE,SampleRoleAssignPlayer
4,status,14,VILLAGER,ALIVE,SampleRoleAssignPlayer
4,status,15,WEREWOLF,DEAD,SampleRoleAssignPlayer
4,talk,0,0,3,BECAUSE (AND (ANY ATTACKED Agent[02]) (DAY 1 (Agent[11] DIVINED Agent[02] WEREWOLF))) (XOR (ESTIMATE Agent[11] WEREWOLF) (ESTIMATE Agent[11] POSSESSED))
4,talk,1,0,4,BECAUSE (AND (NOT (COMINGOUT Agent[11] WEREWOLF)) (NOT (COMINGOUT Agent[02] WEREWOLF)) (DAY 1 (Agent[11] DIVINED Agent[02] WEREWOLF))) (ESTIMATE Agent[11] POSSESSED)
4,talk,2,0,6,VOTE Agent[11]
4,talk,3,0,8,BECAUSE (AND (ANY ATTACKED Agent[02]) (DAY 1 (Agent[11] DIVINED Agent[02] WEREWOLF))) (XOR (ESTIMATE Agent[11] WEREWOLF) (ESTIMATE Agent[11] POSSESSED))
4,talk,4,0,13,BECAUSE (AND (ANY ATTACKED Agent[02]) (DAY 1 (Agent[11] DIVINED Agent[02] WEREWOLF))) (XOR (ESTIMATE Agent[11] WEREWOLF) (ESTIMATE Agent[11] POSSESSED))
4,talk,5,0,7,BECAUSE (AND (ANY ATTACKED Agent[02]) (DAY 1 (Agent[11] DIVINED Agent[02] WEREWOLF))) (XOR (ESTIMATE Agent[11] WEREWOLF) (ESTIMATE Agent[11] POSSESSED))
4,talk,6,0,9,BECAUSE (AND (ANY ATTACKED Agent[02]) (DAY 1 (Agent[11] DIVINED Agent[02] WEREWOLF))) (XOR (ESTIMATE Agent[11] WEREWOLF) (ESTIMATE Agent[11] POSSESSED))
4,talk,7,0,11,DAY 4 (DIVINED Agent[14] HUMAN)
4,talk,8,0,14,BECAUSE (AND (ANY ATTACKED Agent[02]) (DAY 1 (Agent[11] DIVINED Agent[02] WEREWOLF))) (XOR (ESTIMATE Agent[11] WEREWOLF) (ESTIMATE Agent[11] POSSESSED))
4,talk,9,0,10,BECAUSE (AND (ANY ATTACKED Agent[02]) (DAY 1 (Agent[11] DIVINED Agent[02] WEREWOLF))) (XOR (ESTIMATE Agent[11] WEREWOLF) (ESTIMATE Agent[11] POSSESSED))
4,talk,10,1,8,BECAUSE (XOR (ESTIMATE Agent[11] WEREWOLF) (ESTIMATE Agent[11] POSSESSED)) (AND (VOTE Agent[11]) (REQUEST ANY (VOTE Agent[11])))
4,talk,11,1,6,REQUEST ANY (VOTE Agent[11])
4,talk,12,1,14,BECAUSE (XOR (ESTIMATE Agent[11] WEREWOLF) (ESTIMATE Agent[11] POSSESSED)) (AND (VOTE Agent[11]) (REQUEST ANY (VOTE Agent[11])))
4,talk,13,1,11,DIVINED Agent[14] HUMAN
4,talk,14,1,7,BECAUSE (XOR (ESTIMATE Agent[11] WEREWOLF) (ESTIMATE Agent[11] POSSESSED)) (AND (VOTE Agent[11]) (REQUEST ANY (VOTE Agent[11])))
4,talk,15,1,10,BECAUSE (XOR (ESTIMATE Agent[11] WEREWOLF) (ESTIMATE Agent[11] POSSESSED)) (AND (VOTE Agent[11]) (REQUEST ANY (VOTE Agent[11])))
4,talk,16,1,9,BECAUSE (XOR (ESTIMATE Agent[11] WEREWOLF) (ESTIMATE Agent[11] POSSESSED)) (AND (VOTE Agent[11]) (REQUEST ANY (VOTE Agent[11])))
4,talk,17,1,4,BECAUSE (ESTIMATE Agent[11] POSSESSED) (AND (VOTE Agent[11]) (REQUEST ANY (VOTE Agent[11])))
4,talk,18,1,3,BECAUSE (XOR (ESTIMATE Agent[11] WEREWOLF) (ESTIMATE Agent[11] POSSESSED)) (AND (VOTE Agent[11]) (REQUEST ANY (VOTE Agent[11])))
4,talk,19,1,13,BECAUSE (XOR (ESTIMATE Agent[11] WEREWOLF) (ESTIMATE Agent[11] POSSESSED)) (AND (VOTE Agent[11]) (REQUEST ANY (VOTE Agent[11])))
4,talk,20,2,13,VOTE Agent[11]
4,talk,21,2,10,VOTE Agent[11]
4,talk,22,2,11,VOTE Agent[07]
4,talk,23,2,14,VOTE Agent[11]
4,talk,24,2,8,VOTE Agent[11]
4,talk,25,2,7,VOTE Agent[11]
4,talk,26,2,6,Skip
4,talk,27,2,4,VOTE Agent[11]
4,talk,28,2,3,VOTE Agent[11]
4,talk,29,2,9,VOTE Agent[11]
4,talk,30,3,11,REQUEST ANY (VOTE Agent[07])
4,talk,31,3,8,REQUEST ANY (VOTE Agent[11])
4,talk,32,3,10,REQUEST ANY (VOTE Agent[11])
4,talk,33,3,7,REQUEST ANY (VOTE Agent[11])
4,talk,34,3,3,REQUEST ANY (VOTE Agent[11])
4,talk,35,3,9,REQUEST ANY (VOTE Agent[11])
4,talk,36,3,13,REQUEST ANY (VOTE Agent[11])
4,talk,37,3,14,REQUEST ANY (VOTE Agent[11])
4,talk,38,3,4,REQUEST ANY (VOTE Agent[11])
4,talk,39,3,6,Skip
4,talk,40,4,13,Skip
4,talk,41,4,6,Over
4,talk,42,4,3,Skip
4,talk,43,4,9,Skip
4,talk,44,4,7,Skip
4,talk,45,4,4,Skip
4,talk,46,4,10,Skip
4,talk,47,4,11,Skip
4,talk,48,4,14,Skip
4,talk,49,4,8,Skip
4,talk,50,5,9,Skip
4,talk,51,5,8,Skip
4,talk,52,5,6,Over
4,talk,53,5,4,Skip
4,talk,54,5,11,Skip
4,talk,55,5,3,Skip
4,talk,56,5,7,Skip
4,talk,57,5,14,Skip
4,talk,58,5,10,Skip
4,talk,59,5,13,Skip
4,talk,60,6,10,Over
4,talk,61,6,14,Over
4,talk,62,6,8,Over
4,talk,63,6,9,Over
4,talk,64,6,3,Over
4,talk,65,6,7,Over
4,talk,66,6,4,Over
4,talk,67,6,6,Over
4,talk,68,6,13,Over
4,talk,69,6,11,Over
4,vote,3,11
4,vote,4,11
4,vote,6,11
4,vote,7,11
4,vote,8,11
4,vote,9,11
4,vote,10,11
4,vote,11,8
4,vote,13,11
4,vote,14,11
4,execute,11,POSSESSED
4,guard,8,7,VILLAGER
4,attackVote,4,7
4,attack,7,false
5,status,1,VILLAGER,DEAD,SampleRoleAssignPlayer
5,status,2,SEER,DEAD,SampleRoleAssignPlayer
5,status,3,VILLAGER,ALIVE,SampleRoleAssignPlayer
5,status,4,WEREWOLF,ALIVE,SampleRoleAssignPlayer
5,status,5,MEDIUM,DEAD,SampleRoleAssignPlayer
5,status,6,VILLAGER,ALIVE,SampleRoleAssignPlayer
5,status,7,VILLAGER,ALIVE,SampleRoleAssignPlayer
5,status,8,BODYGUARD,ALIVE,SampleRoleAssignPlayer
5,status,9,VILLAGER,ALIVE,SampleRoleAssignPlayer
5,status,10,VILLAGER,ALIVE,SampleRoleAssignPlayer
5,status,11,POSSESSED,DEAD,SampleRoleAssignPlayer
5,status,12,WEREWOLF,DEAD,SampleRoleAssignPlayer
5,status,13,VILLAGER,ALIVE,SampleRoleAssignPlayer
5,status,14,VILLAGER,ALIVE,SampleRoleAssignPlayer
5,status,15,WEREWOLF,DEAD,SampleRoleAssignPlayer
5,talk,0,0,9,VOTE Agent[10]
5,talk,1,0,6,VOTE Agent[07]
5,talk,2,0,4,BECAUSE (AND (NOT (COMINGOUT Agent[11] WEREWOLF)) (NOT (COMINGOUT Agent[02] WEREWOLF)) (DAY 1 (Agent[11] DIVINED Agent[02] WEREWOLF))) (ESTIMATE Agent[11] POSSESSED)
5,talk,3,0,3,VOTE Agent[13]
5,talk,4,0,13,VOTE Agent[09]
5,talk,5,0,7,VOTE Agent[14]
5,talk,6,0,8,VOTE Agent[13]
5,talk,7,0,14,VOTE Agent[08]
5,talk,8,0,10,VOTE Agent[04]
5,talk,9,1,10,REQUEST ANY (VOTE Agent[04])
5,talk,10,1,7,REQUEST ANY (VOTE Agent[14])
5,talk,11,1,14,REQUEST ANY (VOTE Agent[08])
5,talk,12,1,6,REQUEST ANY (VOTE Agent[07])
5,talk,13,1,8,REQUEST ANY (VOTE Agent[13])
5,talk,14,1,13,REQUEST ANY (VOTE Agent[09])
5,talk,15,1,3,REQUEST ANY (VOTE Agent[13])
5,talk,16,1,9,REQUEST ANY (VOTE Agent[10])
5,talk,17,1,4,BECAUSE (ESTIMATE Agent[11] POSSESSED) (AND (VOTE Agent[11]) (REQUEST ANY (VOTE Agent[11])))
5,talk,18,2,13,Skip
5,talk,19,2,10,Skip
5,talk,20,2,4,VOTE Agent[11]
5,talk,21,2,14,Skip
5,talk,22,2,3,Skip
5,talk,23,2,6,Skip
5,talk,24,2,9,Skip
5,talk,25,2,8,Skip
5,talk,26,2,7,Skip
5,talk,27,3,3,Skip
5,talk,28,3,10,Skip
5,talk,29,3,9,Skip
5,talk,30,3,8,Skip
5,talk,31,3,6,Skip
5,talk,32,3,13,Skip
5,talk,33,3,4,REQUEST ANY (VOTE Agent[11])
5,talk,34,3,14,Skip
5,talk,35,3,7,Skip
5,talk,36,4,8,Over
5,talk,37,4,3,Over
5,talk,38,4,9,Over
5,talk,39,4,7,Over
5,talk,40,4,14,Over
5,talk,41,4,10,Over
5,talk,42,4,13,Over
5,talk,43,4,6,Over
5,talk,44,4,4,Skip
5,talk,45,5,7,Over
5,talk,46,5,6,Over
5,talk,47,5,10,Over
5,talk,48,5,8,Over
5,talk,49,5,13,Over
5,talk,50,5,4,Skip
5,talk,51,5,14,Over
5,talk,52,5,9,Over
5,talk,53,5,3,Over
5,talk,54,6,4,Over
5,talk,55,6,3,Over
5,talk,56,6,14,Over
5,talk,57,6,13,Over
5,talk,58,6,10,Over
5,talk,59,6,6,Over
5,talk,60,6,9,Over
5,talk,61,6,7,Over
5,talk,62,6,8,Over
5,vote,3,9
5,vote,4,14
5,vote,6,13
5,vote,7,4
5,vote,8,13
5,vote,9,13
5,vote,10,7
5,vote,13,14
5,vote,14,13
5,execute,13,VILLAGER
5,guard,8,7,VILLAGER
5,attackVote,4,8
5,attack,8,true
6,status,1,VILLAGER,DEAD,SampleRoleAssignPlayer
6,status,2,SEER,DEAD,SampleRoleAssignPlayer
6,status,3,VILLAGER,ALIVE,SampleRoleAssignPlayer
6,status,4,WEREWOLF,ALIVE,SampleRoleAssignPlayer
6,status,5,MEDIUM,DEAD,SampleRoleAssignPlayer
6,status,6,VILLAGER,ALIVE,SampleRoleAssignPlayer
6,status,7,VILLAGER,ALIVE,SampleRoleAssignPlayer
6,status,8,BODYGUARD,DEAD,SampleRoleAssignPlayer
6,status,9,VILLAGER,ALIVE,SampleRoleAssignPlayer
6,status,10,VILLAGER,ALIVE,SampleRoleAssignPlayer
6,status,11,POSSESSED,DEAD,SampleRoleAssignPlayer
6,status,12,WEREWOLF,DEAD,SampleRoleAssignPlayer
6,status,13,VILLAGER,DEAD,SampleRoleAssignPlayer
6,status,14,VILLAGER,ALIVE,SampleRoleAssignPlayer
6,status,15,WEREWOLF,DEAD,SampleRoleAssignPlayer
6,talk,0,0,9,VOTE Agent[04]
6,talk,1,0,14,VOTE Agent[03]
6,talk,2,0,3,VOTE Agent[04]
6,talk,3,0,10,VOTE Agent[14]
6,talk,4,0,4,BECAUSE (AND (NOT (COMINGOUT Agent[11] WEREWOLF)) (NOT (COMINGOUT Agent[02] WEREWOLF)) (DAY 1 (Agent[11] DIVINED Agent[02] WEREWOLF))) (ESTIMATE Agent[11] POSSESSED)
6,talk,5,0,7,VOTE Agent[03]
6,talk,6,0,6,VOTE Agent[07]
6,talk,7,1,6,REQUEST ANY (VOTE Agent[07])
6,talk,8,1,4,BECAUSE (ESTIMATE Agent[11] POSSESSED) (AND (VOTE Agent[11]) (REQUEST ANY (VOTE Agent[11])))
6,talk,9,1,9,REQUEST ANY (VOTE Agent[04])
6,talk,10,1,3,REQUEST ANY (VOTE Agent[04])
6,talk,11,1,10,REQUEST ANY (VOTE Agent[14])
6,talk,12,1,7,REQUEST ANY (VOTE Agent[03])
6,talk,13,1,14,REQUEST ANY (VOTE Agent[03])
6,talk,14,2,10,Skip
6,talk,15,2,4,VOTE Agent[11]
6,talk,16,2,9,Skip
6,talk,17,2,14,Skip
6,talk,18,2,3,Skip
6,talk,19,2,7,Skip
6,talk,20,2,6,Skip
6,talk,21,3,10,Skip
6,talk,22,3,3,Skip
6,talk,23,3,6,Skip
6,talk,24,3,4,REQUEST ANY (VOTE Agent[11])
6,talk,25,3,9,Skip
6,talk,26,3,7,Skip
6,talk,27,3,14,Skip
6,talk,28,4,3,Over
6,talk,29,4,7,Over
6,talk,30,4,4,Skip
6,talk,31,4,6,Over
6,talk,32,4,10,Over
6,talk,33,4,14,Over
6,talk,34,4,9,Over
6,talk,35,5,10,Over
6,talk,36,5,3,Over
6,talk,37,5,7,Over
6,talk,38,5,14,Over
6,talk,39,5,9,Over
6,talk,40,5,4,Skip
6,talk,41,5,6,Over
6,talk,42,6,3,Over
6,talk,43,6,9,Over
6,talk,44,6,7,Over
6,talk,45,6,14,Over
6,talk,46,6,4,Over
6,talk,47,6,6,Over
6,talk,48,6,10,Over
6,vote,3,4
6,vote,4,9
6,vote,6,3
6,vote,7,14
6,vote,9,14
6,vote,10,3
6,vote,14,7
6,vote,3,14
6,vote,4,3
6,vote,6,3
6,vote,7,3
6,vote,9,3
6,vote,10,3
6,vote,14,3
6,execute,3,VILLAGER
6,attackVote,4,9
6,attack,9,true
7,status,1,VILLAGER,DEAD,SampleRoleAssignPlayer
7,status,2,SEER,DEAD,SampleRoleAssignPlayer
7,status,3,VILLAGER,DEAD,SampleRoleAssignPlayer
7,status,4,WEREWOLF,ALIVE,SampleRoleAssignPlayer
7,status,5,MEDIUM,DEAD,SampleRoleAssignPlayer
7,status,6,VILLAGER,ALIVE,SampleRoleAssignPlayer
7,status,7,VILLAGER,ALIVE,SampleRoleAssignPlayer
7,status,8,BODYGUARD,DEAD,SampleRoleAssignPlayer
7,status,9,VILLAGER,DEAD,SampleRoleAssignPlayer
7,status,10,VILLAGER,ALIVE,SampleRoleAssignPlayer
7,status,11,POSSESSED,DEAD,SampleRoleAssignPlayer
7,status,12,WEREWOLF,DEAD,SampleRoleAssignPlayer
7,status,13,VILLAGER,DEAD,SampleRoleAssignPlayer
7,status,14,VILLAGER,ALIVE,SampleRoleAssignPlayer
7,status,15,WEREWOLF,DEAD,SampleRoleAssignPlayer
7,talk,0,0,14,VOTE Agent[07]
7,talk,1,0,6,VOTE Agent[04]
7,talk,2,0,7,VOTE Agent[10]
7,talk,3,0,4,BECAUSE (AND (NOT (COMINGOUT Agent[11] WEREWOLF)) (NOT (COMINGOUT Agent[02] WEREWOLF)) (DAY 1 (Agent[11] DIVINED Agent[02] WEREWOLF))) (ESTIMATE Agent[11] POSSESSED)
7,talk,4,0,10,VOTE Agent[07]
7,talk,5,1,10,REQUEST ANY (VOTE Agent[07])
7,talk,6,1,6,REQUEST ANY (VOTE Agent[04])
7,talk,7,1,7,REQUEST ANY (VOTE Agent[10])
7,talk,8,1,14,REQUEST ANY (VOTE Agent[07])
7,talk,9,1,4,BECAUSE (ESTIMATE Agent[11] POSSESSED) (AND (VOTE Agent[11]) (REQUEST ANY (VOTE Agent[11])))
7,talk,10,2,10,Skip
7,talk,11,2,14,Skip
7,talk,12,2,7,Skip
7,talk,13,2,4,VOTE Agent[11]
7,talk,14,2,6,Skip
7,talk,15,3,7,Skip
7,talk,16,3,10,Skip
7,talk,17,3,4,REQUEST ANY (VOTE Agent[11])
7,talk,18,3,6,Skip
7,talk,19,3,14,Skip
7,talk,20,4,14,Over
7,talk,21,4,6,Over
7,talk,22,4,7,Over
7,talk,23,4,4,Skip
7,talk,24,4,10,Over
7,talk,25,5,4,Skip
7,talk,26,5,7,Over
7,talk,27,5,6,Over
7,talk,28,5,10,Over
7,talk,29,5,14,Over
7,talk,30,6,14,Over
7,talk,31,6,7,Over
7,talk,32,6,4,Over
7,talk,33,6,10,Over
7,talk,34,6,6,Over
7,vote,4,6
7,vote,6,14
7,vote,7,14
7,vote,10,4
7,vote,14,7
7,execute,14,VILLAGER
7,attackVote,4,10
7,attack,10,true
8,status,1,VILLAGER,DEAD,SampleRoleAssignPlayer
8,status,2,SEER,DEAD,SampleRoleAssignPlayer
8,status,3,VILLAGER,DEAD,SampleRoleAssignPlayer
8,status,4,WEREWOLF,ALIVE,SampleRoleAssignPlayer
8,status,5,MEDIUM,DEAD,SampleRoleAssignPlayer
8,status,6,VILLAGER,ALIVE,SampleRoleAssignPlayer
8,status,7,VILLAGER,ALIVE,SampleRoleAssignPlayer
8,status,8,BODYGUARD,DEAD,SampleRoleAssignPlayer
8,status,9,VILLAGER,DEAD,SampleRoleAssignPlayer
8,status,10,VILLAGER,DEAD,SampleRoleAssignPlayer
8,status,11,POSSESSED,DEAD,SampleRoleAssignPlayer
8,status,12,WEREWOLF,DEAD,SampleRoleAssignPlayer
8,status,13,VILLAGER,DEAD,SampleRoleAssignPlayer
8,status,14,VILLAGER,DEAD,SampleRoleAssignPlayer
8,status,15,WEREWOLF,DEAD,SampleRoleAssignPlayer
8,talk,0,0,4,BECAUSE (AND (NOT (COMINGOUT Agent[11] WEREWOLF)) (NOT (COMINGOUT Agent[02] WEREWOLF)) (DAY 1 (Agent[11] DIVINED Agent[02] WEREWOLF))) (ESTIMATE Agent[11] POSSESSED)
8,talk,1,0,7,VOTE Agent[06]
8,talk,2,0,6,VOTE Agent[07]
8,talk,3,1,6,REQUEST ANY (VOTE Agent[07])
8,talk,4,1,7,REQUEST ANY (VOTE Agent[06])
8,talk,5,1,4,BECAUSE (ESTIMATE Agent[11] POSSESSED) (AND (VOTE Agent[11]) (REQUEST ANY (VOTE Agent[11])))
8,talk,6,2,7,Skip
8,talk,7,2,4,VOTE Agent[11]
8,talk,8,2,6,Skip
8,talk,9,3,7,Skip
8,talk,10,3,4,REQUEST ANY (VOTE Agent[11])
8,talk,11,3,6,Skip
8,talk,12,4,4,Skip
8,talk,13,4,6,Over
8,talk,14,4,7,Over
8,talk,15,5,6,Over
8,talk,16,5,7,Over
8,talk,17,5,4,Skip
8,talk,18,6,6,Over
8,talk,19,6,4,Over
8,talk,20,6,7,Over
8,vote,4,7
8,vote,6,7
8,vote,7,6
8,execute,7,VILLAGER
8,attackVote,4,6
8,attack,6,true
9,status,1,VILLAGER,DEAD,SampleRoleAssignPlayer
9,status,2,SEER,DEAD,SampleRoleAssignPlayer
9,status,3,VILLAGER,DEAD,SampleRoleAssignPlayer
9,status,4,WEREWOLF,ALIVE,SampleRoleAssignPlayer
9,status,5,MEDIUM,DEAD,SampleRoleAssignPlayer
9,status,6,VILLAGER,DEAD,SampleRoleAssignPlayer
9,status,7,VILLAGER,DEAD,SampleRoleAssignPlayer
9,status,8,BODYGUARD,DEAD,SampleRoleAssignPlayer
9,status,9,VILLAGER,DEAD,SampleRoleAssignPlayer
9,status,10,VILLAGER,DEAD,SampleRoleAssignPlayer
9,status,11,POSSESSED,DEAD,SampleRoleAssignPlayer
9,status,12,WEREWOLF,DEAD,SampleRoleAssignPlayer
9,status,13,VILLAGER,DEAD,SampleRoleAssignPlayer
9,status,14,VILLAGER,DEAD,SampleRoleAssignPlayer
9,status,15,WEREWOLF,DEAD,SampleRoleAssignPlayer
9,result,0,1,WEREWOLF
