0,status,1,VILLAGER,ALIVE,Sample5
0,status,2,SEER,ALIVE,Sample2
0,status,3,POSSESSED,ALIVE,Sample4
0,status,4,WEREWOLF,ALIVE,Sample1
0,status,5,VILLAGER,ALIVE,Sample3
0,divine,2,4,WEREWOLF
1,status,1,VILLAGER,ALIVE,Sample5
1,status,2,SEER,ALIVE,Sample2
1,status,3,POSSESSED,ALIVE,Sample4
1,status,4,WEREWOLF,ALIVE,Sample1
1,status,5,VILLAGER,ALIVE,Sample3
1,talk,0,0,4,VOTE Agent[03]
1,talk,1,0,1,VOTE Agent[03]
1,talk,2,0,2,COMINGOUT Agent[02] SEER
1,talk,3,0,5,VOTE Agent[02]
1,talk,4,0,3,COMINGOUT Agent[03] SEER
1,talk,5,1,2,DAY 1 (DIVINED Agent[04] WEREWOLF)
1,talk,6,1,1,REQUEST ANY (VOTE Agent[03])
1,talk,7,1,5,REQUEST ANY (VOTE Agent[02])
1,talk,8,1,4,REQUEST ANY (VOTE Agent[03])
1,talk,9,1,3,DAY 1 (DIVINED Agent[02] WEREWOLF)
1,talk,10,2,3,DIVINED Agent[02] WEREWOLF
1,talk,11,2,2,DIVINED Agent[04] WEREWOLF
1,talk,12,2,4,BECAUSE (AND (COMINGOUT Agent[04] VILLAGER) (DAY 1 (Agent[02] DIVINED Agent[04] WEREWOLF))) (XOR (ESTIMATE Agent[02] WEREWOLF) (ESTIMATE Agent[02] POSSESSED))
1,talk,13,2,1,Skip
1,talk,14,2,5,Skip
1,talk,15,3,4,BECAUSE (XOR (ESTIMATE Agent[02] WEREWOLF) (ESTIMATE Agent[02] POSSESSED)) (AND (VOTE Agent[02]) (REQUEST ANY (VOTE Agent[02])))
1,talk,16,3,5,Skip
1,talk,17,3,3,BECAUSE (DAY 1 (DIVINED Agent[02] WEREWOLF)) (AND (VOTE Agent[02]) (REQUEST ANY (VOTE Agent[02])))
1,talk,18,3,1,Skip
1,talk,19,3,2,BECAUSE (DAY 1 (DIVINED Agent[04] WEREWOLF)) (AND (VOTE Agent[04]) (REQUEST ANY (VOTE Agent[04])))
1,talk,20,4,4,VOTE Agent[02]
1,talk,21,4,3,VOTE Agent[02]
1,talk,22,4,1,Over
1,talk,23,4,5,Over
1,talk,24,4,2,VOTE Agent[04]
1,talk,25,5,1,Over
1,talk,26,5,5,Over
1,talk,27,5,2,REQUEST ANY (VOTE Agent[04])
1,talk,28,5,3,REQUEST ANY (VOTE Agent[02])
1,talk,29,5,4,REQUEST ANY (VOTE Agent[02])
1,talk,30,6,5,Over
1,talk,31,6,3,Skip
1,talk,32,6,2,Skip
1,talk,33,6,1,Over
1,talk,34,6,4,Skip
1,talk,35,7,2,Skip
1,talk,36,7,4,Skip
1,talk,37,7,5,Over
1,talk,38,7,1,Over
1,talk,39,7,3,Skip
1,talk,40,8,2,Over
1,talk,41,8,5,Over
1,talk,42,8,4,Over
1,talk,43,8,1,Over
1,talk,44,8,3,Over
1,vote,1,4
1,vote,2,4
1,vote,3,2
1,vote,4,2
1,vote,5,3
1,vote,1,2
1,vote,2,4
1,vote,3,2
1,vote,4,2
1,vote,5,2
1,execute,2,SEER
1,attackVote,4,5
1,attack,5,true
2,status,1,VILLAGER,ALIVE,Sample5
2,status,2,SEER,DEAD,Sample2
2,status,3,POSSESSED,ALIVE,Sample4
2,status,4,WEREWOLF,ALIVE,Sample1
2,status,5,VILLAGER,DEAD,Sample3
2,talk,0,0,4,BECAUSE (AND (COMINGOUT Agent[04] VILLAGER) (DAY 1 (Agent[02] DIVINED Agent[04] WEREWOLF))) (XOR (ESTIMATE Agent[02] WEREWOLF) (ESTIMATE Agent[02] POSSESSED))
2,talk,1,0,3,DAY 2 (DIVINED Agent[01] HUMAN)
2,talk,2,0,1,VOTE Agent[04]
2,talk,3,1,4,BECAUSE (XOR (ESTIMATE Agent[02] WEREWOLF) (ESTIMATE Agent[02] POSSESSED)) (AND (VOTE Agent[02]) (REQUEST ANY (VOTE Agent[02])))
2,talk,4,1,1,REQUEST ANY (VOTE Agent[04])
2,talk,5,1,3,DIVINED Agent[01] HUMAN
2,talk,6,2,3,VOTE Agent[05]
2,talk,7,2,4,VOTE Agent[02]
2,talk,8,2,1,Skip
2,talk,9,3,4,REQUEST ANY (VOTE Agent[02])
2,talk,10,3,1,Skip
2,talk,11,3,3,REQUEST ANY (VOTE Agent[05])
2,talk,12,4,4,Skip
2,talk,13,4,1,Over
2,talk,14,4,3,Skip
2,talk,15,5,1,Over
2,talk,16,5,3,Skip
2,talk,17,5,4,Skip
2,talk,18,6,1,Over
2,talk,19,6,4,Over
2,talk,20,6,3,VOTE Agent[04]
2,talk,21,7,4,Over
2,talk,22,7,3,REQUEST ANY (VOTE Agent[04])
2,talk,23,7,1,Over
2,talk,24,8,4,Over
2,talk,25,8,1,Over
2,talk,26,8,3,Skip
2,talk,27,9,4,Over
2,talk,28,9,3,Skip
2,talk,29,9,1,Over
2,talk,30,10,1,Over
2,talk,31,10,3,Over
2,talk,32,10,4,Over
2,vote,1,4
2,vote,3,4
2,vote,4,3
2,execute,4,WEREWOLF
3,status,1,VILLAGER,ALIVE,Sample5
3,status,2,SEER,DEAD,Sample2
3,status,3,POSSESSED,ALIVE,Sample4
3,status,4,WEREWOLF,DEAD,Sample1
3,status,5,VILLAGER,DEAD,Sample3
3,result,2,0,VILLAGER
