0,status,1,POSSESSED,ALIVE,Sample5
0,status,2,SEER,ALIVE,Sample2
0,status,3,VILLAGER,ALIVE,Sample4
0,status,4,WEREWOLF,ALIVE,Sample1
0,status,5,VILLAGER,ALIVE,Sample3
0,divine,2,1,HUMAN
1,status,1,POSSESSED,ALIVE,Sample5
1,status,2,SEER,ALIVE,Sample2
1,status,3,VILLAGER,ALIVE,Sample4
1,status,4,WEREWOLF,ALIVE,Sample1
1,status,5,VILLAGER,ALIVE,Sample3
1,talk,0,0,2,VOTE Agent[05]
1,talk,1,0,1,VOTE Agent[05]
1,talk,2,0,4,VOTE Agent[02]
1,talk,3,0,5,VOTE Agent[02]
1,talk,4,0,3,VOTE Agent[02]
1,talk,5,1,2,REQUEST ANY (VOTE Agent[05])
1,talk,6,1,1,REQUEST ANY (VOTE Agent[05])
1,talk,7,1,4,REQUEST ANY (VOTE Agent[02])
1,talk,8,1,3,REQUEST ANY (VOTE Agent[02])
1,talk,9,1,5,REQUEST ANY (VOTE Agent[02])
1,talk,10,2,5,Skip
1,talk,11,2,4,Skip
1,talk,12,2,3,Skip
1,talk,13,2,2,Skip
1,talk,14,2,1,Skip
1,talk,15,3,4,Skip
1,talk,16,3,3,Skip
1,talk,17,3,5,Skip
1,talk,18,3,2,Skip
1,talk,19,3,1,Skip
1,talk,20,4,2,Over
1,talk,21,4,5,Over
1,talk,22,4,3,Over
1,talk,23,4,4,Over
1,talk,24,4,1,Over
1,vote,1,2
1,vote,2,5
1,vote,3,2
1,vote,4,2
1,vote,5,2
1,execute,2,SEER
1,attackVote,4,5
1,attack,5,true
2,status,1,POSSESSED,ALIVE,Sample5
2,status,2,SEER,DEAD,Sample2
2,status,3,VILLAGER,ALIVE,Sample4
2,status,4,WEREWOLF,ALIVE,Sample1
2,status,5,VILLAGER,DEAD,Sample3
2,talk,0,0,4,VOTE Agent[02]
2,talk,1,0,1,VOTE Agent[04]
2,talk,2,0,3,VOTE Agent[04]
2,talk,3,1,1,REQUEST ANY (VOTE Agent[04])
2,talk,4,1,4,REQUEST ANY (VOTE Agent[02])
2,talk,5,1,3,REQUEST ANY (VOTE Agent[04])
2,talk,6,2,4,Skip
2,talk,7,2,1,Skip
2,talk,8,2,3,Skip
2,talk,9,3,4,Skip
2,talk,10,3,1,Skip
2,talk,11,3,3,Skip
2,talk,12,4,1,Over
2,talk,13,4,4,Over
2,talk,14,4,3,Over
2,vote,1,3
2,vote,3,1
2,vote,4,3
2,execute,3,VILLAGER
2,attackVote,4,1
2,attack,1,true
3,status,1,POSSESSED,DEAD,Sample5
3,status,2,SEER,DEAD,Sample2
3,status,3,VILLAGER,DEAD,Sample4
3,status,4,WEREWOLF,ALIVE,Sample1
3,status,5,VILLAGER,DEAD,Sample3
3,result,0,1,WEREWOLF
