0,status,1,VILLAGER,ALIVE,Sample5
0,status,2,SEER,ALIVE,Sample2
0,status,3,POSSESSED,ALIVE,Sample4
0,status,4,WEREWOLF,ALIVE,Sample1
0,status,5,VILLAGER,ALIVE,Sample3
0,divine,2,5,HUMAN
1,status,1,VILLAGER,ALIVE,Sample5
1,status,2,SEER,ALIVE,Sample2
1,status,3,POSSESSED,ALIVE,Sample4
1,status,4,WEREWOLF,ALIVE,Sample1
1,status,5,VILLAGER,ALIVE,Sample3
1,talk,0,0,3,VOTE Agent[04]
1,talk,1,0,5,VOTE Agent[03]
1,talk,2,0,4,COMINGOUT Agent[04] SEER
1,talk,3,0,1,VOTE Agent[05]
1,talk,4,0,2,COMINGOUT Agent[02] SEER
1,talk,5,1,1,REQUEST ANY (VOTE Agent[05])
1,talk,6,1,5,REQUEST ANY (VOTE Agent[03])
1,talk,7,1,2,DAY 1 (DIVINED Agent[05] HUMAN)
1,talk,8,1,4,DAY 1 (DIVINED Agent[05] WEREWOLF)
1,talk,9,1,3,REQUEST ANY (VOTE Agent[04])
1,talk,10,2,3,COMINGOUT Agent[03] SEER
1,talk,11,2,4,DIVINED Agent[05] WEREWOLF
1,talk,12,2,1,Skip
1,talk,13,2,5,BECAUSE (AND (COMINGOUT Agent[05] VILLAGER) (DAY 1 (Agent[04] DIVINED Agent[05] WEREWOLF))) (XOR (ESTIMATE Agent[04] WEREWOLF) (ESTIMATE Agent[04] POSSESSED))
1,talk,14,2,2,DIVINED Agent[05] HUMAN
1,talk,15,3,1,Skip
1,talk,16,3,4,BECAUSE (DAY 1 (DIVINED Agent[05] WEREWOLF)) (AND (VOTE Agent[05]) (REQUEST ANY (VOTE Agent[05])))
1,talk,17,3,3,DAY 1 (DIVINED Agent[02] WEREWOLF)
1,talk,18,3,2,BECAUSE (AND (COMINGOUT Agent[02] SEER) (Agent[04] COMINGOUT Agent[04] SEER)) (XOR (ESTIMATE Agent[04] WEREWOLF) (ESTIMATE Agent[04] POSSESSED))
1,talk,19,3,5,BECAUSE (XOR (ESTIMATE Agent[04] WEREWOLF) (ESTIMATE Agent[04] POSSESSED)) (AND (VOTE Agent[04]) (REQUEST ANY (VOTE Agent[04])))
1,talk,20,4,1,Over
1,talk,21,4,5,VOTE Agent[04]
1,talk,22,4,4,VOTE Agent[05]
1,talk,23,4,3,DIVINED Agent[02] WEREWOLF
1,talk,24,4,2,BECAUSE (XOR (ESTIMATE Agent[04] WEREWOLF) (ESTIMATE Agent[04] POSSESSED)) (AND (VOTE Agent[04]) (REQUEST ANY (VOTE Agent[04])))
1,talk,25,5,3,BECAUSE (DAY 1 (DIVINED Agent[02] WEREWOLF)) (AND (VOTE Agent[02]) (REQUEST ANY (VOTE Agent[02])))
1,talk,26,5,1,Over
1,talk,27,5,5,REQUEST ANY (VOTE Agent[04])
1,talk,28,5,4,REQUEST ANY (VOTE Agent[05])
1,talk,29,5,2,VOTE Agent[04]
1,talk,30,6,2,REQUEST ANY (VOTE Agent[04])
1,talk,31,6,3,VOTE Agent[02]
1,talk,32,6,5,Skip
1,talk,33,6,1,Over
1,talk,34,6,4,Skip
1,talk,35,7,5,Skip
1,talk,36,7,4,Skip
1,talk,37,7,1,Over
1,talk,38,7,2,Skip
1,talk,39,7,3,REQUEST ANY (VOTE Agent[02])
1,talk,40,8,3,Skip
1,talk,41,8,4,Over
1,talk,42,8,5,Over
1,talk,43,8,2,Skip
1,talk,44,8,1,Over
1,talk,45,9,3,Skip
1,talk,46,9,4,Over
1,talk,47,9,2,Over
1,talk,48,9,5,Over
1,talk,49,9,1,Over
1,talk,50,10,2,Over
1,talk,51,10,4,Over
1,talk,52,10,1,Over
1,talk,53,10,3,Over
1,talk,54,10,5,Over
1,vote,1,4
1,vote,2,4
1,vote,3,2
1,vote,4,5
1,vote,5,4
1,execute,4,WEREWOLF
1,divine,2,3,HUMAN
2,status,1,VILLAGER,ALIVE,Sample5
2,status,2,SEER,ALIVE,Sample2
2,status,3,POSSESSED,ALIVE,Sample4
2,status,4,WEREWOLF,DEAD,Sample1
2,status,5,VILLAGER,ALIVE,Sample3
2,result,4,0,VILLAGER
