0,status,1,WEREWOLF,ALIVE,SampleRoleAssignPlayer
0,status,2,VILLAGER,ALIVE,SampleRoleAssignPlayer
0,status,3,WEREWOLF,ALIVE,SampleRoleAssignPlayer
0,status,4,VILLAGER,ALIVE,SampleRoleAssignPlayer
0,status,5,WEREWOLF,ALIVE,SampleRoleAssignPlayer
0,status,6,POSSESSED,ALIVE,SampleRoleAssignPlayer
0,status,7,MEDIUM,ALIVE,SampleRoleAssignPlayer
0,status,8,VILLAGER,ALIVE,SampleRoleAssignPlayer
0,status,9,VILLAGER,ALIVE,SampleRoleAssignPlayer
0,status,10,VILLAGER,ALIVE,SampleRoleAssignPlayer
0,status,11,VILLAGER,ALIVE,SampleRoleAssignPlayer
0,status,12,VILLAGER,ALIVE,SampleRoleAssignPlayer
0,status,13,SEER,ALIVE,SampleRoleAssignPlayer
0,status,14,BODYGUARD,ALIVE,SampleRoleAssignPlayer
0,status,15,VILLAGER,ALIVE,SampleRoleAssignPlayer
0,whisper,0,0,5,COMINGOUT Agent[05] SEER
0,whisper,1,0,3,COMINGOUT Agent[03] SEER
0,whisper,2,0,1,COMINGOUT Agent[01] VILLAGER
0,whisper,3,1,3,Skip
0,whisper,4,1,1,Skip
0,whisper,5,1,5,COMINGOUT Agent[05] MEDIUM
0,whisper,6,2,1,Skip
0,whisper,7,2,5,Skip
0,whisper,8,2,3,Skip
0,whisper,9,3,3,Over
0,whisper,10,3,1,Over
0,whisper,11,3,5,Skip
0,whisper,12,4,3,Over
0,whisper,13,4,5,Over
0,whisper,14,4,1,Over
0,divine,13,14,HUMAN
1,status,1,WEREWOLF,ALIVE,SampleRoleAssignPlayer
1,status,2,VILLAGER,ALIVE,SampleRoleAssignPlayer
1,status,3,WEREWOLF,ALIVE,SampleRoleAssignPlayer
1,status,4,VILLAGER,ALIVE,SampleRoleAssignPlayer
1,status,5,WEREWOLF,ALIVE,SampleRoleAssignPlayer
1,status,6,POSSESSED,ALIVE,SampleRoleAssignPlayer
1,status,7,MEDIUM,ALIVE,SampleRoleAssignPlayer
1,status,8,VILLAGER,ALIVE,SampleRoleAssignPlayer
1,status,9,VILLAGER,ALIVE,SampleRoleAssignPlayer
1,status,10,VILLAGER,ALIVE,SampleRoleAssignPlayer
1,status,11,VILLAGER,ALIVE,SampleRoleAssignPlayer
1,status,12,VILLAGER,ALIVE,SampleRoleAssignPlayer
1,status,13,SEER,ALIVE,SampleRoleAssignPlayer
1,status,14,BODYGUARD,ALIVE,SampleRoleAssignPlayer
1,status,15,VILLAGER,ALIVE,SampleRoleAssignPlayer
1,talk,0,0,15,VOTE Agent[06]
1,talk,1,0,13,VOTE Agent[06]
1,talk,2,0,9,VOTE Agent[05]
1,talk,3,0,14,VOTE Agent[12]
1,talk,4,0,7,VOTE Agent[05]
1,talk,5,0,1,VOTE Agent[02]
1,talk,6,0,3,VOTE Agent[13]
1,talk,7,0,12,VOTE Agent[11]
1,talk,8,0,2,VOTE Agent[11]
1,talk,9,0,8,VOTE Agent[04]
1,talk,10,0,6,VOTE Agent[02]
1,talk,11,0,11,VOTE Agent[04]
1,talk,12,0,10,VOTE Agent[14]
1,talk,13,0,5,VOTE Agent[06]
1,talk,14,0,4,VOTE Agent[07]
1,talk,15,1,2,REQUEST ANY (VOTE Agent[11])
1,talk,16,1,9,REQUEST ANY (VOTE Agent[05])
1,talk,17,1,4,REQUEST ANY (VOTE Agent[07])
1,talk,18,1,12,REQUEST ANY (VOTE Agent[11])
1,talk,19,1,3,REQUEST ANY (VOTE Agent[13])
1,talk,20,1,6,REQUEST ANY (VOTE Agent[02])
1,talk,21,1,7,REQUEST ANY (VOTE Agent[05])
1,talk,22,1,8,REQUEST ANY (VOTE Agent[04])
1,talk,23,1,1,REQUEST ANY (VOTE Agent[02])
1,talk,24,1,15,REQUEST ANY (VOTE Agent[06])
1,talk,25,1,13,REQUEST ANY (VOTE Agent[06])
1,talk,26,1,11,REQUEST ANY (VOTE Agent[04])
1,talk,27,1,10,REQUEST ANY (VOTE Agent[14])
1,talk,28,1,14,REQUEST ANY (VOTE Agent[12])
1,talk,29,1,5,REQUEST ANY (VOTE Agent[06])
1,talk,30,2,5,Skip
1,talk,31,2,8,Skip
1,talk,32,2,4,Skip
1,talk,33,2,6,Skip
1,talk,34,2,11,Skip
1,talk,35,2,14,Skip
1,talk,36,2,3,Skip
1,talk,37,2,12,Skip
1,talk,38,2,2,Skip
1,talk,39,2,7,Skip
1,talk,40,2,13,Skip
1,talk,41,2,1,Skip
1,talk,42,2,9,Skip
1,talk,43,2,15,Skip
1,talk,44,2,10,Skip
1,talk,45,3,6,Skip
1,talk,46,3,15,Skip
1,talk,47,3,11,Skip
1,talk,48,3,3,Skip
1,talk,49,3,4,Skip
1,talk,50,3,1,Skip
1,talk,51,3,5,Skip
1,talk,52,3,9,Skip
1,talk,53,3,2,Skip
1,talk,54,3,14,Skip
1,talk,55,3,8,Skip
1,talk,56,3,10,Skip
1,talk,57,3,13,Skip
1,talk,58,3,7,Skip
1,talk,59,3,12,Skip
1,talk,60,4,15,Over
1,talk,61,4,6,Over
1,talk,62,4,5,Over
1,talk,63,4,8,Over
1,talk,64,4,9,Over
1,talk,65,4,7,Over
1,talk,66,4,12,Over
1,talk,67,4,2,Over
1,talk,68,4,14,Over
1,talk,69,4,13,Over
1,talk,70,4,3,Over
1,talk,71,4,4,Over
1,talk,72,4,1,Over
1,talk,73,4,10,Over
1,talk,74,4,11,Over
1,vote,1,2
1,vote,2,6
1,vote,3,13
1,vote,4,5
1,vote,5,6
1,vote,6,2
1,vote,7,14
1,vote,8,14
1,vote,9,4
1,vote,10,13
1,vote,11,6
1,vote,12,2
1,vote,13,6
1,vote,14,5
1,vote,15,4
1,execute,6,POSSESSED
1,divine,13,8,HUMAN
1,whisper,0,0,5,ATTACK Agent[08]
1,whisper,1,0,1,ATTACK Agent[11]
1,whisper,2,0,3,ATTACK Agent[09]
1,whisper,3,1,1,Skip
1,whisper,4,1,3,Skip
1,whisper,5,1,5,Skip
1,whisper,6,2,5,Skip
1,whisper,7,2,1,Skip
1,whisper,8,2,3,Skip
1,whisper,9,3,3,Over
1,whisper,10,3,1,Over
1,whisper,11,3,5,Over
1,guard,14,5,WEREWOLF
1,attackVote,1,11
1,attackVote,3,9
1,attackVote,5,8
1,attackVote,1,11
1,attackVote,3,9
1,attackVote,5,8
1,attack,11,true
2,status,1,WEREWOLF,ALIVE,SampleRoleAssignPlayer
2,status,2,VILLAGER,ALIVE,SampleRoleAssignPlayer
2,status,3,WEREWOLF,ALIVE,SampleRoleAssignPlayer
2,status,4,VILLAGER,ALIVE,SampleRoleAssignPlayer
2,status,5,WEREWOLF,ALIVE,SampleRoleAssignPlayer
2,status,6,POSSESSED,DEAD,SampleRoleAssignPlayer
2,status,7,MEDIUM,ALIVE,SampleRoleAssignPlayer
2,status,8,VILLAGER,ALIVE,SampleRoleAssignPlayer
2,status,9,VILLAGER,ALIVE,SampleRoleAssignPlayer
2,status,10,VILLAGER,ALIVE,SampleRoleAssignPlayer
2,status,11,VILLAGER,DEAD,SampleRoleAssignPlayer
2,status,12,VILLAGER,ALIVE,SampleRoleAssignPlayer
2,status,13,SEER,ALIVE,SampleRoleAssignPlayer
2,status,14,BODYGUARD,ALIVE,SampleRoleAssignPlayer
2,status,15,VILLAGER,ALIVE,SampleRoleAssignPlayer
2,talk,0,0,15,VOTE Agent[12]
2,talk,1,0,1,VOTE Agent[04]
2,talk,2,0,8,VOTE Agent[10]
2,talk,3,0,10,VOTE Agent[13]
2,talk,4,0,7,VOTE Agent[02]
2,talk,5,0,12,VOTE Agent[03]
2,talk,6,0,3,VOTE Agent[13]
2,talk,7,0,5,VOTE Agent[06]
2,talk,8,0,2,VOTE Agent[09]
2,talk,9,0,9,VOTE Agent[07]
2,talk,10,0,14,VOTE Agent[05]
2,talk,11,0,13,COMINGOUT Agent[13] SEER
2,talk,12,0,4,VOTE Agent[03]
2,talk,13,1,8,REQUEST ANY (VOTE Agent[10])
2,talk,14,1,12,REQUEST ANY (VOTE Agent[03])
2,talk,15,1,15,REQUEST ANY (VOTE Agent[12])
2,talk,16,1,14,REQUEST ANY (VOTE Agent[05])
2,talk,17,1,3,REQUEST ANY (VOTE Agent[13])
2,talk,18,1,5,REQUEST ANY (VOTE Agent[06])
2,talk,19,1,4,REQUEST ANY (VOTE Agent[03])
2,talk,20,1,2,REQUEST ANY (VOTE Agent[09])
2,talk,21,1,7,REQUEST ANY (VOTE Agent[02])
2,talk,22,1,1,REQUEST ANY (VOTE Agent[04])
2,talk,23,1,10,REQUEST ANY (VOTE Agent[13])
2,talk,24,1,9,REQUEST ANY (VOTE Agent[07])
2,talk,25,1,13,AND (DAY 1 (DIVINED Agent[14] HUMAN)) (DAY 2 (DIVINED Agent[08] HUMAN))
2,talk,26,2,2,Skip
2,talk,27,2,15,Skip
2,talk,28,2,12,Skip
2,talk,29,2,5,Skip
2,talk,30,2,7,Skip
2,talk,31,2,1,Skip
2,talk,32,2,3,COMINGOUT Agent[03] SEER
2,talk,33,2,14,Skip
2,talk,34,2,9,Skip
2,talk,35,2,4,Skip
2,talk,36,2,10,Skip
2,talk,37,2,8,Skip
2,talk,38,2,13,DIVINED Agent[14] HUMAN
2,talk,39,3,8,Skip
2,talk,40,3,10,Skip
2,talk,41,3,4,Skip
2,talk,42,3,2,Skip
2,talk,43,3,7,Skip
2,talk,44,3,12,Skip
2,talk,45,3,1,Skip
2,talk,46,3,5,Skip
2,talk,47,3,14,Skip
2,talk,48,3,15,Skip
2,talk,49,3,3,AND (DAY 1 (DIVINED Agent[13] WEREWOLF)) (DAY 2 (DIVINED Agent[01] HUMAN))
2,talk,50,3,13,DIVINED Agent[08] HUMAN
2,talk,51,3,9,Skip
2,talk,52,4,7,Over
2,talk,53,4,5,Over
2,talk,54,4,15,Over
2,talk,55,4,13,BECAUSE (AND (COMINGOUT Agent[13] SEER) (Agent[03] COMINGOUT Agent[03] SEER)) (XOR (ESTIMATE Agent[03] WEREWOLF) (ESTIMATE Agent[03] POSSESSED))
2,talk,56,4,9,Over
2,talk,57,4,1,Over
2,talk,58,4,10,Over
2,talk,59,4,14,Over
2,talk,60,4,2,Over
2,talk,61,4,8,Over
2,talk,62,4,4,Over
2,talk,63,4,3,DIVINED Agent[13] WEREWOLF
2,talk,64,4,12,Over
2,talk,65,5,3,DIVINED Agent[01] HUMAN
2,talk,66,5,9,Over
2,talk,67,5,12,Over
2,talk,68,5,2,Over
2,talk,69,5,13,BECAUSE (XOR (ESTIMATE Agent[03] WEREWOLF) (ESTIMATE Agent[03] POSSESSED)) (AND (VOTE Agent[03]) (REQUEST ANY (VOTE Agent[03])))
2,talk,70,5,14,Over
2,talk,71,5,4,Over
2,talk,72,5,10,Over
2,talk,73,5,8,Over
2,talk,74,5,15,Over
2,talk,75,5,5,Over
2,talk,76,5,7,Over
2,talk,77,5,1,Over
2,talk,78,6,3,Skip
2,talk,79,6,8,Over
2,talk,80,6,13,VOTE Agent[03]
2,talk,81,6,14,Over
2,talk,82,6,2,Over
2,talk,83,6,10,Over
2,talk,84,6,4,Over
2,talk,85,6,12,Over
2,talk,86,6,7,Over
2,talk,87,6,9,Over
2,talk,88,6,1,Over
2,talk,89,6,5,Over
2,talk,90,6,15,Over
2,talk,91,7,9,Over
2,talk,92,7,8,Over
2,talk,93,7,4,Over
2,talk,94,7,12,Over
2,talk,95,7,7,Over
2,talk,96,7,10,Over
2,talk,97,7,13,REQUEST ANY (VOTE Agent[03])
2,talk,98,7,1,Over
2,talk,99,7,15,Over
2,talk,100,7,2,Over
2,talk,101,7,3,Skip
2,talk,102,7,5,Over
2,talk,103,7,14,Over
2,talk,104,8,13,Skip
2,talk,105,8,9,Over
2,talk,106,8,14,Over
2,talk,107,8,5,Over
2,talk,108,8,3,Over
2,talk,109,8,10,Over
2,talk,110,8,8,Over
2,talk,111,8,1,Over
2,talk,112,8,12,Over
2,talk,113,8,4,Over
2,talk,114,8,7,Over
2,talk,115,8,15,Over
2,talk,116,8,2,Over
2,talk,117,9,8,Over
2,talk,118,9,12,Over
2,talk,119,9,3,Over
2,talk,120,9,14,Over
2,talk,121,9,5,Over
2,talk,122,9,13,Skip
2,talk,123,9,15,Over
2,talk,124,9,4,Over
2,talk,125,9,1,Over
2,talk,126,9,9,Over
2,talk,127,9,10,Over
2,talk,128,9,2,Over
2,talk,129,9,7,Over
2,talk,130,10,1,Over
2,talk,131,10,10,Over
2,talk,132,10,13,Over
2,talk,133,10,7,Over
2,talk,134,10,5,Over
2,talk,135,10,14,Over
2,talk,136,10,8,Over
2,talk,137,10,15,Over
2,talk,138,10,2,Over
2,talk,139,10,4,Over
2,talk,140,10,3,Over
2,talk,141,10,12,Over
2,talk,142,10,9,Over
2,vote,1,4
2,vote,2,7
2,vote,3,13
2,vote,4,3
2,vote,5,10
2,vote,7,12
2,vote,8,3
2,vote,9,5
2,vote,10,3
2,vote,12,7
2,vote,13,3
2,vote,14,12
2,vote,15,3
2,execute,3,WEREWOLF
2,whisper,0,0,1,BECAUSE (Agent[13] COMINGOUT Agent[13] SEER) (ATTACK Agent[13])
2,whisper,1,0,5,BECAUSE (Agent[13] COMINGOUT Agent[13] SEER) (ATTACK Agent[13])
2,whisper,2,1,5,ATTACK Agent[13]
2,whisper,3,1,1,ATTACK Agent[13]
2,whisper,4,2,1,Skip
2,whisper,5,2,5,Skip
2,whisper,6,3,1,Skip
2,whisper,7,3,5,Skip
2,whisper,8,4,1,Over
2,whisper,9,4,5,Over
2,guard,14,13,SEER
2,attackVote,1,13
2,attackVote,5,13
2,attack,13,false
3,status,1,WEREWOLF,ALIVE,SampleRoleAssignPlayer
3,status,2,VILLAGER,ALIVE,SampleRoleAssignPlayer
3,status,3,WEREWOLF,DEAD,SampleRoleAssignPlayer
3,status,4,VILLAGER,ALIVE,SampleRoleAssignPlayer
3,status,5,WEREWOLF,ALIVE,SampleRoleAssignPlayer
3,status,6,POSSESSED,DEAD,SampleRoleAssignPlayer
3,status,7,MEDIUM,ALIVE,SampleRoleAssignPlayer
3,status,8,VILLAGER,ALIVE,SampleRoleAssignPlayer
3,status,9,VILLAGER,ALIVE,SampleRoleAssignPlayer
3,status,10,VILLAGER,ALIVE,SampleRoleAssignPlayer
3,status,11,VILLAGER,DEAD,SampleRoleAssignPlayer
3,status,12,VILLAGER,ALIVE,SampleRoleAssignPlayer
3,status,13,SEER,ALIVE,SampleRoleAssignPlayer
3,status,14,BODYGUARD,ALIVE,SampleRoleAssignPlayer
3,status,15,VILLAGER,ALIVE,SampleRoleAssignPlayer
3,talk,0,0,8,VOTE Agent[15]
3,talk,1,0,15,VOTE Agent[14]
3,talk,2,0,5,COMINGOUT Agent[05] MEDIUM
3,talk,3,0,13,VOTE Agent[10]
3,talk,4,0,12,VOTE Agent[02]
3,talk,5,0,1,VOTE Agent[02]
3,talk,6,0,4,VOTE Agent[02]
3,talk,7,0,14,VOTE Agent[05]
3,talk,8,0,10,VOTE Agent[12]
3,talk,9,0,7,COMINGOUT Agent[07] MEDIUM
3,talk,10,0,2,VOTE Agent[10]
3,talk,11,0,9,VOTE Agent[02]
3,talk,12,1,4,REQUEST ANY (VOTE Agent[02])
3,talk,13,1,8,REQUEST ANY (VOTE Agent[15])
3,talk,14,1,5,AND (DAY 2 (IDENTIFIED Agent[06] HUMAN)) (DAY 3 (IDENTIFIED Agent[03] HUMAN))
3,talk,15,1,10,REQUEST ANY (VOTE Agent[12])
3,talk,16,1,13,REQUEST ANY (VOTE Agent[10])
3,talk,17,1,14,REQUEST ANY (VOTE Agent[05])
3,talk,18,1,7,AND (DAY 2 (IDENTIFIED Agent[06] HUMAN)) (DAY 3 (IDENTIFIED Agent[03] WEREWOLF))
3,talk,19,1,1,REQUEST ANY (VOTE Agent[02])
3,talk,20,1,9,REQUEST ANY (VOTE Agent[02])
3,talk,21,1,2,REQUEST ANY (VOTE Agent[10])
3,talk,22,1,15,REQUEST ANY (VOTE Agent[14])
3,talk,23,1,12,REQUEST ANY (VOTE Agent[02])
3,talk,24,2,13,Skip
3,talk,25,2,14,Skip
3,talk,26,2,2,Skip
3,talk,27,2,12,Skip
3,talk,28,2,10,Skip
3,talk,29,2,5,IDENTIFIED Agent[06] HUMAN
3,talk,30,2,9,Skip
3,talk,31,2,8,Skip
3,talk,32,2,7,IDENTIFIED Agent[06] HUMAN
3,talk,33,2,4,Skip
3,talk,34,2,15,Skip
3,talk,35,2,1,Skip
3,talk,36,3,5,IDENTIFIED Agent[03] HUMAN
3,talk,37,3,1,Skip
3,talk,38,3,10,Skip
3,talk,39,3,9,Skip
3,talk,40,3,15,Skip
3,talk,41,3,13,Skip
3,talk,42,3,14,Skip
3,talk,43,3,7,IDENTIFIED Agent[03] WEREWOLF
3,talk,44,3,8,Skip
3,talk,45,3,12,Skip
3,talk,46,3,4,Skip
3,talk,47,3,2,Skip
3,talk,48,4,10,Over
3,talk,49,4,15,Over
3,talk,50,4,2,Over
3,talk,51,4,12,Over
3,talk,52,4,1,Over
3,talk,53,4,13,Over
3,talk,54,4,14,Over
3,talk,55,4,5,VOTE Agent[13]
3,talk,56,4,4,Over
3,talk,57,4,8,Over
3,talk,58,4,9,Over
3,talk,59,4,7,BECAUSE (AND (COMINGOUT Agent[07] MEDIUM) (Agent[05] COMINGOUT Agent[05] MEDIUM)) (XOR (ESTIMATE Agent[05] WEREWOLF) (ESTIMATE Agent[05] POSSESSED))
3,talk,60,5,14,Over
3,talk,61,5,12,Over
3,talk,62,5,1,Over
3,talk,63,5,2,Over
3,talk,64,5,5,REQUEST ANY (VOTE Agent[13])
3,talk,65,5,7,BECAUSE (XOR (ESTIMATE Agent[05] WEREWOLF) (ESTIMATE Agent[05] POSSESSED)) (AND (VOTE Agent[05]) (REQUEST ANY (VOTE Agent[05])))
3,talk,66,5,8,Over
3,talk,67,5,4,Over
3,talk,68,5,10,Over
3,talk,69,5,9,Over
3,talk,70,5,13,Over
3,talk,71,5,15,Over
3,talk,72,6,8,Over
3,talk,73,6,14,Over
3,talk,74,6,10,Over
3,talk,75,6,5,Skip
3,talk,76,6,7,VOTE Agent[05]
3,talk,77,6,13,Over
3,talk,78,6,1,Over
3,talk,79,6,12,Over
3,talk,80,6,9,Over
3,talk,81,6,15,Over
3,talk,82,6,2,Over
3,talk,83,6,4,Over
3,talk,84,7,10,Over
3,talk,85,7,13,Over
3,talk,86,7,2,Over
3,talk,87,7,15,Over
3,talk,88,7,7,REQUEST ANY (VOTE Agent[05])
3,talk,89,7,5,Skip
3,talk,90,7,9,Over
3,talk,91,7,12,Over
3,talk,92,7,8,Over
3,talk,93,7,1,Over
3,talk,94,7,4,Over
3,talk,95,7,14,Over
3,talk,96,8,14,Over
3,talk,97,8,7,Skip
3,talk,98,8,4,Over
3,talk,99,8,10,Over
3,talk,100,8,1,Over
3,talk,101,8,13,Over
3,talk,102,8,9,Over
3,talk,103,8,8,Over
3,talk,104,8,12,Over
3,talk,105,8,5,Over
3,talk,106,8,2,Over
3,talk,107,8,15,Over
3,talk,108,9,7,Skip
3,talk,109,9,15,Over
3,talk,110,9,8,Over
3,talk,111,9,1,Over
3,talk,112,9,12,Over
3,talk,113,9,13,Over
3,talk,114,9,10,Over
3,talk,115,9,5,Over
3,talk,116,9,9,Over
3,talk,117,9,4,Over
3,talk,118,9,2,Over
3,talk,119,9,14,Over
3,talk,120,10,13,Over
3,talk,121,10,8,Over
3,talk,122,10,10,Over
3,talk,123,10,7,Over
3,talk,124,10,5,Over
3,talk,125,10,12,Over
3,talk,126,10,1,Over
3,talk,127,10,9,Over
3,talk,128,10,14,Over
3,talk,129,10,15,Over
3,talk,130,10,2,Over
3,talk,131,10,4,Over
3,vote,1,2
3,vote,2,5
3,vote,4,10
3,vote,5,13
3,vote,7,5
3,vote,8,10
3,vote,9,2
3,vote,10,5
3,vote,12,2
3,vote,13,12
3,vote,14,2
3,vote,15,2
3,execute,2,VILLAGER
3,divine,13,7,HUMAN
3,whisper,0,0,1,ATTACK Agent[07]
3,whisper,1,0,5,ATTACK Agent[07]
3,whisper,2,1,1,Skip
3,whisper,3,1,5,Skip
3,whisper,4,2,1,Skip
3,whisper,5,2,5,Skip
3,whisper,6,3,1,Over
3,whisper,7,3,5,Over
3,guard,14,13,SEER
3,attackVote,1,7
3,attackVote,5,7
3,attack,7,true
4,status,1,WEREWOLF,ALIVE,SampleRoleAssignPlayer
4,status,2,VILLAGER,DEAD,SampleRoleAssignPlayer
4,status,3,WEREWOLF,DEAD,SampleRoleAssignPlayer
4,status,4,VILLAGER,ALIVE,SampleRoleAssignPlayer
4,status,5,WEREWOLF,ALIVE,SampleRoleAssignPlayer
4,status,6,POSSESSED,DEAD,SampleRoleAssignPlayer
4,status,7,MEDIUM,DEAD,SampleRoleAssignPlayer
4,status,8,VILLAGER,ALIVE,SampleRoleAssignPlayer
4,status,9,VILLAGER,ALIVE,SampleRoleAssignPlayer
4,status,10,VILLAGER,ALIVE,SampleRoleAssignPlayer
4,status,11,VILLAGER,DEAD,SampleRoleAssignPlayer
4,status,12,VILLAGER,ALIVE,SampleRoleAssignPlayer
4,status,13,SEER,ALIVE,SampleRoleAssignPlayer
4,status,14,BODYGUARD,ALIVE,SampleRoleAssignPlayer
4,status,15,VILLAGER,ALIVE,SampleRoleAssignPlayer
4,talk,0,0,1,VOTE Agent[08]
4,talk,1,0,12,VOTE Agent[01]
4,talk,2,0,14,VOTE Agent[10]
4,talk,3,0,9,VOTE Agent[14]
4,talk,4,0,10,VOTE Agent[12]
4,talk,5,0,15,VOTE Agent[10]
4,talk,6,0,4,VOTE Agent[10]
4,talk,7,0,13,DAY 4 (DIVINED Agent[07] HUMAN)
4,talk,8,0,8,VOTE Agent[14]
4,talk,9,0,5,DAY 4 (IDENTIFIED Agent[02] HUMAN)
4,talk,10,1,10,REQUEST ANY (VOTE Agent[12])
4,talk,11,1,4,REQUEST ANY (VOTE Agent[10])
4,talk,12,1,1,REQUEST ANY (VOTE Agent[08])
4,talk,13,1,12,REQUEST ANY (VOTE Agent[01])
4,talk,14,1,14,REQUEST ANY (VOTE Agent[10])
4,talk,15,1,9,REQUEST ANY (VOTE Agent[14])
4,talk,16,1,13,DIVINED Agent[07] HUMAN
4,talk,17,1,15,REQUEST ANY (VOTE Agent[10])
4,talk,18,1,8,REQUEST ANY (VOTE Agent[14])
4,talk,19,1,5,IDENTIFIED Agent[02] HUMAN
4,talk,20,2,13,VOTE Agent[09]
4,talk,21,2,10,Skip
4,talk,22,2,4,Skip
4,talk,23,2,8,Skip
4,talk,24,2,12,Skip
4,talk,25,2,5,BECAUSE (AND (COMINGOUT Agent[05] MEDIUM) (Agent[07] COMINGOUT Agent[07] MEDIUM)) (XOR (ESTIMATE Agent[07] WEREWOLF) (ESTIMATE Agent[07] POSSESSED))
4,talk,26,2,9,Skip
4,talk,27,2,1,Skip
4,talk,28,2,15,Skip
4,talk,29,2,14,Skip
4,talk,30,3,13,REQUEST ANY (VOTE Agent[09])
4,talk,31,3,4,Skip
4,talk,32,3,8,Skip
4,talk,33,3,9,Skip
4,talk,34,3,5,BECAUSE (XOR (ESTIMATE Agent[07] WEREWOLF) (ESTIMATE Agent[07] POSSESSED)) (AND (VOTE Agent[07]) (REQUEST ANY (VOTE Agent[07])))
4,talk,35,3,12,Skip
4,talk,36,3,1,Skip
4,talk,37,3,15,Skip
4,talk,38,3,10,Skip
4,talk,39,3,14,Skip
4,talk,40,4,4,Over
4,talk,41,4,12,Over
4,talk,42,4,1,Over
4,talk,43,4,15,Over
4,talk,44,4,9,Over
4,talk,45,4,10,Over
4,talk,46,4,5,VOTE Agent[07]
4,talk,47,4,14,Over
4,talk,48,4,13,Skip
4,talk,49,4,8,Over
4,talk,50,5,1,Over
4,talk,51,5,4,Over
4,talk,52,5,15,Over
4,talk,53,5,14,Over
4,talk,54,5,9,Over
4,talk,55,5,8,Over
4,talk,56,5,12,Over
4,talk,57,5,13,Skip
4,talk,58,5,5,REQUEST ANY (VOTE Agent[07])
4,talk,59,5,10,Over
4,talk,60,6,10,Over
4,talk,61,6,1,Over
4,talk,62,6,12,Over
4,talk,63,6,14,Over
4,talk,64,6,8,Over
4,talk,65,6,9,Over
4,talk,66,6,13,Over
4,talk,67,6,4,Over
4,talk,68,6,5,Skip
4,talk,69,6,15,Over
4,talk,70,7,4,Over
4,talk,71,7,12,Over
4,talk,72,7,15,Over
4,talk,73,7,1,Over
4,talk,74,7,13,Over
4,talk,75,7,5,Skip
4,talk,76,7,9,Over
4,talk,77,7,8,Over
4,talk,78,7,14,Over
4,talk,79,7,10,Over
4,talk,80,8,8,Over
4,talk,81,8,10,Over
4,talk,82,8,9,Over
4,talk,83,8,5,Over
4,talk,84,8,1,Over
4,talk,85,8,13,Over
4,talk,86,8,12,Over
4,talk,87,8,4,Over
4,talk,88,8,14,Over
4,talk,89,8,15,Over
4,vote,1,8
4,vote,4,10
4,vote,5,1
4,vote,8,9
4,vote,9,8
4,vote,10,1
4,vote,12,5
4,vote,13,1
4,vote,14,1
4,vote,15,14
4,execute,1,WEREWOLF
4,divine,13,9,HUMAN
4,guard,14,13,SEER
4,attackVote,5,13
4,attack,13,false
5,status,1,WEREWOLF,DEAD,SampleRoleAssignPlayer
5,status,2,VILLAGER,DEAD,SampleRoleAssignPlayer
5,status,3,WEREWOLF,DEAD,SampleRoleAssignPlayer
5,status,4,VILLAGER,ALIVE,SampleRoleAssignPlayer
5,status,5,WEREWOLF,ALIVE,SampleRoleAssignPlayer
5,status,6,POSSESSED,DEAD,SampleRoleAssignPlayer
5,status,7,MEDIUM,DEAD,SampleRoleAssignPlayer
5,status,8,VILLAGER,ALIVE,SampleRoleAssignPlayer
5,status,9,VILLAGER,ALIVE,SampleRoleAssignPlayer
5,status,10,VILLAGER,ALIVE,SampleRoleAssignPlayer
5,status,11,VILLAGER,DEAD,SampleRoleAssignPlayer
5,status,12,VILLAGER,ALIVE,SampleRoleAssignPlayer
5,status,13,SEER,ALIVE,SampleRoleAssignPlayer
5,status,14,BODYGUARD,ALIVE,SampleRoleAssignPlayer
5,status,15,VILLAGER,ALIVE,SampleRoleAssignPlayer
5,talk,0,0,12,VOTE Agent[08]
5,talk,1,0,15,VOTE Agent[12]
5,talk,2,0,9,VOTE Agent[08]
5,talk,3,0,10,VOTE Agent[12]
5,talk,4,0,5,DAY 5 (IDENTIFIED Agent[01] HUMAN)
5,talk,5,0,8,VOTE Agent[10]
5,talk,6,0,13,DAY 5 (DIVINED Agent[09] HUMAN)
5,talk,7,0,14,VOTE Agent[15]
5,talk,8,0,4,VOTE Agent[13]
5,talk,9,1,12,REQUEST ANY (VOTE Agent[08])
5,talk,10,1,4,REQUEST ANY (VOTE Agent[13])
5,talk,11,1,10,REQUEST ANY (VOTE Agent[12])
5,talk,12,1,15,REQUEST ANY (VOTE Agent[12])
5,talk,13,1,9,REQUEST ANY (VOTE Agent[08])
5,talk,14,1,13,DIVINED Agent[09] HUMAN
5,talk,15,1,8,REQUEST ANY (VOTE Agent[10])
5,talk,16,1,5,IDENTIFIED Agent[01] HUMAN
5,talk,17,1,14,REQUEST ANY (VOTE Agent[15])
5,talk,18,2,8,Skip
5,talk,19,2,4,Skip
5,talk,20,2,14,Skip
5,talk,21,2,15,Skip
5,talk,22,2,13,VOTE Agent[15]
5,talk,23,2,10,Skip
5,talk,24,2,9,Skip
5,talk,25,2,12,Skip
5,talk,26,2,5,BECAUSE (AND (COMINGOUT Agent[05] MEDIUM) (Agent[07] COMINGOUT Agent[07] MEDIUM)) (XOR (ESTIMATE Agent[07] WEREWOLF) (ESTIMATE Agent[07] POSSESSED))
5,talk,27,3,15,Skip
5,talk,28,3,12,Skip
5,talk,29,3,9,Skip
5,talk,30,3,5,BECAUSE (XOR (ESTIMATE Agent[07] WEREWOLF) (ESTIMATE Agent[07] POSSESSED)) (AND (VOTE Agent[07]) (REQUEST ANY (VOTE Agent[07])))
5,talk,31,3,8,Skip
5,talk,32,3,13,REQUEST ANY (VOTE Agent[15])
5,talk,33,3,10,Skip
5,talk,34,3,14,Skip
5,talk,35,3,4,Skip
5,talk,36,4,10,Over
5,talk,37,4,14,Over
5,talk,38,4,4,Over
5,talk,39,4,13,Skip
5,talk,40,4,12,Over
5,talk,41,4,5,VOTE Agent[07]
5,talk,42,4,8,Over
5,talk,43,4,9,Over
5,talk,44,4,15,Over
5,talk,45,5,10,Over
5,talk,46,5,13,Skip
5,talk,47,5,14,Over
5,talk,48,5,5,REQUEST ANY (VOTE Agent[07])
5,talk,49,5,9,Over
5,talk,50,5,8,Over
5,talk,51,5,4,Over
5,talk,52,5,12,Over
5,talk,53,5,15,Over
5,talk,54,6,15,Over
5,talk,55,6,14,Over
5,talk,56,6,9,Over
5,talk,57,6,12,Over
5,talk,58,6,4,Over
5,talk,59,6,10,Over
5,talk,60,6,5,Skip
5,talk,61,6,8,Over
5,talk,62,6,13,Over
5,talk,63,7,13,Over
5,talk,64,7,9,Over
5,talk,65,7,5,Skip
5,talk,66,7,14,Over
5,talk,67,7,15,Over
5,talk,68,7,8,Over
5,talk,69,7,10,Over
5,talk,70,7,12,Over
5,talk,71,7,4,Over
5,talk,72,8,8,Over
5,talk,73,8,13,Over
5,talk,74,8,9,Over
5,talk,75,8,10,Over
5,talk,76,8,15,Over
5,talk,77,8,5,Over
5,talk,78,8,14,Over
5,talk,79,8,12,Over
5,talk,80,8,4,Over
5,vote,4,10
5,vote,5,12
5,vote,8,12
5,vote,9,12
5,vote,10,15
5,vote,12,8
5,vote,13,10
5,vote,14,8
5,vote,15,8
5,vote,4,8
5,vote,5,8
5,vote,8,12
5,vote,9,8
5,vote,10,8
5,vote,12,8
5,vote,13,8
5,vote,14,8
5,vote,15,8
5,execute,8,VILLAGER
5,divine,13,10,HUMAN
5,guard,14,13,SEER
5,attackVote,5,13
5,attack,13,false
6,status,1,WEREWOLF,DEAD,SampleRoleAssignPlayer
6,status,2,VILLAGER,DEAD,SampleRoleAssignPlayer
6,status,3,WEREWOLF,DEAD,SampleRoleAssignPlayer
6,status,4,VILLAGER,ALIVE,SampleRoleAssignPlayer
6,status,5,WEREWOLF,ALIVE,SampleRoleAssignPlayer
6,status,6,POSSESSED,DEAD,SampleRoleAssignPlayer
6,status,7,MEDIUM,DEAD,SampleRoleAssignPlayer
6,status,8,VILLAGER,DEAD,SampleRoleAssignPlayer
6,status,9,VILLAGER,ALIVE,SampleRoleAssignPlayer
6,status,10,VILLAGER,ALIVE,SampleRoleAssignPlayer
6,status,11,VILLAGER,DEAD,SampleRoleAssignPlayer
6,status,12,VILLAGER,ALIVE,SampleRoleAssignPlayer
6,status,13,SEER,ALIVE,SampleRoleAssignPlayer
6,status,14,BODYGUARD,ALIVE,SampleRoleAssignPlayer
6,status,15,VILLAGER,ALIVE,SampleRoleAssignPlayer
6,talk,0,0,9,VOTE Agent[15]
6,talk,1,0,13,DAY 6 (DIVINED Agent[10] HUMAN)
6,talk,2,0,4,VOTE Agent[09]
6,talk,3,0,10,VOTE Agent[04]
6,talk,4,0,5,DAY 6 (IDENTIFIED Agent[08] HUMAN)
6,talk,5,0,15,VOTE Agent[04]
6,talk,6,0,12,VOTE Agent[14]
6,talk,7,0,14,VOTE Agent[05]
6,talk,8,1,9,REQUEST ANY (VOTE Agent[15])
6,talk,9,1,10,REQUEST ANY (VOTE Agent[04])
6,talk,10,1,14,REQUEST ANY (VOTE Agent[05])
6,talk,11,1,4,REQUEST ANY (VOTE Agent[09])
6,talk,12,1,5,IDENTIFIED Agent[08] HUMAN
6,talk,13,1,15,REQUEST ANY (VOTE Agent[04])
6,talk,14,1,12,REQUEST ANY (VOTE Agent[14])
6,talk,15,1,13,DIVINED Agent[10] HUMAN
6,talk,16,2,4,Skip
6,talk,17,2,14,Skip
6,talk,18,2,5,BECAUSE (AND (COMINGOUT Agent[05] MEDIUM) (Agent[07] COMINGOUT Agent[07] MEDIUM)) (XOR (ESTIMATE Agent[07] WEREWOLF) (ESTIMATE Agent[07] POSSESSED))
6,talk,19,2,12,Skip
6,talk,20,2,15,Skip
6,talk,21,2,13,VOTE Agent[04]
6,talk,22,2,9,Skip
6,talk,23,2,10,Skip
6,talk,24,3,12,Skip
6,talk,25,3,14,Skip
6,talk,26,3,4,Skip
6,talk,27,3,5,BECAUSE (XOR (ESTIMATE Agent[07] WEREWOLF) (ESTIMATE Agent[07] POSSESSED)) (AND (VOTE Agent[07]) (REQUEST ANY (VOTE Agent[07])))
6,talk,28,3,15,Skip
6,talk,29,3,13,REQUEST ANY (VOTE Agent[04])
6,talk,30,3,10,Skip
6,talk,31,3,9,Skip
6,talk,32,4,5,VOTE Agent[07]
6,talk,33,4,9,Over
6,talk,34,4,4,Over
6,talk,35,4,14,Over
6,talk,36,4,15,Over
6,talk,37,4,12,Over
6,talk,38,4,10,Over
6,talk,39,4,13,Skip
6,talk,40,5,5,REQUEST ANY (VOTE Agent[07])
6,talk,41,5,9,Over
6,talk,42,5,12,Over
6,talk,43,5,14,Over
6,talk,44,5,4,Over
6,talk,45,5,13,Skip
6,talk,46,5,15,Over
6,talk,47,5,10,Over
6,talk,48,6,10,Over
6,talk,49,6,15,Over
6,talk,50,6,14,Over
6,talk,51,6,12,Over
6,talk,52,6,13,Over
6,talk,53,6,4,Over
6,talk,54,6,5,Skip
6,talk,55,6,9,Over
6,talk,56,7,10,Over
6,talk,57,7,13,Over
6,talk,58,7,5,Skip
6,talk,59,7,4,Over
6,talk,60,7,15,Over
6,talk,61,7,9,Over
6,talk,62,7,14,Over
6,talk,63,7,12,Over
6,talk,64,8,9,Over
6,talk,65,8,13,Over
6,talk,66,8,4,Over
6,talk,67,8,14,Over
6,talk,68,8,10,Over
6,talk,69,8,12,Over
6,talk,70,8,5,Over
6,talk,71,8,15,Over
6,vote,4,14
6,vote,5,9
6,vote,9,5
6,vote,10,4
6,vote,12,9
6,vote,13,9
6,vote,14,4
6,vote,15,9
6,execute,9,VILLAGER
6,divine,13,5,WEREWOLF
6,guard,14,13,SEER
6,attackVote,5,13
6,attack,13,false
7,status,1,WEREWOLF,DEAD,SampleRoleAssignPlayer
7,status,2,VILLAGER,DEAD,SampleRoleAssignPlayer
7,status,3,WEREWOLF,DEAD,SampleRoleAssignPlayer
7,status,4,VILLAGER,ALIVE,SampleRoleAssignPlayer
7,status,5,WEREWOLF,ALIVE,SampleRoleAssignPlayer
7,status,6,POSSESSED,DEAD,SampleRoleAssignPlayer
7,status,7,MEDIUM,DEAD,SampleRoleAssignPlayer
7,status,8,VILLAGER,DEAD,SampleRoleAssignPlayer
7,status,9,VILLAGER,DEAD,SampleRoleAssignPlayer
7,status,10,VILLAGER,ALIVE,SampleRoleAssignPlayer
7,status,11,VILLAGER,DEAD,SampleRoleAssignPlayer
7,status,12,VILLAGER,ALIVE,SampleRoleAssignPlayer
7,status,13,SEER,ALIVE,SampleRoleAssignPlayer
7,status,14,BODYGUARD,ALIVE,SampleRoleAssignPlayer
7,status,15,VILLAGER,ALIVE,SampleRoleAssignPlayer
7,talk,0,0,13,DAY 7 (DIVINED Agent[05] WEREWOLF)
7,talk,1,0,14,VOTE Agent[04]
7,talk,2,0,10,VOTE Agent[15]
7,talk,3,0,12,VOTE Agent[10]
7,talk,4,0,5,DAY 7 (IDENTIFIED Agent[09] HUMAN)
7,talk,5,0,15,VOTE Agent[10]
7,talk,6,0,4,VOTE Agent[14]
7,talk,7,1,4,REQUEST ANY (VOTE Agent[14])
7,talk,8,1,10,REQUEST ANY (VOTE Agent[15])
7,talk,9,1,13,DIVINED Agent[05] WEREWOLF
7,talk,10,1,5,IDENTIFIED Agent[09] HUMAN
7,talk,11,1,15,REQUEST ANY (VOTE Agent[10])
7,talk,12,1,12,REQUEST ANY (VOTE Agent[10])
7,talk,13,1,14,REQUEST ANY (VOTE Agent[04])
7,talk,14,2,12,Skip
7,talk,15,2,5,BECAUSE (AND (COMINGOUT Agent[05] MEDIUM) (Agent[07] COMINGOUT Agent[07] MEDIUM)) (XOR (ESTIMATE Agent[07] WEREWOLF) (ESTIMATE Agent[07] POSSESSED))
7,talk,16,2,10,Skip
7,talk,17,2,14,Skip
7,talk,18,2,4,Skip
7,talk,19,2,13,BECAUSE (DAY 7 (DIVINED Agent[05] WEREWOLF)) (AND (VOTE Agent[05]) (REQUEST ANY (VOTE Agent[05])))
7,talk,20,2,15,Skip
7,talk,21,3,13,VOTE Agent[05]
7,talk,22,3,12,Skip
7,talk,23,3,14,Skip
7,talk,24,3,15,Skip
7,talk,25,3,10,Skip
7,talk,26,3,4,Skip
7,talk,27,3,5,BECAUSE (XOR (ESTIMATE Agent[07] WEREWOLF) (ESTIMATE Agent[07] POSSESSED)) (AND (VOTE Agent[07]) (REQUEST ANY (VOTE Agent[07])))
7,talk,28,4,12,Over
7,talk,29,4,5,VOTE Agent[07]
7,talk,30,4,14,Over
7,talk,31,4,10,Over
7,talk,32,4,4,Over
7,talk,33,4,13,REQUEST ANY (VOTE Agent[05])
7,talk,34,4,15,Over
7,talk,35,5,12,Over
7,talk,36,5,4,Over
7,talk,37,5,14,Over
7,talk,38,5,13,Skip
7,talk,39,5,5,REQUEST ANY (VOTE Agent[07])
7,talk,40,5,10,Over
7,talk,41,5,15,Over
7,talk,42,6,13,Skip
7,talk,43,6,14,Over
7,talk,44,6,10,Over
7,talk,45,6,15,Over
7,talk,46,6,4,Over
7,talk,47,6,12,Over
7,talk,48,6,5,Skip
7,talk,49,7,10,Over
7,talk,50,7,15,Over
7,talk,51,7,14,Over
7,talk,52,7,13,Over
7,talk,53,7,12,Over
7,talk,54,7,4,Over
7,talk,55,7,5,Skip
7,talk,56,8,13,Over
7,talk,57,8,14,Over
7,talk,58,8,12,Over
7,talk,59,8,10,Over
7,talk,60,8,4,Over
7,talk,61,8,5,Over
7,talk,62,8,15,Over
7,vote,4,10
7,vote,5,10
7,vote,10,14
7,vote,12,10
7,vote,13,5
7,vote,14,15
7,vote,15,14
7,execute,10,VILLAGER
7,divine,13,15,HUMAN
7,guard,14,13,SEER
7,attackVote,5,13
7,attack,13,false
8,status,1,WEREWOLF,DEAD,SampleRoleAssignPlayer
8,status,2,VILLAGER,DEAD,SampleRoleAssignPlayer
8,status,3,WEREWOLF,DEAD,SampleRoleAssignPlayer
8,status,4,VILLAGER,ALIVE,SampleRoleAssignPlayer
8,status,5,WEREWOLF,ALIVE,SampleRoleAssignPlayer
8,status,6,POSSESSED,DEAD,SampleRoleAssignPlayer
8,status,7,MEDIUM,DEAD,SampleRoleAssignPlayer
8,status,8,VILLAGER,DEAD,SampleRoleAssignPlayer
8,status,9,VILLAGER,DEAD,SampleRoleAssignPlayer
8,status,10,VILLAGER,DEAD,SampleRoleAssignPlayer
8,status,11,VILLAGER,DEAD,SampleRoleAssignPlayer
8,status,12,VILLAGER,ALIVE,SampleRoleAssignPlayer
8,status,13,SEER,ALIVE,SampleRoleAssignPlayer
8,status,14,BODYGUARD,ALIVE,SampleRoleAssignPlayer
8,status,15,VILLAGER,ALIVE,SampleRoleAssignPlayer
8,talk,0,0,12,VOTE Agent[04]
8,talk,1,0,4,VOTE Agent[15]
8,talk,2,0,5,DAY 8 (IDENTIFIED Agent[10] WEREWOLF)
8,talk,3,0,13,DAY 8 (DIVINED Agent[15] HUMAN)
8,talk,4,0,14,VOTE Agent[04]
8,talk,5,0,15,VOTE Agent[12]
8,talk,6,1,4,REQUEST ANY (VOTE Agent[15])
8,talk,7,1,14,REQUEST ANY (VOTE Agent[04])
8,talk,8,1,15,REQUEST ANY (VOTE Agent[12])
8,talk,9,1,13,DIVINED Agent[15] HUMAN
8,talk,10,1,12,REQUEST ANY (VOTE Agent[04])
8,talk,11,1,5,IDENTIFIED Agent[10] WEREWOLF
8,talk,12,2,14,Skip
8,talk,13,2,5,BECAUSE (AND (COMINGOUT Agent[05] MEDIUM) (Agent[07] COMINGOUT Agent[07] MEDIUM)) (XOR (ESTIMATE Agent[07] WEREWOLF) (ESTIMATE Agent[07] POSSESSED))
8,talk,14,2,12,Skip
8,talk,15,2,15,Skip
8,talk,16,2,13,BECAUSE (DAY 7 (DIVINED Agent[05] WEREWOLF)) (AND (VOTE Agent[05]) (REQUEST ANY (VOTE Agent[05])))
8,talk,17,2,4,Skip
8,talk,18,3,4,Skip
8,talk,19,3,12,Skip
8,talk,20,3,15,Skip
8,talk,21,3,13,VOTE Agent[05]
8,talk,22,3,5,BECAUSE (XOR (ESTIMATE Agent[07] WEREWOLF) (ESTIMATE Agent[07] POSSESSED)) (AND (VOTE Agent[07]) (REQUEST ANY (VOTE Agent[07])))
8,talk,23,3,14,Skip
8,talk,24,4,5,VOTE Agent[07]
8,talk,25,4,13,REQUEST ANY (VOTE Agent[05])
8,talk,26,4,14,Over
8,talk,27,4,4,Over
8,talk,28,4,12,Over
8,talk,29,4,15,Over
8,talk,30,5,12,Over
8,talk,31,5,13,Skip
8,talk,32,5,15,Over
8,talk,33,5,14,Over
8,talk,34,5,5,REQUEST ANY (VOTE Agent[07])
8,talk,35,5,4,Over
8,talk,36,6,5,Skip
8,talk,37,6,12,Over
8,talk,38,6,4,Over
8,talk,39,6,13,Skip
8,talk,40,6,15,Over
8,talk,41,6,14,Over
8,talk,42,7,14,Over
8,talk,43,7,5,Skip
8,talk,44,7,12,Over
8,talk,45,7,13,Over
8,talk,46,7,15,Over
8,talk,47,7,4,Over
8,talk,48,8,5,Over
8,talk,49,8,4,Over
8,talk,50,8,13,Over
8,talk,51,8,14,Over
8,talk,52,8,12,Over
8,talk,53,8,15,Over
8,vote,4,12
8,vote,5,4
8,vote,12,15
8,vote,13,5
8,vote,14,5
8,vote,15,4
8,vote,4,5
8,vote,5,4
8,vote,12,4
8,vote,13,4
8,vote,14,4
8,vote,15,4
8,execute,4,VILLAGER
8,divine,13,12,HUMAN
8,guard,14,13,SEER
8,attackVote,5,13
8,attack,13,false
9,status,1,WEREWOLF,DEAD,SampleRoleAssignPlayer
9,status,2,VILLAGER,DEAD,SampleRoleAssignPlayer
9,status,3,WEREWOLF,DEAD,SampleRoleAssignPlayer
9,status,4,VILLAGER,DEAD,SampleRoleAssignPlayer
9,status,5,WEREWOLF,ALIVE,SampleRoleAssignPlayer
9,status,6,POSSESSED,DEAD,SampleRoleAssignPlayer
9,status,7,MEDIUM,DEAD,SampleRoleAssignPlayer
9,status,8,VILLAGER,DEAD,SampleRoleAssignPlayer
9,status,9,VILLAGER,DEAD,SampleRoleAssignPlayer
9,status,10,VILLAGER,DEAD,SampleRoleAssignPlayer
9,status,11,VILLAGER,DEAD,SampleRoleAssignPlayer
9,status,12,VILLAGER,ALIVE,SampleRoleAssignPlayer
9,status,13,SEER,ALIVE,SampleRoleAssignPlayer
9,status,14,BODYGUARD,ALIVE,SampleRoleAssignPlayer
9,status,15,VILLAGER,ALIVE,SampleRoleAssignPlayer
9,talk,0,0,15,VOTE Agent[12]
9,talk,1,0,14,VOTE Agent[05]
9,talk,2,0,13,DAY 9 (DIVINED Agent[12] HUMAN)
9,talk,3,0,5,DAY 9 (IDENTIFIED Agent[04] HUMAN)
9,talk,4,0,12,VOTE Agent[05]
9,talk,5,1,15,REQUEST ANY (VOTE Agent[12])
9,talk,6,1,12,REQUEST ANY (VOTE Agent[05])
9,talk,7,1,5,IDENTIFIED Agent[04] HUMAN
9,talk,8,1,13,DIVINED Agent[12] HUMAN
9,talk,9,1,14,REQUEST ANY (VOTE Agent[05])
9,talk,10,2,13,BECAUSE (DAY 7 (DIVINED Agent[05] WEREWOLF)) (AND (VOTE Agent[05]) (REQUEST ANY (VOTE Agent[05])))
9,talk,11,2,14,Skip
9,talk,12,2,5,VOTE Agent[06]
9,talk,13,2,15,Skip
9,talk,14,2,12,Skip
9,talk,15,3,14,Skip
9,talk,16,3,5,REQUEST ANY (VOTE Agent[06])
9,talk,17,3,12,Skip
9,talk,18,3,15,Skip
9,talk,19,3,13,VOTE Agent[05]
9,talk,20,4,15,Over
9,talk,21,4,13,REQUEST ANY (VOTE Agent[05])
9,talk,22,4,5,Skip
9,talk,23,4,12,Over
9,talk,24,4,14,Over
9,talk,25,5,13,Skip
9,talk,26,5,15,Over
9,talk,27,5,14,Over
9,talk,28,5,5,Skip
9,talk,29,5,12,Over
9,talk,30,6,5,Over
9,talk,31,6,14,Over
9,talk,32,6,15,Over
9,talk,33,6,12,Over
9,talk,34,6,13,Skip
9,talk,35,7,13,Over
9,talk,36,7,14,Over
9,talk,37,7,15,Over
9,talk,38,7,12,Over
9,talk,39,7,5,Over
9,vote,5,14
9,vote,12,5
9,vote,13,5
9,vote,14,5
9,vote,15,5
9,execute,5,WEREWOLF
9,guard,14,13,SEER
10,status,1,WEREWOLF,DEAD,SampleRoleAssignPlayer
10,status,2,VILLAGER,DEAD,SampleRoleAssignPlayer
10,status,3,WEREWOLF,DEAD,SampleRoleAssignPlayer
10,status,4,VILLAGER,DEAD,SampleRoleAssignPlayer
10,status,5,WEREWOLF,DEAD,SampleRoleAssignPlayer
10,status,6,POSSESSED,DEAD,SampleRoleAssignPlayer
10,status,7,MEDIUM,DEAD,SampleRoleAssignPlayer
10,status,8,VILLAGER,DEAD,SampleRoleAssignPlayer
10,status,9,VILLAGER,DEAD,SampleRoleAssignPlayer
10,status,10,VILLAGER,DEAD,SampleRoleAssignPlayer
10,status,11,VILLAGER,DEAD,SampleRoleAssignPlayer
10,status,12,VILLAGER,ALIVE,SampleRoleAssignPlayer
10,status,13,SEER,ALIVE,SampleRoleAssignPlayer
10,status,14,BODYGUARD,ALIVE,SampleRoleAssignPlayer
10,status,15,VILLAGER,ALIVE,SampleRoleAssignPlayer
10,result,4,0,VILLAGER
