0,status,1,WEREWOLF,ALIVE,SampleRoleAssignPlayer
0,status,2,VILLAGER,ALIVE,SampleRoleAssignPlayer
0,status,3,WEREWOLF,ALIVE,SampleRoleAssignPlayer
0,status,4,VILLAGER,ALIVE,SampleRoleAssignPlayer
0,status,5,WEREWOLF,ALIVE,SampleRoleAssignPlayer
0,status,6,POSSESSED,ALIVE,SampleRoleAssignPlayer
0,status,7,MEDIUM,ALIVE,SampleRoleAssignPlayer
0,status,8,VILLAGER,ALIVE,SampleRoleAssignPlayer
0,status,9,VILLAGER,ALIVE,SampleRoleAssignPlayer
0,status,10,VILLAGER,ALIVE,SampleRoleAssignPlayer
0,status,11,BODYGUARD,ALIVE,SampleRoleAssignPlayer
0,status,12,VILLAGER,ALIVE,SampleRoleAssignPlayer
0,status,13,SEER,ALIVE,SampleRoleAssignPlayer
0,status,14,VILLAGER,ALIVE,SampleRoleAssignPlayer
0,status,15,VILLAGER,ALIVE,SampleRoleAssignPlayer
0,whisper,0,0,5,COMINGOUT Agent[05] SEER
0,whisper,1,0,3,COMINGOUT Agent[03] VILLAGER
0,whisper,2,0,1,COMINGOUT Agent[01] SEER
0,whisper,3,1,5,Skip
0,whisper,4,1,3,Skip
0,whisper,5,1,1,COMINGOUT Agent[01] VILLAGER
0,whisper,6,2,1,Skip
0,whisper,7,2,5,Skip
0,whisper,8,2,3,Skip
0,whisper,9,3,3,Over
0,whisper,10,3,1,Skip
0,whisper,11,3,5,Over
0,whisper,12,4,5,Over
0,whisper,13,4,1,Over
0,whisper,14,4,3,Over
0,divine,13,14,HUMAN
1,status,1,WEREWOLF,ALIVE,SampleRoleAssignPlayer
1,status,2,VILLAGER,ALIVE,SampleRoleAssignPlayer
1,status,3,WEREWOLF,ALIVE,SampleRoleAssignPlayer
1,status,4,VILLAGER,ALIVE,SampleRoleAssignPlayer
1,status,5,WEREWOLF,ALIVE,SampleRoleAssignPlayer
1,status,6,POSSESSED,ALIVE,SampleRoleAssignPlayer
1,status,7,MEDIUM,ALIVE,SampleRoleAssignPlayer
1,status,8,VILLAGER,ALIVE,SampleRoleAssignPlayer
1,status,9,VILLAGER,ALIVE,SampleRoleAssignPlayer
1,status,10,VILLAGER,ALIVE,SampleRoleAssignPlayer
1,status,11,BODYGUARD,ALIVE,SampleRoleAssignPlayer
1,status,12,VILLAGER,ALIVE,SampleRoleAssignPlayer
1,status,13,SEER,ALIVE,SampleRoleAssignPlayer
1,status,14,VILLAGER,ALIVE,SampleRoleAssignPlayer
1,status,15,VILLAGER,ALIVE,SampleRoleAssignPlayer
1,talk,0,0,12,VOTE Agent[07]
1,talk,1,0,8,VOTE Agent[11]
1,talk,2,0,2,VOTE Agent[04]
1,talk,3,0,14,VOTE Agent[06]
1,talk,4,0,10,VOTE Agent[06]
1,talk,5,0,7,COMINGOUT Agent[07] MEDIUM
1,talk,6,0,4,VOTE Agent[09]
1,talk,7,0,5,COMINGOUT Agent[05] SEER
1,talk,8,0,1,VOTE Agent[11]
1,talk,9,0,9,VOTE Agent[11]
1,talk,10,0,13,COMINGOUT Agent[13] SEER
1,talk,11,0,6,COMINGOUT Agent[06] SEER
1,talk,12,0,11,VOTE Agent[13]
1,talk,13,0,15,VOTE Agent[12]
1,talk,14,0,3,VOTE Agent[13]
1,talk,15,1,10,REQUEST ANY (VOTE Agent[06])
1,talk,16,1,13,DAY 1 (DIVINED Agent[14] HUMAN)
1,talk,17,1,9,REQUEST ANY (VOTE Agent[11])
1,talk,18,1,1,REQUEST ANY (VOTE Agent[11])
1,talk,19,1,3,REQUEST ANY (VOTE Agent[13])
1,talk,20,1,11,REQUEST ANY (VOTE Agent[13])
1,talk,21,1,12,REQUEST ANY (VOTE Agent[07])
1,talk,22,1,15,REQUEST ANY (VOTE Agent[12])
1,talk,23,1,5,DAY 1 (DIVINED Agent[14] HUMAN)
1,talk,24,1,14,REQUEST ANY (VOTE Agent[06])
1,talk,25,1,8,REQUEST ANY (VOTE Agent[11])
1,talk,26,1,2,REQUEST ANY (VOTE Agent[04])
1,talk,27,1,4,REQUEST ANY (VOTE Agent[09])
1,talk,28,1,6,DAY 1 (DIVINED Agent[05] WEREWOLF)
1,talk,29,1,7,VOTE Agent[14]
1,talk,30,2,4,Skip
1,talk,31,2,1,Skip
1,talk,32,2,5,DIVINED Agent[14] HUMAN
1,talk,33,2,12,Skip
1,talk,34,2,7,REQUEST ANY (VOTE Agent[14])
1,talk,35,2,11,Skip
1,talk,36,2,15,Skip
1,talk,37,2,2,Skip
1,talk,38,2,8,Skip
1,talk,39,2,10,Skip
1,talk,40,2,9,Skip
1,talk,41,2,14,Skip
1,talk,42,2,13,DIVINED Agent[14] HUMAN
1,talk,43,2,3,Skip
1,talk,44,2,6,DIVINED Agent[05] WEREWOLF
1,talk,45,3,13,BECAUSE (AND (COMINGOUT Agent[13] SEER) (Agent[05] COMINGOUT Agent[05] SEER)) (XOR (ESTIMATE Agent[05] WEREWOLF) (ESTIMATE Agent[05] POSSESSED))
1,talk,46,3,11,Skip
1,talk,47,3,1,Skip
1,talk,48,3,15,Skip
1,talk,49,3,8,Skip
1,talk,50,3,9,Skip
1,talk,51,3,4,Skip
1,talk,52,3,5,VOTE Agent[06]
1,talk,53,3,12,Skip
1,talk,54,3,3,Skip
1,talk,55,3,2,Skip
1,talk,56,3,10,Skip
1,talk,57,3,7,Skip
1,talk,58,3,6,BECAUSE (DAY 1 (DIVINED Agent[05] WEREWOLF)) (AND (VOTE Agent[05]) (REQUEST ANY (VOTE Agent[05])))
1,talk,59,3,14,Skip
1,talk,60,4,5,REQUEST ANY (VOTE Agent[06])
1,talk,61,4,9,Over
1,talk,62,4,8,Over
1,talk,63,4,13,BECAUSE (XOR (ESTIMATE Agent[05] WEREWOLF) (ESTIMATE Agent[05] POSSESSED)) (AND (VOTE Agent[05]) (REQUEST ANY (VOTE Agent[05])))
1,talk,64,4,1,Over
1,talk,65,4,7,Skip
1,talk,66,4,15,Over
1,talk,67,4,12,Over
1,talk,68,4,6,VOTE Agent[05]
1,talk,69,4,4,Over
1,talk,70,4,11,Over
1,talk,71,4,10,Over
1,talk,72,4,14,Over
1,talk,73,4,3,Over
1,talk,74,4,2,Over
1,talk,75,5,5,Skip
1,talk,76,5,10,Over
1,talk,77,5,1,Over
1,talk,78,5,3,Over
1,talk,79,5,12,Over
1,talk,80,5,14,Over
1,talk,81,5,8,Over
1,talk,82,5,4,Over
1,talk,83,5,11,Over
1,talk,84,5,15,Over
1,talk,85,5,9,Over
1,talk,86,5,7,Over
1,talk,87,5,2,Over
1,talk,88,5,6,REQUEST ANY (VOTE Agent[05])
1,talk,89,5,13,VOTE Agent[05]
1,talk,90,6,13,REQUEST ANY (VOTE Agent[05])
1,talk,91,6,2,Over
1,talk,92,6,15,Over
1,talk,93,6,14,Over
1,talk,94,6,5,Skip
1,talk,95,6,3,Over
1,talk,96,6,9,Over
1,talk,97,6,8,Over
1,talk,98,6,12,Over
1,talk,99,6,1,Over
1,talk,100,6,7,Over
1,talk,101,6,6,Skip
1,talk,102,6,4,Over
1,talk,103,6,11,Over
1,talk,104,6,10,Over
1,talk,105,7,10,Over
1,talk,106,7,7,Over
1,talk,107,7,12,Over
1,talk,108,7,13,Skip
1,talk,109,7,9,Over
1,talk,110,7,5,Over
1,talk,111,7,15,Over
1,talk,112,7,3,Over
1,talk,113,7,14,Over
1,talk,114,7,2,Over
1,talk,115,7,4,Over
1,talk,116,7,11,Over
1,talk,117,7,1,Over
1,talk,118,7,6,Skip
1,talk,119,7,8,Over
1,talk,120,8,7,Over
1,talk,121,8,6,Over
1,talk,122,8,13,Skip
1,talk,123,8,2,Over
1,talk,124,8,15,Over
1,talk,125,8,1,Over
1,talk,126,8,11,Over
1,talk,127,8,8,Over
1,talk,128,8,4,Over
1,talk,129,8,12,Over
1,talk,130,8,3,Over
1,talk,131,8,5,Over
1,talk,132,8,14,Over
1,talk,133,8,9,Over
1,talk,134,8,10,Over
1,talk,135,9,8,Over
1,talk,136,9,5,Over
1,talk,137,9,4,Over
1,talk,138,9,9,Over
1,talk,139,9,2,Over
1,talk,140,9,3,Over
1,talk,141,9,11,Over
1,talk,142,9,14,Over
1,talk,143,9,10,Over
1,talk,144,9,1,Over
1,talk,145,9,7,Over
1,talk,146,9,15,Over
1,talk,147,9,13,Over
1,talk,148,9,12,Over
1,talk,149,9,6,Over
1,vote,1,11
1,vote,2,6
1,vote,3,13
1,vote,4,5
1,vote,5,6
1,vote,6,5
1,vote,7,6
1,vote,8,11
1,vote,9,12
1,vote,10,7
1,vote,11,12
1,vote,12,11
1,vote,13,5
1,vote,14,13
1,vote,15,5
1,execute,5,WEREWOLF
1,divine,13,6,HUMAN
1,whisper,0,0,3,BECAUSE (Agent[13] COMINGOUT Agent[13] SEER) (ATTACK Agent[13])
1,whisper,1,0,1,ATTACK Agent[06]
1,whisper,2,1,3,ATTACK Agent[13]
1,whisper,3,1,1,Skip
1,whisper,4,2,1,Skip
1,whisper,5,2,3,Skip
1,whisper,6,3,1,Over
1,whisper,7,3,3,Skip
1,whisper,8,4,3,Over
1,whisper,9,4,1,Over
1,guard,11,6,POSSESSED
1,attackVote,1,6
1,attackVote,3,13
1,attackVote,1,6
1,attackVote,3,13
1,attack,13,true
2,status,1,WEREWOLF,ALIVE,SampleRoleAssignPlayer
2,status,2,VILLAGER,ALIVE,SampleRoleAssignPlayer
2,status,3,WEREWOLF,ALIVE,SampleRoleAssignPlayer
2,status,4,VILLAGER,ALIVE,SampleRoleAssignPlayer
2,status,5,WEREWOLF,DEAD,SampleRoleAssignPlayer
2,status,6,POSSESSED,ALIVE,SampleRoleAssignPlayer
2,status,7,MEDIUM,ALIVE,SampleRoleAssignPlayer
2,status,8,VILLAGER,ALIVE,SampleRoleAssignPlayer
2,status,9,VILLAGER,ALIVE,SampleRoleAssignPlayer
2,status,10,VILLAGER,ALIVE,SampleRoleAssignPlayer
2,status,11,BODYGUARD,ALIVE,SampleRoleAssignPlayer
2,status,12,VILLAGER,ALIVE,SampleRoleAssignPlayer
2,status,13,SEER,DEAD,SampleRoleAssignPlayer
2,status,14,VILLAGER,ALIVE,SampleRoleAssignPlayer
2,status,15,VILLAGER,ALIVE,SampleRoleAssignPlayer
2,talk,0,0,12,VOTE Agent[01]
2,talk,1,0,11,VOTE Agent[12]
2,talk,2,0,14,VOTE Agent[06]
2,talk,3,0,15,VOTE Agent[01]
2,talk,4,0,4,VOTE Agent[10]
2,talk,5,0,6,DAY 2 (DIVINED Agent[10] HUMAN)
2,talk,6,0,2,VOTE Agent[14]
2,talk,7,0,8,VOTE Agent[01]
2,talk,8,0,9,VOTE Agent[15]
2,talk,9,0,1,VOTE Agent[09]
2,talk,10,0,7,DAY 2 (IDENTIFIED Agent[05] WEREWOLF)
2,talk,11,0,10,VOTE Agent[08]
2,talk,12,0,3,VOTE Agent[11]
2,talk,13,1,7,IDENTIFIED Agent[05] WEREWOLF
2,talk,14,1,8,REQUEST ANY (VOTE Agent[01])
2,talk,15,1,3,REQUEST ANY (VOTE Agent[11])
2,talk,16,1,12,REQUEST ANY (VOTE Agent[01])
2,talk,17,1,11,REQUEST ANY (VOTE Agent[12])
2,talk,18,1,6,DIVINED Agent[10] HUMAN
2,talk,19,1,2,REQUEST ANY (VOTE Agent[14])
2,talk,20,1,14,REQUEST ANY (VOTE Agent[06])
2,talk,21,1,9,REQUEST ANY (VOTE Agent[15])
2,talk,22,1,4,REQUEST ANY (VOTE Agent[10])
2,talk,23,1,15,REQUEST ANY (VOTE Agent[01])
2,talk,24,1,10,REQUEST ANY (VOTE Agent[08])
2,talk,25,1,1,REQUEST ANY (VOTE Agent[09])
2,talk,26,2,9,Skip
2,talk,27,2,3,Skip
2,talk,28,2,15,Skip
2,talk,29,2,6,VOTE Agent[04]
2,talk,30,2,10,Skip
2,talk,31,2,4,Skip
2,talk,32,2,11,Skip
2,talk,33,2,14,Skip
2,talk,34,2,1,Skip
2,talk,35,2,2,Skip
2,talk,36,2,8,Skip
2,talk,37,2,12,Skip
2,talk,38,2,7,VOTE Agent[15]
2,talk,39,3,15,Skip
2,talk,40,3,4,Skip
2,talk,41,3,12,Skip
2,talk,42,3,11,Skip
2,talk,43,3,9,Skip
2,talk,44,3,6,REQUEST ANY (VOTE Agent[04])
2,talk,45,3,10,Skip
2,talk,46,3,7,REQUEST ANY (VOTE Agent[15])
2,talk,47,3,8,Skip
2,talk,48,3,3,Skip
2,talk,49,3,2,Skip
2,talk,50,3,14,Skip
2,talk,51,3,1,Skip
2,talk,52,4,11,Over
2,talk,53,4,8,Over
2,talk,54,4,4,Over
2,talk,55,4,3,Over
2,talk,56,4,9,Over
2,talk,57,4,1,Over
2,talk,58,4,14,Over
2,talk,59,4,6,Skip
2,talk,60,4,7,Skip
2,talk,61,4,2,Over
2,talk,62,4,12,Over
2,talk,63,4,15,Over
2,talk,64,4,10,Over
2,talk,65,5,7,Skip
2,talk,66,5,15,Over
2,talk,67,5,3,Over
2,talk,68,5,6,Skip
2,talk,69,5,9,Over
2,talk,70,5,8,Over
2,talk,71,5,11,Over
2,talk,72,5,1,Over
2,talk,73,5,2,Over
2,talk,74,5,4,Over
2,talk,75,5,10,Over
2,talk,76,5,12,Over
2,talk,77,5,14,Over
2,talk,78,6,15,Over
2,talk,79,6,14,Over
2,talk,80,6,3,Over
2,talk,81,6,11,Over
2,talk,82,6,7,Over
2,talk,83,6,10,Over
2,talk,84,6,6,Over
2,talk,85,6,4,Over
2,talk,86,6,9,Over
2,talk,87,6,2,Over
2,talk,88,6,12,Over
2,talk,89,6,8,Over
2,talk,90,6,1,Over
2,vote,1,9
2,vote,2,10
2,vote,3,11
2,vote,4,6
2,vote,6,1
2,vote,7,12
2,vote,8,10
2,vote,9,10
2,vote,10,1
2,vote,11,1
2,vote,12,6
2,vote,14,15
2,vote,15,1
2,execute,1,WEREWOLF
2,guard,11,6,POSSESSED
2,attackVote,3,6
2,attack,6,false
3,status,1,WEREWOLF,DEAD,SampleRoleAssignPlayer
3,status,2,VILLAGER,ALIVE,SampleRoleAssignPlayer
3,status,3,WEREWOLF,ALIVE,SampleRoleAssignPlayer
3,status,4,VILLAGER,ALIVE,SampleRoleAssignPlayer
3,status,5,WEREWOLF,DEAD,SampleRoleAssignPlayer
3,status,6,POSSESSED,ALIVE,SampleRoleAssignPlayer
3,status,7,MEDIUM,ALIVE,SampleRoleAssignPlayer
3,status,8,VILLAGER,ALIVE,SampleRoleAssignPlayer
3,status,9,VILLAGER,ALIVE,SampleRoleAssignPlayer
3,status,10,VILLAGER,ALIVE,SampleRoleAssignPlayer
3,status,11,BODYGUARD,ALIVE,SampleRoleAssignPlayer
3,status,12,VILLAGER,ALIVE,SampleRoleAssignPlayer
3,status,13,SEER,DEAD,SampleRoleAssignPlayer
3,status,14,VILLAGER,ALIVE,SampleRoleAssignPlayer
3,status,15,VILLAGER,ALIVE,SampleRoleAssignPlayer
3,talk,0,0,15,VOTE Agent[04]
3,talk,1,0,6,DAY 3 (DIVINED Agent[08] HUMAN)
3,talk,2,0,7,DAY 3 (IDENTIFIED Agent[01] WEREWOLF)
3,talk,3,0,8,VOTE Agent[09]
3,talk,4,0,3,VOTE Agent[10]
3,talk,5,0,4,VOTE Agent[08]
3,talk,6,0,14,VOTE Agent[12]
3,talk,7,0,9,VOTE Agent[04]
3,talk,8,0,12,VOTE Agent[03]
3,talk,9,0,10,VOTE Agent[06]
3,talk,10,0,2,VOTE Agent[12]
3,talk,11,0,11,VOTE Agent[03]
3,talk,12,1,15,REQUEST ANY (VOTE Agent[04])
3,talk,13,1,4,REQUEST ANY (VOTE Agent[08])
3,talk,14,1,11,REQUEST ANY (VOTE Agent[03])
3,talk,15,1,12,REQUEST ANY (VOTE Agent[03])
3,talk,16,1,2,REQUEST ANY (VOTE Agent[12])
3,talk,17,1,8,REQUEST ANY (VOTE Agent[09])
3,talk,18,1,9,REQUEST ANY (VOTE Agent[04])
3,talk,19,1,3,REQUEST ANY (VOTE Agent[10])
3,talk,20,1,10,REQUEST ANY (VOTE Agent[06])
3,talk,21,1,14,REQUEST ANY (VOTE Agent[12])
3,talk,22,1,7,IDENTIFIED Agent[01] WEREWOLF
3,talk,23,1,6,DIVINED Agent[08] HUMAN
3,talk,24,2,10,Skip
3,talk,25,2,15,Skip
3,talk,26,2,11,Skip
3,talk,27,2,14,Skip
3,talk,28,2,7,VOTE Agent[02]
3,talk,29,2,2,Skip
3,talk,30,2,9,Skip
3,talk,31,2,4,Skip
3,talk,32,2,8,Skip
3,talk,33,2,3,Skip
3,talk,34,2,6,VOTE Agent[07]
3,talk,35,2,12,Skip
3,talk,36,3,11,Skip
3,talk,37,3,7,REQUEST ANY (VOTE Agent[02])
3,talk,38,3,8,Skip
3,talk,39,3,14,Skip
3,talk,40,3,9,Skip
3,talk,41,3,10,Skip
3,talk,42,3,2,Skip
3,talk,43,3,15,Skip
3,talk,44,3,12,Skip
3,talk,45,3,4,Skip
3,talk,46,3,3,Skip
3,talk,47,3,6,REQUEST ANY (VOTE Agent[07])
3,talk,48,4,8,Over
3,talk,49,4,15,Over
3,talk,50,4,4,Over
3,talk,51,4,3,Over
3,talk,52,4,14,Over
3,talk,53,4,11,Over
3,talk,54,4,2,Over
3,talk,55,4,7,Skip
3,talk,56,4,6,Skip
3,talk,57,4,12,Over
3,talk,58,4,10,Over
3,talk,59,4,9,Over
3,talk,60,5,15,Over
3,talk,61,5,8,Over
3,talk,62,5,9,Over
3,talk,63,5,7,Skip
3,talk,64,5,11,Over
3,talk,65,5,12,Over
3,talk,66,5,2,Over
3,talk,67,5,10,Over
3,talk,68,5,14,Over
3,talk,69,5,3,Over
3,talk,70,5,6,Skip
3,talk,71,5,4,Over
3,talk,72,6,15,Over
3,talk,73,6,14,Over
3,talk,74,6,9,Over
3,talk,75,6,3,Over
3,talk,76,6,11,Over
3,talk,77,6,10,Over
3,talk,78,6,6,Over
3,talk,79,6,2,Over
3,talk,80,6,8,Over
3,talk,81,6,4,Over
3,talk,82,6,7,Over
3,talk,83,6,12,Over
3,vote,2,4
3,vote,3,10
3,vote,4,2
3,vote,6,4
3,vote,7,9
3,vote,8,4
3,vote,9,8
3,vote,10,12
3,vote,11,4
3,vote,12,9
3,vote,14,9
3,vote,15,12
3,execute,4,VILLAGER
3,guard,11,6,POSSESSED
3,attackVote,3,6
3,attack,6,false
4,status,1,WEREWOLF,DEAD,SampleRoleAssignPlayer
4,status,2,VILLAGER,ALIVE,SampleRoleAssignPlayer
4,status,3,WEREWOLF,ALIVE,SampleRoleAssignPlayer
4,status,4,VILLAGER,DEAD,SampleRoleAssignPlayer
4,status,5,WEREWOLF,DEAD,SampleRoleAssignPlayer
4,status,6,POSSESSED,ALIVE,SampleRoleAssignPlayer
4,status,7,MEDIUM,ALIVE,SampleRoleAssignPlayer
4,status,8,VILLAGER,ALIVE,SampleRoleAssignPlayer
4,status,9,VILLAGER,ALIVE,SampleRoleAssignPlayer
4,status,10,VILLAGER,ALIVE,SampleRoleAssignPlayer
4,status,11,BODYGUARD,ALIVE,SampleRoleAssignPlayer
4,status,12,VILLAGER,ALIVE,SampleRoleAssignPlayer
4,status,13,SEER,DEAD,SampleRoleAssignPlayer
4,status,14,VILLAGER,ALIVE,SampleRoleAssignPlayer
4,status,15,VILLAGER,ALIVE,SampleRoleAssignPlayer
4,talk,0,0,7,DAY 4 (IDENTIFIED Agent[04] HUMAN)
4,talk,1,0,9,VOTE Agent[06]
4,talk,2,0,15,VOTE Agent[07]
4,talk,3,0,11,VOTE Agent[02]
4,talk,4,0,3,VOTE Agent[10]
4,talk,5,0,14,VOTE Agent[06]
4,talk,6,0,10,VOTE Agent[09]
4,talk,7,0,8,VOTE Agent[15]
4,talk,8,0,12,VOTE Agent[03]
4,talk,9,0,2,VOTE Agent[10]
4,talk,10,0,6,DAY 4 (DIVINED Agent[12] HUMAN)
4,talk,11,1,6,DIVINED Agent[12] HUMAN
4,talk,12,1,2,REQUEST ANY (VOTE Agent[10])
4,talk,13,1,3,REQUEST ANY (VOTE Agent[10])
4,talk,14,1,14,REQUEST ANY (VOTE Agent[06])
4,talk,15,1,12,REQUEST ANY (VOTE Agent[03])
4,talk,16,1,15,REQUEST ANY (VOTE Agent[07])
4,talk,17,1,9,REQUEST ANY (VOTE Agent[06])
4,talk,18,1,11,REQUEST ANY (VOTE Agent[02])
4,talk,19,1,8,REQUEST ANY (VOTE Agent[15])
4,talk,20,1,7,IDENTIFIED Agent[04] HUMAN
4,talk,21,1,10,REQUEST ANY (VOTE Agent[09])
4,talk,22,2,6,VOTE Agent[15]
4,talk,23,2,15,Skip
4,talk,24,2,14,Skip
4,talk,25,2,7,VOTE Agent[12]
4,talk,26,2,9,Skip
4,talk,27,2,12,Skip
4,talk,28,2,3,Skip
4,talk,29,2,2,Skip
4,talk,30,2,11,Skip
4,talk,31,2,8,Skip
4,talk,32,2,10,Skip
4,talk,33,3,12,Skip
4,talk,34,3,11,Skip
4,talk,35,3,8,Skip
4,talk,36,3,14,Skip
4,talk,37,3,2,Skip
4,talk,38,3,10,Skip
4,talk,39,3,9,Skip
4,talk,40,3,3,Skip
4,talk,41,3,6,REQUEST ANY (VOTE Agent[15])
4,talk,42,3,7,REQUEST ANY (VOTE Agent[12])
4,talk,43,3,15,Skip
4,talk,44,4,11,Over
4,talk,45,4,6,Skip
4,talk,46,4,9,Over
4,talk,47,4,8,Over
4,talk,48,4,15,Over
4,talk,49,4,10,Over
4,talk,50,4,3,Over
4,talk,51,4,2,Over
4,talk,52,4,12,Over
4,talk,53,4,14,Over
4,talk,54,4,7,Skip
4,talk,55,5,7,Skip
4,talk,56,5,2,Over
4,talk,57,5,3,Over
4,talk,58,5,15,Over
4,talk,59,5,8,Over
4,talk,60,5,14,Over
4,talk,61,5,9,Over
4,talk,62,5,12,Over
4,talk,63,5,6,Skip
4,talk,64,5,10,Over
4,talk,65,5,11,Over
4,talk,66,6,9,Over
4,talk,67,6,14,Over
4,talk,68,6,11,Over
4,talk,69,6,3,Over
4,talk,70,6,8,Over
4,talk,71,6,7,Over
4,talk,72,6,10,Over
4,talk,73,6,15,Over
4,talk,74,6,2,Over
4,talk,75,6,12,Over
4,talk,76,6,6,Over
4,vote,2,9
4,vote,3,10
4,vote,6,7
4,vote,7,10
4,vote,8,10
4,vote,9,15
4,vote,10,3
4,vote,11,15
4,vote,12,9
4,vote,14,12
4,vote,15,10
4,execute,10,VILLAGER
4,guard,11,6,POSSESSED
4,attackVote,3,7
4,attack,7,true
5,status,1,WEREWOLF,DEAD,SampleRoleAssignPlayer
5,status,2,VILLAGER,ALIVE,SampleRoleAssignPlayer
5,status,3,WEREWOLF,ALIVE,SampleRoleAssignPlayer
5,status,4,VILLAGER,DEAD,SampleRoleAssignPlayer
5,status,5,WEREWOLF,DEAD,SampleRoleAssignPlayer
5,status,6,POSSESSED,ALIVE,SampleRoleAssignPlayer
5,status,7,MEDIUM,DEAD,SampleRoleAssignPlayer
5,status,8,VILLAGER,ALIVE,SampleRoleAssignPlayer
5,status,9,VILLAGER,ALIVE,SampleRoleAssignPlayer
5,status,10,VILLAGER,DEAD,SampleRoleAssignPlayer
5,status,11,BODYGUARD,ALIVE,SampleRoleAssignPlayer
5,status,12,VILLAGER,ALIVE,SampleRoleAssignPlayer
5,status,13,SEER,DEAD,SampleRoleAssignPlayer
5,status,14,VILLAGER,ALIVE,SampleRoleAssignPlayer
5,status,15,VILLAGER,ALIVE,SampleRoleAssignPlayer
5,talk,0,0,14,VOTE Agent[02]
5,talk,1,0,15,VOTE Agent[09]
5,talk,2,0,6,DAY 5 (DIVINED Agent[02] HUMAN)
5,talk,3,0,9,VOTE Agent[03]
5,talk,4,0,2,VOTE Agent[08]
5,talk,5,0,12,VOTE Agent[02]
5,talk,6,0,8,VOTE Agent[02]
5,talk,7,0,3,VOTE Agent[08]
5,talk,8,0,11,VOTE Agent[03]
5,talk,9,1,2,REQUEST ANY (VOTE Agent[08])
5,talk,10,1,11,REQUEST ANY (VOTE Agent[03])
5,talk,11,1,6,DIVINED Agent[02] HUMAN
5,talk,12,1,14,REQUEST ANY (VOTE Agent[02])
5,talk,13,1,9,REQUEST ANY (VOTE Agent[03])
5,talk,14,1,12,REQUEST ANY (VOTE Agent[02])
5,talk,15,1,15,REQUEST ANY (VOTE Agent[09])
5,talk,16,1,3,REQUEST ANY (VOTE Agent[08])
5,talk,17,1,8,REQUEST ANY (VOTE Agent[02])
5,talk,18,2,2,Skip
5,talk,19,2,14,Skip
5,talk,20,2,11,Skip
5,talk,21,2,12,Skip
5,talk,22,2,6,VOTE Agent[11]
5,talk,23,2,8,Skip
5,talk,24,2,15,Skip
5,talk,25,2,3,Skip
5,talk,26,2,9,Skip
5,talk,27,3,8,Skip
5,talk,28,3,2,Skip
5,talk,29,3,11,Skip
5,talk,30,3,15,Skip
5,talk,31,3,6,REQUEST ANY (VOTE Agent[11])
5,talk,32,3,12,Skip
5,talk,33,3,3,Skip
5,talk,34,3,9,Skip
5,talk,35,3,14,Skip
5,talk,36,4,6,Skip
5,talk,37,4,15,Over
5,talk,38,4,8,Over
5,talk,39,4,2,Over
5,talk,40,4,3,Over
5,talk,41,4,14,Over
5,talk,42,4,11,Over
5,talk,43,4,12,Over
5,talk,44,4,9,Over
5,talk,45,5,14,Over
5,talk,46,5,2,Over
5,talk,47,5,9,Over
5,talk,48,5,6,Skip
5,talk,49,5,11,Over
5,talk,50,5,12,Over
5,talk,51,5,8,Over
5,talk,52,5,3,Over
5,talk,53,5,15,Over
5,talk,54,6,14,Over
5,talk,55,6,8,Over
5,talk,56,6,12,Over
5,talk,57,6,11,Over
5,talk,58,6,6,Over
5,talk,59,6,3,Over
5,talk,60,6,2,Over
5,talk,61,6,9,Over
5,talk,62,6,15,Over
5,vote,2,8
5,vote,3,8
5,vote,6,2
5,vote,8,2
5,vote,9,2
5,vote,11,8
5,vote,12,9
5,vote,14,8
5,vote,15,8
5,execute,8,VILLAGER
5,guard,11,6,POSSESSED
5,attackVote,3,6
5,attack,6,false
6,status,1,WEREWOLF,DEAD,SampleRoleAssignPlayer
6,status,2,VILLAGER,ALIVE,SampleRoleAssignPlayer
6,status,3,WEREWOLF,ALIVE,SampleRoleAssignPlayer
6,status,4,VILLAGER,DEAD,SampleRoleAssignPlayer
6,status,5,WEREWOLF,DEAD,SampleRoleAssignPlayer
6,status,6,POSSESSED,ALIVE,SampleRoleAssignPlayer
6,status,7,MEDIUM,DEAD,SampleRoleAssignPlayer
6,status,8,VILLAGER,DEAD,SampleRoleAssignPlayer
6,status,9,VILLAGER,ALIVE,SampleRoleAssignPlayer
6,status,10,VILLAGER,DEAD,SampleRoleAssignPlayer
6,status,11,BODYGUARD,ALIVE,SampleRoleAssignPlayer
6,status,12,VILLAGER,ALIVE,SampleRoleAssignPlayer
6,status,13,SEER,DEAD,SampleRoleAssignPlayer
6,status,14,VILLAGER,ALIVE,SampleRoleAssignPlayer
6,status,15,VILLAGER,ALIVE,SampleRoleAssignPlayer
6,talk,0,0,14,VOTE Agent[11]
6,talk,1,0,3,VOTE Agent[02]
6,talk,2,0,2,VOTE Agent[11]
6,talk,3,0,9,VOTE Agent[15]
6,talk,4,0,6,DAY 6 (DIVINED Agent[11] HUMAN)
6,talk,5,0,11,VOTE Agent[03]
6,talk,6,0,15,VOTE Agent[03]
6,talk,7,0,12,VOTE Agent[03]
6,talk,8,1,15,REQUEST ANY (VOTE Agent[03])
6,talk,9,1,11,REQUEST ANY (VOTE Agent[03])
6,talk,10,1,12,REQUEST ANY (VOTE Agent[03])
6,talk,11,1,9,REQUEST ANY (VOTE Agent[15])
6,talk,12,1,14,REQUEST ANY (VOTE Agent[11])
6,talk,13,1,3,REQUEST ANY (VOTE Agent[02])
6,talk,14,1,2,REQUEST ANY (VOTE Agent[11])
6,talk,15,1,6,DIVINED Agent[11] HUMAN
6,talk,16,2,15,Skip
6,talk,17,2,9,Skip
6,talk,18,2,11,Skip
6,talk,19,2,12,Skip
6,talk,20,2,2,Skip
6,talk,21,2,6,VOTE Agent[14]
6,talk,22,2,3,Skip
6,talk,23,2,14,Skip
6,talk,24,3,12,Skip
6,talk,25,3,14,Skip
6,talk,26,3,15,Skip
6,talk,27,3,2,Skip
6,talk,28,3,9,Skip
6,talk,29,3,11,Skip
6,talk,30,3,6,REQUEST ANY (VOTE Agent[14])
6,talk,31,3,3,Skip
6,talk,32,4,14,Over
6,talk,33,4,9,Over
6,talk,34,4,11,Over
6,talk,35,4,2,Over
6,talk,36,4,6,Skip
6,talk,37,4,15,Over
6,talk,38,4,3,Over
6,talk,39,4,12,Over
6,talk,40,5,9,Over
6,talk,41,5,12,Over
6,talk,42,5,11,Over
6,talk,43,5,15,Over
6,talk,44,5,14,Over
6,talk,45,5,6,Skip
6,talk,46,5,2,Over
6,talk,47,5,3,Over
6,talk,48,6,15,Over
6,talk,49,6,3,Over
6,talk,50,6,2,Over
6,talk,51,6,12,Over
6,talk,52,6,11,Over
6,talk,53,6,14,Over
6,talk,54,6,9,Over
6,talk,55,6,6,Over
6,vote,2,3
6,vote,3,2
6,vote,6,15
6,vote,9,11
6,vote,11,3
6,vote,12,3
6,vote,14,11
6,vote,15,3
6,execute,3,WEREWOLF
6,guard,11,6,POSSESSED
7,status,1,WEREWOLF,DEAD,SampleRoleAssignPlayer
7,status,2,VILLAGER,ALIVE,SampleRoleAssignPlayer
7,status,3,WEREWOLF,DEAD,SampleRoleAssignPlayer
7,status,4,VILLAGER,DEAD,SampleRoleAssignPlayer
7,status,5,WEREWOLF,DEAD,SampleRoleAssignPlayer
7,status,6,POSSESSED,ALIVE,SampleRoleAssignPlayer
7,status,7,MEDIUM,DEAD,SampleRoleAssignPlayer
7,status,8,VILLAGER,DEAD,SampleRoleAssignPlayer
7,status,9,VILLAGER,ALIVE,SampleRoleAssignPlayer
7,status,10,VILLAGER,DEAD,SampleRoleAssignPlayer
7,status,11,BODYGUARD,ALIVE,SampleRoleAssignPlayer
7,status,12,VILLAGER,ALIVE,SampleRoleAssignPlayer
7,status,13,SEER,DEAD,SampleRoleAssignPlayer
7,status,14,VILLAGER,ALIVE,SampleRoleAssignPlayer
7,status,15,VILLAGER,ALIVE,SampleRoleAssignPlayer
7,result,7,0,VILLAGER
