0,status,1,VILLAGER,ALIVE,SampleRoleAssignPlayer
0,status,2,WEREWOLF,ALIVE,SampleRoleAssignPlayer
0,status,3,WEREWOLF,ALIVE,SampleRoleAssignPlayer
0,status,4,SEER,ALIVE,SampleRoleAssignPlayer
0,status,5,VILLAGER,ALIVE,SampleRoleAssignPlayer
0,status,6,VILLAGER,ALIVE,SampleRoleAssignPlayer
0,status,7,WEREWOLF,ALIVE,SampleRoleAssignPlayer
0,status,8,POSSESSED,ALIVE,SampleRoleAssignPlayer
0,status,9,VILLAGER,ALIVE,SampleRoleAssignPlayer
0,status,10,VILLAGER,ALIVE,SampleRoleAssignPlayer
0,status,11,VILLAGER,ALIVE,SampleRoleAssignPlayer
0,status,12,VILLAGER,ALIVE,SampleRoleAssignPlayer
0,status,13,BODYGUARD,ALIVE,SampleRoleAssignPlayer
0,status,14,MEDIUM,ALIVE,SampleRoleAssignPlayer
0,status,15,VILLAGER,ALIVE,SampleRoleAssignPlayer
0,whisper,0,0,7,COMINGOUT Agent[07] VILLAGER
0,whisper,1,0,3,COMINGOUT Agent[03] MEDIUM
0,whisper,2,0,2,COMINGOUT Agent[02] SEER
0,whisper,3,1,3,Skip
0,whisper,4,1,2,Skip
0,whisper,5,1,7,Skip
0,whisper,6,2,3,Skip
0,whisper,7,2,7,Skip
0,whisper,8,2,2,Skip
0,whisper,9,3,2,Over
0,whisper,10,3,7,Over
0,whisper,11,3,3,Over
0,divine,4,15,HUMAN
1,status,1,VILLAGER,ALIVE,SampleRoleAssignPlayer
1,status,2,WEREWOLF,ALIVE,SampleRoleAssignPlayer
1,status,3,WEREWOLF,ALIVE,SampleRoleAssignPlayer
1,status,4,SEER,ALIVE,SampleRoleAssignPlayer
1,status,5,VILLAGER,ALIVE,SampleRoleAssignPlayer
1,status,6,VILLAGER,ALIVE,SampleRoleAssignPlayer
1,status,7,WEREWOLF,ALIVE,SampleRoleAssignPlayer
1,status,8,POSSESSED,ALIVE,SampleRoleAssignPlayer
1,status,9,VILLAGER,ALIVE,SampleRoleAssignPlayer
1,status,10,VILLAGER,ALIVE,SampleRoleAssignPlayer
1,status,11,VILLAGER,ALIVE,SampleRoleAssignPlayer
1,status,12,VILLAGER,ALIVE,SampleRoleAssignPlayer
1,status,13,BODYGUARD,ALIVE,SampleRoleAssignPlayer
1,status,14,MEDIUM,ALIVE,SampleRoleAssignPlayer
1,status,15,VILLAGER,ALIVE,SampleRoleAssignPlayer
1,talk,0,0,12,VOTE Agent[02]
1,talk,1,0,3,VOTE Agent[14]
1,talk,2,0,8,VOTE Agent[13]
1,talk,3,0,5,VOTE Agent[01]
1,talk,4,0,9,VOTE Agent[04]
1,talk,5,0,14,VOTE Agent[07]
1,talk,6,0,4,COMINGOUT Agent[04] SEER
1,talk,7,0,11,VOTE Agent[04]
1,talk,8,0,13,VOTE Agent[05]
1,talk,9,0,10,VOTE Agent[15]
1,talk,10,0,2,COMINGOUT Agent[02] SEER
1,talk,11,0,1,VOTE Agent[12]
1,talk,12,0,7,VOTE Agent[05]
1,talk,13,0,6,VOTE Agent[14]
1,talk,14,0,15,VOTE Agent[02]
1,talk,15,1,12,REQUEST ANY (VOTE Agent[02])
1,talk,16,1,1,REQUEST ANY (VOTE Agent[12])
1,talk,17,1,11,REQUEST ANY (VOTE Agent[04])
1,talk,18,1,15,REQUEST ANY (VOTE Agent[02])
1,talk,19,1,8,REQUEST ANY (VOTE Agent[13])
1,talk,20,1,2,BECAUSE (AND (COMINGOUT Agent[02] SEER) (Agent[04] COMINGOUT Agent[04] SEER)) (XOR (ESTIMATE Agent[04] WEREWOLF) (ESTIMATE Agent[04] POSSESSED))
1,talk,21,1,9,REQUEST ANY (VOTE Agent[04])
1,talk,22,1,3,REQUEST ANY (VOTE Agent[14])
1,talk,23,1,6,REQUEST ANY (VOTE Agent[14])
1,talk,24,1,7,REQUEST ANY (VOTE Agent[05])
1,talk,25,1,14,REQUEST ANY (VOTE Agent[07])
1,talk,26,1,4,DAY 1 (DIVINED Agent[15] HUMAN)
1,talk,27,1,5,REQUEST ANY (VOTE Agent[01])
1,talk,28,1,10,REQUEST ANY (VOTE Agent[15])
1,talk,29,1,13,REQUEST ANY (VOTE Agent[05])
1,talk,30,2,10,Skip
1,talk,31,2,8,COMINGOUT Agent[08] SEER
1,talk,32,2,14,Skip
1,talk,33,2,9,Skip
1,talk,34,2,7,Skip
1,talk,35,2,1,Skip
1,talk,36,2,4,DIVINED Agent[15] HUMAN
1,talk,37,2,3,Skip
1,talk,38,2,15,Skip
1,talk,39,2,11,Skip
1,talk,40,2,12,Skip
1,talk,41,2,6,Skip
1,talk,42,2,13,Skip
1,talk,43,2,5,Skip
1,talk,44,2,2,DAY 1 (DIVINED Agent[01] HUMAN)
1,talk,45,3,12,Skip
1,talk,46,3,13,Skip
1,talk,47,3,11,Skip
1,talk,48,3,10,Skip
1,talk,49,3,6,Skip
1,talk,50,3,9,Skip
1,talk,51,3,1,Skip
1,talk,52,3,7,Skip
1,talk,53,3,2,DIVINED Agent[01] HUMAN
1,talk,54,3,5,Skip
1,talk,55,3,4,BECAUSE (AND (COMINGOUT Agent[04] SEER) (Agent[02] COMINGOUT Agent[02] SEER)) (XOR (ESTIMATE Agent[02] WEREWOLF) (ESTIMATE Agent[02] POSSESSED))
1,talk,56,3,3,Skip
1,talk,57,3,15,Skip
1,talk,58,3,14,Skip
1,talk,59,3,8,DAY 1 (DIVINED Agent[02] WEREWOLF)
1,talk,60,4,11,Over
1,talk,61,4,4,BECAUSE (XOR (ESTIMATE Agent[02] WEREWOLF) (ESTIMATE Agent[02] POSSESSED)) (AND (VOTE Agent[02]) (REQUEST ANY (VOTE Agent[02])))
1,talk,62,4,7,Over
1,talk,63,4,12,Over
1,talk,64,4,3,Over
1,talk,65,4,1,Over
1,talk,66,4,14,Over
1,talk,67,4,2,BECAUSE (XOR (ESTIMATE Agent[04] WEREWOLF) (ESTIMATE Agent[04] POSSESSED)) (AND (VOTE Agent[04]) (REQUEST ANY (VOTE Agent[04])))
1,talk,68,4,10,Over
1,talk,69,4,9,Over
1,talk,70,4,6,Over
1,talk,71,4,8,DIVINED Agent[02] WEREWOLF
1,talk,72,4,5,Over
1,talk,73,4,15,Over
1,talk,74,4,13,Over
1,talk,75,5,10,Over
1,talk,76,5,5,Over
1,talk,77,5,12,Over
1,talk,78,5,6,Over
1,talk,79,5,4,VOTE Agent[02]
1,talk,80,5,1,Over
1,talk,81,5,15,Over
1,talk,82,5,14,Over
1,talk,83,5,3,Over
1,talk,84,5,2,VOTE Agent[04]
1,talk,85,5,13,Over
1,talk,86,5,7,Over
1,talk,87,5,8,BECAUSE (DAY 1 (DIVINED Agent[02] WEREWOLF)) (AND (VOTE Agent[02]) (REQUEST ANY (VOTE Agent[02])))
1,talk,88,5,9,Over
1,talk,89,5,11,Over
1,talk,90,6,6,Over
1,talk,91,6,8,VOTE Agent[02]
1,talk,92,6,2,REQUEST ANY (VOTE Agent[04])
1,talk,93,6,10,Over
1,talk,94,6,15,Over
1,talk,95,6,4,REQUEST ANY (VOTE Agent[02])
1,talk,96,6,11,Over
1,talk,97,6,12,Over
1,talk,98,6,1,Over
1,talk,99,6,5,Over
1,talk,100,6,9,Over
1,talk,101,6,3,Over
1,talk,102,6,14,Over
1,talk,103,6,7,Over
1,talk,104,6,13,Over
1,talk,105,7,12,Over
1,talk,106,7,5,Over
1,talk,107,7,3,Over
1,talk,108,7,4,Skip
1,talk,109,7,8,REQUEST ANY (VOTE Agent[02])
1,talk,110,7,11,Over
1,talk,111,7,10,Over
1,talk,112,7,7,Over
1,talk,113,7,15,Over
1,talk,114,7,13,Over
1,talk,115,7,6,Over
1,talk,116,7,14,Over
1,talk,117,7,1,Over
1,talk,118,7,2,Skip
1,talk,119,7,9,Over
1,talk,120,8,2,Skip
1,talk,121,8,14,Over
1,talk,122,8,1,Over
1,talk,123,8,9,Over
1,talk,124,8,6,Over
1,talk,125,8,12,Over
1,talk,126,8,4,Skip
1,talk,127,8,8,Skip
1,talk,128,8,7,Over
1,talk,129,8,11,Over
1,talk,130,8,15,Over
1,talk,131,8,5,Over
1,talk,132,8,13,Over
1,talk,133,8,10,Over
1,talk,134,8,3,Over
1,talk,135,9,3,Over
1,talk,136,9,4,Over
1,talk,137,9,2,Over
1,talk,138,9,9,Over
1,talk,139,9,14,Over
1,talk,140,9,13,Over
1,talk,141,9,12,Over
1,talk,142,9,11,Over
1,talk,143,9,5,Over
1,talk,144,9,10,Over
1,talk,145,9,6,Over
1,talk,146,9,15,Over
1,talk,147,9,8,Skip
1,talk,148,9,1,Over
1,talk,149,9,7,Over
1,talk,150,10,14,Over
1,talk,151,10,6,Over
1,talk,152,10,5,Over
1,talk,153,10,10,Over
1,talk,154,10,15,Over
1,talk,155,10,12,Over
1,talk,156,10,8,Over
1,talk,157,10,1,Over
1,talk,158,10,9,Over
1,talk,159,10,4,Over
1,talk,160,10,2,Over
1,talk,161,10,11,Over
1,talk,162,10,3,Over
1,talk,163,10,7,Over
1,talk,164,10,13,Over
1,vote,1,14
1,vote,2,4
1,vote,3,14
1,vote,4,2
1,vote,5,14
1,vote,6,15
1,vote,7,5
1,vote,8,2
1,vote,9,12
1,vote,10,14
1,vote,11,14
1,vote,12,2
1,vote,13,7
1,vote,14,2
1,vote,15,2
1,vote,1,2
1,vote,2,14
1,vote,3,2
1,vote,4,2
1,vote,5,2
1,vote,6,2
1,vote,7,2
1,vote,8,2
1,vote,9,2
1,vote,10,2
1,vote,11,2
1,vote,12,2
1,vote,13,2
1,vote,14,2
1,vote,15,2
1,execute,2,WEREWOLF
1,whisper,0,0,7,ATTACK Agent[04]
1,whisper,1,0,3,ATTACK Agent[04]
1,whisper,2,1,3,Skip
1,whisper,3,1,7,Skip
1,whisper,4,2,7,Skip
1,whisper,5,2,3,Skip
1,whisper,6,3,7,Over
1,whisper,7,3,3,Over
1,guard,13,8,POSSESSED
1,attackVote,3,4
1,attackVote,7,4
1,attack,4,true
2,status,1,VILLAGER,ALIVE,SampleRoleAssignPlayer
2,status,2,WEREWOLF,DEAD,SampleRoleAssignPlayer
2,status,3,WEREWOLF,ALIVE,SampleRoleAssignPlayer
2,status,4,SEER,DEAD,SampleRoleAssignPlayer
2,status,5,VILLAGER,ALIVE,SampleRoleAssignPlayer
2,status,6,VILLAGER,ALIVE,SampleRoleAssignPlayer
2,status,7,WEREWOLF,ALIVE,SampleRoleAssignPlayer
2,status,8,POSSESSED,ALIVE,SampleRoleAssignPlayer
2,status,9,VILLAGER,ALIVE,SampleRoleAssignPlayer
2,status,10,VILLAGER,ALIVE,SampleRoleAssignPlayer
2,status,11,VILLAGER,ALIVE,SampleRoleAssignPlayer
2,status,12,VILLAGER,ALIVE,SampleRoleAssignPlayer
2,status,13,BODYGUARD,ALIVE,SampleRoleAssignPlayer
2,status,14,MEDIUM,ALIVE,SampleRoleAssignPlayer
2,status,15,VILLAGER,ALIVE,SampleRoleAssignPlayer
2,talk,0,0,8,DAY 2 (DIVINED Agent[01] HUMAN)
2,talk,1,0,13,VOTE Agent[01]
2,talk,2,0,10,VOTE Agent[03]
2,talk,3,0,12,VOTE Agent[14]
2,talk,4,0,7,VOTE Agent[10]
2,talk,5,0,5,VOTE Agent[15]
2,talk,6,0,6,VOTE Agent[01]
2,talk,7,0,11,VOTE Agent[09]
2,talk,8,0,15,VOTE Agent[03]
2,talk,9,0,14,COMINGOUT Agent[14] MEDIUM
2,talk,10,0,1,VOTE Agent[15]
2,talk,11,0,9,VOTE Agent[05]
2,talk,12,0,3,COMINGOUT Agent[03] MEDIUM
2,talk,13,1,7,REQUEST ANY (VOTE Agent[10])
2,talk,14,1,11,REQUEST ANY (VOTE Agent[09])
2,talk,15,1,5,REQUEST ANY (VOTE Agent[15])
2,talk,16,1,14,DAY 2 (IDENTIFIED Agent[02] WEREWOLF)
2,talk,17,1,8,DIVINED Agent[01] HUMAN
2,talk,18,1,10,REQUEST ANY (VOTE Agent[03])
2,talk,19,1,12,REQUEST ANY (VOTE Agent[14])
2,talk,20,1,3,BECAUSE (AND (COMINGOUT Agent[03] MEDIUM) (Agent[14] COMINGOUT Agent[14] MEDIUM)) (XOR (ESTIMATE Agent[14] WEREWOLF) (ESTIMATE Agent[14] POSSESSED))
2,talk,21,1,15,REQUEST ANY (VOTE Agent[03])
2,talk,22,1,13,REQUEST ANY (VOTE Agent[01])
2,talk,23,1,9,REQUEST ANY (VOTE Agent[05])
2,talk,24,1,6,REQUEST ANY (VOTE Agent[01])
2,talk,25,1,1,REQUEST ANY (VOTE Agent[15])
2,talk,26,2,12,Skip
2,talk,27,2,6,Skip
2,talk,28,2,7,Skip
2,talk,29,2,14,IDENTIFIED Agent[02] WEREWOLF
2,talk,30,2,5,Skip
2,talk,31,2,9,Skip
2,talk,32,2,3,DAY 2 (IDENTIFIED Agent[02] HUMAN)
2,talk,33,2,11,Skip
2,talk,34,2,8,BECAUSE (AND (DAY 1 (DIVINED Agent[02] WEREWOLF)) (DAY 2 (Agent[03] IDENTIFIED Agent[02] HUMAN))) (XOR (ESTIMATE Agent[03] WEREWOLF) (ESTIMATE Agent[03] POSSESSED))
2,talk,35,2,15,Skip
2,talk,36,2,10,Skip
2,talk,37,2,1,Skip
2,talk,38,2,13,Skip
2,talk,39,3,14,BECAUSE (AND (COMINGOUT Agent[14] MEDIUM) (Agent[03] COMINGOUT Agent[03] MEDIUM)) (XOR (ESTIMATE Agent[03] WEREWOLF) (ESTIMATE Agent[03] POSSESSED))
2,talk,40,3,3,IDENTIFIED Agent[02] HUMAN
2,talk,41,3,7,Skip
2,talk,42,3,15,Skip
2,talk,43,3,8,BECAUSE (XOR (ESTIMATE Agent[03] WEREWOLF) (ESTIMATE Agent[03] POSSESSED)) (AND (VOTE Agent[03]) (REQUEST ANY (VOTE Agent[03])))
2,talk,44,3,6,Skip
2,talk,45,3,11,Skip
2,talk,46,3,10,Skip
2,talk,47,3,13,Skip
2,talk,48,3,9,Skip
2,talk,49,3,1,Skip
2,talk,50,3,5,Skip
2,talk,51,3,12,Skip
2,talk,52,4,11,Over
2,talk,53,4,12,Over
2,talk,54,4,1,Over
2,talk,55,4,10,Over
2,talk,56,4,15,Over
2,talk,57,4,3,BECAUSE (XOR (ESTIMATE Agent[14] WEREWOLF) (ESTIMATE Agent[14] POSSESSED)) (AND (VOTE Agent[14]) (REQUEST ANY (VOTE Agent[14])))
2,talk,58,4,6,Over
2,talk,59,4,7,Over
2,talk,60,4,5,Over
2,talk,61,4,13,Over
2,talk,62,4,9,Over
2,talk,63,4,14,BECAUSE (XOR (ESTIMATE Agent[03] WEREWOLF) (ESTIMATE Agent[03] POSSESSED)) (AND (VOTE Agent[03]) (REQUEST ANY (VOTE Agent[03])))
2,talk,64,4,8,VOTE Agent[03]
2,talk,65,5,10,Over
2,talk,66,5,1,Over
2,talk,67,5,5,Over
2,talk,68,5,14,VOTE Agent[03]
2,talk,69,5,9,Over
2,talk,70,5,12,Over
2,talk,71,5,13,Over
2,talk,72,5,6,Over
2,talk,73,5,15,Over
2,talk,74,5,11,Over
2,talk,75,5,3,VOTE Agent[14]
2,talk,76,5,7,Over
2,talk,77,5,8,REQUEST ANY (VOTE Agent[03])
2,talk,78,6,14,REQUEST ANY (VOTE Agent[03])
2,talk,79,6,9,Over
2,talk,80,6,13,Over
2,talk,81,6,1,Over
2,talk,82,6,5,Over
2,talk,83,6,7,Over
2,talk,84,6,6,Over
2,talk,85,6,11,Over
2,talk,86,6,12,Over
2,talk,87,6,3,REQUEST ANY (VOTE Agent[14])
2,talk,88,6,8,Skip
2,talk,89,6,15,Over
2,talk,90,6,10,Over
2,talk,91,7,9,Over
2,talk,92,7,11,Over
2,talk,93,7,1,Over
2,talk,94,7,14,Skip
2,talk,95,7,7,Over
2,talk,96,7,12,Over
2,talk,97,7,13,Over
2,talk,98,7,15,Over
2,talk,99,7,6,Over
2,talk,100,7,10,Over
2,talk,101,7,8,Skip
2,talk,102,7,5,Over
2,talk,103,7,3,Skip
2,talk,104,8,5,Over
2,talk,105,8,12,Over
2,talk,106,8,8,Over
2,talk,107,8,15,Over
2,talk,108,8,9,Over
2,talk,109,8,14,Skip
2,talk,110,8,6,Over
2,talk,111,8,3,Skip
2,talk,112,8,11,Over
2,talk,113,8,13,Over
2,talk,114,8,10,Over
2,talk,115,8,7,Over
2,talk,116,8,1,Over
2,talk,117,9,14,Over
2,talk,118,9,12,Over
2,talk,119,9,5,Over
2,talk,120,9,3,Over
2,talk,121,9,10,Over
2,talk,122,9,15,Over
2,talk,123,9,1,Over
2,talk,124,9,6,Over
2,talk,125,9,11,Over
2,talk,126,9,9,Over
2,talk,127,9,8,Over
2,talk,128,9,13,Over
2,talk,129,9,7,Over
2,vote,1,3
2,vote,3,14
2,vote,5,3
2,vote,6,14
2,vote,7,10
2,vote,8,3
2,vote,9,3
2,vote,10,3
2,vote,11,15
2,vote,12,15
2,vote,13,3
2,vote,14,3
2,vote,15,10
2,execute,3,WEREWOLF
2,guard,13,8,POSSESSED
2,attackVote,7,8
2,attack,8,false
3,status,1,VILLAGER,ALIVE,SampleRoleAssignPlayer
3,status,2,WEREWOLF,DEAD,SampleRoleAssignPlayer
3,status,3,WEREWOLF,DEAD,SampleRoleAssignPlayer
3,status,4,SEER,DEAD,SampleRoleAssignPlayer
3,status,5,VILLAGER,ALIVE,SampleRoleAssignPlayer
3,status,6,VILLAGER,ALIVE,SampleRoleAssignPlayer
3,status,7,WEREWOLF,ALIVE,SampleRoleAssignPlayer
3,status,8,POSSESSED,ALIVE,SampleRoleAssignPlayer
3,status,9,VILLAGER,ALIVE,SampleRoleAssignPlayer
3,status,10,VILLAGER,ALIVE,SampleRoleAssignPlayer
3,status,11,VILLAGER,ALIVE,SampleRoleAssignPlayer
3,status,12,VILLAGER,ALIVE,SampleRoleAssignPlayer
3,status,13,BODYGUARD,ALIVE,SampleRoleAssignPlayer
3,status,14,MEDIUM,ALIVE,SampleRoleAssignPlayer
3,status,15,VILLAGER,ALIVE,SampleRoleAssignPlayer
3,talk,0,0,7,VOTE Agent[08]
3,talk,1,0,13,VOTE Agent[12]
3,talk,2,0,8,DAY 3 (DIVINED Agent[05] HUMAN)
3,talk,3,0,5,VOTE Agent[12]
3,talk,4,0,11,VOTE Agent[15]
3,talk,5,0,1,VOTE Agent[13]
3,talk,6,0,6,VOTE Agent[01]
3,talk,7,0,15,VOTE Agent[12]
3,talk,8,0,10,VOTE Agent[09]
3,talk,9,0,14,DAY 3 (IDENTIFIED Agent[03] WEREWOLF)
3,talk,10,0,9,VOTE Agent[05]
3,talk,11,0,12,VOTE Agent[09]
3,talk,12,1,13,REQUEST ANY (VOTE Agent[12])
3,talk,13,1,1,REQUEST ANY (VOTE Agent[13])
3,talk,14,1,11,REQUEST ANY (VOTE Agent[15])
3,talk,15,1,5,REQUEST ANY (VOTE Agent[12])
3,talk,16,1,12,REQUEST ANY (VOTE Agent[09])
3,talk,17,1,14,IDENTIFIED Agent[03] WEREWOLF
3,talk,18,1,8,DIVINED Agent[05] HUMAN
3,talk,19,1,10,REQUEST ANY (VOTE Agent[09])
3,talk,20,1,15,REQUEST ANY (VOTE Agent[12])
3,talk,21,1,7,REQUEST ANY (VOTE Agent[08])
3,talk,22,1,9,REQUEST ANY (VOTE Agent[05])
3,talk,23,1,6,REQUEST ANY (VOTE Agent[01])
3,talk,24,2,6,Skip
3,talk,25,2,7,Skip
3,talk,26,2,5,Skip
3,talk,27,2,8,VOTE Agent[09]
3,talk,28,2,9,Skip
3,talk,29,2,11,Skip
3,talk,30,2,14,VOTE Agent[12]
3,talk,31,2,1,Skip
3,talk,32,2,15,Skip
3,talk,33,2,12,Skip
3,talk,34,2,13,Skip
3,talk,35,2,10,Skip
3,talk,36,3,5,Skip
3,talk,37,3,13,Skip
3,talk,38,3,10,Skip
3,talk,39,3,8,REQUEST ANY (VOTE Agent[09])
3,talk,40,3,15,Skip
3,talk,41,3,11,Skip
3,talk,42,3,6,Skip
3,talk,43,3,9,Skip
3,talk,44,3,12,Skip
3,talk,45,3,14,REQUEST ANY (VOTE Agent[12])
3,talk,46,3,1,Skip
3,talk,47,3,7,Skip
3,talk,48,4,14,Skip
3,talk,49,4,6,Over
3,talk,50,4,12,Over
3,talk,51,4,9,Over
3,talk,52,4,13,Over
3,talk,53,4,7,Over
3,talk,54,4,8,Skip
3,talk,55,4,15,Over
3,talk,56,4,10,Over
3,talk,57,4,11,Over
3,talk,58,4,5,Over
3,talk,59,4,1,Over
3,talk,60,5,9,Over
3,talk,61,5,11,Over
3,talk,62,5,15,Over
3,talk,63,5,1,Over
3,talk,64,5,6,Over
3,talk,65,5,5,Over
3,talk,66,5,13,Over
3,talk,67,5,12,Over
3,talk,68,5,8,Skip
3,talk,69,5,14,Skip
3,talk,70,5,10,Over
3,talk,71,5,7,Over
3,talk,72,6,5,Over
3,talk,73,6,14,Over
3,talk,74,6,10,Over
3,talk,75,6,9,Over
3,talk,76,6,6,Over
3,talk,77,6,11,Over
3,talk,78,6,15,Over
3,talk,79,6,1,Over
3,talk,80,6,7,Over
3,talk,81,6,12,Over
3,talk,82,6,8,Over
3,talk,83,6,13,Over
3,vote,1,12
3,vote,5,9
3,vote,6,9
3,vote,7,8
3,vote,8,13
3,vote,9,8
3,vote,10,9
3,vote,11,9
3,vote,12,8
3,vote,13,1
3,vote,14,12
3,vote,15,12
3,execute,9,VILLAGER
3,guard,13,8,POSSESSED
3,attackVote,7,8
3,attack,8,false
4,status,1,VILLAGER,ALIVE,SampleRoleAssignPlayer
4,status,2,WEREWOLF,DEAD,SampleRoleAssignPlayer
4,status,3,WEREWOLF,DEAD,SampleRoleAssignPlayer
4,status,4,SEER,DEAD,SampleRoleAssignPlayer
4,status,5,VILLAGER,ALIVE,SampleRoleAssignPlayer
4,status,6,VILLAGER,ALIVE,SampleRoleAssignPlayer
4,status,7,WEREWOLF,ALIVE,SampleRoleAssignPlayer
4,status,8,POSSESSED,ALIVE,SampleRoleAssignPlayer
4,status,9,VILLAGER,DEAD,SampleRoleAssignPlayer
4,status,10,VILLAGER,ALIVE,SampleRoleAssignPlayer
4,status,11,VILLAGER,ALIVE,SampleRoleAssignPlayer
4,status,12,VILLAGER,ALIVE,SampleRoleAssignPlayer
4,status,13,BODYGUARD,ALIVE,SampleRoleAssignPlayer
4,status,14,MEDIUM,ALIVE,SampleRoleAssignPlayer
4,status,15,VILLAGER,ALIVE,SampleRoleAssignPlayer
4,talk,0,0,6,VOTE Agent[01]
4,talk,1,0,12,VOTE Agent[07]
4,talk,2,0,13,VOTE Agent[07]
4,talk,3,0,5,VOTE Agent[06]
4,talk,4,0,11,VOTE Agent[06]
4,talk,5,0,15,VOTE Agent[01]
4,talk,6,0,10,VOTE Agent[15]
4,talk,7,0,8,DAY 4 (DIVINED Agent[12] HUMAN)
4,talk,8,0,14,DAY 4 (IDENTIFIED Agent[09] HUMAN)
4,talk,9,0,7,VOTE Agent[14]
4,talk,10,0,1,VOTE Agent[08]
4,talk,11,1,10,REQUEST ANY (VOTE Agent[15])
4,talk,12,1,15,REQUEST ANY (VOTE Agent[01])
4,talk,13,1,1,REQUEST ANY (VOTE Agent[08])
4,talk,14,1,5,REQUEST ANY (VOTE Agent[06])
4,talk,15,1,6,REQUEST ANY (VOTE Agent[01])
4,talk,16,1,13,REQUEST ANY (VOTE Agent[07])
4,talk,17,1,14,IDENTIFIED Agent[09] HUMAN
4,talk,18,1,7,REQUEST ANY (VOTE Agent[14])
4,talk,19,1,8,DIVINED Agent[12] HUMAN
4,talk,20,1,12,REQUEST ANY (VOTE Agent[07])
4,talk,21,1,11,REQUEST ANY (VOTE Agent[06])
4,talk,22,2,8,VOTE Agent[14]
4,talk,23,2,1,Skip
4,talk,24,2,12,Skip
4,talk,25,2,10,Skip
4,talk,26,2,15,Skip
4,talk,27,2,13,Skip
4,talk,28,2,5,Skip
4,talk,29,2,7,Skip
4,talk,30,2,11,Skip
4,talk,31,2,6,Skip
4,talk,32,2,14,VOTE Agent[01]
4,talk,33,3,1,Skip
4,talk,34,3,8,REQUEST ANY (VOTE Agent[14])
4,talk,35,3,13,Skip
4,talk,36,3,12,Skip
4,talk,37,3,10,Skip
4,talk,38,3,11,Skip
4,talk,39,3,6,Skip
4,talk,40,3,14,REQUEST ANY (VOTE Agent[01])
4,talk,41,3,5,Skip
4,talk,42,3,15,Skip
4,talk,43,3,7,Skip
4,talk,44,4,1,Over
4,talk,45,4,13,Over
4,talk,46,4,8,Skip
4,talk,47,4,10,Over
4,talk,48,4,5,Over
4,talk,49,4,14,Skip
4,talk,50,4,7,Over
4,talk,51,4,15,Over
4,talk,52,4,11,Over
4,talk,53,4,12,Over
4,talk,54,4,6,Over
4,talk,55,5,5,Over
4,talk,56,5,6,Over
4,talk,57,5,7,Over
4,talk,58,5,15,Over
4,talk,59,5,10,Over
4,talk,60,5,13,Over
4,talk,61,5,8,Skip
4,talk,62,5,11,Over
4,talk,63,5,1,Over
4,talk,64,5,14,Skip
4,talk,65,5,12,Over
4,talk,66,6,12,Over
4,talk,67,6,14,Over
4,talk,68,6,8,Over
4,talk,69,6,6,Over
4,talk,70,6,15,Over
4,talk,71,6,11,Over
4,talk,72,6,10,Over
4,talk,73,6,13,Over
4,talk,74,6,5,Over
4,talk,75,6,7,Over
4,talk,76,6,1,Over
4,vote,1,7
4,vote,5,7
4,vote,6,7
4,vote,7,14
4,vote,8,7
4,vote,10,7
4,vote,11,14
4,vote,12,1
4,vote,13,15
4,vote,14,8
4,vote,15,8
4,execute,7,WEREWOLF
4,guard,13,8,POSSESSED
5,status,1,VILLAGER,ALIVE,SampleRoleAssignPlayer
5,status,2,WEREWOLF,DEAD,SampleRoleAssignPlayer
5,status,3,WEREWOLF,DEAD,SampleRoleAssignPlayer
5,status,4,SEER,DEAD,SampleRoleAssignPlayer
5,status,5,VILLAGER,ALIVE,SampleRoleAssignPlayer
5,status,6,VILLAGER,ALIVE,SampleRoleAssignPlayer
5,status,7,WEREWOLF,DEAD,SampleRoleAssignPlayer
5,status,8,POSSESSED,ALIVE,SampleRoleAssignPlayer
5,status,9,VILLAGER,DEAD,SampleRoleAssignPlayer
5,status,10,VILLAGER,ALIVE,SampleRoleAssignPlayer
5,status,11,VILLAGER,ALIVE,SampleRoleAssignPlayer
5,status,12,VILLAGER,ALIVE,SampleRoleAssignPlayer
5,status,13,BODYGUARD,ALIVE,SampleRoleAssignPlayer
5,status,14,MEDIUM,ALIVE,SampleRoleAssignPlayer
5,status,15,VILLAGER,ALIVE,SampleRoleAssignPlayer
5,result,10,0,VILLAGER
